llvm[2]: Constructing LLVMBuild project information.
make[3]: Nothing to be done for `all'.
make[3]: Nothing to be done for `all'.
make[4]: Nothing to be done for `all'.
make[4]: Nothing to be done for `all'.
make[4]: Nothing to be done for `all'.
make[4]: Nothing to be done for `all'.
make[4]: Nothing to be done for `all'.
make[4]: Nothing to be done for `all'.
make[4]: Nothing to be done for `all'.
make[4]: Nothing to be done for `all'.
make[5]: Nothing to be done for `all'.
make[5]: Nothing to be done for `all'.
make[3]: Nothing to be done for `all'.
make[4]: Nothing to be done for `all'.
make[5]: Nothing to be done for `all'.
make[5]: Nothing to be done for `all'.
make[4]: Nothing to be done for `all'.
make[5]: Nothing to be done for `all'.
make[5]: Nothing to be done for `all'.
make[5]: Nothing to be done for `all'.
make[5]: Nothing to be done for `all'.
make[5]: Nothing to be done for `all'.
make[5]: Nothing to be done for `all'.
make[4]: Nothing to be done for `all'.
make[5]: Nothing to be done for `all'.
make[5]: Nothing to be done for `all'.
make[5]: Nothing to be done for `all'.
make[5]: Nothing to be done for `all'.
make[6]: Nothing to be done for `all'.
make[4]: Nothing to be done for `all'.
make[5]: Nothing to be done for `all'.
make[5]: Nothing to be done for `all'.
make[6]: Nothing to be done for `all'.
make[5]: Nothing to be done for `all'.
make[6]: Nothing to be done for `all'.
make[4]: Nothing to be done for `all'.
make[6]: Nothing to be done for `all'.
make[5]: Nothing to be done for `all'.
make[4]: Nothing to be done for `all'.
make[5]: Nothing to be done for `all'.
make[6]: Nothing to be done for `all'.
make[4]: Nothing to be done for `all'.
make[4]: Nothing to be done for `all'.
make[4]: Nothing to be done for `all'.
make[5]: Nothing to be done for `all'.
make[6]: Nothing to be done for `all'.
make[4]: Nothing to be done for `all'.
make[5]: Nothing to be done for `all'.
make[3]: Nothing to be done for `all'.
make[4]: Nothing to be done for `all'.
make[4]: Nothing to be done for `all'.
make[4]: Nothing to be done for `all'.
make[4]: Nothing to be done for `all'.
make[4]: Nothing to be done for `all'.
make[4]: Nothing to be done for `all'.
make[4]: Nothing to be done for `all'.
make[4]: Nothing to be done for `all'.
make[4]: Nothing to be done for `all'.
make[4]: Nothing to be done for `all'.
make[4]: Nothing to be done for `all'.
make[4]: Nothing to be done for `all'.
make[4]: Nothing to be done for `all'.
make[5]: Nothing to be done for `all'.
make[4]: Nothing to be done for `all'.
make[4]: Nothing to be done for `all'.
make[4]: Nothing to be done for `all'.
make[4]: Nothing to be done for `all'.
make[4]: Nothing to be done for `all'.
make[4]: Nothing to be done for `all'.
make[4]: Nothing to be done for `all'.
make[4]: Nothing to be done for `all'.
make[4]: Nothing to be done for `all'.
make[4]: Nothing to be done for `all'.
make[4]: Nothing to be done for `all'.
make[4]: Nothing to be done for `all'.
make[4]: Nothing to be done for `all'.
make[4]: Nothing to be done for `all'.
make[4]: Nothing to be done for `all'.
make[4]: Nothing to be done for `all'.
make[4]: Nothing to be done for `all'.
make[3]: Nothing to be done for `all'.
llvm[4]: Generating LLVM CMake package config file
llvm[4]: Generating LLVM CMake target exports file
make[3]: Nothing to be done for `all'.
make[3]: Nothing to be done for `all'.
llvm[2]: ***** Completed Release+Debug+Asserts Build
llvm[2]: Installing include files
llvm[3]: Installing Release+Debug+Asserts Archive Library /Users/meister/local/dependent-clasp/externals/debug/lib/libLLVMSupport.a
llvm[3]: Installing Release+Debug+Asserts Archive Library /Users/meister/local/dependent-clasp/externals/debug/lib/libLLVMTableGen.a
make[4]: Nothing to be done for `install'.
llvm[4]: Install circumvented with NO_INSTALL
make[4]: Nothing to be done for `install'.
llvm[4]: Install circumvented with NO_INSTALL
make[4]: Nothing to be done for `install'.
llvm[4]: Install circumvented with NO_INSTALL
make[4]: Nothing to be done for `install'.
make[4]: Nothing to be done for `install'.
llvm[5]: Install circumvented with NO_INSTALL
llvm[5]: Install circumvented with NO_INSTALL
llvm[3]: Installing Release+Debug+Asserts Archive Library /Users/meister/local/dependent-clasp/externals/debug/lib/libLLVMCore.a
llvm[3]: Installing /Users/meister/local/dependent-clasp/externals/debug/include/llvm/IR/Intrinsics.gen
llvm[4]: Installing /Users/meister/local/dependent-clasp/externals/debug/include/llvm/IR/Intrinsics.gen
llvm[4]: Installing Release+Debug+Asserts Archive Library /Users/meister/local/dependent-clasp/externals/debug/lib/libLLVMAsmParser.a
llvm[5]: Installing Release+Debug+Asserts Archive Library /Users/meister/local/dependent-clasp/externals/debug/lib/libLLVMBitReader.a
llvm[5]: Installing Release+Debug+Asserts Archive Library /Users/meister/local/dependent-clasp/externals/debug/lib/libLLVMBitWriter.a
llvm[4]: Installing Release+Debug+Asserts Archive Library /Users/meister/local/dependent-clasp/externals/debug/lib/libLLVMAnalysis.a
llvm[5]: Installing Release+Debug+Asserts Archive Library /Users/meister/local/dependent-clasp/externals/debug/lib/libLLVMipa.a
llvm[5]: Installing Release+Debug+Asserts Archive Library /Users/meister/local/dependent-clasp/externals/debug/lib/libLLVMTransformUtils.a
llvm[5]: Installing Release+Debug+Asserts Archive Library /Users/meister/local/dependent-clasp/externals/debug/lib/libLLVMInstrumentation.a
llvm[5]: Installing Release+Debug+Asserts Archive Library /Users/meister/local/dependent-clasp/externals/debug/lib/libLLVMScalarOpts.a
llvm[5]: Installing Release+Debug+Asserts Archive Library /Users/meister/local/dependent-clasp/externals/debug/lib/libLLVMInstCombine.a
llvm[5]: Installing Release+Debug+Asserts Archive Library /Users/meister/local/dependent-clasp/externals/debug/lib/libLLVMipo.a
llvm[5]: Installing Release+Debug+Asserts Archive Library /Users/meister/local/dependent-clasp/externals/debug/lib/libLLVMVectorize.a
llvm[5]: Installing Release+Debug+Asserts Shared Library /Users/meister/local/dependent-clasp/externals/debug/lib/LLVMHello.dylib
llvm[5]: Installing Release+Debug+Asserts Archive Library /Users/meister/local/dependent-clasp/externals/debug/lib/libLLVMObjCARCOpts.a
llvm[4]: Installing Release+Debug+Asserts Archive Library /Users/meister/local/dependent-clasp/externals/debug/lib/libLLVMCodeGen.a
llvm[5]: Installing Release+Debug+Asserts Archive Library /Users/meister/local/dependent-clasp/externals/debug/lib/libLLVMSelectionDAG.a
llvm[5]: Installing Release+Debug+Asserts Archive Library /Users/meister/local/dependent-clasp/externals/debug/lib/libLLVMAsmPrinter.a
llvm[4]: Installing Release+Debug+Asserts Archive Library /Users/meister/local/dependent-clasp/externals/debug/lib/libLLVMTarget.a
llvm[5]: Installing Release+Debug+Asserts Archive Library /Users/meister/local/dependent-clasp/externals/debug/lib/libLLVMX86CodeGen.a
llvm[6]: Installing Release+Debug+Asserts Archive Library /Users/meister/local/dependent-clasp/externals/debug/lib/libLLVMX86AsmPrinter.a
llvm[6]: Installing Release+Debug+Asserts Archive Library /Users/meister/local/dependent-clasp/externals/debug/lib/libLLVMX86AsmParser.a
llvm[6]: Installing Release+Debug+Asserts Archive Library /Users/meister/local/dependent-clasp/externals/debug/lib/libLLVMX86Disassembler.a
llvm[6]: Installing Release+Debug+Asserts Archive Library /Users/meister/local/dependent-clasp/externals/debug/lib/libLLVMX86Info.a
llvm[6]: Installing Release+Debug+Asserts Archive Library /Users/meister/local/dependent-clasp/externals/debug/lib/libLLVMX86Desc.a
llvm[6]: Installing Release+Debug+Asserts Archive Library /Users/meister/local/dependent-clasp/externals/debug/lib/libLLVMX86Utils.a
llvm[4]: Installing Release+Debug+Asserts Archive Library /Users/meister/local/dependent-clasp/externals/debug/lib/libLLVMExecutionEngine.a
llvm[5]: Installing Release+Debug+Asserts Archive Library /Users/meister/local/dependent-clasp/externals/debug/lib/libLLVMInterpreter.a
llvm[5]: Installing Release+Debug+Asserts Archive Library /Users/meister/local/dependent-clasp/externals/debug/lib/libLLVMJIT.a
llvm[5]: Installing Release+Debug+Asserts Archive Library /Users/meister/local/dependent-clasp/externals/debug/lib/libLLVMMCJIT.a
llvm[5]: Installing Release+Debug+Asserts Archive Library /Users/meister/local/dependent-clasp/externals/debug/lib/libLLVMRuntimeDyld.a
llvm[4]: Installing Release+Debug+Asserts Archive Library /Users/meister/local/dependent-clasp/externals/debug/lib/libLLVMLinker.a
llvm[4]: Installing Release+Debug+Asserts Archive Library /Users/meister/local/dependent-clasp/externals/debug/lib/libLLVMLTO.a
llvm[4]: Installing Release+Debug+Asserts Archive Library /Users/meister/local/dependent-clasp/externals/debug/lib/libLLVMMC.a
llvm[5]: Installing Release+Debug+Asserts Archive Library /Users/meister/local/dependent-clasp/externals/debug/lib/libLLVMMCParser.a
llvm[5]: Installing Release+Debug+Asserts Archive Library /Users/meister/local/dependent-clasp/externals/debug/lib/libLLVMMCDisassembler.a
llvm[4]: Installing Release+Debug+Asserts Archive Library /Users/meister/local/dependent-clasp/externals/debug/lib/libLLVMObject.a
llvm[4]: Installing Release+Debug+Asserts Archive Library /Users/meister/local/dependent-clasp/externals/debug/lib/libLLVMOption.a
llvm[4]: Installing Release+Debug+Asserts Archive Library /Users/meister/local/dependent-clasp/externals/debug/lib/libLLVMDebugInfo.a
llvm[4]: Installing Release+Debug+Asserts Archive Library /Users/meister/local/dependent-clasp/externals/debug/lib/libLLVMIRReader.a
llvm[4]: Installing Release+Debug+Asserts Archive Library /Users/meister/local/dependent-clasp/externals/debug/lib/libLLVMLineEditor.a
llvm[4]: Installing Release+Debug+Asserts Archive Library /Users/meister/local/dependent-clasp/externals/debug/lib/libLLVMProfileData.a
make[3]: Nothing to be done for `install'.
make[4]: Nothing to be done for `install'.
llvm[4]: Installing Release+Debug+Asserts Shared Library /Users/meister/local/dependent-clasp/externals/debug/lib/libLTO.dylib
llvm[4]: Installing Release+Debug+Asserts Archive Library /Users/meister/local/dependent-clasp/externals/debug/lib/libLTO.a
llvm[4]: Install circumvented with NO_INSTALL
make[4]: Nothing to be done for `install'.
make[4]: Nothing to be done for `install'.
make[4]: Nothing to be done for `install'.
make[4]: Nothing to be done for `install'.
make[4]: Nothing to be done for `install'.
make[4]: Nothing to be done for `install'.
make[4]: Nothing to be done for `install'.
make[5]: Nothing to be done for `install'.
make[4]: Nothing to be done for `install'.
make[4]: Nothing to be done for `install'.
make[4]: Nothing to be done for `install'.
make[4]: Nothing to be done for `install'.
make[4]: Nothing to be done for `install'.
make[4]: Nothing to be done for `install'.
make[4]: Nothing to be done for `install'.
make[4]: Nothing to be done for `install'.
make[4]: Nothing to be done for `install'.
make[4]: Nothing to be done for `install'.
make[4]: Nothing to be done for `install'.
make[4]: Nothing to be done for `install'.
make[4]: Nothing to be done for `install'.
make[4]: Nothing to be done for `install'.
make[4]: Nothing to be done for `install'.
make[4]: Nothing to be done for `install'.
llvm[4]: Install circumvented with NO_INSTALL
llvm[4]: Install circumvented with NO_INSTALL
llvm[4]: Install circumvented with NO_INSTALL
llvm[4]: Installing Release+Debug+Asserts Shared Library /Users/meister/local/dependent-clasp/externals/debug/lib/BugpointPasses.dylib
llvm[3]: Installing HTML documentation
llvm[4]: Installing cmake modules: LLVMConfig.cmake
llvm[4]: Installing cmake modules: LLVMExports.cmake
make[4]: Nothing to be done for `install'.
make[4]: Nothing to be done for `install'.
make[4]: Nothing to be done for `install'.
make[4]: Nothing to be done for `install'.
make[4]: Nothing to be done for `install'.
make[5]: Nothing to be done for `install'.
make[5]: Nothing to be done for `install'.
make[4]: Nothing to be done for `install'.
make[4]: Nothing to be done for `install'.
make[4]: Nothing to be done for `install'.
make[4]: Nothing to be done for `install'.
make[4]: Nothing to be done for `install'.
make[4]: Nothing to be done for `install'.
make[4]: Nothing to be done for `install'.
make[5]: Nothing to be done for `install'.
make[5]: Nothing to be done for `install'.
make[3]: Nothing to be done for `install'.
