This file contains any messages produced by compilers while
running configure, to aid debugging if configure makes a mistake.

It was created by libltdl configure 2.4.2, which was
generated by GNU Autoconf 2.68.  Invocation command line was

  $ ./configure --prefix=/Users/meister/local/externals-clasp/common --enable-ltdl-convenience --disable-ltdl-install --enable-shared --disable-static --cache-file=/dev/null --srcdir=. --disable-option-checking

## --------- ##
## Platform. ##
## --------- ##

hostname = fry.home
uname -m = x86_64
uname -r = 13.2.0
uname -s = Darwin
uname -v = Darwin Kernel Version 13.2.0: Thu Apr 17 23:03:13 PDT 2014; root:xnu-2422.100.13~1/RELEASE_X86_64

/usr/bin/uname -p = i386
/bin/uname -X     = unknown

/bin/arch              = unknown
/usr/bin/arch -k       = unknown
/usr/convex/getsysinfo = unknown
/usr/bin/hostinfo      = Mach kernel version:
	 Darwin Kernel Version 13.2.0: Thu Apr 17 23:03:13 PDT 2014; root:xnu-2422.100.13~1/RELEASE_X86_64
Kernel configured for up to 8 processors.
4 processors are physically available.
8 processors are logically available.
Processor type: i486 (Intel 80486)
Processors active: 0 1 2 3 4 5 6 7
Primary memory available: 16.00 gigabytes
Default processor set: 279 tasks, 1323 threads, 8 processors
Load average: 3.01, Mach factor: 4.97
/bin/machine           = unknown
/usr/bin/oslevel       = unknown
/bin/universe          = unknown

PATH: /opt/local/bin
PATH: /opt/local/sbin
PATH: /opt/local/bin
PATH: /opt/local/sbin
PATH: /Library/Frameworks/EPD64.framework/Versions/Current/bin
PATH: /opt/local/bin
PATH: /opt/local/sbin
PATH: /Library/Frameworks/Python.framework/Versions/Current/bin
PATH: /usr/local/bin
PATH: /usr/local/cuda/bin
PATH: /Library/Frameworks/Python.framework/Versions/2.6/bin
PATH: /Users/meister/Local/bin
PATH: /opt/local/bin
PATH: /opt/local/sbin
PATH: /opt/local/bin
PATH: /opt/local/sbin
PATH: /Library/Frameworks/EPD64.framework/Versions/Current/bin
PATH: /opt/local/bin
PATH: /opt/local/sbin
PATH: /Library/Frameworks/Python.framework/Versions/Current/bin
PATH: /usr/local/bin
PATH: /usr/local/cuda/bin
PATH: /Library/Frameworks/Python.framework/Versions/2.6/bin
PATH: /sw/bin
PATH: /sw/sbin
PATH: /Users/meister/Local/bin
PATH: /usr/bin
PATH: /bin
PATH: /usr/sbin
PATH: /sbin
PATH: /usr/local/bin
PATH: /opt/X11/bin
PATH: /usr/local/git/bin
PATH: /usr/local/Cellar/gdb/7.7.1/bin
PATH: /Users/meister/Development/cando/clasp/build/cando.app/Contents/MacOS
PATH: /Users/meister/Development/cando/clasp/build/cando.app/Contents/Resources/bin
PATH: /Users/meister/Development/cando/clasp/build/cando.app/Contents/Resources/externals/common/bin
PATH: /Users/meister/Development/cando/clasp/build/cando.app/Contents/Resources/externals/release/bin
PATH: /usr/X11R6/bin
PATH: /Applications/gamess
PATH: /opt/local/bin
PATH: /Users/meister/Development/amber9/exe
PATH: /Applications/Doxygen.app/Contents/Resources
PATH: /Users/meister/Development/cando/clasp/externals/src/boost-jam-3.1.17/bin.macosxx86_64
PATH: /opt/local/bin
PATH: /opt/local/sbin
PATH: /Applications/moe2010/bin
PATH: /Users/meister/Development/rosetta3.3/rosetta_source/bin
PATH: /usr/local/Cellar/gdb/7.7.1/bin
PATH: /Applications/gamess
PATH: /opt/local/bin
PATH: /Users/meister/Development/amber9/exe
PATH: /Applications/Doxygen.app/Contents/Resources
PATH: /Users/meister/Development/cando/clasp/externals/src/boost-jam-3.1.17/bin.macosxx86_64
PATH: /opt/local/bin
PATH: /opt/local/sbin
PATH: /Applications/moe2010/bin
PATH: /Users/meister/Development/rosetta3.3/rosetta_source/bin
PATH: /Users/meister/local/externals-clasp/release/bin
PATH: /Users/meister/local/externals-clasp/common/bin
PATH: /Users/meister/local/externals-clasp/release/bin
PATH: /Users/meister/local/externals-clasp/common/bin
PATH: /Users/meister/local/externals-clasp/release/bin
PATH: /Users/meister/local/externals-clasp/common/bin


## ----------- ##
## Core tests. ##
## ----------- ##

configure:2264: checking for a BSD-compatible install
configure:2332: result: /usr/bin/install -c
configure:2343: checking whether build environment is sane
configure:2393: result: yes
configure:2534: checking for a thread-safe mkdir -p
configure:2573: result: config/install-sh -c -d
configure:2586: checking for gawk
configure:2616: result: no
configure:2586: checking for mawk
configure:2616: result: no
configure:2586: checking for nawk
configure:2616: result: no
configure:2586: checking for awk
configure:2602: found /usr/bin/awk
configure:2613: result: awk
configure:2624: checking whether make sets $(MAKE)
configure:2646: result: yes
configure:2766: checking build system type
configure:2780: result: x86_64-apple-darwin13.2.0
configure:2800: checking host system type
configure:2813: result: x86_64-apple-darwin13.2.0
configure:2854: checking how to print strings
configure:2881: result: printf
configure:2914: checking for style of include used by make
configure:2942: result: GNU
configure:3012: checking for gcc
configure:3028: found /usr/bin/gcc
configure:3039: result: gcc
configure:3268: checking for C compiler version
configure:3277: gcc --version >&5
Apple LLVM version 5.1 (clang-503.0.40) (based on LLVM 3.4svn)
Target: x86_64-apple-darwin13.2.0
Thread model: posix
Configured with: --prefix=/Applications/Xcode.app/Contents/Developer/usr --with-gxx-include-dir=/usr/include/c++/4.2.1
configure:3288: $? = 0
configure:3277: gcc -v >&5
Configured with: --prefix=/Applications/Xcode.app/Contents/Developer/usr --with-gxx-include-dir=/usr/include/c++/4.2.1
Apple LLVM version 5.1 (clang-503.0.40) (based on LLVM 3.4svn)
Target: x86_64-apple-darwin13.2.0
Thread model: posix
configure:3288: $? = 0
configure:3277: gcc -V >&5
clang: error: argument to '-V' is missing (expected 1 value)
clang: error: no input files
configure:3288: $? = 1
configure:3277: gcc -qversion >&5
clang: error: unknown argument: '-qversion' [-Wunused-command-line-argument-hard-error-in-future]
clang: note: this will be a hard error (cannot be downgraded to a warning) in the future
clang: error: no input files
configure:3288: $? = 1
configure:3308: checking whether the C compiler works
configure:3330: gcc -DNDEBUG -g -O2 -fvisibility=hidden  -D_REENTRANT -I/Users/meister/Development/externals-clasp/openmpi-1.6.5/opal/mca/hwloc/hwloc132/hwloc/include   -I/usr/include/infiniband -I/usr/include/infiniband    conftest.c   >&5
configure:3334: $? = 0
configure:3382: result: yes
configure:3385: checking for C compiler default output file name
configure:3387: result: a.out
configure:3393: checking for suffix of executables
configure:3400: gcc -o conftest -DNDEBUG -g -O2 -fvisibility=hidden  -D_REENTRANT -I/Users/meister/Development/externals-clasp/openmpi-1.6.5/opal/mca/hwloc/hwloc132/hwloc/include   -I/usr/include/infiniband -I/usr/include/infiniband    conftest.c   >&5
configure:3404: $? = 0
configure:3426: result: 
configure:3448: checking whether we are cross compiling
configure:3456: gcc -o conftest -DNDEBUG -g -O2 -fvisibility=hidden  -D_REENTRANT -I/Users/meister/Development/externals-clasp/openmpi-1.6.5/opal/mca/hwloc/hwloc132/hwloc/include   -I/usr/include/infiniband -I/usr/include/infiniband    conftest.c   >&5
configure:3460: $? = 0
configure:3467: ./conftest
configure:3471: $? = 0
configure:3486: result: no
configure:3491: checking for suffix of object files
configure:3513: gcc -c -DNDEBUG -g -O2 -fvisibility=hidden  -D_REENTRANT -I/Users/meister/Development/externals-clasp/openmpi-1.6.5/opal/mca/hwloc/hwloc132/hwloc/include   -I/usr/include/infiniband -I/usr/include/infiniband  conftest.c >&5
configure:3517: $? = 0
configure:3538: result: o
configure:3542: checking whether we are using the GNU C compiler
configure:3561: gcc -c -DNDEBUG -g -O2 -fvisibility=hidden  -D_REENTRANT -I/Users/meister/Development/externals-clasp/openmpi-1.6.5/opal/mca/hwloc/hwloc132/hwloc/include   -I/usr/include/infiniband -I/usr/include/infiniband  conftest.c >&5
configure:3561: $? = 0
configure:3570: result: yes
configure:3579: checking whether gcc accepts -g
configure:3599: gcc -c -g  -D_REENTRANT -I/Users/meister/Development/externals-clasp/openmpi-1.6.5/opal/mca/hwloc/hwloc132/hwloc/include   -I/usr/include/infiniband -I/usr/include/infiniband  conftest.c >&5
configure:3599: $? = 0
configure:3640: result: yes
configure:3657: checking for gcc option to accept ISO C89
configure:3721: gcc  -c -DNDEBUG -g -O2 -fvisibility=hidden  -D_REENTRANT -I/Users/meister/Development/externals-clasp/openmpi-1.6.5/opal/mca/hwloc/hwloc132/hwloc/include   -I/usr/include/infiniband -I/usr/include/infiniband  conftest.c >&5
configure:3721: $? = 0
configure:3734: result: none needed
configure:3756: checking dependency style of gcc
configure:3866: result: gcc3
configure:3881: checking for a sed that does not truncate output
configure:3945: result: /usr/bin/sed
configure:3963: checking for grep that handles long lines and -e
configure:4021: result: /usr/bin/grep
configure:4026: checking for egrep
configure:4088: result: /usr/bin/grep -E
configure:4093: checking for fgrep
configure:4155: result: /usr/bin/grep -F
configure:4190: checking for ld used by gcc
configure:4257: result: /Applications/Xcode.app/Contents/Developer/Toolchains/XcodeDefault.xctoolchain/usr/bin/ld
configure:4264: checking if the linker (/Applications/Xcode.app/Contents/Developer/Toolchains/XcodeDefault.xctoolchain/usr/bin/ld) is GNU ld
configure:4279: result: no
configure:4291: checking for BSD- or MS-compatible name lister (nm)
configure:4340: result: /usr/bin/nm
configure:4470: checking the name lister (/usr/bin/nm) interface
configure:4477: gcc -c -DNDEBUG -g -O2 -fvisibility=hidden  -D_REENTRANT -I/Users/meister/Development/externals-clasp/openmpi-1.6.5/opal/mca/hwloc/hwloc132/hwloc/include   -I/usr/include/infiniband -I/usr/include/infiniband  conftest.c >&5
configure:4480: /usr/bin/nm "conftest.o"
configure:4483: output
0000000000000244 S _some_variable
configure:4490: result: BSD nm
configure:4493: checking whether ln -s works
configure:4497: result: yes
configure:4505: checking the maximum length of command line arguments
configure:4635: result: 196608
configure:4652: checking whether the shell understands some XSI constructs
configure:4662: result: yes
configure:4666: checking whether the shell understands "+="
configure:4672: result: yes
configure:4707: checking how to convert x86_64-apple-darwin13.2.0 file names to x86_64-apple-darwin13.2.0 format
configure:4747: result: func_convert_file_noop
configure:4754: checking how to convert x86_64-apple-darwin13.2.0 file names to toolchain format
configure:4774: result: func_convert_file_noop
configure:4781: checking for /Applications/Xcode.app/Contents/Developer/Toolchains/XcodeDefault.xctoolchain/usr/bin/ld option to reload object files
configure:4788: result: -r
configure:4862: checking for objdump
configure:4892: result: no
configure:4918: checking how to recognize dependent libraries
configure:5120: result: pass_all
configure:5205: checking for dlltool
configure:5235: result: no
configure:5262: checking how to associate runtime and link libraries
configure:5289: result: printf %s\n
configure:5350: checking for ar
configure:5366: found /usr/bin/ar
configure:5377: result: ar
configure:5414: checking for archiver @FILE support
configure:5431: gcc -c -DNDEBUG -g -O2 -fvisibility=hidden  -D_REENTRANT -I/Users/meister/Development/externals-clasp/openmpi-1.6.5/opal/mca/hwloc/hwloc132/hwloc/include   -I/usr/include/infiniband -I/usr/include/infiniband  conftest.c >&5
configure:5431: $? = 0
configure:5434: ar cru libconftest.a @conftest.lst >&5
ar: @conftest.lst: No such file or directory
configure:5437: $? = 1
configure:5457: result: no
configure:5515: checking for strip
configure:5531: found /usr/bin/strip
configure:5542: result: strip
configure:5614: checking for ranlib
configure:5630: found /usr/bin/ranlib
configure:5641: result: ranlib
configure:5743: checking command to parse /usr/bin/nm output from gcc object
configure:5863: gcc -c -DNDEBUG -g -O2 -fvisibility=hidden  -D_REENTRANT -I/Users/meister/Development/externals-clasp/openmpi-1.6.5/opal/mca/hwloc/hwloc132/hwloc/include   -I/usr/include/infiniband -I/usr/include/infiniband  conftest.c >&5
configure:5866: $? = 0
configure:5870: /usr/bin/nm conftest.o \| sed -n -e 's/^.*[ ]\([BCDEGRST][BCDEGRST]*\)[ ][ ]*\([_A-Za-z][_A-Za-z0-9]*\)$/\1 \2 \2/p' | sed '/ __gnu_lto/d' \> conftest.nm
configure:5873: $? = 0
cannot find nm_test_var in conftest.nm
configure:5863: gcc -c -DNDEBUG -g -O2 -fvisibility=hidden  -D_REENTRANT -I/Users/meister/Development/externals-clasp/openmpi-1.6.5/opal/mca/hwloc/hwloc132/hwloc/include   -I/usr/include/infiniband -I/usr/include/infiniband  conftest.c >&5
configure:5866: $? = 0
configure:5870: /usr/bin/nm conftest.o \| sed -n -e 's/^.*[ ]\([BCDEGRST][BCDEGRST]*\)[ ][ ]*_\([_A-Za-z][_A-Za-z0-9]*\)$/\1 _\2 \2/p' | sed '/ __gnu_lto/d' \> conftest.nm
configure:5873: $? = 0
configure:5939: gcc -o conftest -DNDEBUG -g -O2 -fvisibility=hidden  -D_REENTRANT -I/Users/meister/Development/externals-clasp/openmpi-1.6.5/opal/mca/hwloc/hwloc132/hwloc/include   -I/usr/include/infiniband -I/usr/include/infiniband    conftest.c conftstm.o >&5
configure:5942: $? = 0
configure:5980: result: ok
configure:6017: checking for sysroot
configure:6047: result: no
configure:6303: checking for mt
configure:6333: result: no
configure:6353: checking if : is a manifest tool
configure:6359: : '-?'
configure:6367: result: no
configure:6423: checking for dsymutil
configure:6439: found /usr/bin/dsymutil
configure:6450: result: dsymutil
configure:6515: checking for nmedit
configure:6531: found /usr/bin/nmedit
configure:6542: result: nmedit
configure:6607: checking for lipo
configure:6623: found /usr/bin/lipo
configure:6634: result: lipo
configure:6699: checking for otool
configure:6715: found /usr/bin/otool
configure:6726: result: otool
configure:6791: checking for otool64
configure:6821: result: no
configure:6866: checking for -single_module linker flag
gcc -DNDEBUG -g -O2 -fvisibility=hidden   -o libconftest.dylib -dynamiclib -Wl,-single_module conftest.c
configure:6899: result: yes
configure:6902: checking for -exported_symbols_list linker flag
configure:6922: gcc -o conftest -DNDEBUG -g -O2 -fvisibility=hidden  -D_REENTRANT -I/Users/meister/Development/externals-clasp/openmpi-1.6.5/opal/mca/hwloc/hwloc132/hwloc/include   -I/usr/include/infiniband -I/usr/include/infiniband    -Wl,-exported_symbols_list,conftest.sym conftest.c   >&5
ld: warning: cannot export hidden symbol _main from /var/folders/yd/xpvgnv4s6jb4y7xy581wj1400000gr/T/conftest-470cd7.o
configure:6922: $? = 0
configure:6932: result: yes
configure:6935: checking for -force_load linker flag
gcc -DNDEBUG -g -O2 -fvisibility=hidden -c -o conftest.o conftest.c
ar cru libconftest.a conftest.o
ranlib libconftest.a
gcc -DNDEBUG -g -O2 -fvisibility=hidden   -o conftest conftest.c -Wl,-force_load,./libconftest.a
configure:6967: result: yes
configure:7009: checking how to run the C preprocessor
configure:7040: gcc -E  -D_REENTRANT -I/Users/meister/Development/externals-clasp/openmpi-1.6.5/opal/mca/hwloc/hwloc132/hwloc/include   -I/usr/include/infiniband -I/usr/include/infiniband  conftest.c
configure:7040: $? = 0
configure:7054: gcc -E  -D_REENTRANT -I/Users/meister/Development/externals-clasp/openmpi-1.6.5/opal/mca/hwloc/hwloc132/hwloc/include   -I/usr/include/infiniband -I/usr/include/infiniband  conftest.c
conftest.c:11:10: fatal error: 'ac_nonexistent.h' file not found
#include <ac_nonexistent.h>
         ^
1 error generated.
configure:7054: $? = 1
configure: failed program was:
| /* confdefs.h */
| #define PACKAGE_NAME "libltdl"
| #define PACKAGE_TARNAME "libltdl"
| #define PACKAGE_VERSION "2.4.2"
| #define PACKAGE_STRING "libltdl 2.4.2"
| #define PACKAGE_BUGREPORT "bug-libtool@gnu.org"
| #define PACKAGE_URL ""
| #define PACKAGE "libltdl"
| #define VERSION "2.4.2"
| /* end confdefs.h.  */
| #include <ac_nonexistent.h>
configure:7079: result: gcc -E
configure:7099: gcc -E  -D_REENTRANT -I/Users/meister/Development/externals-clasp/openmpi-1.6.5/opal/mca/hwloc/hwloc132/hwloc/include   -I/usr/include/infiniband -I/usr/include/infiniband  conftest.c
configure:7099: $? = 0
configure:7113: gcc -E  -D_REENTRANT -I/Users/meister/Development/externals-clasp/openmpi-1.6.5/opal/mca/hwloc/hwloc132/hwloc/include   -I/usr/include/infiniband -I/usr/include/infiniband  conftest.c
conftest.c:11:10: fatal error: 'ac_nonexistent.h' file not found
#include <ac_nonexistent.h>
         ^
1 error generated.
configure:7113: $? = 1
configure: failed program was:
| /* confdefs.h */
| #define PACKAGE_NAME "libltdl"
| #define PACKAGE_TARNAME "libltdl"
| #define PACKAGE_VERSION "2.4.2"
| #define PACKAGE_STRING "libltdl 2.4.2"
| #define PACKAGE_BUGREPORT "bug-libtool@gnu.org"
| #define PACKAGE_URL ""
| #define PACKAGE "libltdl"
| #define VERSION "2.4.2"
| /* end confdefs.h.  */
| #include <ac_nonexistent.h>
configure:7142: checking for ANSI C header files
configure:7162: gcc -c -DNDEBUG -g -O2 -fvisibility=hidden  -D_REENTRANT -I/Users/meister/Development/externals-clasp/openmpi-1.6.5/opal/mca/hwloc/hwloc132/hwloc/include   -I/usr/include/infiniband -I/usr/include/infiniband  conftest.c >&5
configure:7162: $? = 0
configure:7235: gcc -o conftest -DNDEBUG -g -O2 -fvisibility=hidden  -D_REENTRANT -I/Users/meister/Development/externals-clasp/openmpi-1.6.5/opal/mca/hwloc/hwloc132/hwloc/include   -I/usr/include/infiniband -I/usr/include/infiniband    conftest.c   >&5
configure:7235: $? = 0
configure:7235: ./conftest
configure:7235: $? = 0
configure:7246: result: yes
configure:7259: checking for sys/types.h
configure:7259: gcc -c -DNDEBUG -g -O2 -fvisibility=hidden  -D_REENTRANT -I/Users/meister/Development/externals-clasp/openmpi-1.6.5/opal/mca/hwloc/hwloc132/hwloc/include   -I/usr/include/infiniband -I/usr/include/infiniband  conftest.c >&5
configure:7259: $? = 0
configure:7259: result: yes
configure:7259: checking for sys/stat.h
configure:7259: gcc -c -DNDEBUG -g -O2 -fvisibility=hidden  -D_REENTRANT -I/Users/meister/Development/externals-clasp/openmpi-1.6.5/opal/mca/hwloc/hwloc132/hwloc/include   -I/usr/include/infiniband -I/usr/include/infiniband  conftest.c >&5
configure:7259: $? = 0
configure:7259: result: yes
configure:7259: checking for stdlib.h
configure:7259: gcc -c -DNDEBUG -g -O2 -fvisibility=hidden  -D_REENTRANT -I/Users/meister/Development/externals-clasp/openmpi-1.6.5/opal/mca/hwloc/hwloc132/hwloc/include   -I/usr/include/infiniband -I/usr/include/infiniband  conftest.c >&5
configure:7259: $? = 0
configure:7259: result: yes
configure:7259: checking for string.h
configure:7259: gcc -c -DNDEBUG -g -O2 -fvisibility=hidden  -D_REENTRANT -I/Users/meister/Development/externals-clasp/openmpi-1.6.5/opal/mca/hwloc/hwloc132/hwloc/include   -I/usr/include/infiniband -I/usr/include/infiniband  conftest.c >&5
configure:7259: $? = 0
configure:7259: result: yes
configure:7259: checking for memory.h
configure:7259: gcc -c -DNDEBUG -g -O2 -fvisibility=hidden  -D_REENTRANT -I/Users/meister/Development/externals-clasp/openmpi-1.6.5/opal/mca/hwloc/hwloc132/hwloc/include   -I/usr/include/infiniband -I/usr/include/infiniband  conftest.c >&5
configure:7259: $? = 0
configure:7259: result: yes
configure:7259: checking for strings.h
configure:7259: gcc -c -DNDEBUG -g -O2 -fvisibility=hidden  -D_REENTRANT -I/Users/meister/Development/externals-clasp/openmpi-1.6.5/opal/mca/hwloc/hwloc132/hwloc/include   -I/usr/include/infiniband -I/usr/include/infiniband  conftest.c >&5
configure:7259: $? = 0
configure:7259: result: yes
configure:7259: checking for inttypes.h
configure:7259: gcc -c -DNDEBUG -g -O2 -fvisibility=hidden  -D_REENTRANT -I/Users/meister/Development/externals-clasp/openmpi-1.6.5/opal/mca/hwloc/hwloc132/hwloc/include   -I/usr/include/infiniband -I/usr/include/infiniband  conftest.c >&5
configure:7259: $? = 0
configure:7259: result: yes
configure:7259: checking for stdint.h
configure:7259: gcc -c -DNDEBUG -g -O2 -fvisibility=hidden  -D_REENTRANT -I/Users/meister/Development/externals-clasp/openmpi-1.6.5/opal/mca/hwloc/hwloc132/hwloc/include   -I/usr/include/infiniband -I/usr/include/infiniband  conftest.c >&5
configure:7259: $? = 0
configure:7259: result: yes
configure:7259: checking for unistd.h
configure:7259: gcc -c -DNDEBUG -g -O2 -fvisibility=hidden  -D_REENTRANT -I/Users/meister/Development/externals-clasp/openmpi-1.6.5/opal/mca/hwloc/hwloc132/hwloc/include   -I/usr/include/infiniband -I/usr/include/infiniband  conftest.c >&5
configure:7259: $? = 0
configure:7259: result: yes
configure:7273: checking for dlfcn.h
configure:7273: gcc -c -DNDEBUG -g -O2 -fvisibility=hidden  -D_REENTRANT -I/Users/meister/Development/externals-clasp/openmpi-1.6.5/opal/mca/hwloc/hwloc132/hwloc/include   -I/usr/include/infiniband -I/usr/include/infiniband  conftest.c >&5
configure:7273: $? = 0
configure:7273: result: yes
configure:7776: checking for objdir
configure:7791: result: .libs
configure:8062: checking if gcc supports -fno-rtti -fno-exceptions
configure:8080: gcc -c -DNDEBUG -g -O2 -fvisibility=hidden  -D_REENTRANT -I/Users/meister/Development/externals-clasp/openmpi-1.6.5/opal/mca/hwloc/hwloc132/hwloc/include   -I/usr/include/infiniband -I/usr/include/infiniband  -fno-rtti -fno-exceptions conftest.c >&5
configure:8084: $? = 0
configure:8097: result: yes
configure:8424: checking for gcc option to produce PIC
configure:8431: result: -fno-common -DPIC
configure:8439: checking if gcc PIC flag -fno-common -DPIC works
configure:8457: gcc -c -DNDEBUG -g -O2 -fvisibility=hidden  -D_REENTRANT -I/Users/meister/Development/externals-clasp/openmpi-1.6.5/opal/mca/hwloc/hwloc132/hwloc/include   -I/usr/include/infiniband -I/usr/include/infiniband  -fno-common -DPIC -DPIC conftest.c >&5
configure:8461: $? = 0
configure:8474: result: yes
configure:8503: checking if gcc static flag -static works
configure:8531: result: no
configure:8546: checking if gcc supports -c -o file.o
configure:8567: gcc -c -DNDEBUG -g -O2 -fvisibility=hidden  -D_REENTRANT -I/Users/meister/Development/externals-clasp/openmpi-1.6.5/opal/mca/hwloc/hwloc132/hwloc/include   -I/usr/include/infiniband -I/usr/include/infiniband  -o out/conftest2.o conftest.c >&5
configure:8571: $? = 0
configure:8593: result: yes
configure:8601: checking if gcc supports -c -o file.o
configure:8648: result: yes
configure:8681: checking whether the gcc linker (/Applications/Xcode.app/Contents/Developer/Toolchains/XcodeDefault.xctoolchain/usr/bin/ld) supports shared libraries
configure:9834: result: yes
configure:10074: checking dynamic linker characteristics
configure:10807: result: darwin13.2.0 dyld
configure:10914: checking how to hardcode library paths into programs
configure:10939: result: immediate
configure:10984: checking for dlopen in -ldl
configure:11009: gcc -o conftest -DNDEBUG -g -O2 -fvisibility=hidden  -D_REENTRANT -I/Users/meister/Development/externals-clasp/openmpi-1.6.5/opal/mca/hwloc/hwloc132/hwloc/include   -I/usr/include/infiniband -I/usr/include/infiniband    conftest.c -ldl    >&5
configure:11009: $? = 0
configure:11018: result: yes
configure:11233: checking whether a program can dlopen itself
configure:11313: gcc -o conftest -DNDEBUG -g -O2 -fvisibility=hidden  -D_REENTRANT -I/Users/meister/Development/externals-clasp/openmpi-1.6.5/opal/mca/hwloc/hwloc132/hwloc/include   -I/usr/include/infiniband -I/usr/include/infiniband  -DHAVE_DLFCN_H    conftest.c -ldl   >&5
configure:11316: $? = 0
configure:11334: result: yes
configure:11339: checking whether a statically linked program can dlopen itself
configure:11419: gcc -o conftest -DNDEBUG -g -O2 -fvisibility=hidden  -D_REENTRANT -I/Users/meister/Development/externals-clasp/openmpi-1.6.5/opal/mca/hwloc/hwloc132/hwloc/include   -I/usr/include/infiniband -I/usr/include/infiniband  -DHAVE_DLFCN_H     conftest.c -ldl   >&5
configure:11422: $? = 0
configure:11440: result: yes
configure:11479: checking whether stripping libraries is possible
configure:11493: result: yes
configure:11519: checking if libtool supports shared libraries
configure:11521: result: yes
configure:11524: checking whether to build shared libraries
configure:11545: result: yes
configure:11548: checking whether to build static libraries
configure:11552: result: no
configure:11589: checking which extension is used for runtime loadable modules
configure:11601: result: .so
configure:11618: checking which variable specifies run-time module search path
configure:11625: result: DYLD_LIBRARY_PATH
configure:11635: checking for the default library search path
configure:11642: result: /usr/local/lib /lib /usr/lib
configure:11672: checking for library containing dlopen
configure:11703: gcc -o conftest -DNDEBUG -g -O2 -fvisibility=hidden  -D_REENTRANT -I/Users/meister/Development/externals-clasp/openmpi-1.6.5/opal/mca/hwloc/hwloc132/hwloc/include   -I/usr/include/infiniband -I/usr/include/infiniband    conftest.c   >&5
configure:11703: $? = 0
configure:11720: result: none required
configure:11810: checking for dlerror
configure:11810: gcc -o conftest -DNDEBUG -g -O2 -fvisibility=hidden  -D_REENTRANT -I/Users/meister/Development/externals-clasp/openmpi-1.6.5/opal/mca/hwloc/hwloc132/hwloc/include   -I/usr/include/infiniband -I/usr/include/infiniband    conftest.c    >&5
configure:11810: $? = 0
configure:11810: result: yes
configure:11824: checking for shl_load
configure:11824: gcc -o conftest -DNDEBUG -g -O2 -fvisibility=hidden  -D_REENTRANT -I/Users/meister/Development/externals-clasp/openmpi-1.6.5/opal/mca/hwloc/hwloc132/hwloc/include   -I/usr/include/infiniband -I/usr/include/infiniband    conftest.c   >&5
Undefined symbols for architecture x86_64:
  "_shl_load", referenced from:
      _main in conftest-112e3c.o
ld: symbol(s) not found for architecture x86_64
clang: error: linker command failed with exit code 1 (use -v to see invocation)
configure:11824: $? = 1
configure: failed program was:
| /* confdefs.h */
| #define PACKAGE_NAME "libltdl"
| #define PACKAGE_TARNAME "libltdl"
| #define PACKAGE_VERSION "2.4.2"
| #define PACKAGE_STRING "libltdl 2.4.2"
| #define PACKAGE_BUGREPORT "bug-libtool@gnu.org"
| #define PACKAGE_URL ""
| #define PACKAGE "libltdl"
| #define VERSION "2.4.2"
| #define STDC_HEADERS 1
| #define HAVE_SYS_TYPES_H 1
| #define HAVE_SYS_STAT_H 1
| #define HAVE_STDLIB_H 1
| #define HAVE_STRING_H 1
| #define HAVE_MEMORY_H 1
| #define HAVE_STRINGS_H 1
| #define HAVE_INTTYPES_H 1
| #define HAVE_STDINT_H 1
| #define HAVE_UNISTD_H 1
| #define HAVE_DLFCN_H 1
| #define LT_OBJDIR ".libs/"
| #define LT_MODULE_EXT ".so"
| #define LT_SHARED_EXT ".dylib"
| #define LT_MODULE_PATH_VAR "DYLD_LIBRARY_PATH"
| #define LT_DLSEARCH_PATH "/usr/local/lib:/lib:/usr/lib"
| #define HAVE_LIBDL 1
| #define HAVE_DLERROR 1
| /* end confdefs.h.  */
| /* Define shl_load to an innocuous variant, in case <limits.h> declares shl_load.
|    For example, HP-UX 11i <limits.h> declares gettimeofday.  */
| #define shl_load innocuous_shl_load
| 
| /* System header to define __stub macros and hopefully few prototypes,
|     which can conflict with char shl_load (); below.
|     Prefer <limits.h> to <assert.h> if __STDC__ is defined, since
|     <limits.h> exists even on freestanding compilers.  */
| 
| #ifdef __STDC__
| # include <limits.h>
| #else
| # include <assert.h>
| #endif
| 
| #undef shl_load
| 
| /* Override any GCC internal prototype to avoid an error.
|    Use char because int might match the return type of a GCC
|    builtin and then its argument prototype would still apply.  */
| #ifdef __cplusplus
| extern "C"
| #endif
| char shl_load ();
| /* The GNU C library defines this for functions which it implements
|     to always fail with ENOSYS.  Some functions are actually named
|     something starting with __ and the normal name is an alias.  */
| #if defined __stub_shl_load || defined __stub___shl_load
| choke me
| #endif
| 
| int
| main ()
| {
| return shl_load ();
|   ;
|   return 0;
| }
configure:11824: result: no
configure:11831: checking for shl_load in -ldld
configure:11856: gcc -o conftest -DNDEBUG -g -O2 -fvisibility=hidden  -D_REENTRANT -I/Users/meister/Development/externals-clasp/openmpi-1.6.5/opal/mca/hwloc/hwloc132/hwloc/include   -I/usr/include/infiniband -I/usr/include/infiniband    conftest.c -ldld    >&5
ld: library not found for -ldld
clang: error: linker command failed with exit code 1 (use -v to see invocation)
configure:11856: $? = 1
configure: failed program was:
| /* confdefs.h */
| #define PACKAGE_NAME "libltdl"
| #define PACKAGE_TARNAME "libltdl"
| #define PACKAGE_VERSION "2.4.2"
| #define PACKAGE_STRING "libltdl 2.4.2"
| #define PACKAGE_BUGREPORT "bug-libtool@gnu.org"
| #define PACKAGE_URL ""
| #define PACKAGE "libltdl"
| #define VERSION "2.4.2"
| #define STDC_HEADERS 1
| #define HAVE_SYS_TYPES_H 1
| #define HAVE_SYS_STAT_H 1
| #define HAVE_STDLIB_H 1
| #define HAVE_STRING_H 1
| #define HAVE_MEMORY_H 1
| #define HAVE_STRINGS_H 1
| #define HAVE_INTTYPES_H 1
| #define HAVE_STDINT_H 1
| #define HAVE_UNISTD_H 1
| #define HAVE_DLFCN_H 1
| #define LT_OBJDIR ".libs/"
| #define LT_MODULE_EXT ".so"
| #define LT_SHARED_EXT ".dylib"
| #define LT_MODULE_PATH_VAR "DYLD_LIBRARY_PATH"
| #define LT_DLSEARCH_PATH "/usr/local/lib:/lib:/usr/lib"
| #define HAVE_LIBDL 1
| #define HAVE_DLERROR 1
| /* end confdefs.h.  */
| 
| /* Override any GCC internal prototype to avoid an error.
|    Use char because int might match the return type of a GCC
|    builtin and then its argument prototype would still apply.  */
| #ifdef __cplusplus
| extern "C"
| #endif
| char shl_load ();
| int
| main ()
| {
| return shl_load ();
|   ;
|   return 0;
| }
configure:11865: result: no
configure:11911: checking for dld_link in -ldld
configure:11936: gcc -o conftest -DNDEBUG -g -O2 -fvisibility=hidden  -D_REENTRANT -I/Users/meister/Development/externals-clasp/openmpi-1.6.5/opal/mca/hwloc/hwloc132/hwloc/include   -I/usr/include/infiniband -I/usr/include/infiniband    conftest.c -ldld    >&5
ld: library not found for -ldld
clang: error: linker command failed with exit code 1 (use -v to see invocation)
configure:11936: $? = 1
configure: failed program was:
| /* confdefs.h */
| #define PACKAGE_NAME "libltdl"
| #define PACKAGE_TARNAME "libltdl"
| #define PACKAGE_VERSION "2.4.2"
| #define PACKAGE_STRING "libltdl 2.4.2"
| #define PACKAGE_BUGREPORT "bug-libtool@gnu.org"
| #define PACKAGE_URL ""
| #define PACKAGE "libltdl"
| #define VERSION "2.4.2"
| #define STDC_HEADERS 1
| #define HAVE_SYS_TYPES_H 1
| #define HAVE_SYS_STAT_H 1
| #define HAVE_STDLIB_H 1
| #define HAVE_STRING_H 1
| #define HAVE_MEMORY_H 1
| #define HAVE_STRINGS_H 1
| #define HAVE_INTTYPES_H 1
| #define HAVE_STDINT_H 1
| #define HAVE_UNISTD_H 1
| #define HAVE_DLFCN_H 1
| #define LT_OBJDIR ".libs/"
| #define LT_MODULE_EXT ".so"
| #define LT_SHARED_EXT ".dylib"
| #define LT_MODULE_PATH_VAR "DYLD_LIBRARY_PATH"
| #define LT_DLSEARCH_PATH "/usr/local/lib:/lib:/usr/lib"
| #define HAVE_LIBDL 1
| #define HAVE_DLERROR 1
| /* end confdefs.h.  */
| 
| /* Override any GCC internal prototype to avoid an error.
|    Use char because int might match the return type of a GCC
|    builtin and then its argument prototype would still apply.  */
| #ifdef __cplusplus
| extern "C"
| #endif
| char dld_link ();
| int
| main ()
| {
| return dld_link ();
|   ;
|   return 0;
| }
configure:11945: result: no
configure:11979: checking for _ prefix in compiled symbols
configure:11989: gcc -c -DNDEBUG -g -O2 -fvisibility=hidden  -D_REENTRANT -I/Users/meister/Development/externals-clasp/openmpi-1.6.5/opal/mca/hwloc/hwloc132/hwloc/include   -I/usr/include/infiniband -I/usr/include/infiniband  conftest.c >&5
conftest.c:2:12: warning: expression result unused [-Wunused-value]
int main(){nm_test_func;return 0;}
           ^~~~~~~~~~~~
1 warning generated.
configure:11992: $? = 0
configure:11996: /usr/bin/nm conftest.o \| sed -n -e 's/^.*[	 ]\([BCDEGRST][BCDEGRST]*\)[	 ][	 ]*_\([_A-Za-z][_A-Za-z0-9]*\)$/\1 _\2 \2/p' | sed '/ __gnu_lto/d' \> conftest.nm
configure:11999: $? = 0
configure:12021: result: yes
configure:12029: checking whether we have to add an underscore for dlsym
configure:12112: gcc -o conftest -DNDEBUG -g -O2 -fvisibility=hidden  -D_REENTRANT -I/Users/meister/Development/externals-clasp/openmpi-1.6.5/opal/mca/hwloc/hwloc132/hwloc/include   -I/usr/include/infiniband -I/usr/include/infiniband    conftest.c    >&5
configure:12115: $? = 0
configure:12134: result: no
configure:12145: checking whether deplibs are loaded by dlopen
configure:12239: result: yes
configure:12251: checking for argz.h
configure:12251: gcc -c -DNDEBUG -g -O2 -fvisibility=hidden  -D_REENTRANT -I/Users/meister/Development/externals-clasp/openmpi-1.6.5/opal/mca/hwloc/hwloc132/hwloc/include   -I/usr/include/infiniband -I/usr/include/infiniband  conftest.c >&5
conftest.c:64:10: fatal error: 'argz.h' file not found
#include <argz.h>
         ^
1 error generated.
configure:12251: $? = 1
configure: failed program was:
| /* confdefs.h */
| #define PACKAGE_NAME "libltdl"
| #define PACKAGE_TARNAME "libltdl"
| #define PACKAGE_VERSION "2.4.2"
| #define PACKAGE_STRING "libltdl 2.4.2"
| #define PACKAGE_BUGREPORT "bug-libtool@gnu.org"
| #define PACKAGE_URL ""
| #define PACKAGE "libltdl"
| #define VERSION "2.4.2"
| #define STDC_HEADERS 1
| #define HAVE_SYS_TYPES_H 1
| #define HAVE_SYS_STAT_H 1
| #define HAVE_STDLIB_H 1
| #define HAVE_STRING_H 1
| #define HAVE_MEMORY_H 1
| #define HAVE_STRINGS_H 1
| #define HAVE_INTTYPES_H 1
| #define HAVE_STDINT_H 1
| #define HAVE_UNISTD_H 1
| #define HAVE_DLFCN_H 1
| #define LT_OBJDIR ".libs/"
| #define LT_MODULE_EXT ".so"
| #define LT_SHARED_EXT ".dylib"
| #define LT_MODULE_PATH_VAR "DYLD_LIBRARY_PATH"
| #define LT_DLSEARCH_PATH "/usr/local/lib:/lib:/usr/lib"
| #define HAVE_LIBDL 1
| #define HAVE_DLERROR 1
| #define HAVE_LIBDLLOADER 1
| /* end confdefs.h.  */
| #include <stdio.h>
| #ifdef HAVE_SYS_TYPES_H
| # include <sys/types.h>
| #endif
| #ifdef HAVE_SYS_STAT_H
| # include <sys/stat.h>
| #endif
| #ifdef STDC_HEADERS
| # include <stdlib.h>
| # include <stddef.h>
| #else
| # ifdef HAVE_STDLIB_H
| #  include <stdlib.h>
| # endif
| #endif
| #ifdef HAVE_STRING_H
| # if !defined STDC_HEADERS && defined HAVE_MEMORY_H
| #  include <memory.h>
| # endif
| # include <string.h>
| #endif
| #ifdef HAVE_STRINGS_H
| # include <strings.h>
| #endif
| #ifdef HAVE_INTTYPES_H
| # include <inttypes.h>
| #endif
| #ifdef HAVE_STDINT_H
| # include <stdint.h>
| #endif
| #ifdef HAVE_UNISTD_H
| # include <unistd.h>
| #endif
| 
| #include <argz.h>
configure:12251: result: no
configure:12263: checking for error_t
configure:12263: gcc -c -DNDEBUG -g -O2 -fvisibility=hidden  -D_REENTRANT -I/Users/meister/Development/externals-clasp/openmpi-1.6.5/opal/mca/hwloc/hwloc132/hwloc/include   -I/usr/include/infiniband -I/usr/include/infiniband  conftest.c >&5
conftest.c:37:13: error: use of undeclared identifier 'error_t'
if (sizeof (error_t))
            ^
1 error generated.
configure:12263: $? = 1
configure: failed program was:
| /* confdefs.h */
| #define PACKAGE_NAME "libltdl"
| #define PACKAGE_TARNAME "libltdl"
| #define PACKAGE_VERSION "2.4.2"
| #define PACKAGE_STRING "libltdl 2.4.2"
| #define PACKAGE_BUGREPORT "bug-libtool@gnu.org"
| #define PACKAGE_URL ""
| #define PACKAGE "libltdl"
| #define VERSION "2.4.2"
| #define STDC_HEADERS 1
| #define HAVE_SYS_TYPES_H 1
| #define HAVE_SYS_STAT_H 1
| #define HAVE_STDLIB_H 1
| #define HAVE_STRING_H 1
| #define HAVE_MEMORY_H 1
| #define HAVE_STRINGS_H 1
| #define HAVE_INTTYPES_H 1
| #define HAVE_STDINT_H 1
| #define HAVE_UNISTD_H 1
| #define HAVE_DLFCN_H 1
| #define LT_OBJDIR ".libs/"
| #define LT_MODULE_EXT ".so"
| #define LT_SHARED_EXT ".dylib"
| #define LT_MODULE_PATH_VAR "DYLD_LIBRARY_PATH"
| #define LT_DLSEARCH_PATH "/usr/local/lib:/lib:/usr/lib"
| #define HAVE_LIBDL 1
| #define HAVE_DLERROR 1
| #define HAVE_LIBDLLOADER 1
| /* end confdefs.h.  */
| #if defined(HAVE_ARGZ_H)
| #  include <argz.h>
| #endif
| 
| int
| main ()
| {
| if (sizeof (error_t))
| 	 return 0;
|   ;
|   return 0;
| }
configure:12263: result: no
configure:12289: checking for argz_add
configure:12289: gcc -o conftest -DNDEBUG -g -O2 -fvisibility=hidden  -D_REENTRANT -I/Users/meister/Development/externals-clasp/openmpi-1.6.5/opal/mca/hwloc/hwloc132/hwloc/include   -I/usr/include/infiniband -I/usr/include/infiniband    conftest.c   >&5
Undefined symbols for architecture x86_64:
  "_argz_add", referenced from:
      _main in conftest-f249b0.o
ld: symbol(s) not found for architecture x86_64
clang: error: linker command failed with exit code 1 (use -v to see invocation)
configure:12289: $? = 1
configure: failed program was:
| /* confdefs.h */
| #define PACKAGE_NAME "libltdl"
| #define PACKAGE_TARNAME "libltdl"
| #define PACKAGE_VERSION "2.4.2"
| #define PACKAGE_STRING "libltdl 2.4.2"
| #define PACKAGE_BUGREPORT "bug-libtool@gnu.org"
| #define PACKAGE_URL ""
| #define PACKAGE "libltdl"
| #define VERSION "2.4.2"
| #define STDC_HEADERS 1
| #define HAVE_SYS_TYPES_H 1
| #define HAVE_SYS_STAT_H 1
| #define HAVE_STDLIB_H 1
| #define HAVE_STRING_H 1
| #define HAVE_MEMORY_H 1
| #define HAVE_STRINGS_H 1
| #define HAVE_INTTYPES_H 1
| #define HAVE_STDINT_H 1
| #define HAVE_UNISTD_H 1
| #define HAVE_DLFCN_H 1
| #define LT_OBJDIR ".libs/"
| #define LT_MODULE_EXT ".so"
| #define LT_SHARED_EXT ".dylib"
| #define LT_MODULE_PATH_VAR "DYLD_LIBRARY_PATH"
| #define LT_DLSEARCH_PATH "/usr/local/lib:/lib:/usr/lib"
| #define HAVE_LIBDL 1
| #define HAVE_DLERROR 1
| #define HAVE_LIBDLLOADER 1
| #define error_t int
| #define __error_t_defined 1
| /* end confdefs.h.  */
| /* Define argz_add to an innocuous variant, in case <limits.h> declares argz_add.
|    For example, HP-UX 11i <limits.h> declares gettimeofday.  */
| #define argz_add innocuous_argz_add
| 
| /* System header to define __stub macros and hopefully few prototypes,
|     which can conflict with char argz_add (); below.
|     Prefer <limits.h> to <assert.h> if __STDC__ is defined, since
|     <limits.h> exists even on freestanding compilers.  */
| 
| #ifdef __STDC__
| # include <limits.h>
| #else
| # include <assert.h>
| #endif
| 
| #undef argz_add
| 
| /* Override any GCC internal prototype to avoid an error.
|    Use char because int might match the return type of a GCC
|    builtin and then its argument prototype would still apply.  */
| #ifdef __cplusplus
| extern "C"
| #endif
| char argz_add ();
| /* The GNU C library defines this for functions which it implements
|     to always fail with ENOSYS.  Some functions are actually named
|     something starting with __ and the normal name is an alias.  */
| #if defined __stub_argz_add || defined __stub___argz_add
| choke me
| #endif
| 
| int
| main ()
| {
| return argz_add ();
|   ;
|   return 0;
| }
configure:12289: result: no
configure:12289: checking for argz_append
configure:12289: gcc -o conftest -DNDEBUG -g -O2 -fvisibility=hidden  -D_REENTRANT -I/Users/meister/Development/externals-clasp/openmpi-1.6.5/opal/mca/hwloc/hwloc132/hwloc/include   -I/usr/include/infiniband -I/usr/include/infiniband    conftest.c   >&5
Undefined symbols for architecture x86_64:
  "_argz_append", referenced from:
      _main in conftest-e34f0b.o
ld: symbol(s) not found for architecture x86_64
clang: error: linker command failed with exit code 1 (use -v to see invocation)
configure:12289: $? = 1
configure: failed program was:
| /* confdefs.h */
| #define PACKAGE_NAME "libltdl"
| #define PACKAGE_TARNAME "libltdl"
| #define PACKAGE_VERSION "2.4.2"
| #define PACKAGE_STRING "libltdl 2.4.2"
| #define PACKAGE_BUGREPORT "bug-libtool@gnu.org"
| #define PACKAGE_URL ""
| #define PACKAGE "libltdl"
| #define VERSION "2.4.2"
| #define STDC_HEADERS 1
| #define HAVE_SYS_TYPES_H 1
| #define HAVE_SYS_STAT_H 1
| #define HAVE_STDLIB_H 1
| #define HAVE_STRING_H 1
| #define HAVE_MEMORY_H 1
| #define HAVE_STRINGS_H 1
| #define HAVE_INTTYPES_H 1
| #define HAVE_STDINT_H 1
| #define HAVE_UNISTD_H 1
| #define HAVE_DLFCN_H 1
| #define LT_OBJDIR ".libs/"
| #define LT_MODULE_EXT ".so"
| #define LT_SHARED_EXT ".dylib"
| #define LT_MODULE_PATH_VAR "DYLD_LIBRARY_PATH"
| #define LT_DLSEARCH_PATH "/usr/local/lib:/lib:/usr/lib"
| #define HAVE_LIBDL 1
| #define HAVE_DLERROR 1
| #define HAVE_LIBDLLOADER 1
| #define error_t int
| #define __error_t_defined 1
| /* end confdefs.h.  */
| /* Define argz_append to an innocuous variant, in case <limits.h> declares argz_append.
|    For example, HP-UX 11i <limits.h> declares gettimeofday.  */
| #define argz_append innocuous_argz_append
| 
| /* System header to define __stub macros and hopefully few prototypes,
|     which can conflict with char argz_append (); below.
|     Prefer <limits.h> to <assert.h> if __STDC__ is defined, since
|     <limits.h> exists even on freestanding compilers.  */
| 
| #ifdef __STDC__
| # include <limits.h>
| #else
| # include <assert.h>
| #endif
| 
| #undef argz_append
| 
| /* Override any GCC internal prototype to avoid an error.
|    Use char because int might match the return type of a GCC
|    builtin and then its argument prototype would still apply.  */
| #ifdef __cplusplus
| extern "C"
| #endif
| char argz_append ();
| /* The GNU C library defines this for functions which it implements
|     to always fail with ENOSYS.  Some functions are actually named
|     something starting with __ and the normal name is an alias.  */
| #if defined __stub_argz_append || defined __stub___argz_append
| choke me
| #endif
| 
| int
| main ()
| {
| return argz_append ();
|   ;
|   return 0;
| }
configure:12289: result: no
configure:12289: checking for argz_count
configure:12289: gcc -o conftest -DNDEBUG -g -O2 -fvisibility=hidden  -D_REENTRANT -I/Users/meister/Development/externals-clasp/openmpi-1.6.5/opal/mca/hwloc/hwloc132/hwloc/include   -I/usr/include/infiniband -I/usr/include/infiniband    conftest.c   >&5
Undefined symbols for architecture x86_64:
  "_argz_count", referenced from:
      _main in conftest-031390.o
ld: symbol(s) not found for architecture x86_64
clang: error: linker command failed with exit code 1 (use -v to see invocation)
configure:12289: $? = 1
configure: failed program was:
| /* confdefs.h */
| #define PACKAGE_NAME "libltdl"
| #define PACKAGE_TARNAME "libltdl"
| #define PACKAGE_VERSION "2.4.2"
| #define PACKAGE_STRING "libltdl 2.4.2"
| #define PACKAGE_BUGREPORT "bug-libtool@gnu.org"
| #define PACKAGE_URL ""
| #define PACKAGE "libltdl"
| #define VERSION "2.4.2"
| #define STDC_HEADERS 1
| #define HAVE_SYS_TYPES_H 1
| #define HAVE_SYS_STAT_H 1
| #define HAVE_STDLIB_H 1
| #define HAVE_STRING_H 1
| #define HAVE_MEMORY_H 1
| #define HAVE_STRINGS_H 1
| #define HAVE_INTTYPES_H 1
| #define HAVE_STDINT_H 1
| #define HAVE_UNISTD_H 1
| #define HAVE_DLFCN_H 1
| #define LT_OBJDIR ".libs/"
| #define LT_MODULE_EXT ".so"
| #define LT_SHARED_EXT ".dylib"
| #define LT_MODULE_PATH_VAR "DYLD_LIBRARY_PATH"
| #define LT_DLSEARCH_PATH "/usr/local/lib:/lib:/usr/lib"
| #define HAVE_LIBDL 1
| #define HAVE_DLERROR 1
| #define HAVE_LIBDLLOADER 1
| #define error_t int
| #define __error_t_defined 1
| /* end confdefs.h.  */
| /* Define argz_count to an innocuous variant, in case <limits.h> declares argz_count.
|    For example, HP-UX 11i <limits.h> declares gettimeofday.  */
| #define argz_count innocuous_argz_count
| 
| /* System header to define __stub macros and hopefully few prototypes,
|     which can conflict with char argz_count (); below.
|     Prefer <limits.h> to <assert.h> if __STDC__ is defined, since
|     <limits.h> exists even on freestanding compilers.  */
| 
| #ifdef __STDC__
| # include <limits.h>
| #else
| # include <assert.h>
| #endif
| 
| #undef argz_count
| 
| /* Override any GCC internal prototype to avoid an error.
|    Use char because int might match the return type of a GCC
|    builtin and then its argument prototype would still apply.  */
| #ifdef __cplusplus
| extern "C"
| #endif
| char argz_count ();
| /* The GNU C library defines this for functions which it implements
|     to always fail with ENOSYS.  Some functions are actually named
|     something starting with __ and the normal name is an alias.  */
| #if defined __stub_argz_count || defined __stub___argz_count
| choke me
| #endif
| 
| int
| main ()
| {
| return argz_count ();
|   ;
|   return 0;
| }
configure:12289: result: no
configure:12289: checking for argz_create_sep
configure:12289: gcc -o conftest -DNDEBUG -g -O2 -fvisibility=hidden  -D_REENTRANT -I/Users/meister/Development/externals-clasp/openmpi-1.6.5/opal/mca/hwloc/hwloc132/hwloc/include   -I/usr/include/infiniband -I/usr/include/infiniband    conftest.c   >&5
Undefined symbols for architecture x86_64:
  "_argz_create_sep", referenced from:
      _main in conftest-5498a3.o
ld: symbol(s) not found for architecture x86_64
clang: error: linker command failed with exit code 1 (use -v to see invocation)
configure:12289: $? = 1
configure: failed program was:
| /* confdefs.h */
| #define PACKAGE_NAME "libltdl"
| #define PACKAGE_TARNAME "libltdl"
| #define PACKAGE_VERSION "2.4.2"
| #define PACKAGE_STRING "libltdl 2.4.2"
| #define PACKAGE_BUGREPORT "bug-libtool@gnu.org"
| #define PACKAGE_URL ""
| #define PACKAGE "libltdl"
| #define VERSION "2.4.2"
| #define STDC_HEADERS 1
| #define HAVE_SYS_TYPES_H 1
| #define HAVE_SYS_STAT_H 1
| #define HAVE_STDLIB_H 1
| #define HAVE_STRING_H 1
| #define HAVE_MEMORY_H 1
| #define HAVE_STRINGS_H 1
| #define HAVE_INTTYPES_H 1
| #define HAVE_STDINT_H 1
| #define HAVE_UNISTD_H 1
| #define HAVE_DLFCN_H 1
| #define LT_OBJDIR ".libs/"
| #define LT_MODULE_EXT ".so"
| #define LT_SHARED_EXT ".dylib"
| #define LT_MODULE_PATH_VAR "DYLD_LIBRARY_PATH"
| #define LT_DLSEARCH_PATH "/usr/local/lib:/lib:/usr/lib"
| #define HAVE_LIBDL 1
| #define HAVE_DLERROR 1
| #define HAVE_LIBDLLOADER 1
| #define error_t int
| #define __error_t_defined 1
| /* end confdefs.h.  */
| /* Define argz_create_sep to an innocuous variant, in case <limits.h> declares argz_create_sep.
|    For example, HP-UX 11i <limits.h> declares gettimeofday.  */
| #define argz_create_sep innocuous_argz_create_sep
| 
| /* System header to define __stub macros and hopefully few prototypes,
|     which can conflict with char argz_create_sep (); below.
|     Prefer <limits.h> to <assert.h> if __STDC__ is defined, since
|     <limits.h> exists even on freestanding compilers.  */
| 
| #ifdef __STDC__
| # include <limits.h>
| #else
| # include <assert.h>
| #endif
| 
| #undef argz_create_sep
| 
| /* Override any GCC internal prototype to avoid an error.
|    Use char because int might match the return type of a GCC
|    builtin and then its argument prototype would still apply.  */
| #ifdef __cplusplus
| extern "C"
| #endif
| char argz_create_sep ();
| /* The GNU C library defines this for functions which it implements
|     to always fail with ENOSYS.  Some functions are actually named
|     something starting with __ and the normal name is an alias.  */
| #if defined __stub_argz_create_sep || defined __stub___argz_create_sep
| choke me
| #endif
| 
| int
| main ()
| {
| return argz_create_sep ();
|   ;
|   return 0;
| }
configure:12289: result: no
configure:12289: checking for argz_insert
configure:12289: gcc -o conftest -DNDEBUG -g -O2 -fvisibility=hidden  -D_REENTRANT -I/Users/meister/Development/externals-clasp/openmpi-1.6.5/opal/mca/hwloc/hwloc132/hwloc/include   -I/usr/include/infiniband -I/usr/include/infiniband    conftest.c   >&5
Undefined symbols for architecture x86_64:
  "_argz_insert", referenced from:
      _main in conftest-666938.o
ld: symbol(s) not found for architecture x86_64
clang: error: linker command failed with exit code 1 (use -v to see invocation)
configure:12289: $? = 1
configure: failed program was:
| /* confdefs.h */
| #define PACKAGE_NAME "libltdl"
| #define PACKAGE_TARNAME "libltdl"
| #define PACKAGE_VERSION "2.4.2"
| #define PACKAGE_STRING "libltdl 2.4.2"
| #define PACKAGE_BUGREPORT "bug-libtool@gnu.org"
| #define PACKAGE_URL ""
| #define PACKAGE "libltdl"
| #define VERSION "2.4.2"
| #define STDC_HEADERS 1
| #define HAVE_SYS_TYPES_H 1
| #define HAVE_SYS_STAT_H 1
| #define HAVE_STDLIB_H 1
| #define HAVE_STRING_H 1
| #define HAVE_MEMORY_H 1
| #define HAVE_STRINGS_H 1
| #define HAVE_INTTYPES_H 1
| #define HAVE_STDINT_H 1
| #define HAVE_UNISTD_H 1
| #define HAVE_DLFCN_H 1
| #define LT_OBJDIR ".libs/"
| #define LT_MODULE_EXT ".so"
| #define LT_SHARED_EXT ".dylib"
| #define LT_MODULE_PATH_VAR "DYLD_LIBRARY_PATH"
| #define LT_DLSEARCH_PATH "/usr/local/lib:/lib:/usr/lib"
| #define HAVE_LIBDL 1
| #define HAVE_DLERROR 1
| #define HAVE_LIBDLLOADER 1
| #define error_t int
| #define __error_t_defined 1
| /* end confdefs.h.  */
| /* Define argz_insert to an innocuous variant, in case <limits.h> declares argz_insert.
|    For example, HP-UX 11i <limits.h> declares gettimeofday.  */
| #define argz_insert innocuous_argz_insert
| 
| /* System header to define __stub macros and hopefully few prototypes,
|     which can conflict with char argz_insert (); below.
|     Prefer <limits.h> to <assert.h> if __STDC__ is defined, since
|     <limits.h> exists even on freestanding compilers.  */
| 
| #ifdef __STDC__
| # include <limits.h>
| #else
| # include <assert.h>
| #endif
| 
| #undef argz_insert
| 
| /* Override any GCC internal prototype to avoid an error.
|    Use char because int might match the return type of a GCC
|    builtin and then its argument prototype would still apply.  */
| #ifdef __cplusplus
| extern "C"
| #endif
| char argz_insert ();
| /* The GNU C library defines this for functions which it implements
|     to always fail with ENOSYS.  Some functions are actually named
|     something starting with __ and the normal name is an alias.  */
| #if defined __stub_argz_insert || defined __stub___argz_insert
| choke me
| #endif
| 
| int
| main ()
| {
| return argz_insert ();
|   ;
|   return 0;
| }
configure:12289: result: no
configure:12289: checking for argz_next
configure:12289: gcc -o conftest -DNDEBUG -g -O2 -fvisibility=hidden  -D_REENTRANT -I/Users/meister/Development/externals-clasp/openmpi-1.6.5/opal/mca/hwloc/hwloc132/hwloc/include   -I/usr/include/infiniband -I/usr/include/infiniband    conftest.c   >&5
Undefined symbols for architecture x86_64:
  "_argz_next", referenced from:
      _main in conftest-9b2340.o
ld: symbol(s) not found for architecture x86_64
clang: error: linker command failed with exit code 1 (use -v to see invocation)
configure:12289: $? = 1
configure: failed program was:
| /* confdefs.h */
| #define PACKAGE_NAME "libltdl"
| #define PACKAGE_TARNAME "libltdl"
| #define PACKAGE_VERSION "2.4.2"
| #define PACKAGE_STRING "libltdl 2.4.2"
| #define PACKAGE_BUGREPORT "bug-libtool@gnu.org"
| #define PACKAGE_URL ""
| #define PACKAGE "libltdl"
| #define VERSION "2.4.2"
| #define STDC_HEADERS 1
| #define HAVE_SYS_TYPES_H 1
| #define HAVE_SYS_STAT_H 1
| #define HAVE_STDLIB_H 1
| #define HAVE_STRING_H 1
| #define HAVE_MEMORY_H 1
| #define HAVE_STRINGS_H 1
| #define HAVE_INTTYPES_H 1
| #define HAVE_STDINT_H 1
| #define HAVE_UNISTD_H 1
| #define HAVE_DLFCN_H 1
| #define LT_OBJDIR ".libs/"
| #define LT_MODULE_EXT ".so"
| #define LT_SHARED_EXT ".dylib"
| #define LT_MODULE_PATH_VAR "DYLD_LIBRARY_PATH"
| #define LT_DLSEARCH_PATH "/usr/local/lib:/lib:/usr/lib"
| #define HAVE_LIBDL 1
| #define HAVE_DLERROR 1
| #define HAVE_LIBDLLOADER 1
| #define error_t int
| #define __error_t_defined 1
| /* end confdefs.h.  */
| /* Define argz_next to an innocuous variant, in case <limits.h> declares argz_next.
|    For example, HP-UX 11i <limits.h> declares gettimeofday.  */
| #define argz_next innocuous_argz_next
| 
| /* System header to define __stub macros and hopefully few prototypes,
|     which can conflict with char argz_next (); below.
|     Prefer <limits.h> to <assert.h> if __STDC__ is defined, since
|     <limits.h> exists even on freestanding compilers.  */
| 
| #ifdef __STDC__
| # include <limits.h>
| #else
| # include <assert.h>
| #endif
| 
| #undef argz_next
| 
| /* Override any GCC internal prototype to avoid an error.
|    Use char because int might match the return type of a GCC
|    builtin and then its argument prototype would still apply.  */
| #ifdef __cplusplus
| extern "C"
| #endif
| char argz_next ();
| /* The GNU C library defines this for functions which it implements
|     to always fail with ENOSYS.  Some functions are actually named
|     something starting with __ and the normal name is an alias.  */
| #if defined __stub_argz_next || defined __stub___argz_next
| choke me
| #endif
| 
| int
| main ()
| {
| return argz_next ();
|   ;
|   return 0;
| }
configure:12289: result: no
configure:12289: checking for argz_stringify
configure:12289: gcc -o conftest -DNDEBUG -g -O2 -fvisibility=hidden  -D_REENTRANT -I/Users/meister/Development/externals-clasp/openmpi-1.6.5/opal/mca/hwloc/hwloc132/hwloc/include   -I/usr/include/infiniband -I/usr/include/infiniband    conftest.c   >&5
Undefined symbols for architecture x86_64:
  "_argz_stringify", referenced from:
      _main in conftest-279ba8.o
ld: symbol(s) not found for architecture x86_64
clang: error: linker command failed with exit code 1 (use -v to see invocation)
configure:12289: $? = 1
configure: failed program was:
| /* confdefs.h */
| #define PACKAGE_NAME "libltdl"
| #define PACKAGE_TARNAME "libltdl"
| #define PACKAGE_VERSION "2.4.2"
| #define PACKAGE_STRING "libltdl 2.4.2"
| #define PACKAGE_BUGREPORT "bug-libtool@gnu.org"
| #define PACKAGE_URL ""
| #define PACKAGE "libltdl"
| #define VERSION "2.4.2"
| #define STDC_HEADERS 1
| #define HAVE_SYS_TYPES_H 1
| #define HAVE_SYS_STAT_H 1
| #define HAVE_STDLIB_H 1
| #define HAVE_STRING_H 1
| #define HAVE_MEMORY_H 1
| #define HAVE_STRINGS_H 1
| #define HAVE_INTTYPES_H 1
| #define HAVE_STDINT_H 1
| #define HAVE_UNISTD_H 1
| #define HAVE_DLFCN_H 1
| #define LT_OBJDIR ".libs/"
| #define LT_MODULE_EXT ".so"
| #define LT_SHARED_EXT ".dylib"
| #define LT_MODULE_PATH_VAR "DYLD_LIBRARY_PATH"
| #define LT_DLSEARCH_PATH "/usr/local/lib:/lib:/usr/lib"
| #define HAVE_LIBDL 1
| #define HAVE_DLERROR 1
| #define HAVE_LIBDLLOADER 1
| #define error_t int
| #define __error_t_defined 1
| /* end confdefs.h.  */
| /* Define argz_stringify to an innocuous variant, in case <limits.h> declares argz_stringify.
|    For example, HP-UX 11i <limits.h> declares gettimeofday.  */
| #define argz_stringify innocuous_argz_stringify
| 
| /* System header to define __stub macros and hopefully few prototypes,
|     which can conflict with char argz_stringify (); below.
|     Prefer <limits.h> to <assert.h> if __STDC__ is defined, since
|     <limits.h> exists even on freestanding compilers.  */
| 
| #ifdef __STDC__
| # include <limits.h>
| #else
| # include <assert.h>
| #endif
| 
| #undef argz_stringify
| 
| /* Override any GCC internal prototype to avoid an error.
|    Use char because int might match the return type of a GCC
|    builtin and then its argument prototype would still apply.  */
| #ifdef __cplusplus
| extern "C"
| #endif
| char argz_stringify ();
| /* The GNU C library defines this for functions which it implements
|     to always fail with ENOSYS.  Some functions are actually named
|     something starting with __ and the normal name is an alias.  */
| #if defined __stub_argz_stringify || defined __stub___argz_stringify
| choke me
| #endif
| 
| int
| main ()
| {
| return argz_stringify ();
|   ;
|   return 0;
| }
configure:12289: result: no
configure:12357: checking whether libtool supports -dlopen/-dlpreopen
configure:12369: result: yes
configure:12422: checking for unistd.h
configure:12422: result: yes
configure:12422: checking for dl.h
configure:12422: gcc -c -DNDEBUG -g -O2 -fvisibility=hidden  -D_REENTRANT -I/Users/meister/Development/externals-clasp/openmpi-1.6.5/opal/mca/hwloc/hwloc132/hwloc/include   -I/usr/include/infiniband -I/usr/include/infiniband  conftest.c >&5
conftest.c:68:10: fatal error: 'dl.h' file not found
#include <dl.h>
         ^
1 error generated.
configure:12422: $? = 1
configure: failed program was:
| /* confdefs.h */
| #define PACKAGE_NAME "libltdl"
| #define PACKAGE_TARNAME "libltdl"
| #define PACKAGE_VERSION "2.4.2"
| #define PACKAGE_STRING "libltdl 2.4.2"
| #define PACKAGE_BUGREPORT "bug-libtool@gnu.org"
| #define PACKAGE_URL ""
| #define PACKAGE "libltdl"
| #define VERSION "2.4.2"
| #define STDC_HEADERS 1
| #define HAVE_SYS_TYPES_H 1
| #define HAVE_SYS_STAT_H 1
| #define HAVE_STDLIB_H 1
| #define HAVE_STRING_H 1
| #define HAVE_MEMORY_H 1
| #define HAVE_STRINGS_H 1
| #define HAVE_INTTYPES_H 1
| #define HAVE_STDINT_H 1
| #define HAVE_UNISTD_H 1
| #define HAVE_DLFCN_H 1
| #define LT_OBJDIR ".libs/"
| #define LT_MODULE_EXT ".so"
| #define LT_SHARED_EXT ".dylib"
| #define LT_MODULE_PATH_VAR "DYLD_LIBRARY_PATH"
| #define LT_DLSEARCH_PATH "/usr/local/lib:/lib:/usr/lib"
| #define HAVE_LIBDL 1
| #define HAVE_DLERROR 1
| #define HAVE_LIBDLLOADER 1
| #define error_t int
| #define __error_t_defined 1
| #define HAVE_PRELOADED_SYMBOLS 1
| #define HAVE_UNISTD_H 1
| /* end confdefs.h.  */
| #include <stdio.h>
| #ifdef HAVE_SYS_TYPES_H
| # include <sys/types.h>
| #endif
| #ifdef HAVE_SYS_STAT_H
| # include <sys/stat.h>
| #endif
| #ifdef STDC_HEADERS
| # include <stdlib.h>
| # include <stddef.h>
| #else
| # ifdef HAVE_STDLIB_H
| #  include <stdlib.h>
| # endif
| #endif
| #ifdef HAVE_STRING_H
| # if !defined STDC_HEADERS && defined HAVE_MEMORY_H
| #  include <memory.h>
| # endif
| # include <string.h>
| #endif
| #ifdef HAVE_STRINGS_H
| # include <strings.h>
| #endif
| #ifdef HAVE_INTTYPES_H
| # include <inttypes.h>
| #endif
| #ifdef HAVE_STDINT_H
| # include <stdint.h>
| #endif
| #ifdef HAVE_UNISTD_H
| # include <unistd.h>
| #endif
| 
| #include <dl.h>
configure:12422: result: no
configure:12422: checking for sys/dl.h
configure:12422: gcc -c -DNDEBUG -g -O2 -fvisibility=hidden  -D_REENTRANT -I/Users/meister/Development/externals-clasp/openmpi-1.6.5/opal/mca/hwloc/hwloc132/hwloc/include   -I/usr/include/infiniband -I/usr/include/infiniband  conftest.c >&5
conftest.c:68:10: fatal error: 'sys/dl.h' file not found
#include <sys/dl.h>
         ^
1 error generated.
configure:12422: $? = 1
configure: failed program was:
| /* confdefs.h */
| #define PACKAGE_NAME "libltdl"
| #define PACKAGE_TARNAME "libltdl"
| #define PACKAGE_VERSION "2.4.2"
| #define PACKAGE_STRING "libltdl 2.4.2"
| #define PACKAGE_BUGREPORT "bug-libtool@gnu.org"
| #define PACKAGE_URL ""
| #define PACKAGE "libltdl"
| #define VERSION "2.4.2"
| #define STDC_HEADERS 1
| #define HAVE_SYS_TYPES_H 1
| #define HAVE_SYS_STAT_H 1
| #define HAVE_STDLIB_H 1
| #define HAVE_STRING_H 1
| #define HAVE_MEMORY_H 1
| #define HAVE_STRINGS_H 1
| #define HAVE_INTTYPES_H 1
| #define HAVE_STDINT_H 1
| #define HAVE_UNISTD_H 1
| #define HAVE_DLFCN_H 1
| #define LT_OBJDIR ".libs/"
| #define LT_MODULE_EXT ".so"
| #define LT_SHARED_EXT ".dylib"
| #define LT_MODULE_PATH_VAR "DYLD_LIBRARY_PATH"
| #define LT_DLSEARCH_PATH "/usr/local/lib:/lib:/usr/lib"
| #define HAVE_LIBDL 1
| #define HAVE_DLERROR 1
| #define HAVE_LIBDLLOADER 1
| #define error_t int
| #define __error_t_defined 1
| #define HAVE_PRELOADED_SYMBOLS 1
| #define HAVE_UNISTD_H 1
| /* end confdefs.h.  */
| #include <stdio.h>
| #ifdef HAVE_SYS_TYPES_H
| # include <sys/types.h>
| #endif
| #ifdef HAVE_SYS_STAT_H
| # include <sys/stat.h>
| #endif
| #ifdef STDC_HEADERS
| # include <stdlib.h>
| # include <stddef.h>
| #else
| # ifdef HAVE_STDLIB_H
| #  include <stdlib.h>
| # endif
| #endif
| #ifdef HAVE_STRING_H
| # if !defined STDC_HEADERS && defined HAVE_MEMORY_H
| #  include <memory.h>
| # endif
| # include <string.h>
| #endif
| #ifdef HAVE_STRINGS_H
| # include <strings.h>
| #endif
| #ifdef HAVE_INTTYPES_H
| # include <inttypes.h>
| #endif
| #ifdef HAVE_STDINT_H
| # include <stdint.h>
| #endif
| #ifdef HAVE_UNISTD_H
| # include <unistd.h>
| #endif
| 
| #include <sys/dl.h>
configure:12422: result: no
configure:12422: checking for dld.h
configure:12422: gcc -c -DNDEBUG -g -O2 -fvisibility=hidden  -D_REENTRANT -I/Users/meister/Development/externals-clasp/openmpi-1.6.5/opal/mca/hwloc/hwloc132/hwloc/include   -I/usr/include/infiniband -I/usr/include/infiniband  conftest.c >&5
conftest.c:68:10: fatal error: 'dld.h' file not found
#include <dld.h>
         ^
1 error generated.
configure:12422: $? = 1
configure: failed program was:
| /* confdefs.h */
| #define PACKAGE_NAME "libltdl"
| #define PACKAGE_TARNAME "libltdl"
| #define PACKAGE_VERSION "2.4.2"
| #define PACKAGE_STRING "libltdl 2.4.2"
| #define PACKAGE_BUGREPORT "bug-libtool@gnu.org"
| #define PACKAGE_URL ""
| #define PACKAGE "libltdl"
| #define VERSION "2.4.2"
| #define STDC_HEADERS 1
| #define HAVE_SYS_TYPES_H 1
| #define HAVE_SYS_STAT_H 1
| #define HAVE_STDLIB_H 1
| #define HAVE_STRING_H 1
| #define HAVE_MEMORY_H 1
| #define HAVE_STRINGS_H 1
| #define HAVE_INTTYPES_H 1
| #define HAVE_STDINT_H 1
| #define HAVE_UNISTD_H 1
| #define HAVE_DLFCN_H 1
| #define LT_OBJDIR ".libs/"
| #define LT_MODULE_EXT ".so"
| #define LT_SHARED_EXT ".dylib"
| #define LT_MODULE_PATH_VAR "DYLD_LIBRARY_PATH"
| #define LT_DLSEARCH_PATH "/usr/local/lib:/lib:/usr/lib"
| #define HAVE_LIBDL 1
| #define HAVE_DLERROR 1
| #define HAVE_LIBDLLOADER 1
| #define error_t int
| #define __error_t_defined 1
| #define HAVE_PRELOADED_SYMBOLS 1
| #define HAVE_UNISTD_H 1
| /* end confdefs.h.  */
| #include <stdio.h>
| #ifdef HAVE_SYS_TYPES_H
| # include <sys/types.h>
| #endif
| #ifdef HAVE_SYS_STAT_H
| # include <sys/stat.h>
| #endif
| #ifdef STDC_HEADERS
| # include <stdlib.h>
| # include <stddef.h>
| #else
| # ifdef HAVE_STDLIB_H
| #  include <stdlib.h>
| # endif
| #endif
| #ifdef HAVE_STRING_H
| # if !defined STDC_HEADERS && defined HAVE_MEMORY_H
| #  include <memory.h>
| # endif
| # include <string.h>
| #endif
| #ifdef HAVE_STRINGS_H
| # include <strings.h>
| #endif
| #ifdef HAVE_INTTYPES_H
| # include <inttypes.h>
| #endif
| #ifdef HAVE_STDINT_H
| # include <stdint.h>
| #endif
| #ifdef HAVE_UNISTD_H
| # include <unistd.h>
| #endif
| 
| #include <dld.h>
configure:12422: result: no
configure:12422: checking for mach-o/dyld.h
configure:12422: gcc -c -DNDEBUG -g -O2 -fvisibility=hidden  -D_REENTRANT -I/Users/meister/Development/externals-clasp/openmpi-1.6.5/opal/mca/hwloc/hwloc132/hwloc/include   -I/usr/include/infiniband -I/usr/include/infiniband  conftest.c >&5
configure:12422: $? = 0
configure:12422: result: yes
configure:12422: checking for dirent.h
configure:12422: gcc -c -DNDEBUG -g -O2 -fvisibility=hidden  -D_REENTRANT -I/Users/meister/Development/externals-clasp/openmpi-1.6.5/opal/mca/hwloc/hwloc132/hwloc/include   -I/usr/include/infiniband -I/usr/include/infiniband  conftest.c >&5
configure:12422: $? = 0
configure:12422: result: yes
configure:12437: checking for closedir
configure:12437: gcc -o conftest -DNDEBUG -g -O2 -fvisibility=hidden  -D_REENTRANT -I/Users/meister/Development/externals-clasp/openmpi-1.6.5/opal/mca/hwloc/hwloc132/hwloc/include   -I/usr/include/infiniband -I/usr/include/infiniband    conftest.c   >&5
configure:12437: $? = 0
configure:12437: result: yes
configure:12437: checking for opendir
configure:12437: gcc -o conftest -DNDEBUG -g -O2 -fvisibility=hidden  -D_REENTRANT -I/Users/meister/Development/externals-clasp/openmpi-1.6.5/opal/mca/hwloc/hwloc132/hwloc/include   -I/usr/include/infiniband -I/usr/include/infiniband    conftest.c   >&5
configure:12437: $? = 0
configure:12437: result: yes
configure:12437: checking for readdir
configure:12437: gcc -o conftest -DNDEBUG -g -O2 -fvisibility=hidden  -D_REENTRANT -I/Users/meister/Development/externals-clasp/openmpi-1.6.5/opal/mca/hwloc/hwloc132/hwloc/include   -I/usr/include/infiniband -I/usr/include/infiniband    conftest.c   >&5
configure:12437: $? = 0
configure:12437: result: yes
configure:12456: checking for strlcat
configure:12456: gcc -o conftest -DNDEBUG -g -O2 -fvisibility=hidden  -D_REENTRANT -I/Users/meister/Development/externals-clasp/openmpi-1.6.5/opal/mca/hwloc/hwloc132/hwloc/include   -I/usr/include/infiniband -I/usr/include/infiniband    conftest.c   >&5
conftest.c:62:6: warning: incompatible redeclaration of library function 'strlcat' [-Wincompatible-library-redeclaration]
char strlcat ();
     ^
conftest.c:62:6: note: 'strlcat' is a builtin with type 'unsigned long (char *, const char *, unsigned long)'
1 warning generated.
configure:12456: $? = 0
configure:12456: result: yes
configure:12456: checking for strlcpy
configure:12456: gcc -o conftest -DNDEBUG -g -O2 -fvisibility=hidden  -D_REENTRANT -I/Users/meister/Development/externals-clasp/openmpi-1.6.5/opal/mca/hwloc/hwloc132/hwloc/include   -I/usr/include/infiniband -I/usr/include/infiniband    conftest.c   >&5
conftest.c:63:6: warning: incompatible redeclaration of library function 'strlcpy' [-Wincompatible-library-redeclaration]
char strlcpy ();
     ^
conftest.c:63:6: note: 'strlcpy' is a builtin with type 'unsigned long (char *, const char *, unsigned long)'
1 warning generated.
configure:12456: $? = 0
configure:12456: result: yes
configure:12637: creating ./config.status

## ---------------------- ##
## Running config.status. ##
## ---------------------- ##

This file was extended by libltdl config.status 2.4.2, which was
generated by GNU Autoconf 2.68.  Invocation command line was

  CONFIG_FILES    = 
  CONFIG_HEADERS  = 
  CONFIG_LINKS    = 
  CONFIG_COMMANDS = 
  $ ./config.status 

on fry.home

config.status:1121: creating Makefile
config.status:1121: creating config.h
config.status:1302: config.h is unchanged
config.status:1350: executing depfiles commands
config.status:1350: executing libtool commands

## ---------------- ##
## Cache variables. ##
## ---------------- ##

ac_cv_build=x86_64-apple-darwin13.2.0
ac_cv_c_compiler_gnu=yes
ac_cv_env_CC_set=
ac_cv_env_CC_value=
ac_cv_env_CFLAGS_set=set
ac_cv_env_CFLAGS_value='-DNDEBUG -g -O2 -fvisibility=hidden'
ac_cv_env_CPPFLAGS_set=set
ac_cv_env_CPPFLAGS_value=' -D_REENTRANT -I/Users/meister/Development/externals-clasp/openmpi-1.6.5/opal/mca/hwloc/hwloc132/hwloc/include   -I/usr/include/infiniband -I/usr/include/infiniband '
ac_cv_env_CPP_set=
ac_cv_env_CPP_value=
ac_cv_env_LDFLAGS_set=set
ac_cv_env_LDFLAGS_value=' '
ac_cv_env_LIBS_set=set
ac_cv_env_LIBS_value=' '
ac_cv_env_build_alias_set=
ac_cv_env_build_alias_value=
ac_cv_env_host_alias_set=
ac_cv_env_host_alias_value=
ac_cv_env_target_alias_set=
ac_cv_env_target_alias_value=
ac_cv_func_argz_add=no
ac_cv_func_argz_append=no
ac_cv_func_argz_count=no
ac_cv_func_argz_create_sep=no
ac_cv_func_argz_insert=no
ac_cv_func_argz_next=no
ac_cv_func_argz_stringify=no
ac_cv_func_closedir=yes
ac_cv_func_dlerror=yes
ac_cv_func_opendir=yes
ac_cv_func_readdir=yes
ac_cv_func_shl_load=no
ac_cv_func_strlcat=yes
ac_cv_func_strlcpy=yes
ac_cv_header_argz_h=no
ac_cv_header_dirent_h=yes
ac_cv_header_dl_h=no
ac_cv_header_dld_h=no
ac_cv_header_dlfcn_h=yes
ac_cv_header_inttypes_h=yes
ac_cv_header_mach_o_dyld_h=yes
ac_cv_header_memory_h=yes
ac_cv_header_stdc=yes
ac_cv_header_stdint_h=yes
ac_cv_header_stdlib_h=yes
ac_cv_header_string_h=yes
ac_cv_header_strings_h=yes
ac_cv_header_sys_dl_h=no
ac_cv_header_sys_stat_h=yes
ac_cv_header_sys_types_h=yes
ac_cv_header_unistd_h=yes
ac_cv_host=x86_64-apple-darwin13.2.0
ac_cv_lib_dl_dlopen=yes
ac_cv_lib_dld_dld_link=no
ac_cv_lib_dld_shl_load=no
ac_cv_objext=o
ac_cv_path_EGREP='/usr/bin/grep -E'
ac_cv_path_FGREP='/usr/bin/grep -F'
ac_cv_path_GREP=/usr/bin/grep
ac_cv_path_SED=/usr/bin/sed
ac_cv_path_install='/usr/bin/install -c'
ac_cv_prog_AWK=awk
ac_cv_prog_CPP='gcc -E'
ac_cv_prog_ac_ct_AR=ar
ac_cv_prog_ac_ct_CC=gcc
ac_cv_prog_ac_ct_DSYMUTIL=dsymutil
ac_cv_prog_ac_ct_LIPO=lipo
ac_cv_prog_ac_ct_NMEDIT=nmedit
ac_cv_prog_ac_ct_OTOOL=otool
ac_cv_prog_ac_ct_RANLIB=ranlib
ac_cv_prog_ac_ct_STRIP=strip
ac_cv_prog_cc_c89=
ac_cv_prog_cc_g=yes
ac_cv_prog_make_make_set=yes
ac_cv_search_dlopen='none required'
ac_cv_type_error_t=no
am_cv_CC_dependencies_compiler_type=gcc3
libltdl_cv_lib_dl_dlopen=yes
libltdl_cv_need_uscore=no
libltdl_cv_preloaded_symbols=yes
libltdl_cv_shlibext=.so
libltdl_cv_shrext=.dylib
lt_cv_apple_cc_single_mod=yes
lt_cv_ar_at_file=no
lt_cv_deplibs_check_method=pass_all
lt_cv_dlopen=dlopen
lt_cv_dlopen_libs=-ldl
lt_cv_dlopen_self=yes
lt_cv_dlopen_self_static=yes
lt_cv_file_magic_cmd='$MAGIC_CMD'
lt_cv_file_magic_test_file=
lt_cv_ld_exported_symbols_list=yes
lt_cv_ld_force_load=yes
lt_cv_ld_reload_flag=-r
lt_cv_module_path_var=DYLD_LIBRARY_PATH
lt_cv_nm_interface='BSD nm'
lt_cv_objdir=.libs
lt_cv_path_LD=/Applications/Xcode.app/Contents/Developer/Toolchains/XcodeDefault.xctoolchain/usr/bin/ld
lt_cv_path_NM=/usr/bin/nm
lt_cv_path_mainfest_tool=no
lt_cv_prog_compiler_c_o=yes
lt_cv_prog_compiler_pic='-fno-common -DPIC'
lt_cv_prog_compiler_pic_works=yes
lt_cv_prog_compiler_rtti_exceptions=yes
lt_cv_prog_compiler_static_works=no
lt_cv_prog_gnu_ld=no
lt_cv_sharedlib_from_linklib_cmd='printf %s\n'
lt_cv_sys_dlopen_deplibs=yes
lt_cv_sys_dlsearch_path='/usr/local/lib /lib /usr/lib'
lt_cv_sys_global_symbol_pipe='sed -n -e '\''s/^.*[	 ]\([BCDEGRST][BCDEGRST]*\)[	 ][	 ]*_\([_A-Za-z][_A-Za-z0-9]*\)$/\1 _\2 \2/p'\'' | sed '\''/ __gnu_lto/d'\'''
lt_cv_sys_global_symbol_to_c_name_address='sed -n -e '\''s/^: \([^ ]*\)[ ]*$/  {\"\1\", (void *) 0},/p'\'' -e '\''s/^[BCDEGRST]* \([^ ]*\) \([^ ]*\)$/  {"\2", (void *) \&\2},/p'\'''
lt_cv_sys_global_symbol_to_c_name_address_lib_prefix='sed -n -e '\''s/^: \([^ ]*\)[ ]*$/  {\"\1\", (void *) 0},/p'\'' -e '\''s/^[BCDEGRST]* \([^ ]*\) \(lib[^ ]*\)$/  {"\2", (void *) \&\2},/p'\'' -e '\''s/^[BCDEGRST]* \([^ ]*\) \([^ ]*\)$/  {"lib\2", (void *) \&\2},/p'\'''
lt_cv_sys_global_symbol_to_cdecl='sed -n -e '\''s/^T .* \(.*\)$/extern int \1();/p'\'' -e '\''s/^[BCDEGRST]* .* \(.*\)$/extern char \1;/p'\'''
lt_cv_sys_max_cmd_len=196608
lt_cv_sys_symbol_underscore=yes
lt_cv_to_host_file_cmd=func_convert_file_noop
lt_cv_to_tool_file_cmd=func_convert_file_noop

## ----------------- ##
## Output variables. ##
## ----------------- ##

ACLOCAL='${SHELL} /Users/meister/Development/externals-clasp/openmpi-1.6.5/opal/libltdl/config/missing --run aclocal-1.11'
AMDEPBACKSLASH='\'
AMDEP_FALSE='#'
AMDEP_TRUE=''
AMTAR='${SHELL} /Users/meister/Development/externals-clasp/openmpi-1.6.5/opal/libltdl/config/missing --run tar'
AR='ar'
ARGZ_H='argz.h'
AS='as'
AUTOCONF='${SHELL} /Users/meister/Development/externals-clasp/openmpi-1.6.5/opal/libltdl/config/missing --run autoconf'
AUTOHEADER='${SHELL} /Users/meister/Development/externals-clasp/openmpi-1.6.5/opal/libltdl/config/missing --run autoheader'
AUTOMAKE='${SHELL} /Users/meister/Development/externals-clasp/openmpi-1.6.5/opal/libltdl/config/missing --run automake-1.11'
AWK='awk'
CC='gcc'
CCDEPMODE='depmode=gcc3'
CFLAGS='-DNDEBUG -g -O2 -fvisibility=hidden'
CONVENIENCE_LTDL_FALSE='#'
CONVENIENCE_LTDL_TRUE=''
CPP='gcc -E'
CPPFLAGS=' -D_REENTRANT -I/Users/meister/Development/externals-clasp/openmpi-1.6.5/opal/mca/hwloc/hwloc132/hwloc/include   -I/usr/include/infiniband -I/usr/include/infiniband '
CYGPATH_W='echo'
DEFS='-DHAVE_CONFIG_H'
DEPDIR='.deps'
DLLTOOL='false'
DSYMUTIL='dsymutil'
DUMPBIN=''
ECHO_C='\c'
ECHO_N=''
ECHO_T=''
EGREP='/usr/bin/grep -E'
EXEEXT=''
FGREP='/usr/bin/grep -F'
GREP='/usr/bin/grep'
INSTALL_DATA='${INSTALL} -m 644'
INSTALL_LTDL_FALSE=''
INSTALL_LTDL_TRUE='#'
INSTALL_PROGRAM='${INSTALL}'
INSTALL_SCRIPT='${INSTALL}'
INSTALL_STRIP_PROGRAM='$(install_sh) -c -s'
LD='/Applications/Xcode.app/Contents/Developer/Toolchains/XcodeDefault.xctoolchain/usr/bin/ld'
LDFLAGS=' '
LIBADD_DL=' '
LIBADD_DLD_LINK=''
LIBADD_DLOPEN=''
LIBADD_SHL_LOAD=''
LIBOBJS=' ${LIBOBJDIR}argz$U.o'
LIBS=' '
LIBTOOL='$(SHELL) $(top_builddir)/libtool'
LIPO='lipo'
LN_S='ln -s'
LTDLOPEN='libltdl'
LTLIBOBJS=' ${LIBOBJDIR}argz$U.lo'
LT_CONFIG_H='config.h'
LT_DLLOADERS=' dlopen.la'
LT_DLPREOPEN='-dlpreopen dlopen.la '
MAKEINFO='${SHELL} /Users/meister/Development/externals-clasp/openmpi-1.6.5/opal/libltdl/config/missing --run makeinfo'
MANIFEST_TOOL=':'
MKDIR_P='config/install-sh -c -d'
NM='/usr/bin/nm'
NMEDIT='nmedit'
OBJDUMP='false'
OBJEXT='o'
OTOOL64=':'
OTOOL='otool'
PACKAGE='libltdl'
PACKAGE_BUGREPORT='bug-libtool@gnu.org'
PACKAGE_NAME='libltdl'
PACKAGE_STRING='libltdl 2.4.2'
PACKAGE_TARNAME='libltdl'
PACKAGE_URL=''
PACKAGE_VERSION='2.4.2'
PATH_SEPARATOR=':'
RANLIB='ranlib'
SED='/usr/bin/sed'
SET_MAKE=''
SHELL='/bin/sh'
STRIP='strip'
VERSION='2.4.2'
ac_ct_AR='ar'
ac_ct_CC='gcc'
ac_ct_DUMPBIN=''
am__EXEEXT_FALSE=''
am__EXEEXT_TRUE='#'
am__fastdepCC_FALSE='#'
am__fastdepCC_TRUE=''
am__include='include'
am__isrc=''
am__leading_dot='.'
am__quote=''
am__tar='${AMTAR} chof - "$$tardir"'
am__untar='${AMTAR} xf -'
bindir='${exec_prefix}/bin'
build='x86_64-apple-darwin13.2.0'
build_alias=''
build_cpu='x86_64'
build_os='darwin13.2.0'
build_vendor='apple'
datadir='${datarootdir}'
datarootdir='${prefix}/share'
docdir='${datarootdir}/doc/${PACKAGE_TARNAME}'
dvidir='${docdir}'
exec_prefix='${prefix}'
host='x86_64-apple-darwin13.2.0'
host_alias=''
host_cpu='x86_64'
host_os='darwin13.2.0'
host_vendor='apple'
htmldir='${docdir}'
includedir='${prefix}/include'
infodir='${datarootdir}/info'
install_sh='${SHELL} /Users/meister/Development/externals-clasp/openmpi-1.6.5/opal/libltdl/config/install-sh'
libdir='${exec_prefix}/lib'
libexecdir='${exec_prefix}/libexec'
localedir='${datarootdir}/locale'
localstatedir='${prefix}/var'
mandir='${datarootdir}/man'
mkdir_p='$(top_builddir)/config/install-sh -c -d'
oldincludedir='/usr/include'
pdfdir='${docdir}'
prefix='/Users/meister/local/externals-clasp/common'
program_transform_name='s,x,x,'
psdir='${docdir}'
sbindir='${exec_prefix}/sbin'
sharedstatedir='${prefix}/com'
sys_symbol_underscore='yes'
sysconfdir='${prefix}/etc'
target_alias=''

## ----------- ##
## confdefs.h. ##
## ----------- ##

/* confdefs.h */
#define PACKAGE_NAME "libltdl"
#define PACKAGE_TARNAME "libltdl"
#define PACKAGE_VERSION "2.4.2"
#define PACKAGE_STRING "libltdl 2.4.2"
#define PACKAGE_BUGREPORT "bug-libtool@gnu.org"
#define PACKAGE_URL ""
#define PACKAGE "libltdl"
#define VERSION "2.4.2"
#define STDC_HEADERS 1
#define HAVE_SYS_TYPES_H 1
#define HAVE_SYS_STAT_H 1
#define HAVE_STDLIB_H 1
#define HAVE_STRING_H 1
#define HAVE_MEMORY_H 1
#define HAVE_STRINGS_H 1
#define HAVE_INTTYPES_H 1
#define HAVE_STDINT_H 1
#define HAVE_UNISTD_H 1
#define HAVE_DLFCN_H 1
#define LT_OBJDIR ".libs/"
#define LT_MODULE_EXT ".so"
#define LT_SHARED_EXT ".dylib"
#define LT_MODULE_PATH_VAR "DYLD_LIBRARY_PATH"
#define LT_DLSEARCH_PATH "/usr/local/lib:/lib:/usr/lib"
#define HAVE_LIBDL 1
#define HAVE_DLERROR 1
#define HAVE_LIBDLLOADER 1
#define error_t int
#define __error_t_defined 1
#define HAVE_PRELOADED_SYMBOLS 1
#define HAVE_UNISTD_H 1
#define HAVE_MACH_O_DYLD_H 1
#define HAVE_DIRENT_H 1
#define HAVE_CLOSEDIR 1
#define HAVE_OPENDIR 1
#define HAVE_READDIR 1
#define HAVE_STRLCAT 1
#define HAVE_STRLCPY 1
#define LT_LIBEXT "a"
#define LT_LIBPREFIX "lib"

configure: exit 0
