/bin/sh ./libtool  --tag=CC   --mode=compile gcc -DHAVE_CONFIG_H   -I./include -I./include -I./libatomic_ops/src -I./libatomic_ops/src  -fexceptions -DUSE_MMAP -fno-strict-aliasing -MT allchblk.lo -MD -MP -MF .deps/allchblk.Tpo -c -o allchblk.lo allchblk.c
libtool: compile:  gcc -DHAVE_CONFIG_H -I./include -I./include -I./libatomic_ops/src -I./libatomic_ops/src -fexceptions -DUSE_MMAP -fno-strict-aliasing -MT allchblk.lo -MD -MP -MF .deps/allchblk.Tpo -c allchblk.c -o allchblk.o
mv -f .deps/allchblk.Tpo .deps/allchblk.Plo
/bin/sh ./libtool  --tag=CC   --mode=compile gcc -DHAVE_CONFIG_H   -I./include -I./include -I./libatomic_ops/src -I./libatomic_ops/src  -fexceptions -DUSE_MMAP -fno-strict-aliasing -MT alloc.lo -MD -MP -MF .deps/alloc.Tpo -c -o alloc.lo alloc.c
libtool: compile:  gcc -DHAVE_CONFIG_H -I./include -I./include -I./libatomic_ops/src -I./libatomic_ops/src -fexceptions -DUSE_MMAP -fno-strict-aliasing -MT alloc.lo -MD -MP -MF .deps/alloc.Tpo -c alloc.c -o alloc.o
mv -f .deps/alloc.Tpo .deps/alloc.Plo
/bin/sh ./libtool  --tag=CC   --mode=compile gcc -DHAVE_CONFIG_H   -I./include -I./include -I./libatomic_ops/src -I./libatomic_ops/src  -fexceptions -DUSE_MMAP -fno-strict-aliasing -MT blacklst.lo -MD -MP -MF .deps/blacklst.Tpo -c -o blacklst.lo blacklst.c
libtool: compile:  gcc -DHAVE_CONFIG_H -I./include -I./include -I./libatomic_ops/src -I./libatomic_ops/src -fexceptions -DUSE_MMAP -fno-strict-aliasing -MT blacklst.lo -MD -MP -MF .deps/blacklst.Tpo -c blacklst.c -o blacklst.o
mv -f .deps/blacklst.Tpo .deps/blacklst.Plo
/bin/sh ./libtool  --tag=CC   --mode=compile gcc -DHAVE_CONFIG_H   -I./include -I./include -I./libatomic_ops/src -I./libatomic_ops/src  -fexceptions -DUSE_MMAP -fno-strict-aliasing -MT checksums.lo -MD -MP -MF .deps/checksums.Tpo -c -o checksums.lo checksums.c
libtool: compile:  gcc -DHAVE_CONFIG_H -I./include -I./include -I./libatomic_ops/src -I./libatomic_ops/src -fexceptions -DUSE_MMAP -fno-strict-aliasing -MT checksums.lo -MD -MP -MF .deps/checksums.Tpo -c checksums.c -o checksums.o
mv -f .deps/checksums.Tpo .deps/checksums.Plo
/bin/sh ./libtool  --tag=CC   --mode=compile gcc -DHAVE_CONFIG_H   -I./include -I./include -I./libatomic_ops/src -I./libatomic_ops/src  -fexceptions -DUSE_MMAP -fno-strict-aliasing -MT dbg_mlc.lo -MD -MP -MF .deps/dbg_mlc.Tpo -c -o dbg_mlc.lo dbg_mlc.c
libtool: compile:  gcc -DHAVE_CONFIG_H -I./include -I./include -I./libatomic_ops/src -I./libatomic_ops/src -fexceptions -DUSE_MMAP -fno-strict-aliasing -MT dbg_mlc.lo -MD -MP -MF .deps/dbg_mlc.Tpo -c dbg_mlc.c -o dbg_mlc.o
mv -f .deps/dbg_mlc.Tpo .deps/dbg_mlc.Plo
/bin/sh ./libtool  --tag=CC   --mode=compile gcc -DHAVE_CONFIG_H   -I./include -I./include -I./libatomic_ops/src -I./libatomic_ops/src  -fexceptions -DUSE_MMAP -fno-strict-aliasing -MT dyn_load.lo -MD -MP -MF .deps/dyn_load.Tpo -c -o dyn_load.lo dyn_load.c
libtool: compile:  gcc -DHAVE_CONFIG_H -I./include -I./include -I./libatomic_ops/src -I./libatomic_ops/src -fexceptions -DUSE_MMAP -fno-strict-aliasing -MT dyn_load.lo -MD -MP -MF .deps/dyn_load.Tpo -c dyn_load.c -o dyn_load.o
mv -f .deps/dyn_load.Tpo .deps/dyn_load.Plo
/bin/sh ./libtool  --tag=CC   --mode=compile gcc -DHAVE_CONFIG_H   -I./include -I./include -I./libatomic_ops/src -I./libatomic_ops/src  -fexceptions -DUSE_MMAP -fno-strict-aliasing -MT finalize.lo -MD -MP -MF .deps/finalize.Tpo -c -o finalize.lo finalize.c
libtool: compile:  gcc -DHAVE_CONFIG_H -I./include -I./include -I./libatomic_ops/src -I./libatomic_ops/src -fexceptions -DUSE_MMAP -fno-strict-aliasing -MT finalize.lo -MD -MP -MF .deps/finalize.Tpo -c finalize.c -o finalize.o
mv -f .deps/finalize.Tpo .deps/finalize.Plo
/bin/sh ./libtool  --tag=CC   --mode=compile gcc -DHAVE_CONFIG_H   -I./include -I./include -I./libatomic_ops/src -I./libatomic_ops/src  -fexceptions -DUSE_MMAP -fno-strict-aliasing -MT gc_dlopen.lo -MD -MP -MF .deps/gc_dlopen.Tpo -c -o gc_dlopen.lo gc_dlopen.c
libtool: compile:  gcc -DHAVE_CONFIG_H -I./include -I./include -I./libatomic_ops/src -I./libatomic_ops/src -fexceptions -DUSE_MMAP -fno-strict-aliasing -MT gc_dlopen.lo -MD -MP -MF .deps/gc_dlopen.Tpo -c gc_dlopen.c -o gc_dlopen.o
mv -f .deps/gc_dlopen.Tpo .deps/gc_dlopen.Plo
/bin/sh ./libtool  --tag=CC   --mode=compile gcc -DHAVE_CONFIG_H   -I./include -I./include -I./libatomic_ops/src -I./libatomic_ops/src  -fexceptions -DUSE_MMAP -fno-strict-aliasing -MT gcj_mlc.lo -MD -MP -MF .deps/gcj_mlc.Tpo -c -o gcj_mlc.lo gcj_mlc.c
libtool: compile:  gcc -DHAVE_CONFIG_H -I./include -I./include -I./libatomic_ops/src -I./libatomic_ops/src -fexceptions -DUSE_MMAP -fno-strict-aliasing -MT gcj_mlc.lo -MD -MP -MF .deps/gcj_mlc.Tpo -c gcj_mlc.c -o gcj_mlc.o
mv -f .deps/gcj_mlc.Tpo .deps/gcj_mlc.Plo
/bin/sh ./libtool  --tag=CC   --mode=compile gcc -DHAVE_CONFIG_H   -I./include -I./include -I./libatomic_ops/src -I./libatomic_ops/src  -fexceptions -DUSE_MMAP -fno-strict-aliasing -MT headers.lo -MD -MP -MF .deps/headers.Tpo -c -o headers.lo headers.c
libtool: compile:  gcc -DHAVE_CONFIG_H -I./include -I./include -I./libatomic_ops/src -I./libatomic_ops/src -fexceptions -DUSE_MMAP -fno-strict-aliasing -MT headers.lo -MD -MP -MF .deps/headers.Tpo -c headers.c -o headers.o
mv -f .deps/headers.Tpo .deps/headers.Plo
/bin/sh ./libtool  --tag=CC   --mode=compile gcc -DHAVE_CONFIG_H   -I./include -I./include -I./libatomic_ops/src -I./libatomic_ops/src  -fexceptions -DUSE_MMAP -fno-strict-aliasing -MT malloc.lo -MD -MP -MF .deps/malloc.Tpo -c -o malloc.lo malloc.c
libtool: compile:  gcc -DHAVE_CONFIG_H -I./include -I./include -I./libatomic_ops/src -I./libatomic_ops/src -fexceptions -DUSE_MMAP -fno-strict-aliasing -MT malloc.lo -MD -MP -MF .deps/malloc.Tpo -c malloc.c -o malloc.o
mv -f .deps/malloc.Tpo .deps/malloc.Plo
/bin/sh ./libtool  --tag=CC   --mode=compile gcc -DHAVE_CONFIG_H   -I./include -I./include -I./libatomic_ops/src -I./libatomic_ops/src  -fexceptions -DUSE_MMAP -fno-strict-aliasing -MT mallocx.lo -MD -MP -MF .deps/mallocx.Tpo -c -o mallocx.lo mallocx.c
libtool: compile:  gcc -DHAVE_CONFIG_H -I./include -I./include -I./libatomic_ops/src -I./libatomic_ops/src -fexceptions -DUSE_MMAP -fno-strict-aliasing -MT mallocx.lo -MD -MP -MF .deps/mallocx.Tpo -c mallocx.c -o mallocx.o
mv -f .deps/mallocx.Tpo .deps/mallocx.Plo
/bin/sh ./libtool  --tag=CC   --mode=compile gcc -DHAVE_CONFIG_H   -I./include -I./include -I./libatomic_ops/src -I./libatomic_ops/src  -fexceptions -DUSE_MMAP -fno-strict-aliasing -MT mark.lo -MD -MP -MF .deps/mark.Tpo -c -o mark.lo mark.c
libtool: compile:  gcc -DHAVE_CONFIG_H -I./include -I./include -I./libatomic_ops/src -I./libatomic_ops/src -fexceptions -DUSE_MMAP -fno-strict-aliasing -MT mark.lo -MD -MP -MF .deps/mark.Tpo -c mark.c -o mark.o
mv -f .deps/mark.Tpo .deps/mark.Plo
/bin/sh ./libtool  --tag=CC   --mode=compile gcc -DHAVE_CONFIG_H   -I./include -I./include -I./libatomic_ops/src -I./libatomic_ops/src  -fexceptions -DUSE_MMAP -fno-strict-aliasing -MT mark_rts.lo -MD -MP -MF .deps/mark_rts.Tpo -c -o mark_rts.lo mark_rts.c
libtool: compile:  gcc -DHAVE_CONFIG_H -I./include -I./include -I./libatomic_ops/src -I./libatomic_ops/src -fexceptions -DUSE_MMAP -fno-strict-aliasing -MT mark_rts.lo -MD -MP -MF .deps/mark_rts.Tpo -c mark_rts.c -o mark_rts.o
mv -f .deps/mark_rts.Tpo .deps/mark_rts.Plo
/bin/sh ./libtool  --tag=CC   --mode=compile gcc -DHAVE_CONFIG_H   -I./include -I./include -I./libatomic_ops/src -I./libatomic_ops/src  -fexceptions -DUSE_MMAP -fno-strict-aliasing -MT misc.lo -MD -MP -MF .deps/misc.Tpo -c -o misc.lo misc.c
libtool: compile:  gcc -DHAVE_CONFIG_H -I./include -I./include -I./libatomic_ops/src -I./libatomic_ops/src -fexceptions -DUSE_MMAP -fno-strict-aliasing -MT misc.lo -MD -MP -MF .deps/misc.Tpo -c misc.c -o misc.o
mv -f .deps/misc.Tpo .deps/misc.Plo
/bin/sh ./libtool  --tag=CC   --mode=compile gcc -DHAVE_CONFIG_H   -I./include -I./include -I./libatomic_ops/src -I./libatomic_ops/src  -fexceptions -DUSE_MMAP -fno-strict-aliasing -MT new_hblk.lo -MD -MP -MF .deps/new_hblk.Tpo -c -o new_hblk.lo new_hblk.c
libtool: compile:  gcc -DHAVE_CONFIG_H -I./include -I./include -I./libatomic_ops/src -I./libatomic_ops/src -fexceptions -DUSE_MMAP -fno-strict-aliasing -MT new_hblk.lo -MD -MP -MF .deps/new_hblk.Tpo -c new_hblk.c -o new_hblk.o
mv -f .deps/new_hblk.Tpo .deps/new_hblk.Plo
/bin/sh ./libtool  --tag=CC   --mode=compile gcc -DHAVE_CONFIG_H   -I./include -I./include -I./libatomic_ops/src -I./libatomic_ops/src  -fexceptions -DUSE_MMAP -fno-strict-aliasing -MT obj_map.lo -MD -MP -MF .deps/obj_map.Tpo -c -o obj_map.lo obj_map.c
libtool: compile:  gcc -DHAVE_CONFIG_H -I./include -I./include -I./libatomic_ops/src -I./libatomic_ops/src -fexceptions -DUSE_MMAP -fno-strict-aliasing -MT obj_map.lo -MD -MP -MF .deps/obj_map.Tpo -c obj_map.c -o obj_map.o
mv -f .deps/obj_map.Tpo .deps/obj_map.Plo
/bin/sh ./libtool  --tag=CC   --mode=compile gcc -DHAVE_CONFIG_H   -I./include -I./include -I./libatomic_ops/src -I./libatomic_ops/src  -fexceptions -DUSE_MMAP -fno-strict-aliasing -MT os_dep.lo -MD -MP -MF .deps/os_dep.Tpo -c -o os_dep.lo os_dep.c
libtool: compile:  gcc -DHAVE_CONFIG_H -I./include -I./include -I./libatomic_ops/src -I./libatomic_ops/src -fexceptions -DUSE_MMAP -fno-strict-aliasing -MT os_dep.lo -MD -MP -MF .deps/os_dep.Tpo -c os_dep.c -o os_dep.o
mv -f .deps/os_dep.Tpo .deps/os_dep.Plo
/bin/sh ./libtool  --tag=CC   --mode=compile gcc -DHAVE_CONFIG_H   -I./include -I./include -I./libatomic_ops/src -I./libatomic_ops/src  -fexceptions -DUSE_MMAP -fno-strict-aliasing -MT pcr_interface.lo -MD -MP -MF .deps/pcr_interface.Tpo -c -o pcr_interface.lo pcr_interface.c
libtool: compile:  gcc -DHAVE_CONFIG_H -I./include -I./include -I./libatomic_ops/src -I./libatomic_ops/src -fexceptions -DUSE_MMAP -fno-strict-aliasing -MT pcr_interface.lo -MD -MP -MF .deps/pcr_interface.Tpo -c pcr_interface.c -o pcr_interface.o
mv -f .deps/pcr_interface.Tpo .deps/pcr_interface.Plo
/bin/sh ./libtool  --tag=CC   --mode=compile gcc -DHAVE_CONFIG_H   -I./include -I./include -I./libatomic_ops/src -I./libatomic_ops/src  -fexceptions -DUSE_MMAP -fno-strict-aliasing -MT ptr_chck.lo -MD -MP -MF .deps/ptr_chck.Tpo -c -o ptr_chck.lo ptr_chck.c
libtool: compile:  gcc -DHAVE_CONFIG_H -I./include -I./include -I./libatomic_ops/src -I./libatomic_ops/src -fexceptions -DUSE_MMAP -fno-strict-aliasing -MT ptr_chck.lo -MD -MP -MF .deps/ptr_chck.Tpo -c ptr_chck.c -o ptr_chck.o
mv -f .deps/ptr_chck.Tpo .deps/ptr_chck.Plo
/bin/sh ./libtool  --tag=CC   --mode=compile gcc -DHAVE_CONFIG_H   -I./include -I./include -I./libatomic_ops/src -I./libatomic_ops/src  -fexceptions -DUSE_MMAP -fno-strict-aliasing -MT real_malloc.lo -MD -MP -MF .deps/real_malloc.Tpo -c -o real_malloc.lo real_malloc.c
libtool: compile:  gcc -DHAVE_CONFIG_H -I./include -I./include -I./libatomic_ops/src -I./libatomic_ops/src -fexceptions -DUSE_MMAP -fno-strict-aliasing -MT real_malloc.lo -MD -MP -MF .deps/real_malloc.Tpo -c real_malloc.c -o real_malloc.o
mv -f .deps/real_malloc.Tpo .deps/real_malloc.Plo
/bin/sh ./libtool  --tag=CC   --mode=compile gcc -DHAVE_CONFIG_H   -I./include -I./include -I./libatomic_ops/src -I./libatomic_ops/src  -fexceptions -DUSE_MMAP -fno-strict-aliasing -MT reclaim.lo -MD -MP -MF .deps/reclaim.Tpo -c -o reclaim.lo reclaim.c
libtool: compile:  gcc -DHAVE_CONFIG_H -I./include -I./include -I./libatomic_ops/src -I./libatomic_ops/src -fexceptions -DUSE_MMAP -fno-strict-aliasing -MT reclaim.lo -MD -MP -MF .deps/reclaim.Tpo -c reclaim.c -o reclaim.o
mv -f .deps/reclaim.Tpo .deps/reclaim.Plo
/bin/sh ./libtool  --tag=CC   --mode=compile gcc -DHAVE_CONFIG_H   -I./include -I./include -I./libatomic_ops/src -I./libatomic_ops/src  -fexceptions -DUSE_MMAP -fno-strict-aliasing -MT specific.lo -MD -MP -MF .deps/specific.Tpo -c -o specific.lo specific.c
libtool: compile:  gcc -DHAVE_CONFIG_H -I./include -I./include -I./libatomic_ops/src -I./libatomic_ops/src -fexceptions -DUSE_MMAP -fno-strict-aliasing -MT specific.lo -MD -MP -MF .deps/specific.Tpo -c specific.c -o specific.o
mv -f .deps/specific.Tpo .deps/specific.Plo
/bin/sh ./libtool  --tag=CC   --mode=compile gcc -DHAVE_CONFIG_H   -I./include -I./include -I./libatomic_ops/src -I./libatomic_ops/src  -fexceptions -DUSE_MMAP -fno-strict-aliasing -MT stubborn.lo -MD -MP -MF .deps/stubborn.Tpo -c -o stubborn.lo stubborn.c
libtool: compile:  gcc -DHAVE_CONFIG_H -I./include -I./include -I./libatomic_ops/src -I./libatomic_ops/src -fexceptions -DUSE_MMAP -fno-strict-aliasing -MT stubborn.lo -MD -MP -MF .deps/stubborn.Tpo -c stubborn.c -o stubborn.o
mv -f .deps/stubborn.Tpo .deps/stubborn.Plo
/bin/sh ./libtool  --tag=CC   --mode=compile gcc -DHAVE_CONFIG_H   -I./include -I./include -I./libatomic_ops/src -I./libatomic_ops/src  -fexceptions -DUSE_MMAP -fno-strict-aliasing -MT typd_mlc.lo -MD -MP -MF .deps/typd_mlc.Tpo -c -o typd_mlc.lo typd_mlc.c
libtool: compile:  gcc -DHAVE_CONFIG_H -I./include -I./include -I./libatomic_ops/src -I./libatomic_ops/src -fexceptions -DUSE_MMAP -fno-strict-aliasing -MT typd_mlc.lo -MD -MP -MF .deps/typd_mlc.Tpo -c typd_mlc.c -o typd_mlc.o
mv -f .deps/typd_mlc.Tpo .deps/typd_mlc.Plo
/bin/sh ./libtool  --tag=CC   --mode=compile gcc -DHAVE_CONFIG_H   -I./include -I./include -I./libatomic_ops/src -I./libatomic_ops/src  -fexceptions -DUSE_MMAP -fno-strict-aliasing -MT backgraph.lo -MD -MP -MF .deps/backgraph.Tpo -c -o backgraph.lo backgraph.c
libtool: compile:  gcc -DHAVE_CONFIG_H -I./include -I./include -I./libatomic_ops/src -I./libatomic_ops/src -fexceptions -DUSE_MMAP -fno-strict-aliasing -MT backgraph.lo -MD -MP -MF .deps/backgraph.Tpo -c backgraph.c -o backgraph.o
mv -f .deps/backgraph.Tpo .deps/backgraph.Plo
/bin/sh ./libtool  --tag=CC   --mode=compile gcc -DHAVE_CONFIG_H   -I./include -I./include -I./libatomic_ops/src -I./libatomic_ops/src  -fexceptions -DUSE_MMAP -fno-strict-aliasing -MT thread_local_alloc.lo -MD -MP -MF .deps/thread_local_alloc.Tpo -c -o thread_local_alloc.lo thread_local_alloc.c
libtool: compile:  gcc -DHAVE_CONFIG_H -I./include -I./include -I./libatomic_ops/src -I./libatomic_ops/src -fexceptions -DUSE_MMAP -fno-strict-aliasing -MT thread_local_alloc.lo -MD -MP -MF .deps/thread_local_alloc.Tpo -c thread_local_alloc.c -o thread_local_alloc.o
mv -f .deps/thread_local_alloc.Tpo .deps/thread_local_alloc.Plo
/bin/sh ./libtool  --tag=CC   --mode=compile gcc -DHAVE_CONFIG_H   -I./include -I./include -I./libatomic_ops/src -I./libatomic_ops/src  -fexceptions -DUSE_MMAP -fno-strict-aliasing -MT pthread_start.lo -MD -MP -MF .deps/pthread_start.Tpo -c -o pthread_start.lo pthread_start.c
libtool: compile:  gcc -DHAVE_CONFIG_H -I./include -I./include -I./libatomic_ops/src -I./libatomic_ops/src -fexceptions -DUSE_MMAP -fno-strict-aliasing -MT pthread_start.lo -MD -MP -MF .deps/pthread_start.Tpo -c pthread_start.c -o pthread_start.o
mv -f .deps/pthread_start.Tpo .deps/pthread_start.Plo
/bin/sh ./libtool  --tag=CC   --mode=compile gcc -DHAVE_CONFIG_H   -I./include -I./include -I./libatomic_ops/src -I./libatomic_ops/src  -fexceptions -DUSE_MMAP -fno-strict-aliasing -MT pthread_support.lo -MD -MP -MF .deps/pthread_support.Tpo -c -o pthread_support.lo pthread_support.c
libtool: compile:  gcc -DHAVE_CONFIG_H -I./include -I./include -I./libatomic_ops/src -I./libatomic_ops/src -fexceptions -DUSE_MMAP -fno-strict-aliasing -MT pthread_support.lo -MD -MP -MF .deps/pthread_support.Tpo -c pthread_support.c -o pthread_support.o
mv -f .deps/pthread_support.Tpo .deps/pthread_support.Plo
/bin/sh ./libtool  --tag=CC   --mode=compile gcc -DHAVE_CONFIG_H   -I./include -I./include -I./libatomic_ops/src -I./libatomic_ops/src  -fexceptions -DUSE_MMAP -fno-strict-aliasing -MT pthread_stop_world.lo -MD -MP -MF .deps/pthread_stop_world.Tpo -c -o pthread_stop_world.lo pthread_stop_world.c
libtool: compile:  gcc -DHAVE_CONFIG_H -I./include -I./include -I./libatomic_ops/src -I./libatomic_ops/src -fexceptions -DUSE_MMAP -fno-strict-aliasing -MT pthread_stop_world.lo -MD -MP -MF .deps/pthread_stop_world.Tpo -c pthread_stop_world.c -o pthread_stop_world.o
mv -f .deps/pthread_stop_world.Tpo .deps/pthread_stop_world.Plo
/bin/sh ./libtool  --tag=CC   --mode=compile gcc -DHAVE_CONFIG_H   -I./include -I./include -I./libatomic_ops/src -I./libatomic_ops/src  -fexceptions -DUSE_MMAP -fno-strict-aliasing -MT darwin_stop_world.lo -MD -MP -MF .deps/darwin_stop_world.Tpo -c -o darwin_stop_world.lo darwin_stop_world.c
libtool: compile:  gcc -DHAVE_CONFIG_H -I./include -I./include -I./libatomic_ops/src -I./libatomic_ops/src -fexceptions -DUSE_MMAP -fno-strict-aliasing -MT darwin_stop_world.lo -MD -MP -MF .deps/darwin_stop_world.Tpo -c darwin_stop_world.c -o darwin_stop_world.o
mv -f .deps/darwin_stop_world.Tpo .deps/darwin_stop_world.Plo
/bin/sh ./libtool  --tag=CC   --mode=compile gcc -DHAVE_CONFIG_H   -I./include -I./include -I./libatomic_ops/src -I./libatomic_ops/src  -fexceptions -DUSE_MMAP -fno-strict-aliasing -MT atomic_ops.lo -MD -MP -MF .deps/atomic_ops.Tpo -c -o atomic_ops.lo `test -f 'libatomic_ops/src/atomic_ops.c' || echo './'`libatomic_ops/src/atomic_ops.c
libtool: compile:  gcc -DHAVE_CONFIG_H -I./include -I./include -I./libatomic_ops/src -I./libatomic_ops/src -fexceptions -DUSE_MMAP -fno-strict-aliasing -MT atomic_ops.lo -MD -MP -MF .deps/atomic_ops.Tpo -c libatomic_ops/src/atomic_ops.c -o atomic_ops.o
mv -f .deps/atomic_ops.Tpo .deps/atomic_ops.Plo
/bin/sh ./libtool  --tag=CC   --mode=compile gcc -DHAVE_CONFIG_H   -I./include -I./include -I./libatomic_ops/src -I./libatomic_ops/src  -fexceptions -DUSE_MMAP -fno-strict-aliasing -MT mach_dep.lo -MD -MP -MF .deps/mach_dep.Tpo -c -o mach_dep.lo mach_dep.c
libtool: compile:  gcc -DHAVE_CONFIG_H -I./include -I./include -I./libatomic_ops/src -I./libatomic_ops/src -fexceptions -DUSE_MMAP -fno-strict-aliasing -MT mach_dep.lo -MD -MP -MF .deps/mach_dep.Tpo -c mach_dep.c -o mach_dep.o
mv -f .deps/mach_dep.Tpo .deps/mach_dep.Plo
/bin/sh ./libtool  --tag=CC   --mode=link gcc -fexceptions -DUSE_MMAP -fno-strict-aliasing -Wl,-single_module -version-info 1:3:0 -no-undefined  -o libgc.la -rpath /Users/meister/local/dependent-clasp/externals/common/lib allchblk.lo alloc.lo blacklst.lo checksums.lo dbg_mlc.lo dyn_load.lo finalize.lo gc_dlopen.lo gcj_mlc.lo headers.lo malloc.lo mallocx.lo mark.lo mark_rts.lo misc.lo new_hblk.lo obj_map.lo os_dep.lo pcr_interface.lo ptr_chck.lo real_malloc.lo reclaim.lo specific.lo stubborn.lo typd_mlc.lo backgraph.lo thread_local_alloc.lo pthread_start.lo pthread_support.lo pthread_stop_world.lo darwin_stop_world.lo  atomic_ops.lo mach_dep.lo -lpthread   
libtool: link: ar cru .libs/libgc.a  allchblk.o alloc.o blacklst.o checksums.o dbg_mlc.o dyn_load.o finalize.o gc_dlopen.o gcj_mlc.o headers.o malloc.o mallocx.o mark.o mark_rts.o misc.o new_hblk.o obj_map.o os_dep.o pcr_interface.o ptr_chck.o real_malloc.o reclaim.o specific.o stubborn.o typd_mlc.o backgraph.o thread_local_alloc.o pthread_start.o pthread_support.o pthread_stop_world.o darwin_stop_world.o atomic_ops.o mach_dep.o
libtool: link: ranlib .libs/libgc.a
libtool: link: ( cd ".libs" && rm -f "libgc.la" && ln -s "../libgc.la" "libgc.la" )
/bin/sh ./libtool  --tag=CXX   --mode=compile g++ -DHAVE_CONFIG_H   -I./include -I./include -I./libatomic_ops/src -I./libatomic_ops/src  -fexceptions -g -O2 -MT gc_cpp.lo -MD -MP -MF .deps/gc_cpp.Tpo -c -o gc_cpp.lo gc_cpp.cc
libtool: compile:  g++ -DHAVE_CONFIG_H -I./include -I./include -I./libatomic_ops/src -I./libatomic_ops/src -fexceptions -g -O2 -MT gc_cpp.lo -MD -MP -MF .deps/gc_cpp.Tpo -c gc_cpp.cc -o gc_cpp.o
mv -f .deps/gc_cpp.Tpo .deps/gc_cpp.Plo
/bin/sh ./libtool  --tag=CXX   --mode=link g++ -fexceptions -g -O2 -version-info 1:3:0 -no-undefined  -o libgccpp.la -rpath /Users/meister/local/dependent-clasp/externals/common/lib gc_cpp.lo ./libgc.la 
libtool: link: ar cru .libs/libgccpp.a  gc_cpp.o
libtool: link: ranlib .libs/libgccpp.a
libtool: link: ( cd ".libs" && rm -f "libgccpp.la" && ln -s "../libgccpp.la" "libgccpp.la" )
/bin/sh ./libtool  --tag=CC   --mode=compile gcc -DHAVE_CONFIG_H   -I./include -I./include -I./libatomic_ops/src -I./libatomic_ops/src  -fexceptions -DUSE_MMAP -fno-strict-aliasing -MT cordbscs.lo -MD -MP -MF .deps/cordbscs.Tpo -c -o cordbscs.lo `test -f 'cord/cordbscs.c' || echo './'`cord/cordbscs.c
libtool: compile:  gcc -DHAVE_CONFIG_H -I./include -I./include -I./libatomic_ops/src -I./libatomic_ops/src -fexceptions -DUSE_MMAP -fno-strict-aliasing -MT cordbscs.lo -MD -MP -MF .deps/cordbscs.Tpo -c cord/cordbscs.c -o cordbscs.o
mv -f .deps/cordbscs.Tpo .deps/cordbscs.Plo
/bin/sh ./libtool  --tag=CC   --mode=compile gcc -DHAVE_CONFIG_H   -I./include -I./include -I./libatomic_ops/src -I./libatomic_ops/src  -fexceptions -DUSE_MMAP -fno-strict-aliasing -MT cordprnt.lo -MD -MP -MF .deps/cordprnt.Tpo -c -o cordprnt.lo `test -f 'cord/cordprnt.c' || echo './'`cord/cordprnt.c
libtool: compile:  gcc -DHAVE_CONFIG_H -I./include -I./include -I./libatomic_ops/src -I./libatomic_ops/src -fexceptions -DUSE_MMAP -fno-strict-aliasing -MT cordprnt.lo -MD -MP -MF .deps/cordprnt.Tpo -c cord/cordprnt.c -o cordprnt.o
mv -f .deps/cordprnt.Tpo .deps/cordprnt.Plo
/bin/sh ./libtool  --tag=CC   --mode=compile gcc -DHAVE_CONFIG_H   -I./include -I./include -I./libatomic_ops/src -I./libatomic_ops/src  -fexceptions -DUSE_MMAP -fno-strict-aliasing -MT cordtest.lo -MD -MP -MF .deps/cordtest.Tpo -c -o cordtest.lo `test -f 'cord/cordtest.c' || echo './'`cord/cordtest.c
libtool: compile:  gcc -DHAVE_CONFIG_H -I./include -I./include -I./libatomic_ops/src -I./libatomic_ops/src -fexceptions -DUSE_MMAP -fno-strict-aliasing -MT cordtest.lo -MD -MP -MF .deps/cordtest.Tpo -c cord/cordtest.c -o cordtest.o
mv -f .deps/cordtest.Tpo .deps/cordtest.Plo
/bin/sh ./libtool  --tag=CC   --mode=compile gcc -DHAVE_CONFIG_H   -I./include -I./include -I./libatomic_ops/src -I./libatomic_ops/src  -fexceptions -DUSE_MMAP -fno-strict-aliasing -MT cordxtra.lo -MD -MP -MF .deps/cordxtra.Tpo -c -o cordxtra.lo `test -f 'cord/cordxtra.c' || echo './'`cord/cordxtra.c
libtool: compile:  gcc -DHAVE_CONFIG_H -I./include -I./include -I./libatomic_ops/src -I./libatomic_ops/src -fexceptions -DUSE_MMAP -fno-strict-aliasing -MT cordxtra.lo -MD -MP -MF .deps/cordxtra.Tpo -c cord/cordxtra.c -o cordxtra.o
mv -f .deps/cordxtra.Tpo .deps/cordxtra.Plo
/bin/sh ./libtool  --tag=CC   --mode=link gcc -fexceptions -DUSE_MMAP -fno-strict-aliasing -version-info 1:3:0 -no-undefined  -o libcord.la -rpath /Users/meister/local/dependent-clasp/externals/common/lib cordbscs.lo cordprnt.lo cordtest.lo cordxtra.lo ./libgc.la 
libtool: link: ar cru .libs/libcord.a  cordbscs.o cordprnt.o cordtest.o cordxtra.o
libtool: link: ranlib .libs/libcord.a
libtool: link: ( cd ".libs" && rm -f "libcord.la" && ln -s "../libcord.la" "libcord.la" )
