 ./install-sh -c -d '/Users/meister/Development/cando/clasp/build/cando.app/Contents/Resources/externals/common/lib'
 /bin/sh ./libtool   --mode=install /usr/bin/install -c   libgc.la libgccpp.la libcord.la '/Users/meister/Development/cando/clasp/build/cando.app/Contents/Resources/externals/common/lib'
libtool: install: /usr/bin/install -c .libs/libgc.1.dylib /Users/meister/Development/cando/clasp/build/cando.app/Contents/Resources/externals/common/lib/libgc.1.dylib
libtool: install: (cd /Users/meister/Development/cando/clasp/build/cando.app/Contents/Resources/externals/common/lib && { ln -s -f libgc.1.dylib libgc.dylib || { rm -f libgc.dylib && ln -s libgc.1.dylib libgc.dylib; }; })
libtool: install: /usr/bin/install -c .libs/libgc.lai /Users/meister/Development/cando/clasp/build/cando.app/Contents/Resources/externals/common/lib/libgc.la
libtool: install: /usr/bin/install -c .libs/libgccpp.1.dylib /Users/meister/Development/cando/clasp/build/cando.app/Contents/Resources/externals/common/lib/libgccpp.1.dylib
libtool: install: (cd /Users/meister/Development/cando/clasp/build/cando.app/Contents/Resources/externals/common/lib && { ln -s -f libgccpp.1.dylib libgccpp.dylib || { rm -f libgccpp.dylib && ln -s libgccpp.1.dylib libgccpp.dylib; }; })
libtool: install: /usr/bin/install -c .libs/libgccpp.lai /Users/meister/Development/cando/clasp/build/cando.app/Contents/Resources/externals/common/lib/libgccpp.la
libtool: install: /usr/bin/install -c .libs/libcord.1.dylib /Users/meister/Development/cando/clasp/build/cando.app/Contents/Resources/externals/common/lib/libcord.1.dylib
libtool: install: (cd /Users/meister/Development/cando/clasp/build/cando.app/Contents/Resources/externals/common/lib && { ln -s -f libcord.1.dylib libcord.dylib || { rm -f libcord.dylib && ln -s libcord.1.dylib libcord.dylib; }; })
libtool: install: /usr/bin/install -c .libs/libcord.lai /Users/meister/Development/cando/clasp/build/cando.app/Contents/Resources/externals/common/lib/libcord.la
libtool: install: /usr/bin/install -c .libs/libgc.a /Users/meister/Development/cando/clasp/build/cando.app/Contents/Resources/externals/common/lib/libgc.a
libtool: install: chmod 644 /Users/meister/Development/cando/clasp/build/cando.app/Contents/Resources/externals/common/lib/libgc.a
libtool: install: ranlib /Users/meister/Development/cando/clasp/build/cando.app/Contents/Resources/externals/common/lib/libgc.a
libtool: install: /usr/bin/install -c .libs/libgccpp.a /Users/meister/Development/cando/clasp/build/cando.app/Contents/Resources/externals/common/lib/libgccpp.a
libtool: install: chmod 644 /Users/meister/Development/cando/clasp/build/cando.app/Contents/Resources/externals/common/lib/libgccpp.a
libtool: install: ranlib /Users/meister/Development/cando/clasp/build/cando.app/Contents/Resources/externals/common/lib/libgccpp.a
libtool: install: /usr/bin/install -c .libs/libcord.a /Users/meister/Development/cando/clasp/build/cando.app/Contents/Resources/externals/common/lib/libcord.a
libtool: install: chmod 644 /Users/meister/Development/cando/clasp/build/cando.app/Contents/Resources/externals/common/lib/libcord.a
libtool: install: ranlib /Users/meister/Development/cando/clasp/build/cando.app/Contents/Resources/externals/common/lib/libcord.a
 ./install-sh -c -d '/Users/meister/Development/cando/clasp/build/cando.app/Contents/Resources/externals/common/share/gc'
 /usr/bin/install -c -m 644 doc/barrett_diagram doc/debugging.html doc/gc.man doc/gcdescr.html doc/README doc/README.amiga doc/README.arm.cross doc/README.autoconf doc/README.changes doc/README.cmake doc/README.contributors doc/README.cords doc/README.DGUX386 doc/README.dj doc/README.environment doc/README.ews4800 doc/README.hp doc/README.linux doc/README.Mac doc/README.MacOSX doc/README.macros doc/README.OS2 doc/README.rs6000 doc/README.sgi doc/README.solaris2 doc/README.uts doc/README.win32 doc/README.win64 doc/overview.html doc/tree.html doc/leak.html doc/gcinterface.html doc/scale.html doc/README.darwin doc/simple_example.html doc/porting.html '/Users/meister/Development/cando/clasp/build/cando.app/Contents/Resources/externals/common/share/gc'
 ./install-sh -c -d '/Users/meister/Development/cando/clasp/build/cando.app/Contents/Resources/externals/common/include'
 /usr/bin/install -c -m 644 include/extra/gc_cpp.h include/extra/gc.h '/Users/meister/Development/cando/clasp/build/cando.app/Contents/Resources/externals/common/include'
 ./install-sh -c -d '/Users/meister/Development/cando/clasp/build/cando.app/Contents/Resources/externals/common/lib/pkgconfig'
 /usr/bin/install -c -m 644 bdw-gc.pc '/Users/meister/Development/cando/clasp/build/cando.app/Contents/Resources/externals/common/lib/pkgconfig'
 ./install-sh -c -d '/Users/meister/Development/cando/clasp/build/cando.app/Contents/Resources/externals/common/include/gc'
 /usr/bin/install -c -m 644 include/gc_cpp.h include/gc.h include/gc_typed.h include/gc_inline.h include/gc_mark.h include/weakpointer.h include/new_gc_alloc.h include/gc_allocator.h include/gc_backptr.h include/gc_gcj.h include/leak_detector.h include/gc_amiga_redirects.h include/gc_pthread_redirects.h include/gc_config_macros.h include/gc_tiny_fl.h include/gc_version.h include/cord.h '/Users/meister/Development/cando/clasp/build/cando.app/Contents/Resources/externals/common/include/gc'
