This file contains any messages produced by compilers while
running configure, to aid debugging if configure makes a mistake.

It was created by gc configure 7.2, which was
generated by GNU Autoconf 2.69.  Invocation command line was

  $ ./configure --enable-handle-fork --enable-cplusplus --prefix=/Users/meister/Development/cando/clasp/build/cando.app/Contents/Resources/externals/common

## --------- ##
## Platform. ##
## --------- ##

hostname = fry.home
uname -m = x86_64
uname -r = 13.2.0
uname -s = Darwin
uname -v = Darwin Kernel Version 13.2.0: Thu Apr 17 23:03:13 PDT 2014; root:xnu-2422.100.13~1/RELEASE_X86_64

/usr/bin/uname -p = i386
/bin/uname -X     = unknown

/bin/arch              = unknown
/usr/bin/arch -k       = unknown
/usr/convex/getsysinfo = unknown
/usr/bin/hostinfo      = Mach kernel version:
	 Darwin Kernel Version 13.2.0: Thu Apr 17 23:03:13 PDT 2014; root:xnu-2422.100.13~1/RELEASE_X86_64
Kernel configured for up to 8 processors.
4 processors are physically available.
8 processors are logically available.
Processor type: i486 (Intel 80486)
Processors active: 0 1 2 3 4 5 6 7
Primary memory available: 16.00 gigabytes
Default processor set: 281 tasks, 1588 threads, 8 processors
Load average: 5.25, Mach factor: 3.09
/bin/machine           = unknown
/usr/bin/oslevel       = unknown
/bin/universe          = unknown

PATH: /opt/local/bin
PATH: /opt/local/sbin
PATH: /opt/local/bin
PATH: /opt/local/sbin
PATH: /Library/Frameworks/EPD64.framework/Versions/Current/bin
PATH: /opt/local/bin
PATH: /opt/local/sbin
PATH: /Library/Frameworks/Python.framework/Versions/Current/bin
PATH: /usr/local/bin
PATH: /usr/local/cuda/bin
PATH: /Library/Frameworks/Python.framework/Versions/2.6/bin
PATH: /Users/meister/Local/bin
PATH: /opt/local/bin
PATH: /opt/local/sbin
PATH: /opt/local/bin
PATH: /opt/local/sbin
PATH: /Library/Frameworks/EPD64.framework/Versions/Current/bin
PATH: /opt/local/bin
PATH: /opt/local/sbin
PATH: /Library/Frameworks/Python.framework/Versions/Current/bin
PATH: /usr/local/bin
PATH: /usr/local/cuda/bin
PATH: /Library/Frameworks/Python.framework/Versions/2.6/bin
PATH: /sw/bin
PATH: /sw/sbin
PATH: /Users/meister/Local/bin
PATH: /usr/bin
PATH: /bin
PATH: /usr/sbin
PATH: /sbin
PATH: /usr/local/bin
PATH: /opt/X11/bin
PATH: /usr/local/git/bin
PATH: /usr/local/Cellar/gdb/7.7.1/bin
PATH: /Users/meister/Development/cando/clasp/build/cando.app/Contents/MacOS
PATH: /Users/meister/Development/cando/clasp/build/cando.app/Contents/Resources/bin
PATH: /Users/meister/Development/cando/clasp/build/cando.app/Contents/Resources/externals/common/bin
PATH: /Users/meister/Development/cando/clasp/build/cando.app/Contents/Resources/externals/release/bin
PATH: /usr/X11R6/bin
PATH: /Applications/gamess
PATH: /opt/local/bin
PATH: /Users/meister/Development/amber9/exe
PATH: /Applications/Doxygen.app/Contents/Resources
PATH: /Users/meister/Development/cando/clasp/externals/src/boost-jam-3.1.17/bin.macosxx86_64
PATH: /opt/local/bin
PATH: /opt/local/sbin
PATH: /Applications/moe2010/bin
PATH: /Users/meister/Development/rosetta3.3/rosetta_source/bin
PATH: /usr/local/Cellar/gdb/7.7.1/bin
PATH: /Users/meister/Development/cando/clasp/build/cando.app/Contents/MacOS
PATH: /Users/meister/Development/cando/clasp/build/cando.app/Contents/Resources/bin
PATH: /Users/meister/Development/cando/clasp/build/cando.app/Contents/Resources/externals/common/bin
PATH: /Users/meister/Development/cando/clasp/build/cando.app/Contents/Resources/externals/release/bin
PATH: /Applications/gamess
PATH: /opt/local/bin
PATH: /Users/meister/Development/amber9/exe
PATH: /Applications/Doxygen.app/Contents/Resources
PATH: /Users/meister/Development/cando/clasp/externals/src/boost-jam-3.1.17/bin.macosxx86_64
PATH: /opt/local/bin
PATH: /opt/local/sbin
PATH: /Applications/moe2010/bin
PATH: /Users/meister/Development/rosetta3.3/rosetta_source/bin


## ----------- ##
## Core tests. ##
## ----------- ##

configure:2494: checking build system type
configure:2508: result: x86_64-apple-darwin13.2.0
configure:2528: checking host system type
configure:2541: result: x86_64-apple-darwin13.2.0
configure:2561: checking target system type
configure:2574: result: x86_64-apple-darwin13.2.0
configure:2603: checking GC version numbers
configure:2642: result: major=7 minor=2 
configure:2662: checking for a BSD-compatible install
configure:2730: result: /usr/bin/install -c
configure:2741: checking whether build environment is sane
configure:2796: result: yes
configure:2947: checking for a thread-safe mkdir -p
configure:2986: result: ./install-sh -c -d
configure:2993: checking for gawk
configure:3023: result: no
configure:2993: checking for mawk
configure:3023: result: no
configure:2993: checking for nawk
configure:3023: result: no
configure:2993: checking for awk
configure:3009: found /usr/bin/awk
configure:3020: result: awk
configure:3031: checking whether make sets $(MAKE)
configure:3053: result: yes
configure:3082: checking whether make supports nested variables
configure:3099: result: yes
configure:3186: checking whether to enable maintainer-specific portions of Makefiles
configure:3195: result: no
configure:3224: checking for style of include used by make
configure:3252: result: GNU
configure:3323: checking for gcc
configure:3339: found /usr/bin/gcc
configure:3350: result: gcc
configure:3579: checking for C compiler version
configure:3588: gcc --version >&5
Apple LLVM version 5.1 (clang-503.0.40) (based on LLVM 3.4svn)
Target: x86_64-apple-darwin13.2.0
Thread model: posix
Configured with: --prefix=/Applications/Xcode.app/Contents/Developer/usr --with-gxx-include-dir=/usr/include/c++/4.2.1
configure:3599: $? = 0
configure:3588: gcc -v >&5
Configured with: --prefix=/Applications/Xcode.app/Contents/Developer/usr --with-gxx-include-dir=/usr/include/c++/4.2.1
Apple LLVM version 5.1 (clang-503.0.40) (based on LLVM 3.4svn)
Target: x86_64-apple-darwin13.2.0
Thread model: posix
configure:3599: $? = 0
configure:3588: gcc -V >&5
clang: error: argument to '-V' is missing (expected 1 value)
clang: error: no input files
configure:3599: $? = 1
configure:3588: gcc -qversion >&5
clang: error: unknown argument: '-qversion' [-Wunused-command-line-argument-hard-error-in-future]
clang: note: this will be a hard error (cannot be downgraded to a warning) in the future
clang: error: no input files
configure:3599: $? = 1
configure:3619: checking whether the C compiler works
configure:3641: gcc -DUSE_MMAP   conftest.c  >&5
configure:3645: $? = 0
configure:3693: result: yes
configure:3696: checking for C compiler default output file name
configure:3698: result: a.out
configure:3704: checking for suffix of executables
configure:3711: gcc -o conftest -DUSE_MMAP   conftest.c  >&5
configure:3715: $? = 0
configure:3737: result: 
configure:3759: checking whether we are cross compiling
configure:3767: gcc -o conftest -DUSE_MMAP   conftest.c  >&5
configure:3771: $? = 0
configure:3778: ./conftest
configure:3782: $? = 0
configure:3797: result: no
configure:3802: checking for suffix of object files
configure:3824: gcc -c -DUSE_MMAP  conftest.c >&5
configure:3828: $? = 0
configure:3849: result: o
configure:3853: checking whether we are using the GNU C compiler
configure:3872: gcc -c -DUSE_MMAP  conftest.c >&5
configure:3872: $? = 0
configure:3881: result: yes
configure:3890: checking whether gcc accepts -g
configure:3910: gcc -c -g  conftest.c >&5
configure:3910: $? = 0
configure:3951: result: yes
configure:3968: checking for gcc option to accept ISO C89
configure:4031: gcc  -c -DUSE_MMAP  conftest.c >&5
configure:4031: $? = 0
configure:4044: result: none needed
configure:4066: checking dependency style of gcc
configure:4177: result: gcc3
configure:4193: checking whether gcc and cc understand -c and -o together
configure:4224: gcc -c conftest.c -o conftest2.o >&5
configure:4228: $? = 0
configure:4234: gcc -c conftest.c -o conftest2.o >&5
configure:4238: $? = 0
configure:4249: cc -c conftest.c >&5
configure:4253: $? = 0
configure:4261: cc -c conftest.c -o conftest2.o >&5
configure:4265: $? = 0
configure:4271: cc -c conftest.c -o conftest2.o >&5
configure:4275: $? = 0
configure:4293: result: yes
configure:4376: checking for g++
configure:4392: found /usr/bin/g++
configure:4403: result: g++
configure:4430: checking for C++ compiler version
configure:4439: g++ --version >&5
Apple LLVM version 5.1 (clang-503.0.40) (based on LLVM 3.4svn)
Target: x86_64-apple-darwin13.2.0
Thread model: posix
Configured with: --prefix=/Applications/Xcode.app/Contents/Developer/usr --with-gxx-include-dir=/usr/include/c++/4.2.1
configure:4450: $? = 0
configure:4439: g++ -v >&5
Configured with: --prefix=/Applications/Xcode.app/Contents/Developer/usr --with-gxx-include-dir=/usr/include/c++/4.2.1
Apple LLVM version 5.1 (clang-503.0.40) (based on LLVM 3.4svn)
Target: x86_64-apple-darwin13.2.0
Thread model: posix
configure:4450: $? = 0
configure:4439: g++ -V >&5
clang: error: argument to '-V' is missing (expected 1 value)
clang: error: no input files
configure:4450: $? = 1
configure:4439: g++ -qversion >&5
clang: error: unknown argument: '-qversion' [-Wunused-command-line-argument-hard-error-in-future]
clang: note: this will be a hard error (cannot be downgraded to a warning) in the future
clang: error: no input files
configure:4450: $? = 1
configure:4454: checking whether we are using the GNU C++ compiler
configure:4473: g++ -c   conftest.cpp >&5
configure:4473: $? = 0
configure:4482: result: yes
configure:4491: checking whether g++ accepts -g
configure:4511: g++ -c -g  conftest.cpp >&5
configure:4511: $? = 0
configure:4552: result: yes
configure:4577: checking dependency style of g++
configure:4688: result: gcc3
configure:4713: checking dependency style of gcc
configure:4822: result: gcc3
configure:4849: checking for thread model used by GCC
configure:4863: result: posix
configure:4911: checking for inline
configure:4927: gcc -c -DUSE_MMAP  conftest.c >&5
configure:4927: $? = 0
configure:4935: result: inline
configure:4963: checking for pthread_self in -lpthread
configure:4988: gcc -o conftest -DUSE_MMAP   conftest.c -lpthread   >&5
configure:4988: $? = 0
configure:4997: result: yes
configure:5160: WARNING: "Explicit GC_INIT() calls may be required."
configure:5313: checking for xlc
configure:5330: gcc -c -DUSE_MMAP  conftest.c >&5
conftest.c:21:4: error: 
 # error
   ^
1 error generated.
configure:5330: $? = 1
configure: failed program was:
| /* confdefs.h */
| #define PACKAGE_NAME "gc"
| #define PACKAGE_TARNAME "gc"
| #define PACKAGE_VERSION "7.2"
| #define PACKAGE_STRING "gc 7.2"
| #define PACKAGE_BUGREPORT "gc@linux.hpl.hp.com"
| #define PACKAGE_URL ""
| #define GC_VERSION_MAJOR 7
| #define GC_VERSION_MINOR 2
| #define PACKAGE "gc"
| #define VERSION "7.2"
| #define GC_DARWIN_THREADS 1
| #define THREAD_LOCAL_ALLOC 1
| /* end confdefs.h.  */
| 
| int
| main ()
| {
| 
|  #ifndef __xlC__
|  # error
|  #endif
| 
|   ;
|   return 0;
| }
configure:5336: result: no
configure:5355: checking whether gcc supports -fno-strict-aliasing
configure:5381: gcc -c -DUSE_MMAP -fno-strict-aliasing  conftest.c >&5
configure:5381: $? = 0
configure:5390: result: yes
configure:5514: checking whether to build shared libraries
configure:5556: result: yes
configure:5570: checking which machine-dependent code should be used
configure:5632: result: 
configure:5686: checking how to print strings
configure:5713: result: printf
configure:5734: checking for a sed that does not truncate output
configure:5798: result: /usr/bin/sed
configure:5816: checking for grep that handles long lines and -e
configure:5874: result: /usr/bin/grep
configure:5879: checking for egrep
configure:5941: result: /usr/bin/grep -E
configure:5946: checking for fgrep
configure:6008: result: /usr/bin/grep -F
configure:6043: checking for ld used by gcc
configure:6110: result: /Applications/Xcode.app/Contents/Developer/Toolchains/XcodeDefault.xctoolchain/usr/bin/ld
configure:6117: checking if the linker (/Applications/Xcode.app/Contents/Developer/Toolchains/XcodeDefault.xctoolchain/usr/bin/ld) is GNU ld
configure:6132: result: no
configure:6144: checking for BSD- or MS-compatible name lister (nm)
configure:6193: result: /usr/bin/nm
configure:6323: checking the name lister (/usr/bin/nm) interface
configure:6330: gcc -c -DUSE_MMAP -fno-strict-aliasing  conftest.c >&5
configure:6333: /usr/bin/nm "conftest.o"
configure:6336: output
0000000000000000 S _some_variable
configure:6343: result: BSD nm
configure:6346: checking whether ln -s works
configure:6350: result: yes
configure:6358: checking the maximum length of command line arguments
configure:6488: result: 196608
configure:6505: checking whether the shell understands some XSI constructs
configure:6515: result: yes
configure:6519: checking whether the shell understands "+="
configure:6525: result: yes
configure:6560: checking how to convert x86_64-apple-darwin13.2.0 file names to x86_64-apple-darwin13.2.0 format
configure:6600: result: func_convert_file_noop
configure:6607: checking how to convert x86_64-apple-darwin13.2.0 file names to toolchain format
configure:6627: result: func_convert_file_noop
configure:6634: checking for /Applications/Xcode.app/Contents/Developer/Toolchains/XcodeDefault.xctoolchain/usr/bin/ld option to reload object files
configure:6641: result: -r
configure:6715: checking for objdump
configure:6745: result: no
configure:6774: checking how to recognize dependent libraries
configure:6976: result: pass_all
configure:7061: checking for dlltool
configure:7091: result: no
configure:7121: checking how to associate runtime and link libraries
configure:7148: result: printf %s\n
configure:7208: checking for ar
configure:7224: found /usr/bin/ar
configure:7235: result: ar
configure:7272: checking for archiver @FILE support
configure:7289: gcc -c -DUSE_MMAP -fno-strict-aliasing  conftest.c >&5
configure:7289: $? = 0
configure:7292: ar cru libconftest.a @conftest.lst >&5
ar: @conftest.lst: No such file or directory
configure:7295: $? = 1
configure:7315: result: no
configure:7373: checking for strip
configure:7389: found /usr/bin/strip
configure:7400: result: strip
configure:7472: checking for ranlib
configure:7488: found /usr/bin/ranlib
configure:7499: result: ranlib
configure:7601: checking command to parse /usr/bin/nm output from gcc object
configure:7721: gcc -c -DUSE_MMAP -fno-strict-aliasing  conftest.c >&5
configure:7724: $? = 0
configure:7728: /usr/bin/nm conftest.o \| sed -n -e 's/^.*[ ]\([BCDEGRST][BCDEGRST]*\)[ ][ ]*\([_A-Za-z][_A-Za-z0-9]*\)$/\1 \2 \2/p' | sed '/ __gnu_lto/d' \> conftest.nm
configure:7731: $? = 0
cannot find nm_test_var in conftest.nm
configure:7721: gcc -c -DUSE_MMAP -fno-strict-aliasing  conftest.c >&5
configure:7724: $? = 0
configure:7728: /usr/bin/nm conftest.o \| sed -n -e 's/^.*[ ]\([BCDEGRST][BCDEGRST]*\)[ ][ ]*_\([_A-Za-z][_A-Za-z0-9]*\)$/\1 _\2 \2/p' | sed '/ __gnu_lto/d' \> conftest.nm
configure:7731: $? = 0
configure:7797: gcc -o conftest -DUSE_MMAP -fno-strict-aliasing   conftest.c conftstm.o >&5
configure:7800: $? = 0
configure:7838: result: ok
configure:7875: checking for sysroot
configure:7905: result: no
configure:8161: checking for mt
configure:8191: result: no
configure:8211: checking if : is a manifest tool
configure:8217: : '-?'
configure:8225: result: no
configure:8281: checking for dsymutil
configure:8297: found /usr/bin/dsymutil
configure:8308: result: dsymutil
configure:8373: checking for nmedit
configure:8389: found /usr/bin/nmedit
configure:8400: result: nmedit
configure:8465: checking for lipo
configure:8481: found /usr/bin/lipo
configure:8492: result: lipo
configure:8557: checking for otool
configure:8573: found /usr/bin/otool
configure:8584: result: otool
configure:8649: checking for otool64
configure:8679: result: no
configure:8724: checking for -single_module linker flag
gcc -DUSE_MMAP -fno-strict-aliasing  -o libconftest.dylib -dynamiclib -Wl,-single_module conftest.c
configure:8757: result: yes
configure:8760: checking for -exported_symbols_list linker flag
configure:8780: gcc -o conftest -DUSE_MMAP -fno-strict-aliasing   -Wl,-exported_symbols_list,conftest.sym conftest.c  >&5
configure:8780: $? = 0
configure:8790: result: yes
configure:8793: checking for -force_load linker flag
gcc -DUSE_MMAP -fno-strict-aliasing -c -o conftest.o conftest.c
ar cru libconftest.a conftest.o
ranlib libconftest.a
gcc -DUSE_MMAP -fno-strict-aliasing  -o conftest conftest.c -Wl,-force_load,./libconftest.a
configure:8825: result: yes
configure:8867: checking how to run the C preprocessor
configure:8898: gcc -E  conftest.c
configure:8898: $? = 0
configure:8912: gcc -E  conftest.c
conftest.c:15:10: fatal error: 'ac_nonexistent.h' file not found
#include <ac_nonexistent.h>
         ^
1 error generated.
configure:8912: $? = 1
configure: failed program was:
| /* confdefs.h */
| #define PACKAGE_NAME "gc"
| #define PACKAGE_TARNAME "gc"
| #define PACKAGE_VERSION "7.2"
| #define PACKAGE_STRING "gc 7.2"
| #define PACKAGE_BUGREPORT "gc@linux.hpl.hp.com"
| #define PACKAGE_URL ""
| #define GC_VERSION_MAJOR 7
| #define GC_VERSION_MINOR 2
| #define PACKAGE "gc"
| #define VERSION "7.2"
| #define GC_DARWIN_THREADS 1
| #define THREAD_LOCAL_ALLOC 1
| /* end confdefs.h.  */
| #include <ac_nonexistent.h>
configure:8937: result: gcc -E
configure:8957: gcc -E  conftest.c
configure:8957: $? = 0
configure:8971: gcc -E  conftest.c
conftest.c:15:10: fatal error: 'ac_nonexistent.h' file not found
#include <ac_nonexistent.h>
         ^
1 error generated.
configure:8971: $? = 1
configure: failed program was:
| /* confdefs.h */
| #define PACKAGE_NAME "gc"
| #define PACKAGE_TARNAME "gc"
| #define PACKAGE_VERSION "7.2"
| #define PACKAGE_STRING "gc 7.2"
| #define PACKAGE_BUGREPORT "gc@linux.hpl.hp.com"
| #define PACKAGE_URL ""
| #define GC_VERSION_MAJOR 7
| #define GC_VERSION_MINOR 2
| #define PACKAGE "gc"
| #define VERSION "7.2"
| #define GC_DARWIN_THREADS 1
| #define THREAD_LOCAL_ALLOC 1
| /* end confdefs.h.  */
| #include <ac_nonexistent.h>
configure:9000: checking for ANSI C header files
configure:9020: gcc -c -DUSE_MMAP -fno-strict-aliasing  conftest.c >&5
configure:9020: $? = 0
configure:9093: gcc -o conftest -DUSE_MMAP -fno-strict-aliasing   conftest.c  >&5
configure:9093: $? = 0
configure:9093: ./conftest
configure:9093: $? = 0
configure:9104: result: yes
configure:9117: checking for sys/types.h
configure:9117: gcc -c -DUSE_MMAP -fno-strict-aliasing  conftest.c >&5
configure:9117: $? = 0
configure:9117: result: yes
configure:9117: checking for sys/stat.h
configure:9117: gcc -c -DUSE_MMAP -fno-strict-aliasing  conftest.c >&5
configure:9117: $? = 0
configure:9117: result: yes
configure:9117: checking for stdlib.h
configure:9117: gcc -c -DUSE_MMAP -fno-strict-aliasing  conftest.c >&5
configure:9117: $? = 0
configure:9117: result: yes
configure:9117: checking for string.h
configure:9117: gcc -c -DUSE_MMAP -fno-strict-aliasing  conftest.c >&5
configure:9117: $? = 0
configure:9117: result: yes
configure:9117: checking for memory.h
configure:9117: gcc -c -DUSE_MMAP -fno-strict-aliasing  conftest.c >&5
configure:9117: $? = 0
configure:9117: result: yes
configure:9117: checking for strings.h
configure:9117: gcc -c -DUSE_MMAP -fno-strict-aliasing  conftest.c >&5
configure:9117: $? = 0
configure:9117: result: yes
configure:9117: checking for inttypes.h
configure:9117: gcc -c -DUSE_MMAP -fno-strict-aliasing  conftest.c >&5
configure:9117: $? = 0
configure:9117: result: yes
configure:9117: checking for stdint.h
configure:9117: gcc -c -DUSE_MMAP -fno-strict-aliasing  conftest.c >&5
configure:9117: $? = 0
configure:9117: result: yes
configure:9117: checking for unistd.h
configure:9117: gcc -c -DUSE_MMAP -fno-strict-aliasing  conftest.c >&5
configure:9117: $? = 0
configure:9117: result: yes
configure:9131: checking for dlfcn.h
configure:9131: gcc -c -DUSE_MMAP -fno-strict-aliasing  conftest.c >&5
configure:9131: $? = 0
configure:9131: result: yes
configure:9318: checking for objdir
configure:9333: result: .libs
configure:9604: checking if gcc supports -fno-rtti -fno-exceptions
configure:9622: gcc -c -DUSE_MMAP -fno-strict-aliasing  -fno-rtti -fno-exceptions conftest.c >&5
configure:9626: $? = 0
configure:9639: result: yes
configure:9966: checking for gcc option to produce PIC
configure:9973: result: -fno-common -DPIC
configure:9981: checking if gcc PIC flag -fno-common -DPIC works
configure:9999: gcc -c -DUSE_MMAP -fno-strict-aliasing  -fno-common -DPIC -DPIC conftest.c >&5
configure:10003: $? = 0
configure:10016: result: yes
configure:10045: checking if gcc static flag -static works
configure:10073: result: no
configure:10088: checking if gcc supports -c -o file.o
configure:10109: gcc -c -DUSE_MMAP -fno-strict-aliasing  -o out/conftest2.o conftest.c >&5
configure:10113: $? = 0
configure:10135: result: yes
configure:10143: checking if gcc supports -c -o file.o
configure:10190: result: yes
configure:10223: checking whether the gcc linker (/Applications/Xcode.app/Contents/Developer/Toolchains/XcodeDefault.xctoolchain/usr/bin/ld) supports shared libraries
configure:11376: result: yes
configure:11616: checking dynamic linker characteristics
configure:12349: result: darwin13.2.0 dyld
configure:12456: checking how to hardcode library paths into programs
configure:12481: result: immediate
configure:13021: checking whether stripping libraries is possible
configure:13035: result: yes
configure:13061: checking if libtool supports shared libraries
configure:13063: result: yes
configure:13066: checking whether to build shared libraries
configure:13087: result: yes
configure:13090: checking whether to build static libraries
configure:13094: result: yes
configure:13117: checking how to run the C++ preprocessor
configure:13144: g++ -E  conftest.cpp
configure:13144: $? = 0
configure:13158: g++ -E  conftest.cpp
conftest.cpp:27:10: fatal error: 'ac_nonexistent.h' file not found
#include <ac_nonexistent.h>
         ^
1 error generated.
configure:13158: $? = 1
configure: failed program was:
| /* confdefs.h */
| #define PACKAGE_NAME "gc"
| #define PACKAGE_TARNAME "gc"
| #define PACKAGE_VERSION "7.2"
| #define PACKAGE_STRING "gc 7.2"
| #define PACKAGE_BUGREPORT "gc@linux.hpl.hp.com"
| #define PACKAGE_URL ""
| #define GC_VERSION_MAJOR 7
| #define GC_VERSION_MINOR 2
| #define PACKAGE "gc"
| #define VERSION "7.2"
| #define GC_DARWIN_THREADS 1
| #define THREAD_LOCAL_ALLOC 1
| #define STDC_HEADERS 1
| #define HAVE_SYS_TYPES_H 1
| #define HAVE_SYS_STAT_H 1
| #define HAVE_STDLIB_H 1
| #define HAVE_STRING_H 1
| #define HAVE_MEMORY_H 1
| #define HAVE_STRINGS_H 1
| #define HAVE_INTTYPES_H 1
| #define HAVE_STDINT_H 1
| #define HAVE_UNISTD_H 1
| #define HAVE_DLFCN_H 1
| #define LT_OBJDIR ".libs/"
| /* end confdefs.h.  */
| #include <ac_nonexistent.h>
configure:13183: result: g++ -E
configure:13203: g++ -E  conftest.cpp
configure:13203: $? = 0
configure:13217: g++ -E  conftest.cpp
conftest.cpp:27:10: fatal error: 'ac_nonexistent.h' file not found
#include <ac_nonexistent.h>
         ^
1 error generated.
configure:13217: $? = 1
configure: failed program was:
| /* confdefs.h */
| #define PACKAGE_NAME "gc"
| #define PACKAGE_TARNAME "gc"
| #define PACKAGE_VERSION "7.2"
| #define PACKAGE_STRING "gc 7.2"
| #define PACKAGE_BUGREPORT "gc@linux.hpl.hp.com"
| #define PACKAGE_URL ""
| #define GC_VERSION_MAJOR 7
| #define GC_VERSION_MINOR 2
| #define PACKAGE "gc"
| #define VERSION "7.2"
| #define GC_DARWIN_THREADS 1
| #define THREAD_LOCAL_ALLOC 1
| #define STDC_HEADERS 1
| #define HAVE_SYS_TYPES_H 1
| #define HAVE_SYS_STAT_H 1
| #define HAVE_STDLIB_H 1
| #define HAVE_STRING_H 1
| #define HAVE_MEMORY_H 1
| #define HAVE_STRINGS_H 1
| #define HAVE_INTTYPES_H 1
| #define HAVE_STDINT_H 1
| #define HAVE_UNISTD_H 1
| #define HAVE_DLFCN_H 1
| #define LT_OBJDIR ".libs/"
| /* end confdefs.h.  */
| #include <ac_nonexistent.h>
configure:13386: checking for ld used by g++
configure:13453: result: /Applications/Xcode.app/Contents/Developer/Toolchains/XcodeDefault.xctoolchain/usr/bin/ld
configure:13460: checking if the linker (/Applications/Xcode.app/Contents/Developer/Toolchains/XcodeDefault.xctoolchain/usr/bin/ld) is GNU ld
configure:13475: result: no
configure:13530: checking whether the g++ linker (/Applications/Xcode.app/Contents/Developer/Toolchains/XcodeDefault.xctoolchain/usr/bin/ld) supports shared libraries
configure:14535: result: yes
configure:14571: g++ -c -g -O2  conftest.cpp >&5
configure:14574: $? = 0
configure:15094: checking for g++ option to produce PIC
configure:15101: result: -fno-common -DPIC
configure:15109: checking if g++ PIC flag -fno-common -DPIC works
configure:15127: g++ -c -g -O2  -fno-common -DPIC -DPIC conftest.cpp >&5
configure:15131: $? = 0
configure:15144: result: yes
configure:15167: checking if g++ static flag -static works
configure:15195: result: no
configure:15207: checking if g++ supports -c -o file.o
configure:15228: g++ -c -g -O2  -o out/conftest2.o conftest.cpp >&5
configure:15232: $? = 0
configure:15254: result: yes
configure:15259: checking if g++ supports -c -o file.o
configure:15306: result: yes
configure:15336: checking whether the g++ linker (/Applications/Xcode.app/Contents/Developer/Toolchains/XcodeDefault.xctoolchain/usr/bin/ld) supports shared libraries
configure:15372: result: yes
configure:15513: checking dynamic linker characteristics
configure:16180: result: darwin13.2.0 dyld
configure:16233: checking how to hardcode library paths into programs
configure:16258: result: immediate
configure:16344: checking whether Solaris gcc optimization fix is necessary
configure:16367: result: no
configure:16495: checking sys/dg_sys_info.h usability
configure:16495: gcc -c -DUSE_MMAP -fno-strict-aliasing  conftest.c >&5
conftest.c:63:10: fatal error: 'sys/dg_sys_info.h' file not found
#include <sys/dg_sys_info.h>
         ^
1 error generated.
configure:16495: $? = 1
configure: failed program was:
| /* confdefs.h */
| #define PACKAGE_NAME "gc"
| #define PACKAGE_TARNAME "gc"
| #define PACKAGE_VERSION "7.2"
| #define PACKAGE_STRING "gc 7.2"
| #define PACKAGE_BUGREPORT "gc@linux.hpl.hp.com"
| #define PACKAGE_URL ""
| #define GC_VERSION_MAJOR 7
| #define GC_VERSION_MINOR 2
| #define PACKAGE "gc"
| #define VERSION "7.2"
| #define GC_DARWIN_THREADS 1
| #define THREAD_LOCAL_ALLOC 1
| #define STDC_HEADERS 1
| #define HAVE_SYS_TYPES_H 1
| #define HAVE_SYS_STAT_H 1
| #define HAVE_STDLIB_H 1
| #define HAVE_STRING_H 1
| #define HAVE_MEMORY_H 1
| #define HAVE_STRINGS_H 1
| #define HAVE_INTTYPES_H 1
| #define HAVE_STDINT_H 1
| #define HAVE_UNISTD_H 1
| #define HAVE_DLFCN_H 1
| #define LT_OBJDIR ".libs/"
| #define NO_EXECUTE_PERMISSION 1
| #define ALL_INTERIOR_POINTERS 1
| #define GC_GCJ_SUPPORT 1
| /* end confdefs.h.  */
| #include <stdio.h>
| #ifdef HAVE_SYS_TYPES_H
| # include <sys/types.h>
| #endif
| #ifdef HAVE_SYS_STAT_H
| # include <sys/stat.h>
| #endif
| #ifdef STDC_HEADERS
| # include <stdlib.h>
| # include <stddef.h>
| #else
| # ifdef HAVE_STDLIB_H
| #  include <stdlib.h>
| # endif
| #endif
| #ifdef HAVE_STRING_H
| # if !defined STDC_HEADERS && defined HAVE_MEMORY_H
| #  include <memory.h>
| # endif
| # include <string.h>
| #endif
| #ifdef HAVE_STRINGS_H
| # include <strings.h>
| #endif
| #ifdef HAVE_INTTYPES_H
| # include <inttypes.h>
| #endif
| #ifdef HAVE_STDINT_H
| # include <stdint.h>
| #endif
| #ifdef HAVE_UNISTD_H
| # include <unistd.h>
| #endif
| #include <sys/dg_sys_info.h>
configure:16495: result: no
configure:16495: checking sys/dg_sys_info.h presence
configure:16495: gcc -E  conftest.c
conftest.c:30:10: fatal error: 'sys/dg_sys_info.h' file not found
#include <sys/dg_sys_info.h>
         ^
1 error generated.
configure:16495: $? = 1
configure: failed program was:
| /* confdefs.h */
| #define PACKAGE_NAME "gc"
| #define PACKAGE_TARNAME "gc"
| #define PACKAGE_VERSION "7.2"
| #define PACKAGE_STRING "gc 7.2"
| #define PACKAGE_BUGREPORT "gc@linux.hpl.hp.com"
| #define PACKAGE_URL ""
| #define GC_VERSION_MAJOR 7
| #define GC_VERSION_MINOR 2
| #define PACKAGE "gc"
| #define VERSION "7.2"
| #define GC_DARWIN_THREADS 1
| #define THREAD_LOCAL_ALLOC 1
| #define STDC_HEADERS 1
| #define HAVE_SYS_TYPES_H 1
| #define HAVE_SYS_STAT_H 1
| #define HAVE_STDLIB_H 1
| #define HAVE_STRING_H 1
| #define HAVE_MEMORY_H 1
| #define HAVE_STRINGS_H 1
| #define HAVE_INTTYPES_H 1
| #define HAVE_STDINT_H 1
| #define HAVE_UNISTD_H 1
| #define HAVE_DLFCN_H 1
| #define LT_OBJDIR ".libs/"
| #define NO_EXECUTE_PERMISSION 1
| #define ALL_INTERIOR_POINTERS 1
| #define GC_GCJ_SUPPORT 1
| /* end confdefs.h.  */
| #include <sys/dg_sys_info.h>
configure:16495: result: no
configure:16495: checking for sys/dg_sys_info.h
configure:16495: result: no
configure:16727: checking for pkg-config
configure:16745: found /opt/local/bin/pkg-config
configure:16757: result: /opt/local/bin/pkg-config
configure:16782: checking pkg-config is at least version 0.9.0
configure:16785: result: yes
configure:16796: checking for ATOMIC_OPS
configure:16803: $PKG_CONFIG --exists --print-errors "atomic_ops"
Package atomic_ops was not found in the pkg-config search path.
Perhaps you should add the directory containing `atomic_ops.pc'
to the PKG_CONFIG_PATH environment variable
No package 'atomic_ops' found
configure:16806: $? = 1
configure:16820: $PKG_CONFIG --exists --print-errors "atomic_ops"
Package atomic_ops was not found in the pkg-config search path.
Perhaps you should add the directory containing `atomic_ops.pc'
to the PKG_CONFIG_PATH environment variable
No package 'atomic_ops' found
configure:16823: $? = 1
configure:16837: result: no
No package 'atomic_ops' found
configure:16880: checking which libatomic_ops to use
configure:16888: result: internal
configure:17029: checking that generated files are newer than configure
configure:17035: result: done
configure:17122: creating ./config.status

## ---------------------- ##
## Running config.status. ##
## ---------------------- ##

This file was extended by gc config.status 7.2, which was
generated by GNU Autoconf 2.69.  Invocation command line was

  CONFIG_FILES    = 
  CONFIG_HEADERS  = 
  CONFIG_LINKS    = 
  CONFIG_COMMANDS = 
  $ ./config.status 

on fry.home

config.status:1212: creating Makefile
config.status:1212: creating bdw-gc.pc
config.status:1212: creating include/private/config.h
config.status:1393: include/private/config.h is unchanged
config.status:1441: executing depfiles commands
config.status:1441: executing libtool commands
config.status:1441: executing default commands
configure:19684: === configuring in libatomic_ops (/Users/meister/Development/cando/clasp/externals/boehm-7.2/libatomic_ops)
configure:19747: running /bin/sh ./configure --disable-option-checking '--prefix=/Users/meister/Development/cando/clasp/build/cando.app/Contents/Resources/externals/common'  '--enable-handle-fork' '--enable-cplusplus' 'CFLAGS=-DUSE_MMAP' --cache-file=/dev/null --srcdir=.

## ---------------- ##
## Cache variables. ##
## ---------------- ##

ac_cv_build=x86_64-apple-darwin13.2.0
ac_cv_c_compiler_gnu=yes
ac_cv_c_inline=inline
ac_cv_cxx_compiler_gnu=yes
ac_cv_env_ATOMIC_OPS_CFLAGS_set=
ac_cv_env_ATOMIC_OPS_CFLAGS_value=
ac_cv_env_ATOMIC_OPS_LIBS_set=
ac_cv_env_ATOMIC_OPS_LIBS_value=
ac_cv_env_CCASFLAGS_set=
ac_cv_env_CCASFLAGS_value=
ac_cv_env_CCAS_set=
ac_cv_env_CCAS_value=
ac_cv_env_CCC_set=
ac_cv_env_CCC_value=
ac_cv_env_CC_set=
ac_cv_env_CC_value=
ac_cv_env_CFLAGS_set=set
ac_cv_env_CFLAGS_value=-DUSE_MMAP
ac_cv_env_CPPFLAGS_set=
ac_cv_env_CPPFLAGS_value=
ac_cv_env_CPP_set=
ac_cv_env_CPP_value=
ac_cv_env_CXXCPP_set=
ac_cv_env_CXXCPP_value=
ac_cv_env_CXXFLAGS_set=
ac_cv_env_CXXFLAGS_value=
ac_cv_env_CXX_set=
ac_cv_env_CXX_value=
ac_cv_env_LDFLAGS_set=
ac_cv_env_LDFLAGS_value=
ac_cv_env_LIBS_set=
ac_cv_env_LIBS_value=
ac_cv_env_PKG_CONFIG_LIBDIR_set=
ac_cv_env_PKG_CONFIG_LIBDIR_value=
ac_cv_env_PKG_CONFIG_PATH_set=
ac_cv_env_PKG_CONFIG_PATH_value=
ac_cv_env_PKG_CONFIG_set=
ac_cv_env_PKG_CONFIG_value=
ac_cv_env_build_alias_set=
ac_cv_env_build_alias_value=
ac_cv_env_host_alias_set=
ac_cv_env_host_alias_value=
ac_cv_env_target_alias_set=
ac_cv_env_target_alias_value=
ac_cv_fno_strict_aliasing=yes
ac_cv_header_dlfcn_h=yes
ac_cv_header_inttypes_h=yes
ac_cv_header_memory_h=yes
ac_cv_header_stdc=yes
ac_cv_header_stdint_h=yes
ac_cv_header_stdlib_h=yes
ac_cv_header_string_h=yes
ac_cv_header_strings_h=yes
ac_cv_header_sys_dg_sys_info_h=no
ac_cv_header_sys_stat_h=yes
ac_cv_header_sys_types_h=yes
ac_cv_header_unistd_h=yes
ac_cv_host=x86_64-apple-darwin13.2.0
ac_cv_lib_pthread_pthread_self=yes
ac_cv_objext=o
ac_cv_path_EGREP='/usr/bin/grep -E'
ac_cv_path_FGREP='/usr/bin/grep -F'
ac_cv_path_GREP=/usr/bin/grep
ac_cv_path_SED=/usr/bin/sed
ac_cv_path_ac_pt_PKG_CONFIG=/opt/local/bin/pkg-config
ac_cv_path_install='/usr/bin/install -c'
ac_cv_prog_AWK=awk
ac_cv_prog_CPP='gcc -E'
ac_cv_prog_CXXCPP='g++ -E'
ac_cv_prog_ac_ct_AR=ar
ac_cv_prog_ac_ct_CC=gcc
ac_cv_prog_ac_ct_CXX=g++
ac_cv_prog_ac_ct_DSYMUTIL=dsymutil
ac_cv_prog_ac_ct_LIPO=lipo
ac_cv_prog_ac_ct_NMEDIT=nmedit
ac_cv_prog_ac_ct_OTOOL=otool
ac_cv_prog_ac_ct_RANLIB=ranlib
ac_cv_prog_ac_ct_STRIP=strip
ac_cv_prog_cc_c89=
ac_cv_prog_cc_g=yes
ac_cv_prog_cc_gcc_c_o=yes
ac_cv_prog_cxx_g=yes
ac_cv_prog_make_make_set=yes
ac_cv_target=x86_64-apple-darwin13.2.0
am_cv_CCAS_dependencies_compiler_type=gcc3
am_cv_CC_dependencies_compiler_type=gcc3
am_cv_CXX_dependencies_compiler_type=gcc3
am_cv_make_support_nested_variables=yes
lt_cv_apple_cc_single_mod=yes
lt_cv_ar_at_file=no
lt_cv_deplibs_check_method=pass_all
lt_cv_file_magic_cmd='$MAGIC_CMD'
lt_cv_file_magic_test_file=
lt_cv_ld_exported_symbols_list=yes
lt_cv_ld_force_load=yes
lt_cv_ld_reload_flag=-r
lt_cv_nm_interface='BSD nm'
lt_cv_objdir=.libs
lt_cv_path_LD=/Applications/Xcode.app/Contents/Developer/Toolchains/XcodeDefault.xctoolchain/usr/bin/ld
lt_cv_path_LDCXX=/Applications/Xcode.app/Contents/Developer/Toolchains/XcodeDefault.xctoolchain/usr/bin/ld
lt_cv_path_NM=/usr/bin/nm
lt_cv_path_mainfest_tool=no
lt_cv_prog_compiler_c_o=yes
lt_cv_prog_compiler_c_o_CXX=yes
lt_cv_prog_compiler_pic='-fno-common -DPIC'
lt_cv_prog_compiler_pic_CXX='-fno-common -DPIC'
lt_cv_prog_compiler_pic_works=yes
lt_cv_prog_compiler_pic_works_CXX=yes
lt_cv_prog_compiler_rtti_exceptions=yes
lt_cv_prog_compiler_static_works=no
lt_cv_prog_compiler_static_works_CXX=no
lt_cv_prog_gnu_ld=no
lt_cv_prog_gnu_ldcxx=no
lt_cv_sharedlib_from_linklib_cmd='printf %s\n'
lt_cv_sys_global_symbol_pipe='sed -n -e '\''s/^.*[	 ]\([BCDEGRST][BCDEGRST]*\)[	 ][	 ]*_\([_A-Za-z][_A-Za-z0-9]*\)$/\1 _\2 \2/p'\'' | sed '\''/ __gnu_lto/d'\'''
lt_cv_sys_global_symbol_to_c_name_address='sed -n -e '\''s/^: \([^ ]*\)[ ]*$/  {\"\1\", (void *) 0},/p'\'' -e '\''s/^[BCDEGRST]* \([^ ]*\) \([^ ]*\)$/  {"\2", (void *) \&\2},/p'\'''
lt_cv_sys_global_symbol_to_c_name_address_lib_prefix='sed -n -e '\''s/^: \([^ ]*\)[ ]*$/  {\"\1\", (void *) 0},/p'\'' -e '\''s/^[BCDEGRST]* \([^ ]*\) \(lib[^ ]*\)$/  {"\2", (void *) \&\2},/p'\'' -e '\''s/^[BCDEGRST]* \([^ ]*\) \([^ ]*\)$/  {"lib\2", (void *) \&\2},/p'\'''
lt_cv_sys_global_symbol_to_cdecl='sed -n -e '\''s/^T .* \(.*\)$/extern int \1();/p'\'' -e '\''s/^[BCDEGRST]* .* \(.*\)$/extern char \1;/p'\'''
lt_cv_sys_max_cmd_len=196608
lt_cv_to_host_file_cmd=func_convert_file_noop
lt_cv_to_tool_file_cmd=func_convert_file_noop

## ----------------- ##
## Output variables. ##
## ----------------- ##

ACLOCAL='${SHELL} /Users/meister/Development/cando/clasp/externals/boehm-7.2/missing aclocal-1.13'
AMDEPBACKSLASH='\'
AMDEP_FALSE='#'
AMDEP_TRUE=''
AMTAR='$${TAR-tar}'
AM_BACKSLASH='\'
AM_CFLAGS=''
AM_CPPFLAGS=''
AM_DEFAULT_V='$(AM_DEFAULT_VERBOSITY)'
AM_DEFAULT_VERBOSITY='1'
AM_V='$(V)'
AR='ar'
ATOMIC_OPS_CFLAGS='-I$(top_builddir)/libatomic_ops/src -I$(top_srcdir)/libatomic_ops/src'
ATOMIC_OPS_LIBS=''
AUTOCONF='${SHELL} /Users/meister/Development/cando/clasp/externals/boehm-7.2/missing autoconf'
AUTOHEADER='${SHELL} /Users/meister/Development/cando/clasp/externals/boehm-7.2/missing autoheader'
AUTOMAKE='${SHELL} /Users/meister/Development/cando/clasp/externals/boehm-7.2/missing automake-1.13'
AVOID_CPP_LIB_FALSE=''
AVOID_CPP_LIB_TRUE='#'
AWK='awk'
CC='gcc'
CCAS='gcc'
CCASDEPMODE='depmode=gcc3'
CCASFLAGS='-DUSE_MMAP'
CCDEPMODE='depmode=gcc3'
CFLAGS='-DUSE_MMAP -fno-strict-aliasing'
COMPILER_XLC_FALSE=''
COMPILER_XLC_TRUE='#'
CPLUSPLUS_FALSE='#'
CPLUSPLUS_TRUE=''
CPP='gcc -E'
CPPFLAGS=''
CXX='g++'
CXXCPP='g++ -E'
CXXDEPMODE='depmode=gcc3'
CXXFLAGS='-g -O2'
CYGPATH_W='echo'
DARWIN_THREADS_FALSE='#'
DARWIN_THREADS_TRUE=''
DEFS='-DHAVE_CONFIG_H'
DEPDIR='.deps'
DLLTOOL='false'
DSYMUTIL='dsymutil'
DUMPBIN=''
ECHO_C='\c'
ECHO_N=''
ECHO_T=''
EGREP='/usr/bin/grep -E'
ENABLE_GCJ_SUPPORT_FALSE='#'
ENABLE_GCJ_SUPPORT_TRUE=''
EXEEXT=''
EXTRA_TEST_LIBS=''
FGREP='/usr/bin/grep -F'
GC_CFLAGS=' -fexceptions'
GC_VERSION=''
GREP='/usr/bin/grep'
INSTALL_DATA='${INSTALL} -m 644'
INSTALL_PROGRAM='${INSTALL}'
INSTALL_SCRIPT='${INSTALL}'
INSTALL_STRIP_PROGRAM='$(install_sh) -c -s'
KEEP_BACK_PTRS_FALSE=''
KEEP_BACK_PTRS_TRUE='#'
LD='/Applications/Xcode.app/Contents/Developer/Toolchains/XcodeDefault.xctoolchain/usr/bin/ld'
LDFLAGS=''
LIBOBJS=''
LIBS=''
LIBTOOL='$(SHELL) $(top_builddir)/libtool'
LIPO='lipo'
LN_S='ln -s'
LTLIBOBJS=''
MAINT='#'
MAINTAINER_MODE_FALSE=''
MAINTAINER_MODE_TRUE='#'
MAKEINFO='${SHELL} /Users/meister/Development/cando/clasp/externals/boehm-7.2/missing makeinfo'
MANIFEST_TOOL=':'
MKDIR_P='./install-sh -c -d'
NEED_ATOMIC_OPS_ASM_FALSE=''
NEED_ATOMIC_OPS_ASM_TRUE='#'
NM='/usr/bin/nm'
NMEDIT='nmedit'
OBJDUMP='false'
OBJEXT='o'
OPENBSD_THREADS_FALSE=''
OPENBSD_THREADS_TRUE='#'
OTOOL64=':'
OTOOL='otool'
PACKAGE='gc'
PACKAGE_BUGREPORT='gc@linux.hpl.hp.com'
PACKAGE_NAME='gc'
PACKAGE_STRING='gc 7.2'
PACKAGE_TARNAME='gc'
PACKAGE_URL=''
PACKAGE_VERSION='7.2'
PATH_SEPARATOR=':'
PKG_CONFIG='/opt/local/bin/pkg-config'
PKG_CONFIG_LIBDIR=''
PKG_CONFIG_PATH=''
PTHREADS_FALSE='#'
PTHREADS_TRUE=''
RANLIB='ranlib'
SED='/usr/bin/sed'
SET_MAKE=''
SHELL='/bin/sh'
STRIP='strip'
THREADDLLIBS='-lpthread'
THREADS_FALSE='#'
THREADS_TRUE=''
UNWINDLIBS=''
USE_INTERNAL_LIBATOMIC_OPS_FALSE='#'
USE_INTERNAL_LIBATOMIC_OPS_TRUE=''
USE_LIBDIR_FALSE='#'
USE_LIBDIR_TRUE=''
VERSION='7.2'
WIN32_THREADS_FALSE=''
WIN32_THREADS_TRUE='#'
ac_ct_AR='ar'
ac_ct_CC='gcc'
ac_ct_CXX='g++'
ac_ct_DUMPBIN=''
addlibs=''
addobjs=' mach_dep.lo'
am__EXEEXT_FALSE=''
am__EXEEXT_TRUE='#'
am__fastdepCCAS_FALSE='#'
am__fastdepCCAS_TRUE=''
am__fastdepCC_FALSE='#'
am__fastdepCC_TRUE=''
am__fastdepCXX_FALSE='#'
am__fastdepCXX_TRUE=''
am__include='include'
am__isrc=''
am__leading_dot='.'
am__nodep='_no'
am__quote=''
am__tar='$${TAR-tar} chof - "$$tardir"'
am__untar='$${TAR-tar} xf -'
bindir='${exec_prefix}/bin'
build='x86_64-apple-darwin13.2.0'
build_alias=''
build_cpu='x86_64'
build_os='darwin13.2.0'
build_vendor='apple'
datadir='${datarootdir}'
datarootdir='${prefix}/share'
docdir='${datarootdir}/doc/${PACKAGE_TARNAME}'
dvidir='${docdir}'
exec_prefix='${prefix}'
extra_ldflags_libgc='-Wl,-single_module'
host='x86_64-apple-darwin13.2.0'
host_alias=''
host_cpu='x86_64'
host_os='darwin13.2.0'
host_vendor='apple'
htmldir='${docdir}'
includedir='${prefix}/include'
infodir='${datarootdir}/info'
install_sh='${SHELL} /Users/meister/Development/cando/clasp/externals/boehm-7.2/install-sh'
libdir='${exec_prefix}/lib'
libexecdir='${exec_prefix}/libexec'
localedir='${datarootdir}/locale'
localstatedir='${prefix}/var'
mandir='${datarootdir}/man'
mkdir_p='$(MKDIR_P)'
oldincludedir='/usr/include'
pdfdir='${docdir}'
prefix='/Users/meister/Development/cando/clasp/build/cando.app/Contents/Resources/externals/common'
program_transform_name='s,x,x,'
psdir='${docdir}'
sbindir='${exec_prefix}/sbin'
sharedstatedir='${prefix}/com'
subdirs=' libatomic_ops'
sysconfdir='${prefix}/etc'
target='x86_64-apple-darwin13.2.0'
target_alias=''
target_all='libgc.la'
target_cpu='x86_64'
target_os='darwin13.2.0'
target_vendor='apple'

## ----------- ##
## confdefs.h. ##
## ----------- ##

/* confdefs.h */
#define PACKAGE_NAME "gc"
#define PACKAGE_TARNAME "gc"
#define PACKAGE_VERSION "7.2"
#define PACKAGE_STRING "gc 7.2"
#define PACKAGE_BUGREPORT "gc@linux.hpl.hp.com"
#define PACKAGE_URL ""
#define GC_VERSION_MAJOR 7
#define GC_VERSION_MINOR 2
#define PACKAGE "gc"
#define VERSION "7.2"
#define GC_DARWIN_THREADS 1
#define THREAD_LOCAL_ALLOC 1
#define STDC_HEADERS 1
#define HAVE_SYS_TYPES_H 1
#define HAVE_SYS_STAT_H 1
#define HAVE_STDLIB_H 1
#define HAVE_STRING_H 1
#define HAVE_MEMORY_H 1
#define HAVE_STRINGS_H 1
#define HAVE_INTTYPES_H 1
#define HAVE_STDINT_H 1
#define HAVE_UNISTD_H 1
#define HAVE_DLFCN_H 1
#define LT_OBJDIR ".libs/"
#define NO_EXECUTE_PERMISSION 1
#define ALL_INTERIOR_POINTERS 1
#define GC_GCJ_SUPPORT 1
#define JAVA_FINALIZATION 1
#define ATOMIC_UNCOLLECTABLE 1
#define HANDLE_FORK 1

configure: exit 0
