This file contains any messages produced by compilers while
running configure, to aid debugging if configure makes a mistake.

It was created by OTF configure 1.12.3openmpi, which was
generated by GNU Autoconf 2.68.  Invocation command line was

  $ ./configure --with-openmpi-inside --prefix=/home/meister/local/externals-clasp/common --disable-option-checking CFLAGS=-DNDEBUG -g -O2 -finline-functions -fno-strict-aliasing -pthread LDFLAGS=  -L/home/meister/Development/externals-clasp/openmpi-1.6.5/ompi/contrib/vt/vt/../../../.libs LIBS=-lrt -lnsl  -lutil -lm  CPPFLAGS=-DINSIDE_OPENMPI   -I/home/meister/Development/externals-clasp/openmpi-1.6.5/opal/mca/hwloc/hwloc132/hwloc/include   -I/usr/include/infiniband -I/usr/include/infiniband  -I/home/meister/Development/externals-clasp/openmpi-1.6.5/ompi/contrib/vt/vt/../../../include -I/home/meister/Development/externals-clasp/openmpi-1.6.5/ompi/contrib/vt/vt/../../../include CXXFLAGS=-O3 -DNDEBUG -finline-functions -pthread MPICC=gcc MPICXX=g++ --with-mpi --with-mpi-lib=-lmpi --with-zlib-lib=-lz --without-zoidfs --includedir=/home/meister/local/externals-clasp/common/include/vampirtrace --docdir=${prefix}/share/vampirtrace/doc/otf --cache-file=/dev/null --srcdir=. --disable-option-checking

## --------- ##
## Platform. ##
## --------- ##

hostname = compute.temple.edu
uname -m = x86_64
uname -r = 2.6.32-358.18.1.el6.x86_64
uname -s = Linux
uname -v = #1 SMP Fri Aug 2 17:04:38 EDT 2013

/usr/bin/uname -p = unknown
/bin/uname -X     = unknown

/bin/arch              = x86_64
/usr/bin/arch -k       = unknown
/usr/convex/getsysinfo = unknown
/usr/bin/hostinfo      = unknown
/bin/machine           = unknown
/usr/bin/oslevel       = unknown
/bin/universe          = unknown

PATH: /home/meister/local/externals-clasp/release/bin
PATH: /home/meister/local/externals-clasp/common/bin
PATH: /home/meister/local/externals-clasp/release/bin
PATH: /home/meister/local/externals-clasp/common/bin
PATH: /home/meister/local/externals-clasp/release/bin
PATH: /home/meister/local/externals-clasp/common/bin
PATH: /home/meister/local/bin
PATH: /home/meister/local/gdb-7.7/bin
PATH: /home/meister/local/valgrind-3.9.0/bin
PATH: /home/meister/local/gcc-4.8.3/bin
PATH: /usr/lib64/qt-3.3/bin
PATH: /opt/apps/MATLAB-R2012a/bin
PATH: /opt/apps/stata13
PATH: /opt/apps/sas-9.4/SASFoundation/9.4
PATH: /usr/local/bin
PATH: /bin
PATH: /usr/bin
PATH: /usr/local/sbin
PATH: /usr/sbin
PATH: /sbin
PATH: /home/meister/bin
PATH: /home/meister/Development/clasp/build/cando.app/Contents/bin
PATH: /home/meister/Development/clasp/build/cando.app/Contents/Resources/bin
PATH: /home/meister/Development/clasp/build/cando.app/Contents/Resources/externals/common/bin
PATH: /home/meister/Development/clasp/build/cando.app/Contents/Resources/externals/release/bin
PATH: /home/meister/Development/clasp/build/cando.app/Contents/Resources/externals/release/bin
PATH: /home/meister/Development/clasp/build/cando.app/Contents/Resources/externals/release/bin


## ----------- ##
## Core tests. ##
## ----------- ##

configure:2861: checking build system type
configure:2875: result: x86_64-unknown-linux-gnu
configure:2895: checking host system type
configure:2908: result: x86_64-unknown-linux-gnu
configure:2928: checking target system type
configure:2941: result: x86_64-unknown-linux-gnu
configure:2984: checking for a BSD-compatible install
configure:3052: result: /usr/bin/install -c
configure:3063: checking whether build environment is sane
configure:3113: result: yes
configure:3254: checking for a thread-safe mkdir -p
configure:3293: result: /bin/mkdir -p
configure:3306: checking for gawk
configure:3322: found /bin/gawk
configure:3333: result: gawk
configure:3344: checking whether make sets $(MAKE)
configure:3366: result: yes
configure:3461: checking whether make supports nested variables
configure:3478: result: yes
configure:3580: checking for g++
configure:3596: found /home/meister/local/gcc-4.8.3/bin/g++
configure:3607: result: g++
configure:3634: checking for C++ compiler version
configure:3643: g++ --version >&5
g++ (GCC) 4.8.3
Copyright (C) 2013 Free Software Foundation, Inc.
This is free software; see the source for copying conditions.  There is NO
warranty; not even for MERCHANTABILITY or FITNESS FOR A PARTICULAR PURPOSE.

configure:3654: $? = 0
configure:3643: g++ -v >&5
Using built-in specs.
COLLECT_GCC=g++
COLLECT_LTO_WRAPPER=/home/meister/local/gcc-4.8.3/libexec/gcc/x86_64-redhat-linux/4.8.3/lto-wrapper
Target: x86_64-redhat-linux
Configured with: ./configure --prefix=/home/meister/local/gcc-4.8.3 --with-gmp=/home/meister/local/gmp-6.0.0 --with-mpfr=/home/meister/local/mpfr-3.1.2 --with-mpc=/home/meister/local/mpc-1.0.2 --build=x86_64-redhat-linux --disable-multilib --enable-languages=c,c++ --enable-targets=x86_64-redhat-linux
Thread model: posix
gcc version 4.8.3 (GCC) 
configure:3654: $? = 0
configure:3643: g++ -V >&5
g++: error: unrecognized command line option '-V'
g++: fatal error: no input files
compilation terminated.
configure:3654: $? = 1
configure:3643: g++ -qversion >&5
g++: error: unrecognized command line option '-qversion'
g++: fatal error: no input files
compilation terminated.
configure:3654: $? = 1
configure:3674: checking whether the C++ compiler works
configure:3696: g++ -O3 -DNDEBUG -finline-functions -pthread -DINSIDE_OPENMPI -DINSIDE_OPENMPI   -I/home/meister/Development/externals-clasp/openmpi-1.6.5/opal/mca/hwloc/hwloc132/hwloc/include   -I/usr/include/infiniband -I/usr/include/infiniband  -I/home/meister/Development/externals-clasp/openmpi-1.6.5/ompi/contrib/vt/vt/../../../include -I/home/meister/Development/externals-clasp/openmpi-1.6.5/ompi/contrib/vt/vt/../../../include   -L/home/meister/Development/externals-clasp/openmpi-1.6.5/ompi/contrib/vt/vt/../../../.libs conftest.cpp -lrt -lnsl  -lutil -lm  >&5
configure:3700: $? = 0
configure:3748: result: yes
configure:3751: checking for C++ compiler default output file name
configure:3753: result: a.out
configure:3759: checking for suffix of executables
configure:3766: g++ -o conftest -O3 -DNDEBUG -finline-functions -pthread -DINSIDE_OPENMPI -DINSIDE_OPENMPI   -I/home/meister/Development/externals-clasp/openmpi-1.6.5/opal/mca/hwloc/hwloc132/hwloc/include   -I/usr/include/infiniband -I/usr/include/infiniband  -I/home/meister/Development/externals-clasp/openmpi-1.6.5/ompi/contrib/vt/vt/../../../include -I/home/meister/Development/externals-clasp/openmpi-1.6.5/ompi/contrib/vt/vt/../../../include   -L/home/meister/Development/externals-clasp/openmpi-1.6.5/ompi/contrib/vt/vt/../../../.libs conftest.cpp -lrt -lnsl  -lutil -lm  >&5
configure:3770: $? = 0
configure:3792: result: 
configure:3814: checking whether we are cross compiling
configure:3822: g++ -o conftest -O3 -DNDEBUG -finline-functions -pthread -DINSIDE_OPENMPI -DINSIDE_OPENMPI   -I/home/meister/Development/externals-clasp/openmpi-1.6.5/opal/mca/hwloc/hwloc132/hwloc/include   -I/usr/include/infiniband -I/usr/include/infiniband  -I/home/meister/Development/externals-clasp/openmpi-1.6.5/ompi/contrib/vt/vt/../../../include -I/home/meister/Development/externals-clasp/openmpi-1.6.5/ompi/contrib/vt/vt/../../../include   -L/home/meister/Development/externals-clasp/openmpi-1.6.5/ompi/contrib/vt/vt/../../../.libs conftest.cpp -lrt -lnsl  -lutil -lm  >&5
configure:3826: $? = 0
configure:3833: ./conftest
configure:3837: $? = 0
configure:3852: result: no
configure:3857: checking for suffix of object files
configure:3879: g++ -c -O3 -DNDEBUG -finline-functions -pthread -DINSIDE_OPENMPI -DINSIDE_OPENMPI   -I/home/meister/Development/externals-clasp/openmpi-1.6.5/opal/mca/hwloc/hwloc132/hwloc/include   -I/usr/include/infiniband -I/usr/include/infiniband  -I/home/meister/Development/externals-clasp/openmpi-1.6.5/ompi/contrib/vt/vt/../../../include -I/home/meister/Development/externals-clasp/openmpi-1.6.5/ompi/contrib/vt/vt/../../../include conftest.cpp >&5
configure:3883: $? = 0
configure:3904: result: o
configure:3908: checking whether we are using the GNU C++ compiler
configure:3927: g++ -c -O3 -DNDEBUG -finline-functions -pthread -DINSIDE_OPENMPI -DINSIDE_OPENMPI   -I/home/meister/Development/externals-clasp/openmpi-1.6.5/opal/mca/hwloc/hwloc132/hwloc/include   -I/usr/include/infiniband -I/usr/include/infiniband  -I/home/meister/Development/externals-clasp/openmpi-1.6.5/ompi/contrib/vt/vt/../../../include -I/home/meister/Development/externals-clasp/openmpi-1.6.5/ompi/contrib/vt/vt/../../../include conftest.cpp >&5
configure:3927: $? = 0
configure:3936: result: yes
configure:3945: checking whether g++ accepts -g
configure:3965: g++ -c -g -DINSIDE_OPENMPI -DINSIDE_OPENMPI   -I/home/meister/Development/externals-clasp/openmpi-1.6.5/opal/mca/hwloc/hwloc132/hwloc/include   -I/usr/include/infiniband -I/usr/include/infiniband  -I/home/meister/Development/externals-clasp/openmpi-1.6.5/ompi/contrib/vt/vt/../../../include -I/home/meister/Development/externals-clasp/openmpi-1.6.5/ompi/contrib/vt/vt/../../../include conftest.cpp >&5
configure:3965: $? = 0
configure:4006: result: yes
configure:4040: checking for style of include used by make
configure:4068: result: GNU
configure:4094: checking dependency style of g++
configure:4205: result: gcc3
configure:4268: checking for gcc
configure:4284: found /home/meister/local/gcc-4.8.3/bin/gcc
configure:4295: result: gcc
configure:4524: checking for C compiler version
configure:4533: gcc --version >&5
gcc (GCC) 4.8.3
Copyright (C) 2013 Free Software Foundation, Inc.
This is free software; see the source for copying conditions.  There is NO
warranty; not even for MERCHANTABILITY or FITNESS FOR A PARTICULAR PURPOSE.

configure:4544: $? = 0
configure:4533: gcc -v >&5
Using built-in specs.
COLLECT_GCC=gcc
COLLECT_LTO_WRAPPER=/home/meister/local/gcc-4.8.3/libexec/gcc/x86_64-redhat-linux/4.8.3/lto-wrapper
Target: x86_64-redhat-linux
Configured with: ./configure --prefix=/home/meister/local/gcc-4.8.3 --with-gmp=/home/meister/local/gmp-6.0.0 --with-mpfr=/home/meister/local/mpfr-3.1.2 --with-mpc=/home/meister/local/mpc-1.0.2 --build=x86_64-redhat-linux --disable-multilib --enable-languages=c,c++ --enable-targets=x86_64-redhat-linux
Thread model: posix
gcc version 4.8.3 (GCC) 
configure:4544: $? = 0
configure:4533: gcc -V >&5
gcc: error: unrecognized command line option '-V'
gcc: fatal error: no input files
compilation terminated.
configure:4544: $? = 1
configure:4533: gcc -qversion >&5
gcc: error: unrecognized command line option '-qversion'
gcc: fatal error: no input files
compilation terminated.
configure:4544: $? = 1
configure:4548: checking whether we are using the GNU C compiler
configure:4567: gcc -c -DNDEBUG -g -O2 -finline-functions -fno-strict-aliasing -pthread -DINSIDE_OPENMPI -DINSIDE_OPENMPI   -I/home/meister/Development/externals-clasp/openmpi-1.6.5/opal/mca/hwloc/hwloc132/hwloc/include   -I/usr/include/infiniband -I/usr/include/infiniband  -I/home/meister/Development/externals-clasp/openmpi-1.6.5/ompi/contrib/vt/vt/../../../include -I/home/meister/Development/externals-clasp/openmpi-1.6.5/ompi/contrib/vt/vt/../../../include conftest.c >&5
configure:4567: $? = 0
configure:4576: result: yes
configure:4585: checking whether gcc accepts -g
configure:4605: gcc -c -g -DINSIDE_OPENMPI -DINSIDE_OPENMPI   -I/home/meister/Development/externals-clasp/openmpi-1.6.5/opal/mca/hwloc/hwloc132/hwloc/include   -I/usr/include/infiniband -I/usr/include/infiniband  -I/home/meister/Development/externals-clasp/openmpi-1.6.5/ompi/contrib/vt/vt/../../../include -I/home/meister/Development/externals-clasp/openmpi-1.6.5/ompi/contrib/vt/vt/../../../include conftest.c >&5
configure:4605: $? = 0
configure:4646: result: yes
configure:4663: checking for gcc option to accept ISO C89
configure:4727: gcc  -c -DNDEBUG -g -O2 -finline-functions -fno-strict-aliasing -pthread -DINSIDE_OPENMPI -DINSIDE_OPENMPI   -I/home/meister/Development/externals-clasp/openmpi-1.6.5/opal/mca/hwloc/hwloc132/hwloc/include   -I/usr/include/infiniband -I/usr/include/infiniband  -I/home/meister/Development/externals-clasp/openmpi-1.6.5/ompi/contrib/vt/vt/../../../include -I/home/meister/Development/externals-clasp/openmpi-1.6.5/ompi/contrib/vt/vt/../../../include conftest.c >&5
configure:4727: $? = 0
configure:4740: result: none needed
configure:4762: checking dependency style of gcc
configure:4873: result: gcc3
configure:4941: checking how to print strings
configure:4968: result: printf
configure:4989: checking for a sed that does not truncate output
configure:5053: result: /bin/sed
configure:5071: checking for grep that handles long lines and -e
configure:5129: result: /bin/grep
configure:5134: checking for egrep
configure:5196: result: /bin/grep -E
configure:5201: checking for fgrep
configure:5263: result: /bin/grep -F
configure:5298: checking for ld used by gcc
configure:5365: result: /usr/bin/ld
configure:5372: checking if the linker (/usr/bin/ld) is GNU ld
configure:5387: result: yes
configure:5399: checking for BSD- or MS-compatible name lister (nm)
configure:5448: result: /usr/bin/nm -B
configure:5578: checking the name lister (/usr/bin/nm -B) interface
configure:5585: gcc -c -DNDEBUG -g -O2 -finline-functions -fno-strict-aliasing -pthread -DINSIDE_OPENMPI -DINSIDE_OPENMPI   -I/home/meister/Development/externals-clasp/openmpi-1.6.5/opal/mca/hwloc/hwloc132/hwloc/include   -I/usr/include/infiniband -I/usr/include/infiniband  -I/home/meister/Development/externals-clasp/openmpi-1.6.5/ompi/contrib/vt/vt/../../../include -I/home/meister/Development/externals-clasp/openmpi-1.6.5/ompi/contrib/vt/vt/../../../include conftest.c >&5
configure:5588: /usr/bin/nm -B "conftest.o"
configure:5591: output
0000000000000000 B some_variable
configure:5598: result: BSD nm
configure:5601: checking whether ln -s works
configure:5605: result: yes
configure:5613: checking the maximum length of command line arguments
configure:5743: result: 3145728
configure:5760: checking whether the shell understands some XSI constructs
configure:5770: result: yes
configure:5774: checking whether the shell understands "+="
configure:5780: result: yes
configure:5815: checking how to convert x86_64-unknown-linux-gnu file names to x86_64-unknown-linux-gnu format
configure:5855: result: func_convert_file_noop
configure:5862: checking how to convert x86_64-unknown-linux-gnu file names to toolchain format
configure:5882: result: func_convert_file_noop
configure:5889: checking for /usr/bin/ld option to reload object files
configure:5896: result: -r
configure:5970: checking for objdump
configure:5986: found /usr/bin/objdump
configure:5997: result: objdump
configure:6029: checking how to recognize dependent libraries
configure:6231: result: pass_all
configure:6316: checking for dlltool
configure:6346: result: no
configure:6376: checking how to associate runtime and link libraries
configure:6403: result: printf %s\n
configure:6464: checking for ar
configure:6480: found /usr/bin/ar
configure:6491: result: ar
configure:6528: checking for archiver @FILE support
configure:6545: gcc -c -DNDEBUG -g -O2 -finline-functions -fno-strict-aliasing -pthread -DINSIDE_OPENMPI -DINSIDE_OPENMPI   -I/home/meister/Development/externals-clasp/openmpi-1.6.5/opal/mca/hwloc/hwloc132/hwloc/include   -I/usr/include/infiniband -I/usr/include/infiniband  -I/home/meister/Development/externals-clasp/openmpi-1.6.5/ompi/contrib/vt/vt/../../../include -I/home/meister/Development/externals-clasp/openmpi-1.6.5/ompi/contrib/vt/vt/../../../include conftest.c >&5
configure:6545: $? = 0
configure:6548: ar cru libconftest.a @conftest.lst >&5
configure:6551: $? = 0
configure:6556: ar cru libconftest.a @conftest.lst >&5
ar: conftest.o: No such file or directory
configure:6559: $? = 1
configure:6571: result: @
configure:6629: checking for strip
configure:6645: found /usr/bin/strip
configure:6656: result: strip
configure:6728: checking for ranlib
configure:6744: found /usr/bin/ranlib
configure:6755: result: ranlib
configure:6857: checking command to parse /usr/bin/nm -B output from gcc object
configure:6977: gcc -c -DNDEBUG -g -O2 -finline-functions -fno-strict-aliasing -pthread -DINSIDE_OPENMPI -DINSIDE_OPENMPI   -I/home/meister/Development/externals-clasp/openmpi-1.6.5/opal/mca/hwloc/hwloc132/hwloc/include   -I/usr/include/infiniband -I/usr/include/infiniband  -I/home/meister/Development/externals-clasp/openmpi-1.6.5/ompi/contrib/vt/vt/../../../include -I/home/meister/Development/externals-clasp/openmpi-1.6.5/ompi/contrib/vt/vt/../../../include conftest.c >&5
configure:6980: $? = 0
configure:6984: /usr/bin/nm -B conftest.o \| sed -n -e 's/^.*[ ]\([ABCDGIRSTW][ABCDGIRSTW]*\)[ ][ ]*\([_A-Za-z][_A-Za-z0-9]*\)$/\1 \2 \2/p' | sed '/ __gnu_lto/d' \> conftest.nm
configure:6987: $? = 0
configure:7053: gcc -o conftest -DNDEBUG -g -O2 -finline-functions -fno-strict-aliasing -pthread -DINSIDE_OPENMPI -DINSIDE_OPENMPI   -I/home/meister/Development/externals-clasp/openmpi-1.6.5/opal/mca/hwloc/hwloc132/hwloc/include   -I/usr/include/infiniband -I/usr/include/infiniband  -I/home/meister/Development/externals-clasp/openmpi-1.6.5/ompi/contrib/vt/vt/../../../include -I/home/meister/Development/externals-clasp/openmpi-1.6.5/ompi/contrib/vt/vt/../../../include   -L/home/meister/Development/externals-clasp/openmpi-1.6.5/ompi/contrib/vt/vt/../../../.libs conftest.c conftstm.o >&5
configure:7056: $? = 0
configure:7094: result: ok
configure:7131: checking for sysroot
configure:7161: result: no
configure:7238: gcc -c -DNDEBUG -g -O2 -finline-functions -fno-strict-aliasing -pthread -DINSIDE_OPENMPI -DINSIDE_OPENMPI   -I/home/meister/Development/externals-clasp/openmpi-1.6.5/opal/mca/hwloc/hwloc132/hwloc/include   -I/usr/include/infiniband -I/usr/include/infiniband  -I/home/meister/Development/externals-clasp/openmpi-1.6.5/ompi/contrib/vt/vt/../../../include -I/home/meister/Development/externals-clasp/openmpi-1.6.5/ompi/contrib/vt/vt/../../../include conftest.c >&5
configure:7241: $? = 0
configure:7417: checking for mt
configure:7447: result: no
configure:7467: checking if : is a manifest tool
configure:7473: : '-?'
configure:7481: result: no
configure:8123: checking how to run the C preprocessor
configure:8154: gcc -E -DINSIDE_OPENMPI -DINSIDE_OPENMPI   -I/home/meister/Development/externals-clasp/openmpi-1.6.5/opal/mca/hwloc/hwloc132/hwloc/include   -I/usr/include/infiniband -I/usr/include/infiniband  -I/home/meister/Development/externals-clasp/openmpi-1.6.5/ompi/contrib/vt/vt/../../../include -I/home/meister/Development/externals-clasp/openmpi-1.6.5/ompi/contrib/vt/vt/../../../include conftest.c
configure:8154: $? = 0
configure:8168: gcc -E -DINSIDE_OPENMPI -DINSIDE_OPENMPI   -I/home/meister/Development/externals-clasp/openmpi-1.6.5/opal/mca/hwloc/hwloc132/hwloc/include   -I/usr/include/infiniband -I/usr/include/infiniband  -I/home/meister/Development/externals-clasp/openmpi-1.6.5/ompi/contrib/vt/vt/../../../include -I/home/meister/Development/externals-clasp/openmpi-1.6.5/ompi/contrib/vt/vt/../../../include conftest.c
conftest.c:11:28: fatal error: ac_nonexistent.h: No such file or directory
 #include <ac_nonexistent.h>
                            ^
compilation terminated.
configure:8168: $? = 1
configure: failed program was:
| /* confdefs.h */
| #define PACKAGE_NAME "OTF"
| #define PACKAGE_TARNAME "OTF"
| #define PACKAGE_VERSION "1.12.3openmpi"
| #define PACKAGE_STRING "OTF 1.12.3openmpi"
| #define PACKAGE_BUGREPORT "andreas.knuepfer@tu-dresden.de"
| #define PACKAGE_URL ""
| #define PACKAGE "OTF"
| #define VERSION "1.12.3openmpi"
| /* end confdefs.h.  */
| #include <ac_nonexistent.h>
configure:8193: result: gcc -E
configure:8213: gcc -E -DINSIDE_OPENMPI -DINSIDE_OPENMPI   -I/home/meister/Development/externals-clasp/openmpi-1.6.5/opal/mca/hwloc/hwloc132/hwloc/include   -I/usr/include/infiniband -I/usr/include/infiniband  -I/home/meister/Development/externals-clasp/openmpi-1.6.5/ompi/contrib/vt/vt/../../../include -I/home/meister/Development/externals-clasp/openmpi-1.6.5/ompi/contrib/vt/vt/../../../include conftest.c
configure:8213: $? = 0
configure:8227: gcc -E -DINSIDE_OPENMPI -DINSIDE_OPENMPI   -I/home/meister/Development/externals-clasp/openmpi-1.6.5/opal/mca/hwloc/hwloc132/hwloc/include   -I/usr/include/infiniband -I/usr/include/infiniband  -I/home/meister/Development/externals-clasp/openmpi-1.6.5/ompi/contrib/vt/vt/../../../include -I/home/meister/Development/externals-clasp/openmpi-1.6.5/ompi/contrib/vt/vt/../../../include conftest.c
conftest.c:11:28: fatal error: ac_nonexistent.h: No such file or directory
 #include <ac_nonexistent.h>
                            ^
compilation terminated.
configure:8227: $? = 1
configure: failed program was:
| /* confdefs.h */
| #define PACKAGE_NAME "OTF"
| #define PACKAGE_TARNAME "OTF"
| #define PACKAGE_VERSION "1.12.3openmpi"
| #define PACKAGE_STRING "OTF 1.12.3openmpi"
| #define PACKAGE_BUGREPORT "andreas.knuepfer@tu-dresden.de"
| #define PACKAGE_URL ""
| #define PACKAGE "OTF"
| #define VERSION "1.12.3openmpi"
| /* end confdefs.h.  */
| #include <ac_nonexistent.h>
configure:8256: checking for ANSI C header files
configure:8276: gcc -c -DNDEBUG -g -O2 -finline-functions -fno-strict-aliasing -pthread -DINSIDE_OPENMPI -DINSIDE_OPENMPI   -I/home/meister/Development/externals-clasp/openmpi-1.6.5/opal/mca/hwloc/hwloc132/hwloc/include   -I/usr/include/infiniband -I/usr/include/infiniband  -I/home/meister/Development/externals-clasp/openmpi-1.6.5/ompi/contrib/vt/vt/../../../include -I/home/meister/Development/externals-clasp/openmpi-1.6.5/ompi/contrib/vt/vt/../../../include conftest.c >&5
configure:8276: $? = 0
configure:8349: gcc -o conftest -DNDEBUG -g -O2 -finline-functions -fno-strict-aliasing -pthread -DINSIDE_OPENMPI -DINSIDE_OPENMPI   -I/home/meister/Development/externals-clasp/openmpi-1.6.5/opal/mca/hwloc/hwloc132/hwloc/include   -I/usr/include/infiniband -I/usr/include/infiniband  -I/home/meister/Development/externals-clasp/openmpi-1.6.5/ompi/contrib/vt/vt/../../../include -I/home/meister/Development/externals-clasp/openmpi-1.6.5/ompi/contrib/vt/vt/../../../include   -L/home/meister/Development/externals-clasp/openmpi-1.6.5/ompi/contrib/vt/vt/../../../.libs conftest.c -lrt -lnsl  -lutil -lm  >&5
configure:8349: $? = 0
configure:8349: ./conftest
configure:8349: $? = 0
configure:8360: result: yes
configure:8373: checking for sys/types.h
configure:8373: gcc -c -DNDEBUG -g -O2 -finline-functions -fno-strict-aliasing -pthread -DINSIDE_OPENMPI -DINSIDE_OPENMPI   -I/home/meister/Development/externals-clasp/openmpi-1.6.5/opal/mca/hwloc/hwloc132/hwloc/include   -I/usr/include/infiniband -I/usr/include/infiniband  -I/home/meister/Development/externals-clasp/openmpi-1.6.5/ompi/contrib/vt/vt/../../../include -I/home/meister/Development/externals-clasp/openmpi-1.6.5/ompi/contrib/vt/vt/../../../include conftest.c >&5
configure:8373: $? = 0
configure:8373: result: yes
configure:8373: checking for sys/stat.h
configure:8373: gcc -c -DNDEBUG -g -O2 -finline-functions -fno-strict-aliasing -pthread -DINSIDE_OPENMPI -DINSIDE_OPENMPI   -I/home/meister/Development/externals-clasp/openmpi-1.6.5/opal/mca/hwloc/hwloc132/hwloc/include   -I/usr/include/infiniband -I/usr/include/infiniband  -I/home/meister/Development/externals-clasp/openmpi-1.6.5/ompi/contrib/vt/vt/../../../include -I/home/meister/Development/externals-clasp/openmpi-1.6.5/ompi/contrib/vt/vt/../../../include conftest.c >&5
configure:8373: $? = 0
configure:8373: result: yes
configure:8373: checking for stdlib.h
configure:8373: gcc -c -DNDEBUG -g -O2 -finline-functions -fno-strict-aliasing -pthread -DINSIDE_OPENMPI -DINSIDE_OPENMPI   -I/home/meister/Development/externals-clasp/openmpi-1.6.5/opal/mca/hwloc/hwloc132/hwloc/include   -I/usr/include/infiniband -I/usr/include/infiniband  -I/home/meister/Development/externals-clasp/openmpi-1.6.5/ompi/contrib/vt/vt/../../../include -I/home/meister/Development/externals-clasp/openmpi-1.6.5/ompi/contrib/vt/vt/../../../include conftest.c >&5
configure:8373: $? = 0
configure:8373: result: yes
configure:8373: checking for string.h
configure:8373: gcc -c -DNDEBUG -g -O2 -finline-functions -fno-strict-aliasing -pthread -DINSIDE_OPENMPI -DINSIDE_OPENMPI   -I/home/meister/Development/externals-clasp/openmpi-1.6.5/opal/mca/hwloc/hwloc132/hwloc/include   -I/usr/include/infiniband -I/usr/include/infiniband  -I/home/meister/Development/externals-clasp/openmpi-1.6.5/ompi/contrib/vt/vt/../../../include -I/home/meister/Development/externals-clasp/openmpi-1.6.5/ompi/contrib/vt/vt/../../../include conftest.c >&5
configure:8373: $? = 0
configure:8373: result: yes
configure:8373: checking for memory.h
configure:8373: gcc -c -DNDEBUG -g -O2 -finline-functions -fno-strict-aliasing -pthread -DINSIDE_OPENMPI -DINSIDE_OPENMPI   -I/home/meister/Development/externals-clasp/openmpi-1.6.5/opal/mca/hwloc/hwloc132/hwloc/include   -I/usr/include/infiniband -I/usr/include/infiniband  -I/home/meister/Development/externals-clasp/openmpi-1.6.5/ompi/contrib/vt/vt/../../../include -I/home/meister/Development/externals-clasp/openmpi-1.6.5/ompi/contrib/vt/vt/../../../include conftest.c >&5
configure:8373: $? = 0
configure:8373: result: yes
configure:8373: checking for strings.h
configure:8373: gcc -c -DNDEBUG -g -O2 -finline-functions -fno-strict-aliasing -pthread -DINSIDE_OPENMPI -DINSIDE_OPENMPI   -I/home/meister/Development/externals-clasp/openmpi-1.6.5/opal/mca/hwloc/hwloc132/hwloc/include   -I/usr/include/infiniband -I/usr/include/infiniband  -I/home/meister/Development/externals-clasp/openmpi-1.6.5/ompi/contrib/vt/vt/../../../include -I/home/meister/Development/externals-clasp/openmpi-1.6.5/ompi/contrib/vt/vt/../../../include conftest.c >&5
configure:8373: $? = 0
configure:8373: result: yes
configure:8373: checking for inttypes.h
configure:8373: gcc -c -DNDEBUG -g -O2 -finline-functions -fno-strict-aliasing -pthread -DINSIDE_OPENMPI -DINSIDE_OPENMPI   -I/home/meister/Development/externals-clasp/openmpi-1.6.5/opal/mca/hwloc/hwloc132/hwloc/include   -I/usr/include/infiniband -I/usr/include/infiniband  -I/home/meister/Development/externals-clasp/openmpi-1.6.5/ompi/contrib/vt/vt/../../../include -I/home/meister/Development/externals-clasp/openmpi-1.6.5/ompi/contrib/vt/vt/../../../include conftest.c >&5
configure:8373: $? = 0
configure:8373: result: yes
configure:8373: checking for stdint.h
configure:8373: gcc -c -DNDEBUG -g -O2 -finline-functions -fno-strict-aliasing -pthread -DINSIDE_OPENMPI -DINSIDE_OPENMPI   -I/home/meister/Development/externals-clasp/openmpi-1.6.5/opal/mca/hwloc/hwloc132/hwloc/include   -I/usr/include/infiniband -I/usr/include/infiniband  -I/home/meister/Development/externals-clasp/openmpi-1.6.5/ompi/contrib/vt/vt/../../../include -I/home/meister/Development/externals-clasp/openmpi-1.6.5/ompi/contrib/vt/vt/../../../include conftest.c >&5
configure:8373: $? = 0
configure:8373: result: yes
configure:8373: checking for unistd.h
configure:8373: gcc -c -DNDEBUG -g -O2 -finline-functions -fno-strict-aliasing -pthread -DINSIDE_OPENMPI -DINSIDE_OPENMPI   -I/home/meister/Development/externals-clasp/openmpi-1.6.5/opal/mca/hwloc/hwloc132/hwloc/include   -I/usr/include/infiniband -I/usr/include/infiniband  -I/home/meister/Development/externals-clasp/openmpi-1.6.5/ompi/contrib/vt/vt/../../../include -I/home/meister/Development/externals-clasp/openmpi-1.6.5/ompi/contrib/vt/vt/../../../include conftest.c >&5
configure:8373: $? = 0
configure:8373: result: yes
configure:8387: checking for dlfcn.h
configure:8387: gcc -c -DNDEBUG -g -O2 -finline-functions -fno-strict-aliasing -pthread -DINSIDE_OPENMPI -DINSIDE_OPENMPI   -I/home/meister/Development/externals-clasp/openmpi-1.6.5/opal/mca/hwloc/hwloc132/hwloc/include   -I/usr/include/infiniband -I/usr/include/infiniband  -I/home/meister/Development/externals-clasp/openmpi-1.6.5/ompi/contrib/vt/vt/../../../include -I/home/meister/Development/externals-clasp/openmpi-1.6.5/ompi/contrib/vt/vt/../../../include conftest.c >&5
configure:8387: $? = 0
configure:8387: result: yes
configure:8604: checking for objdir
configure:8619: result: .libs
configure:8886: checking if gcc supports -fno-rtti -fno-exceptions
configure:8904: gcc -c -DNDEBUG -g -O2 -finline-functions -fno-strict-aliasing -pthread -DINSIDE_OPENMPI -DINSIDE_OPENMPI   -I/home/meister/Development/externals-clasp/openmpi-1.6.5/opal/mca/hwloc/hwloc132/hwloc/include   -I/usr/include/infiniband -I/usr/include/infiniband  -I/home/meister/Development/externals-clasp/openmpi-1.6.5/ompi/contrib/vt/vt/../../../include -I/home/meister/Development/externals-clasp/openmpi-1.6.5/ompi/contrib/vt/vt/../../../include -fno-rtti -fno-exceptions conftest.c >&5
cc1: warning: command line option '-fno-rtti' is valid for C++/ObjC++ but not for C [enabled by default]
configure:8908: $? = 0
configure:8921: result: no
configure:9248: checking for gcc option to produce PIC
configure:9255: result: -fPIC -DPIC
configure:9263: checking if gcc PIC flag -fPIC -DPIC works
configure:9281: gcc -c -DNDEBUG -g -O2 -finline-functions -fno-strict-aliasing -pthread -DINSIDE_OPENMPI -DINSIDE_OPENMPI   -I/home/meister/Development/externals-clasp/openmpi-1.6.5/opal/mca/hwloc/hwloc132/hwloc/include   -I/usr/include/infiniband -I/usr/include/infiniband  -I/home/meister/Development/externals-clasp/openmpi-1.6.5/ompi/contrib/vt/vt/../../../include -I/home/meister/Development/externals-clasp/openmpi-1.6.5/ompi/contrib/vt/vt/../../../include -fPIC -DPIC -DPIC conftest.c >&5
configure:9285: $? = 0
configure:9298: result: yes
configure:9327: checking if gcc static flag -static works
configure:9355: result: no
configure:9370: checking if gcc supports -c -o file.o
configure:9391: gcc -c -DNDEBUG -g -O2 -finline-functions -fno-strict-aliasing -pthread -DINSIDE_OPENMPI -DINSIDE_OPENMPI   -I/home/meister/Development/externals-clasp/openmpi-1.6.5/opal/mca/hwloc/hwloc132/hwloc/include   -I/usr/include/infiniband -I/usr/include/infiniband  -I/home/meister/Development/externals-clasp/openmpi-1.6.5/ompi/contrib/vt/vt/../../../include -I/home/meister/Development/externals-clasp/openmpi-1.6.5/ompi/contrib/vt/vt/../../../include -o out/conftest2.o conftest.c >&5
configure:9395: $? = 0
configure:9417: result: yes
configure:9425: checking if gcc supports -c -o file.o
configure:9472: result: yes
configure:9505: checking whether the gcc linker (/usr/bin/ld -m elf_x86_64) supports shared libraries
configure:10658: result: yes
configure:10695: checking whether -lc should be explicitly linked in
configure:10703: gcc -c -DNDEBUG -g -O2 -finline-functions -fno-strict-aliasing -pthread -DINSIDE_OPENMPI -DINSIDE_OPENMPI   -I/home/meister/Development/externals-clasp/openmpi-1.6.5/opal/mca/hwloc/hwloc132/hwloc/include   -I/usr/include/infiniband -I/usr/include/infiniband  -I/home/meister/Development/externals-clasp/openmpi-1.6.5/ompi/contrib/vt/vt/../../../include -I/home/meister/Development/externals-clasp/openmpi-1.6.5/ompi/contrib/vt/vt/../../../include conftest.c >&5
configure:10706: $? = 0
configure:10721: gcc -shared  -fPIC -DPIC conftest.o  -v -Wl,-soname -Wl,conftest -o conftest 2\>\&1 \| /bin/grep  -lc  \>/dev/null 2\>\&1
configure:10724: $? = 0
configure:10738: result: no
configure:10898: checking dynamic linker characteristics
configure:11409: gcc -o conftest -DNDEBUG -g -O2 -finline-functions -fno-strict-aliasing -pthread -DINSIDE_OPENMPI -DINSIDE_OPENMPI   -I/home/meister/Development/externals-clasp/openmpi-1.6.5/opal/mca/hwloc/hwloc132/hwloc/include   -I/usr/include/infiniband -I/usr/include/infiniband  -I/home/meister/Development/externals-clasp/openmpi-1.6.5/ompi/contrib/vt/vt/../../../include -I/home/meister/Development/externals-clasp/openmpi-1.6.5/ompi/contrib/vt/vt/../../../include   -L/home/meister/Development/externals-clasp/openmpi-1.6.5/ompi/contrib/vt/vt/../../../.libs -Wl,-rpath -Wl,/foo conftest.c -lrt -lnsl  -lutil -lm  >&5
configure:11409: $? = 0
configure:11631: result: GNU/Linux ld.so
configure:11738: checking how to hardcode library paths into programs
configure:11763: result: immediate
configure:12303: checking whether stripping libraries is possible
configure:12308: result: yes
configure:12343: checking if libtool supports shared libraries
configure:12345: result: yes
configure:12348: checking whether to build shared libraries
configure:12369: result: yes
configure:12372: checking whether to build static libraries
configure:12376: result: yes
configure:12399: checking how to run the C++ preprocessor
configure:12426: g++ -E -DINSIDE_OPENMPI -DINSIDE_OPENMPI   -I/home/meister/Development/externals-clasp/openmpi-1.6.5/opal/mca/hwloc/hwloc132/hwloc/include   -I/usr/include/infiniband -I/usr/include/infiniband  -I/home/meister/Development/externals-clasp/openmpi-1.6.5/ompi/contrib/vt/vt/../../../include -I/home/meister/Development/externals-clasp/openmpi-1.6.5/ompi/contrib/vt/vt/../../../include conftest.cpp
configure:12426: $? = 0
configure:12440: g++ -E -DINSIDE_OPENMPI -DINSIDE_OPENMPI   -I/home/meister/Development/externals-clasp/openmpi-1.6.5/opal/mca/hwloc/hwloc132/hwloc/include   -I/usr/include/infiniband -I/usr/include/infiniband  -I/home/meister/Development/externals-clasp/openmpi-1.6.5/ompi/contrib/vt/vt/../../../include -I/home/meister/Development/externals-clasp/openmpi-1.6.5/ompi/contrib/vt/vt/../../../include conftest.cpp
conftest.cpp:23:28: fatal error: ac_nonexistent.h: No such file or directory
 #include <ac_nonexistent.h>
                            ^
compilation terminated.
configure:12440: $? = 1
configure: failed program was:
| /* confdefs.h */
| #define PACKAGE_NAME "OTF"
| #define PACKAGE_TARNAME "OTF"
| #define PACKAGE_VERSION "1.12.3openmpi"
| #define PACKAGE_STRING "OTF 1.12.3openmpi"
| #define PACKAGE_BUGREPORT "andreas.knuepfer@tu-dresden.de"
| #define PACKAGE_URL ""
| #define PACKAGE "OTF"
| #define VERSION "1.12.3openmpi"
| #define STDC_HEADERS 1
| #define HAVE_SYS_TYPES_H 1
| #define HAVE_SYS_STAT_H 1
| #define HAVE_STDLIB_H 1
| #define HAVE_STRING_H 1
| #define HAVE_MEMORY_H 1
| #define HAVE_STRINGS_H 1
| #define HAVE_INTTYPES_H 1
| #define HAVE_STDINT_H 1
| #define HAVE_UNISTD_H 1
| #define HAVE_DLFCN_H 1
| #define LT_OBJDIR ".libs/"
| /* end confdefs.h.  */
| #include <ac_nonexistent.h>
configure:12465: result: g++ -E
configure:12485: g++ -E -DINSIDE_OPENMPI -DINSIDE_OPENMPI   -I/home/meister/Development/externals-clasp/openmpi-1.6.5/opal/mca/hwloc/hwloc132/hwloc/include   -I/usr/include/infiniband -I/usr/include/infiniband  -I/home/meister/Development/externals-clasp/openmpi-1.6.5/ompi/contrib/vt/vt/../../../include -I/home/meister/Development/externals-clasp/openmpi-1.6.5/ompi/contrib/vt/vt/../../../include conftest.cpp
configure:12485: $? = 0
configure:12499: g++ -E -DINSIDE_OPENMPI -DINSIDE_OPENMPI   -I/home/meister/Development/externals-clasp/openmpi-1.6.5/opal/mca/hwloc/hwloc132/hwloc/include   -I/usr/include/infiniband -I/usr/include/infiniband  -I/home/meister/Development/externals-clasp/openmpi-1.6.5/ompi/contrib/vt/vt/../../../include -I/home/meister/Development/externals-clasp/openmpi-1.6.5/ompi/contrib/vt/vt/../../../include conftest.cpp
conftest.cpp:23:28: fatal error: ac_nonexistent.h: No such file or directory
 #include <ac_nonexistent.h>
                            ^
compilation terminated.
configure:12499: $? = 1
configure: failed program was:
| /* confdefs.h */
| #define PACKAGE_NAME "OTF"
| #define PACKAGE_TARNAME "OTF"
| #define PACKAGE_VERSION "1.12.3openmpi"
| #define PACKAGE_STRING "OTF 1.12.3openmpi"
| #define PACKAGE_BUGREPORT "andreas.knuepfer@tu-dresden.de"
| #define PACKAGE_URL ""
| #define PACKAGE "OTF"
| #define VERSION "1.12.3openmpi"
| #define STDC_HEADERS 1
| #define HAVE_SYS_TYPES_H 1
| #define HAVE_SYS_STAT_H 1
| #define HAVE_STDLIB_H 1
| #define HAVE_STRING_H 1
| #define HAVE_MEMORY_H 1
| #define HAVE_STRINGS_H 1
| #define HAVE_INTTYPES_H 1
| #define HAVE_STDINT_H 1
| #define HAVE_UNISTD_H 1
| #define HAVE_DLFCN_H 1
| #define LT_OBJDIR ".libs/"
| /* end confdefs.h.  */
| #include <ac_nonexistent.h>
configure:12668: checking for ld used by g++
configure:12735: result: /usr/bin/ld -m elf_x86_64
configure:12742: checking if the linker (/usr/bin/ld -m elf_x86_64) is GNU ld
configure:12757: result: yes
configure:12812: checking whether the g++ linker (/usr/bin/ld -m elf_x86_64) supports shared libraries
configure:13817: result: yes
configure:13853: g++ -c -O3 -DNDEBUG -finline-functions -pthread -DINSIDE_OPENMPI -DINSIDE_OPENMPI   -I/home/meister/Development/externals-clasp/openmpi-1.6.5/opal/mca/hwloc/hwloc132/hwloc/include   -I/usr/include/infiniband -I/usr/include/infiniband  -I/home/meister/Development/externals-clasp/openmpi-1.6.5/ompi/contrib/vt/vt/../../../include -I/home/meister/Development/externals-clasp/openmpi-1.6.5/ompi/contrib/vt/vt/../../../include conftest.cpp >&5
configure:13856: $? = 0
configure:14376: checking for g++ option to produce PIC
configure:14383: result: -fPIC -DPIC
configure:14391: checking if g++ PIC flag -fPIC -DPIC works
configure:14409: g++ -c -O3 -DNDEBUG -finline-functions -pthread -DINSIDE_OPENMPI -DINSIDE_OPENMPI   -I/home/meister/Development/externals-clasp/openmpi-1.6.5/opal/mca/hwloc/hwloc132/hwloc/include   -I/usr/include/infiniband -I/usr/include/infiniband  -I/home/meister/Development/externals-clasp/openmpi-1.6.5/ompi/contrib/vt/vt/../../../include -I/home/meister/Development/externals-clasp/openmpi-1.6.5/ompi/contrib/vt/vt/../../../include -fPIC -DPIC -DPIC conftest.cpp >&5
configure:14413: $? = 0
configure:14426: result: yes
configure:14449: checking if g++ static flag -static works
configure:14477: result: no
configure:14489: checking if g++ supports -c -o file.o
configure:14510: g++ -c -O3 -DNDEBUG -finline-functions -pthread -DINSIDE_OPENMPI -DINSIDE_OPENMPI   -I/home/meister/Development/externals-clasp/openmpi-1.6.5/opal/mca/hwloc/hwloc132/hwloc/include   -I/usr/include/infiniband -I/usr/include/infiniband  -I/home/meister/Development/externals-clasp/openmpi-1.6.5/ompi/contrib/vt/vt/../../../include -I/home/meister/Development/externals-clasp/openmpi-1.6.5/ompi/contrib/vt/vt/../../../include -o out/conftest2.o conftest.cpp >&5
configure:14514: $? = 0
configure:14536: result: yes
configure:14541: checking if g++ supports -c -o file.o
configure:14588: result: yes
configure:14618: checking whether the g++ linker (/usr/bin/ld -m elf_x86_64) supports shared libraries
configure:14654: result: yes
configure:14795: checking dynamic linker characteristics
configure:15462: result: GNU/Linux ld.so
configure:15515: checking how to hardcode library paths into programs
configure:15540: result: immediate
configure:15602: checking whether byte ordering is bigendian
configure:15617: gcc -c -DNDEBUG -g -O2 -finline-functions -fno-strict-aliasing -pthread -DINSIDE_OPENMPI -DINSIDE_OPENMPI   -I/home/meister/Development/externals-clasp/openmpi-1.6.5/opal/mca/hwloc/hwloc132/hwloc/include   -I/usr/include/infiniband -I/usr/include/infiniband  -I/home/meister/Development/externals-clasp/openmpi-1.6.5/ompi/contrib/vt/vt/../../../include -I/home/meister/Development/externals-clasp/openmpi-1.6.5/ompi/contrib/vt/vt/../../../include conftest.c >&5
conftest.c:24:9: error: unknown type name 'not'
         not a universal capable compiler
         ^
conftest.c:24:15: error: expected '=', ',', ';', 'asm' or '__attribute__' before 'universal'
         not a universal capable compiler
               ^
conftest.c:24:15: error: unknown type name 'universal'
configure:15617: $? = 1
configure: failed program was:
| /* confdefs.h */
| #define PACKAGE_NAME "OTF"
| #define PACKAGE_TARNAME "OTF"
| #define PACKAGE_VERSION "1.12.3openmpi"
| #define PACKAGE_STRING "OTF 1.12.3openmpi"
| #define PACKAGE_BUGREPORT "andreas.knuepfer@tu-dresden.de"
| #define PACKAGE_URL ""
| #define PACKAGE "OTF"
| #define VERSION "1.12.3openmpi"
| #define STDC_HEADERS 1
| #define HAVE_SYS_TYPES_H 1
| #define HAVE_SYS_STAT_H 1
| #define HAVE_STDLIB_H 1
| #define HAVE_STRING_H 1
| #define HAVE_MEMORY_H 1
| #define HAVE_STRINGS_H 1
| #define HAVE_INTTYPES_H 1
| #define HAVE_STDINT_H 1
| #define HAVE_UNISTD_H 1
| #define HAVE_DLFCN_H 1
| #define LT_OBJDIR ".libs/"
| /* end confdefs.h.  */
| #ifndef __APPLE_CC__
| 	       not a universal capable compiler
| 	     #endif
| 	     typedef int dummy;
| 
configure:15662: gcc -c -DNDEBUG -g -O2 -finline-functions -fno-strict-aliasing -pthread -DINSIDE_OPENMPI -DINSIDE_OPENMPI   -I/home/meister/Development/externals-clasp/openmpi-1.6.5/opal/mca/hwloc/hwloc132/hwloc/include   -I/usr/include/infiniband -I/usr/include/infiniband  -I/home/meister/Development/externals-clasp/openmpi-1.6.5/ompi/contrib/vt/vt/../../../include -I/home/meister/Development/externals-clasp/openmpi-1.6.5/ompi/contrib/vt/vt/../../../include conftest.c >&5
configure:15662: $? = 0
configure:15680: gcc -c -DNDEBUG -g -O2 -finline-functions -fno-strict-aliasing -pthread -DINSIDE_OPENMPI -DINSIDE_OPENMPI   -I/home/meister/Development/externals-clasp/openmpi-1.6.5/opal/mca/hwloc/hwloc132/hwloc/include   -I/usr/include/infiniband -I/usr/include/infiniband  -I/home/meister/Development/externals-clasp/openmpi-1.6.5/ompi/contrib/vt/vt/../../../include -I/home/meister/Development/externals-clasp/openmpi-1.6.5/ompi/contrib/vt/vt/../../../include conftest.c >&5
conftest.c: In function 'main':
conftest.c:30:4: error: unknown type name 'not'
    not big endian
    ^
conftest.c:30:12: error: expected '=', ',', ';', 'asm' or '__attribute__' before 'endian'
    not big endian
            ^
configure:15680: $? = 1
configure: failed program was:
| /* confdefs.h */
| #define PACKAGE_NAME "OTF"
| #define PACKAGE_TARNAME "OTF"
| #define PACKAGE_VERSION "1.12.3openmpi"
| #define PACKAGE_STRING "OTF 1.12.3openmpi"
| #define PACKAGE_BUGREPORT "andreas.knuepfer@tu-dresden.de"
| #define PACKAGE_URL ""
| #define PACKAGE "OTF"
| #define VERSION "1.12.3openmpi"
| #define STDC_HEADERS 1
| #define HAVE_SYS_TYPES_H 1
| #define HAVE_SYS_STAT_H 1
| #define HAVE_STDLIB_H 1
| #define HAVE_STRING_H 1
| #define HAVE_MEMORY_H 1
| #define HAVE_STRINGS_H 1
| #define HAVE_INTTYPES_H 1
| #define HAVE_STDINT_H 1
| #define HAVE_UNISTD_H 1
| #define HAVE_DLFCN_H 1
| #define LT_OBJDIR ".libs/"
| /* end confdefs.h.  */
| #include <sys/types.h>
| 		#include <sys/param.h>
| 
| int
| main ()
| {
| #if BYTE_ORDER != BIG_ENDIAN
| 		 not big endian
| 		#endif
| 
|   ;
|   return 0;
| }
configure:15808: result: no
configure:15928: checking for mpicc
configure:15955: result: gcc
configure:16122: checking for mpic++
configure:16149: result: g++
configure:16423: checking for OpenMP flag of C++ compiler
configure:16457: g++ -c -O3 -DNDEBUG -finline-functions -pthread -fopenmp -DINSIDE_OPENMPI -DINSIDE_OPENMPI   -I/home/meister/Development/externals-clasp/openmpi-1.6.5/opal/mca/hwloc/hwloc132/hwloc/include   -I/usr/include/infiniband -I/usr/include/infiniband  -I/home/meister/Development/externals-clasp/openmpi-1.6.5/ompi/contrib/vt/vt/../../../include -I/home/meister/Development/externals-clasp/openmpi-1.6.5/ompi/contrib/vt/vt/../../../include -D_GNU_SOURCE conftest.cpp >&5
configure:16457: $? = 0
configure:16465: result: -fopenmp
configure:16550: checking vtf3.h usability
configure:16550: gcc -c -DNDEBUG -g -O2 -finline-functions -fno-strict-aliasing -pthread -DINSIDE_OPENMPI -DINSIDE_OPENMPI   -I/home/meister/Development/externals-clasp/openmpi-1.6.5/opal/mca/hwloc/hwloc132/hwloc/include   -I/usr/include/infiniband -I/usr/include/infiniband  -I/home/meister/Development/externals-clasp/openmpi-1.6.5/ompi/contrib/vt/vt/../../../include -I/home/meister/Development/externals-clasp/openmpi-1.6.5/ompi/contrib/vt/vt/../../../include -D_GNU_SOURCE conftest.c >&5
conftest.c:56:18: fatal error: vtf3.h: No such file or directory
 #include <vtf3.h>
                  ^
compilation terminated.
configure:16550: $? = 1
configure: failed program was:
| /* confdefs.h */
| #define PACKAGE_NAME "OTF"
| #define PACKAGE_TARNAME "OTF"
| #define PACKAGE_VERSION "1.12.3openmpi"
| #define PACKAGE_STRING "OTF 1.12.3openmpi"
| #define PACKAGE_BUGREPORT "andreas.knuepfer@tu-dresden.de"
| #define PACKAGE_URL ""
| #define PACKAGE "OTF"
| #define VERSION "1.12.3openmpi"
| #define STDC_HEADERS 1
| #define HAVE_SYS_TYPES_H 1
| #define HAVE_SYS_STAT_H 1
| #define HAVE_STDLIB_H 1
| #define HAVE_STRING_H 1
| #define HAVE_MEMORY_H 1
| #define HAVE_STRINGS_H 1
| #define HAVE_INTTYPES_H 1
| #define HAVE_STDINT_H 1
| #define HAVE_UNISTD_H 1
| #define HAVE_DLFCN_H 1
| #define LT_OBJDIR ".libs/"
| /* end confdefs.h.  */
| #include <stdio.h>
| #ifdef HAVE_SYS_TYPES_H
| # include <sys/types.h>
| #endif
| #ifdef HAVE_SYS_STAT_H
| # include <sys/stat.h>
| #endif
| #ifdef STDC_HEADERS
| # include <stdlib.h>
| # include <stddef.h>
| #else
| # ifdef HAVE_STDLIB_H
| #  include <stdlib.h>
| # endif
| #endif
| #ifdef HAVE_STRING_H
| # if !defined STDC_HEADERS && defined HAVE_MEMORY_H
| #  include <memory.h>
| # endif
| # include <string.h>
| #endif
| #ifdef HAVE_STRINGS_H
| # include <strings.h>
| #endif
| #ifdef HAVE_INTTYPES_H
| # include <inttypes.h>
| #endif
| #ifdef HAVE_STDINT_H
| # include <stdint.h>
| #endif
| #ifdef HAVE_UNISTD_H
| # include <unistd.h>
| #endif
| #include <vtf3.h>
configure:16550: result: no
configure:16550: checking vtf3.h presence
configure:16550: gcc -E -DINSIDE_OPENMPI -DINSIDE_OPENMPI   -I/home/meister/Development/externals-clasp/openmpi-1.6.5/opal/mca/hwloc/hwloc132/hwloc/include   -I/usr/include/infiniband -I/usr/include/infiniband  -I/home/meister/Development/externals-clasp/openmpi-1.6.5/ompi/contrib/vt/vt/../../../include -I/home/meister/Development/externals-clasp/openmpi-1.6.5/ompi/contrib/vt/vt/../../../include -D_GNU_SOURCE conftest.c
conftest.c:23:18: fatal error: vtf3.h: No such file or directory
 #include <vtf3.h>
                  ^
compilation terminated.
configure:16550: $? = 1
configure: failed program was:
| /* confdefs.h */
| #define PACKAGE_NAME "OTF"
| #define PACKAGE_TARNAME "OTF"
| #define PACKAGE_VERSION "1.12.3openmpi"
| #define PACKAGE_STRING "OTF 1.12.3openmpi"
| #define PACKAGE_BUGREPORT "andreas.knuepfer@tu-dresden.de"
| #define PACKAGE_URL ""
| #define PACKAGE "OTF"
| #define VERSION "1.12.3openmpi"
| #define STDC_HEADERS 1
| #define HAVE_SYS_TYPES_H 1
| #define HAVE_SYS_STAT_H 1
| #define HAVE_STDLIB_H 1
| #define HAVE_STRING_H 1
| #define HAVE_MEMORY_H 1
| #define HAVE_STRINGS_H 1
| #define HAVE_INTTYPES_H 1
| #define HAVE_STDINT_H 1
| #define HAVE_UNISTD_H 1
| #define HAVE_DLFCN_H 1
| #define LT_OBJDIR ".libs/"
| /* end confdefs.h.  */
| #include <vtf3.h>
configure:16550: result: no
configure:16550: checking for vtf3.h
configure:16550: result: no
configure:16555: error: no vtf3.h found; check path for VTF3 package first...
configure:16689: checking zlib.h usability
configure:16689: gcc -c -DNDEBUG -g -O2 -finline-functions -fno-strict-aliasing -pthread -DINSIDE_OPENMPI -DINSIDE_OPENMPI   -I/home/meister/Development/externals-clasp/openmpi-1.6.5/opal/mca/hwloc/hwloc132/hwloc/include   -I/usr/include/infiniband -I/usr/include/infiniband  -I/home/meister/Development/externals-clasp/openmpi-1.6.5/ompi/contrib/vt/vt/../../../include -I/home/meister/Development/externals-clasp/openmpi-1.6.5/ompi/contrib/vt/vt/../../../include -D_GNU_SOURCE conftest.c >&5
configure:16689: $? = 0
configure:16689: result: yes
configure:16689: checking zlib.h presence
configure:16689: gcc -E -DINSIDE_OPENMPI -DINSIDE_OPENMPI   -I/home/meister/Development/externals-clasp/openmpi-1.6.5/opal/mca/hwloc/hwloc132/hwloc/include   -I/usr/include/infiniband -I/usr/include/infiniband  -I/home/meister/Development/externals-clasp/openmpi-1.6.5/ompi/contrib/vt/vt/../../../include -I/home/meister/Development/externals-clasp/openmpi-1.6.5/ompi/contrib/vt/vt/../../../include -D_GNU_SOURCE conftest.c
configure:16689: $? = 0
configure:16689: result: yes
configure:16689: checking for zlib.h
configure:16689: result: yes
configure:17047: checking whether linking with -lm works
configure:17060: gcc -o conftest -DNDEBUG -g -O2 -finline-functions -fno-strict-aliasing -pthread -DINSIDE_OPENMPI -DINSIDE_OPENMPI   -I/home/meister/Development/externals-clasp/openmpi-1.6.5/opal/mca/hwloc/hwloc132/hwloc/include   -I/usr/include/infiniband -I/usr/include/infiniband  -I/home/meister/Development/externals-clasp/openmpi-1.6.5/ompi/contrib/vt/vt/../../../include -I/home/meister/Development/externals-clasp/openmpi-1.6.5/ompi/contrib/vt/vt/../../../include -D_GNU_SOURCE   -L/home/meister/Development/externals-clasp/openmpi-1.6.5/ompi/contrib/vt/vt/../../../.libs conftest.c -lrt -lnsl  -lutil -lm  -lm >&5
configure:17060: $? = 0
configure:17061: result: yes
configure:17073: checking whether we need to link -lm to get math functions
configure:17089: gcc -o conftest -DNDEBUG -g -O2 -finline-functions -fno-strict-aliasing -pthread -DINSIDE_OPENMPI -DINSIDE_OPENMPI   -I/home/meister/Development/externals-clasp/openmpi-1.6.5/opal/mca/hwloc/hwloc132/hwloc/include   -I/usr/include/infiniband -I/usr/include/infiniband  -I/home/meister/Development/externals-clasp/openmpi-1.6.5/ompi/contrib/vt/vt/../../../include -I/home/meister/Development/externals-clasp/openmpi-1.6.5/ompi/contrib/vt/vt/../../../include -D_GNU_SOURCE   -L/home/meister/Development/externals-clasp/openmpi-1.6.5/ompi/contrib/vt/vt/../../../.libs conftest.c  >&5
/tmp/cc0sSXVX.o: In function `main':
/home/meister/Development/externals-clasp/openmpi-1.6.5/ompi/contrib/vt/vt/extlib/otf/conftest.c:30: undefined reference to `ceil'
collect2: error: ld returned 1 exit status
configure:17089: $? = 1
configure: failed program was:
| /* confdefs.h */
| #define PACKAGE_NAME "OTF"
| #define PACKAGE_TARNAME "OTF"
| #define PACKAGE_VERSION "1.12.3openmpi"
| #define PACKAGE_STRING "OTF 1.12.3openmpi"
| #define PACKAGE_BUGREPORT "andreas.knuepfer@tu-dresden.de"
| #define PACKAGE_URL ""
| #define PACKAGE "OTF"
| #define VERSION "1.12.3openmpi"
| #define STDC_HEADERS 1
| #define HAVE_SYS_TYPES_H 1
| #define HAVE_SYS_STAT_H 1
| #define HAVE_STDLIB_H 1
| #define HAVE_STRING_H 1
| #define HAVE_MEMORY_H 1
| #define HAVE_STRINGS_H 1
| #define HAVE_INTTYPES_H 1
| #define HAVE_STDINT_H 1
| #define HAVE_UNISTD_H 1
| #define HAVE_DLFCN_H 1
| #define LT_OBJDIR ".libs/"
| #define HAVE_ZLIB 1
| /* end confdefs.h.  */
| #include <math.h>
| int
| main ()
| {
| 
|   volatile double c, x = 47.11;
|   c = ceil(x);
| 
|   ;
|   return 0;
| }
configure:17093: result: yes
configure:17546: checking for pdflatex
configure:17576: result: no
configure:17546: checking for pdftex
configure:17576: result: no
configure:17662: checking for ANSI C header files
configure:17766: result: yes
configure:17777: checking ctype.h usability
configure:17777: gcc -c -DNDEBUG -g -O2 -finline-functions -fno-strict-aliasing -pthread -DINSIDE_OPENMPI -DINSIDE_OPENMPI   -I/home/meister/Development/externals-clasp/openmpi-1.6.5/opal/mca/hwloc/hwloc132/hwloc/include   -I/usr/include/infiniband -I/usr/include/infiniband  -I/home/meister/Development/externals-clasp/openmpi-1.6.5/ompi/contrib/vt/vt/../../../include -I/home/meister/Development/externals-clasp/openmpi-1.6.5/ompi/contrib/vt/vt/../../../include -D_GNU_SOURCE conftest.c >&5
configure:17777: $? = 0
configure:17777: result: yes
configure:17777: checking ctype.h presence
configure:17777: gcc -E -DINSIDE_OPENMPI -DINSIDE_OPENMPI   -I/home/meister/Development/externals-clasp/openmpi-1.6.5/opal/mca/hwloc/hwloc132/hwloc/include   -I/usr/include/infiniband -I/usr/include/infiniband  -I/home/meister/Development/externals-clasp/openmpi-1.6.5/ompi/contrib/vt/vt/../../../include -I/home/meister/Development/externals-clasp/openmpi-1.6.5/ompi/contrib/vt/vt/../../../include -D_GNU_SOURCE conftest.c
configure:17777: $? = 0
configure:17777: result: yes
configure:17777: checking for ctype.h
configure:17777: result: yes
configure:17777: checking fcntl.h usability
configure:17777: gcc -c -DNDEBUG -g -O2 -finline-functions -fno-strict-aliasing -pthread -DINSIDE_OPENMPI -DINSIDE_OPENMPI   -I/home/meister/Development/externals-clasp/openmpi-1.6.5/opal/mca/hwloc/hwloc132/hwloc/include   -I/usr/include/infiniband -I/usr/include/infiniband  -I/home/meister/Development/externals-clasp/openmpi-1.6.5/ompi/contrib/vt/vt/../../../include -I/home/meister/Development/externals-clasp/openmpi-1.6.5/ompi/contrib/vt/vt/../../../include -D_GNU_SOURCE conftest.c >&5
configure:17777: $? = 0
configure:17777: result: yes
configure:17777: checking fcntl.h presence
configure:17777: gcc -E -DINSIDE_OPENMPI -DINSIDE_OPENMPI   -I/home/meister/Development/externals-clasp/openmpi-1.6.5/opal/mca/hwloc/hwloc132/hwloc/include   -I/usr/include/infiniband -I/usr/include/infiniband  -I/home/meister/Development/externals-clasp/openmpi-1.6.5/ompi/contrib/vt/vt/../../../include -I/home/meister/Development/externals-clasp/openmpi-1.6.5/ompi/contrib/vt/vt/../../../include -D_GNU_SOURCE conftest.c
configure:17777: $? = 0
configure:17777: result: yes
configure:17777: checking for fcntl.h
configure:17777: result: yes
configure:17777: checking stddef.h usability
configure:17777: gcc -c -DNDEBUG -g -O2 -finline-functions -fno-strict-aliasing -pthread -DINSIDE_OPENMPI -DINSIDE_OPENMPI   -I/home/meister/Development/externals-clasp/openmpi-1.6.5/opal/mca/hwloc/hwloc132/hwloc/include   -I/usr/include/infiniband -I/usr/include/infiniband  -I/home/meister/Development/externals-clasp/openmpi-1.6.5/ompi/contrib/vt/vt/../../../include -I/home/meister/Development/externals-clasp/openmpi-1.6.5/ompi/contrib/vt/vt/../../../include -D_GNU_SOURCE conftest.c >&5
configure:17777: $? = 0
configure:17777: result: yes
configure:17777: checking stddef.h presence
configure:17777: gcc -E -DINSIDE_OPENMPI -DINSIDE_OPENMPI   -I/home/meister/Development/externals-clasp/openmpi-1.6.5/opal/mca/hwloc/hwloc132/hwloc/include   -I/usr/include/infiniband -I/usr/include/infiniband  -I/home/meister/Development/externals-clasp/openmpi-1.6.5/ompi/contrib/vt/vt/../../../include -I/home/meister/Development/externals-clasp/openmpi-1.6.5/ompi/contrib/vt/vt/../../../include -D_GNU_SOURCE conftest.c
configure:17777: $? = 0
configure:17777: result: yes
configure:17777: checking for stddef.h
configure:17777: result: yes
configure:17777: checking for stdlib.h
configure:17777: result: yes
configure:17777: checking for string.h
configure:17777: result: yes
configure:17777: checking sys/param.h usability
configure:17777: gcc -c -DNDEBUG -g -O2 -finline-functions -fno-strict-aliasing -pthread -DINSIDE_OPENMPI -DINSIDE_OPENMPI   -I/home/meister/Development/externals-clasp/openmpi-1.6.5/opal/mca/hwloc/hwloc132/hwloc/include   -I/usr/include/infiniband -I/usr/include/infiniband  -I/home/meister/Development/externals-clasp/openmpi-1.6.5/ompi/contrib/vt/vt/../../../include -I/home/meister/Development/externals-clasp/openmpi-1.6.5/ompi/contrib/vt/vt/../../../include -D_GNU_SOURCE conftest.c >&5
configure:17777: $? = 0
configure:17777: result: yes
configure:17777: checking sys/param.h presence
configure:17777: gcc -E -DINSIDE_OPENMPI -DINSIDE_OPENMPI   -I/home/meister/Development/externals-clasp/openmpi-1.6.5/opal/mca/hwloc/hwloc132/hwloc/include   -I/usr/include/infiniband -I/usr/include/infiniband  -I/home/meister/Development/externals-clasp/openmpi-1.6.5/ompi/contrib/vt/vt/../../../include -I/home/meister/Development/externals-clasp/openmpi-1.6.5/ompi/contrib/vt/vt/../../../include -D_GNU_SOURCE conftest.c
configure:17777: $? = 0
configure:17777: result: yes
configure:17777: checking for sys/param.h
configure:17777: result: yes
configure:17777: checking sys/select.h usability
configure:17777: gcc -c -DNDEBUG -g -O2 -finline-functions -fno-strict-aliasing -pthread -DINSIDE_OPENMPI -DINSIDE_OPENMPI   -I/home/meister/Development/externals-clasp/openmpi-1.6.5/opal/mca/hwloc/hwloc132/hwloc/include   -I/usr/include/infiniband -I/usr/include/infiniband  -I/home/meister/Development/externals-clasp/openmpi-1.6.5/ompi/contrib/vt/vt/../../../include -I/home/meister/Development/externals-clasp/openmpi-1.6.5/ompi/contrib/vt/vt/../../../include -D_GNU_SOURCE conftest.c >&5
configure:17777: $? = 0
configure:17777: result: yes
configure:17777: checking sys/select.h presence
configure:17777: gcc -E -DINSIDE_OPENMPI -DINSIDE_OPENMPI   -I/home/meister/Development/externals-clasp/openmpi-1.6.5/opal/mca/hwloc/hwloc132/hwloc/include   -I/usr/include/infiniband -I/usr/include/infiniband  -I/home/meister/Development/externals-clasp/openmpi-1.6.5/ompi/contrib/vt/vt/../../../include -I/home/meister/Development/externals-clasp/openmpi-1.6.5/ompi/contrib/vt/vt/../../../include -D_GNU_SOURCE conftest.c
configure:17777: $? = 0
configure:17777: result: yes
configure:17777: checking for sys/select.h
configure:17777: result: yes
configure:17777: checking sys/time.h usability
configure:17777: gcc -c -DNDEBUG -g -O2 -finline-functions -fno-strict-aliasing -pthread -DINSIDE_OPENMPI -DINSIDE_OPENMPI   -I/home/meister/Development/externals-clasp/openmpi-1.6.5/opal/mca/hwloc/hwloc132/hwloc/include   -I/usr/include/infiniband -I/usr/include/infiniband  -I/home/meister/Development/externals-clasp/openmpi-1.6.5/ompi/contrib/vt/vt/../../../include -I/home/meister/Development/externals-clasp/openmpi-1.6.5/ompi/contrib/vt/vt/../../../include -D_GNU_SOURCE conftest.c >&5
configure:17777: $? = 0
configure:17777: result: yes
configure:17777: checking sys/time.h presence
configure:17777: gcc -E -DINSIDE_OPENMPI -DINSIDE_OPENMPI   -I/home/meister/Development/externals-clasp/openmpi-1.6.5/opal/mca/hwloc/hwloc132/hwloc/include   -I/usr/include/infiniband -I/usr/include/infiniband  -I/home/meister/Development/externals-clasp/openmpi-1.6.5/ompi/contrib/vt/vt/../../../include -I/home/meister/Development/externals-clasp/openmpi-1.6.5/ompi/contrib/vt/vt/../../../include -D_GNU_SOURCE conftest.c
configure:17777: $? = 0
configure:17777: result: yes
configure:17777: checking for sys/time.h
configure:17777: result: yes
configure:17777: checking for unistd.h
configure:17777: result: yes
configure:17787: checking for stdint.h
configure:17787: result: yes
configure:17795: checking for inttypes.h
configure:17795: result: yes
configure:17807: checking whether va_copy is declared
configure:17807: gcc -c -DNDEBUG -g -O2 -finline-functions -fno-strict-aliasing -pthread -DINSIDE_OPENMPI -DINSIDE_OPENMPI   -I/home/meister/Development/externals-clasp/openmpi-1.6.5/opal/mca/hwloc/hwloc132/hwloc/include   -I/usr/include/infiniband -I/usr/include/infiniband  -I/home/meister/Development/externals-clasp/openmpi-1.6.5/ompi/contrib/vt/vt/../../../include -I/home/meister/Development/externals-clasp/openmpi-1.6.5/ompi/contrib/vt/vt/../../../include -D_GNU_SOURCE conftest.c >&5
configure:17807: $? = 0
configure:17807: result: yes
configure:17815: checking whether __va_copy is declared
configure:17815: gcc -c -DNDEBUG -g -O2 -finline-functions -fno-strict-aliasing -pthread -DINSIDE_OPENMPI -DINSIDE_OPENMPI   -I/home/meister/Development/externals-clasp/openmpi-1.6.5/opal/mca/hwloc/hwloc132/hwloc/include   -I/usr/include/infiniband -I/usr/include/infiniband  -I/home/meister/Development/externals-clasp/openmpi-1.6.5/ompi/contrib/vt/vt/../../../include -I/home/meister/Development/externals-clasp/openmpi-1.6.5/ompi/contrib/vt/vt/../../../include -D_GNU_SOURCE conftest.c >&5
configure:17815: $? = 0
configure:17815: result: yes
configure:17826: checking for asprintf
configure:17826: gcc -o conftest -DNDEBUG -g -O2 -finline-functions -fno-strict-aliasing -pthread -DINSIDE_OPENMPI -DINSIDE_OPENMPI   -I/home/meister/Development/externals-clasp/openmpi-1.6.5/opal/mca/hwloc/hwloc132/hwloc/include   -I/usr/include/infiniband -I/usr/include/infiniband  -I/home/meister/Development/externals-clasp/openmpi-1.6.5/ompi/contrib/vt/vt/../../../include -I/home/meister/Development/externals-clasp/openmpi-1.6.5/ompi/contrib/vt/vt/../../../include -D_GNU_SOURCE   -L/home/meister/Development/externals-clasp/openmpi-1.6.5/ompi/contrib/vt/vt/../../../.libs conftest.c  >&5
configure:17826: $? = 0
configure:17826: result: yes
configure:17826: checking for snprintf
configure:17826: gcc -o conftest -DNDEBUG -g -O2 -finline-functions -fno-strict-aliasing -pthread -DINSIDE_OPENMPI -DINSIDE_OPENMPI   -I/home/meister/Development/externals-clasp/openmpi-1.6.5/opal/mca/hwloc/hwloc132/hwloc/include   -I/usr/include/infiniband -I/usr/include/infiniband  -I/home/meister/Development/externals-clasp/openmpi-1.6.5/ompi/contrib/vt/vt/../../../include -I/home/meister/Development/externals-clasp/openmpi-1.6.5/ompi/contrib/vt/vt/../../../include -D_GNU_SOURCE   -L/home/meister/Development/externals-clasp/openmpi-1.6.5/ompi/contrib/vt/vt/../../../.libs conftest.c  >&5
conftest.c:60:6: warning: conflicting types for built-in function 'snprintf' [enabled by default]
 char snprintf ();
      ^
configure:17826: $? = 0
configure:17826: result: yes
configure:17826: checking for vasprintf
configure:17826: gcc -o conftest -DNDEBUG -g -O2 -finline-functions -fno-strict-aliasing -pthread -DINSIDE_OPENMPI -DINSIDE_OPENMPI   -I/home/meister/Development/externals-clasp/openmpi-1.6.5/opal/mca/hwloc/hwloc132/hwloc/include   -I/usr/include/infiniband -I/usr/include/infiniband  -I/home/meister/Development/externals-clasp/openmpi-1.6.5/ompi/contrib/vt/vt/../../../include -I/home/meister/Development/externals-clasp/openmpi-1.6.5/ompi/contrib/vt/vt/../../../include -D_GNU_SOURCE   -L/home/meister/Development/externals-clasp/openmpi-1.6.5/ompi/contrib/vt/vt/../../../.libs conftest.c  >&5
configure:17826: $? = 0
configure:17826: result: yes
configure:17826: checking for vsnprintf
configure:17826: gcc -o conftest -DNDEBUG -g -O2 -finline-functions -fno-strict-aliasing -pthread -DINSIDE_OPENMPI -DINSIDE_OPENMPI   -I/home/meister/Development/externals-clasp/openmpi-1.6.5/opal/mca/hwloc/hwloc132/hwloc/include   -I/usr/include/infiniband -I/usr/include/infiniband  -I/home/meister/Development/externals-clasp/openmpi-1.6.5/ompi/contrib/vt/vt/../../../include -I/home/meister/Development/externals-clasp/openmpi-1.6.5/ompi/contrib/vt/vt/../../../include -D_GNU_SOURCE   -L/home/meister/Development/externals-clasp/openmpi-1.6.5/ompi/contrib/vt/vt/../../../.libs conftest.c  >&5
conftest.c:62:6: warning: conflicting types for built-in function 'vsnprintf' [enabled by default]
 char vsnprintf ();
      ^
configure:17826: $? = 0
configure:17826: result: yes
configure:17826: checking for strdup
configure:17826: gcc -o conftest -DNDEBUG -g -O2 -finline-functions -fno-strict-aliasing -pthread -DINSIDE_OPENMPI -DINSIDE_OPENMPI   -I/home/meister/Development/externals-clasp/openmpi-1.6.5/opal/mca/hwloc/hwloc132/hwloc/include   -I/usr/include/infiniband -I/usr/include/infiniband  -I/home/meister/Development/externals-clasp/openmpi-1.6.5/ompi/contrib/vt/vt/../../../include -I/home/meister/Development/externals-clasp/openmpi-1.6.5/ompi/contrib/vt/vt/../../../include -D_GNU_SOURCE   -L/home/meister/Development/externals-clasp/openmpi-1.6.5/ompi/contrib/vt/vt/../../../.libs conftest.c  >&5
conftest.c:63:6: warning: conflicting types for built-in function 'strdup' [enabled by default]
 char strdup ();
      ^
configure:17826: $? = 0
configure:17826: result: yes
configure:17826: checking for gettimeofday
configure:17826: gcc -o conftest -DNDEBUG -g -O2 -finline-functions -fno-strict-aliasing -pthread -DINSIDE_OPENMPI -DINSIDE_OPENMPI   -I/home/meister/Development/externals-clasp/openmpi-1.6.5/opal/mca/hwloc/hwloc132/hwloc/include   -I/usr/include/infiniband -I/usr/include/infiniband  -I/home/meister/Development/externals-clasp/openmpi-1.6.5/ompi/contrib/vt/vt/../../../include -I/home/meister/Development/externals-clasp/openmpi-1.6.5/ompi/contrib/vt/vt/../../../include -D_GNU_SOURCE   -L/home/meister/Development/externals-clasp/openmpi-1.6.5/ompi/contrib/vt/vt/../../../.libs conftest.c  >&5
configure:17826: $? = 0
configure:17826: result: yes
configure:17835: checking for _LARGEFILE_SOURCE value needed for large files
configure:17854: gcc -o conftest -DNDEBUG -g -O2 -finline-functions -fno-strict-aliasing -pthread -DINSIDE_OPENMPI -DINSIDE_OPENMPI   -I/home/meister/Development/externals-clasp/openmpi-1.6.5/opal/mca/hwloc/hwloc132/hwloc/include   -I/usr/include/infiniband -I/usr/include/infiniband  -I/home/meister/Development/externals-clasp/openmpi-1.6.5/ompi/contrib/vt/vt/../../../include -I/home/meister/Development/externals-clasp/openmpi-1.6.5/ompi/contrib/vt/vt/../../../include -D_GNU_SOURCE   -L/home/meister/Development/externals-clasp/openmpi-1.6.5/ompi/contrib/vt/vt/../../../.libs conftest.c  >&5
configure:17854: $? = 0
configure:17882: result: no
configure:17911: checking whether O_NOATIME is declared
configure:17911: gcc -c -DNDEBUG -g -O2 -finline-functions -fno-strict-aliasing -pthread -DINSIDE_OPENMPI -DINSIDE_OPENMPI   -I/home/meister/Development/externals-clasp/openmpi-1.6.5/opal/mca/hwloc/hwloc132/hwloc/include   -I/usr/include/infiniband -I/usr/include/infiniband  -I/home/meister/Development/externals-clasp/openmpi-1.6.5/ompi/contrib/vt/vt/../../../include -I/home/meister/Development/externals-clasp/openmpi-1.6.5/ompi/contrib/vt/vt/../../../include -D_GNU_SOURCE conftest.c >&5
configure:17911: $? = 0
configure:17911: result: yes
configure:17923: checking for size_t
configure:17923: gcc -c -DNDEBUG -g -O2 -finline-functions -fno-strict-aliasing -pthread -DINSIDE_OPENMPI -DINSIDE_OPENMPI   -I/home/meister/Development/externals-clasp/openmpi-1.6.5/opal/mca/hwloc/hwloc132/hwloc/include   -I/usr/include/infiniband -I/usr/include/infiniband  -I/home/meister/Development/externals-clasp/openmpi-1.6.5/ompi/contrib/vt/vt/../../../include -I/home/meister/Development/externals-clasp/openmpi-1.6.5/ompi/contrib/vt/vt/../../../include -D_GNU_SOURCE conftest.c >&5
configure:17923: $? = 0
configure:17923: gcc -c -DNDEBUG -g -O2 -finline-functions -fno-strict-aliasing -pthread -DINSIDE_OPENMPI -DINSIDE_OPENMPI   -I/home/meister/Development/externals-clasp/openmpi-1.6.5/opal/mca/hwloc/hwloc132/hwloc/include   -I/usr/include/infiniband -I/usr/include/infiniband  -I/home/meister/Development/externals-clasp/openmpi-1.6.5/ompi/contrib/vt/vt/../../../include -I/home/meister/Development/externals-clasp/openmpi-1.6.5/ompi/contrib/vt/vt/../../../include -D_GNU_SOURCE conftest.c >&5
conftest.c: In function 'main':
conftest.c:80:21: error: expected expression before ')' token
 if (sizeof ((size_t)))
                     ^
configure:17923: $? = 1
configure: failed program was:
| /* confdefs.h */
| #define PACKAGE_NAME "OTF"
| #define PACKAGE_TARNAME "OTF"
| #define PACKAGE_VERSION "1.12.3openmpi"
| #define PACKAGE_STRING "OTF 1.12.3openmpi"
| #define PACKAGE_BUGREPORT "andreas.knuepfer@tu-dresden.de"
| #define PACKAGE_URL ""
| #define PACKAGE "OTF"
| #define VERSION "1.12.3openmpi"
| #define STDC_HEADERS 1
| #define HAVE_SYS_TYPES_H 1
| #define HAVE_SYS_STAT_H 1
| #define HAVE_STDLIB_H 1
| #define HAVE_STRING_H 1
| #define HAVE_MEMORY_H 1
| #define HAVE_STRINGS_H 1
| #define HAVE_INTTYPES_H 1
| #define HAVE_STDINT_H 1
| #define HAVE_UNISTD_H 1
| #define HAVE_DLFCN_H 1
| #define LT_OBJDIR ".libs/"
| #define HAVE_ZLIB 1
| #define STDC_HEADERS 1
| #define HAVE_CTYPE_H 1
| #define HAVE_FCNTL_H 1
| #define HAVE_STDDEF_H 1
| #define HAVE_STDLIB_H 1
| #define HAVE_STRING_H 1
| #define HAVE_SYS_PARAM_H 1
| #define HAVE_SYS_SELECT_H 1
| #define HAVE_SYS_TIME_H 1
| #define HAVE_UNISTD_H 1
| #define HAVE_VA_COPY 1
| #define HAVE_UNDERSCORE_VA_COPY 1
| #define HAVE_ASPRINTF 1
| #define HAVE_SNPRINTF 1
| #define HAVE_VASPRINTF 1
| #define HAVE_VSNPRINTF 1
| #define HAVE_STRDUP 1
| #define HAVE_GETTIMEOFDAY 1
| #define HAVE_FSEEKO 1
| #define HAVE_DECL_O_NOATIME 1
| /* end confdefs.h.  */
| #include <stdio.h>
| #ifdef HAVE_SYS_TYPES_H
| # include <sys/types.h>
| #endif
| #ifdef HAVE_SYS_STAT_H
| # include <sys/stat.h>
| #endif
| #ifdef STDC_HEADERS
| # include <stdlib.h>
| # include <stddef.h>
| #else
| # ifdef HAVE_STDLIB_H
| #  include <stdlib.h>
| # endif
| #endif
| #ifdef HAVE_STRING_H
| # if !defined STDC_HEADERS && defined HAVE_MEMORY_H
| #  include <memory.h>
| # endif
| # include <string.h>
| #endif
| #ifdef HAVE_STRINGS_H
| # include <strings.h>
| #endif
| #ifdef HAVE_INTTYPES_H
| # include <inttypes.h>
| #endif
| #ifdef HAVE_STDINT_H
| # include <stdint.h>
| #endif
| #ifdef HAVE_UNISTD_H
| # include <unistd.h>
| #endif
| int
| main ()
| {
| if (sizeof ((size_t)))
| 	    return 0;
|   ;
|   return 0;
| }
configure:17923: result: yes
configure:17940: checking size of long
configure:17945: gcc -o conftest -DNDEBUG -g -O2 -finline-functions -fno-strict-aliasing -pthread -DINSIDE_OPENMPI -DINSIDE_OPENMPI   -I/home/meister/Development/externals-clasp/openmpi-1.6.5/opal/mca/hwloc/hwloc132/hwloc/include   -I/usr/include/infiniband -I/usr/include/infiniband  -I/home/meister/Development/externals-clasp/openmpi-1.6.5/ompi/contrib/vt/vt/../../../include -I/home/meister/Development/externals-clasp/openmpi-1.6.5/ompi/contrib/vt/vt/../../../include -D_GNU_SOURCE   -L/home/meister/Development/externals-clasp/openmpi-1.6.5/ompi/contrib/vt/vt/../../../.libs conftest.c  >&5
configure:17945: $? = 0
configure:17945: ./conftest
configure:17945: $? = 0
configure:17959: result: 8
configure:17975: checking for library containing clock_gettime
configure:18006: gcc -o conftest -DNDEBUG -g -O2 -finline-functions -fno-strict-aliasing -pthread -DINSIDE_OPENMPI -DINSIDE_OPENMPI   -I/home/meister/Development/externals-clasp/openmpi-1.6.5/opal/mca/hwloc/hwloc132/hwloc/include   -I/usr/include/infiniband -I/usr/include/infiniband  -I/home/meister/Development/externals-clasp/openmpi-1.6.5/ompi/contrib/vt/vt/../../../include -I/home/meister/Development/externals-clasp/openmpi-1.6.5/ompi/contrib/vt/vt/../../../include -D_GNU_SOURCE   -L/home/meister/Development/externals-clasp/openmpi-1.6.5/ompi/contrib/vt/vt/../../../.libs conftest.c  >&5
/tmp/ccr5Evgo.o: In function `main':
/home/meister/Development/externals-clasp/openmpi-1.6.5/ompi/contrib/vt/vt/extlib/otf/conftest.c:56: undefined reference to `clock_gettime'
collect2: error: ld returned 1 exit status
configure:18006: $? = 1
configure: failed program was:
| /* confdefs.h */
| #define PACKAGE_NAME "OTF"
| #define PACKAGE_TARNAME "OTF"
| #define PACKAGE_VERSION "1.12.3openmpi"
| #define PACKAGE_STRING "OTF 1.12.3openmpi"
| #define PACKAGE_BUGREPORT "andreas.knuepfer@tu-dresden.de"
| #define PACKAGE_URL ""
| #define PACKAGE "OTF"
| #define VERSION "1.12.3openmpi"
| #define STDC_HEADERS 1
| #define HAVE_SYS_TYPES_H 1
| #define HAVE_SYS_STAT_H 1
| #define HAVE_STDLIB_H 1
| #define HAVE_STRING_H 1
| #define HAVE_MEMORY_H 1
| #define HAVE_STRINGS_H 1
| #define HAVE_INTTYPES_H 1
| #define HAVE_STDINT_H 1
| #define HAVE_UNISTD_H 1
| #define HAVE_DLFCN_H 1
| #define LT_OBJDIR ".libs/"
| #define HAVE_ZLIB 1
| #define STDC_HEADERS 1
| #define HAVE_CTYPE_H 1
| #define HAVE_FCNTL_H 1
| #define HAVE_STDDEF_H 1
| #define HAVE_STDLIB_H 1
| #define HAVE_STRING_H 1
| #define HAVE_SYS_PARAM_H 1
| #define HAVE_SYS_SELECT_H 1
| #define HAVE_SYS_TIME_H 1
| #define HAVE_UNISTD_H 1
| #define HAVE_VA_COPY 1
| #define HAVE_UNDERSCORE_VA_COPY 1
| #define HAVE_ASPRINTF 1
| #define HAVE_SNPRINTF 1
| #define HAVE_VASPRINTF 1
| #define HAVE_VSNPRINTF 1
| #define HAVE_STRDUP 1
| #define HAVE_GETTIMEOFDAY 1
| #define HAVE_FSEEKO 1
| #define HAVE_DECL_O_NOATIME 1
| #define SIZEOF_LONG 8
| /* end confdefs.h.  */
| 
| /* Override any GCC internal prototype to avoid an error.
|    Use char because int might match the return type of a GCC
|    builtin and then its argument prototype would still apply.  */
| #ifdef __cplusplus
| extern "C"
| #endif
| char clock_gettime ();
| int
| main ()
| {
| return clock_gettime ();
|   ;
|   return 0;
| }
configure:18006: gcc -o conftest -DNDEBUG -g -O2 -finline-functions -fno-strict-aliasing -pthread -DINSIDE_OPENMPI -DINSIDE_OPENMPI   -I/home/meister/Development/externals-clasp/openmpi-1.6.5/opal/mca/hwloc/hwloc132/hwloc/include   -I/usr/include/infiniband -I/usr/include/infiniband  -I/home/meister/Development/externals-clasp/openmpi-1.6.5/ompi/contrib/vt/vt/../../../include -I/home/meister/Development/externals-clasp/openmpi-1.6.5/ompi/contrib/vt/vt/../../../include -D_GNU_SOURCE   -L/home/meister/Development/externals-clasp/openmpi-1.6.5/ompi/contrib/vt/vt/../../../.libs conftest.c -lrt   >&5
configure:18006: $? = 0
configure:18023: result: -lrt
configure:18215: creating ./config.status

## ---------------------- ##
## Running config.status. ##
## ---------------------- ##

This file was extended by OTF config.status 1.12.3openmpi, which was
generated by GNU Autoconf 2.68.  Invocation command line was

  CONFIG_FILES    = 
  CONFIG_HEADERS  = 
  CONFIG_LINKS    = 
  CONFIG_COMMANDS = 
  $ ./config.status 

on compute.temple.edu

config.status:1268: creating Makefile
config.status:1268: creating vendor/jenkins_hash/Makefile
config.status:1268: creating otflib/Makefile
config.status:1268: creating otflib/OTF_inttypes_unix.h
config.status:1268: creating otfauxlib/Makefile
config.status:1268: creating otflib_py/Makefile
config.status:1268: creating tools/Makefile
config.status:1268: creating tools/otfaux/Makefile
config.status:1268: creating tools/otfcompress/Makefile
config.status:1268: creating tools/otfconfig/Makefile
config.status:1268: creating tools/otfdump/Makefile
config.status:1268: creating tools/otfinfo/Makefile
config.status:1268: creating tools/otfmerge/Makefile
config.status:1268: creating tools/otfmerge/mpi/Makefile
config.status:1268: creating tools/otfprofile/Makefile
config.status:1268: creating tools/otfprofile/mpi/Makefile
config.status:1268: creating tools/otfshrink/Makefile
config.status:1268: creating tools/otf2vtf/Makefile
config.status:1268: creating tools/vtf2otf/Makefile
config.status:1268: creating tests/Makefile
config.status:1268: creating tests/hello/Makefile
config.status:1268: creating tests/generic_streams/Makefile
config.status:1268: creating tests/generic_streams-mpi/Makefile
config.status:1268: creating tests/progress/Makefile
config.status:1268: creating tests/read_from_buffer/Makefile
config.status:1268: creating docu/Makefile
config.status:1268: creating config.h
config.status:1414: config.h is unchanged
config.status:1462: executing depfiles commands
config.status:1462: executing libtool commands

## ---------------- ##
## Cache variables. ##
## ---------------- ##

ac_cv_build=x86_64-unknown-linux-gnu
ac_cv_c_bigendian=no
ac_cv_c_compiler_gnu=yes
ac_cv_cxx_compiler_gnu=yes
ac_cv_env_CCC_set=
ac_cv_env_CCC_value=
ac_cv_env_CC_set=
ac_cv_env_CC_value=
ac_cv_env_CFLAGS_set=set
ac_cv_env_CFLAGS_value='-DNDEBUG -g -O2 -finline-functions -fno-strict-aliasing -pthread'
ac_cv_env_CPPFLAGS_set=set
ac_cv_env_CPPFLAGS_value='-DINSIDE_OPENMPI   -I/home/meister/Development/externals-clasp/openmpi-1.6.5/opal/mca/hwloc/hwloc132/hwloc/include   -I/usr/include/infiniband -I/usr/include/infiniband  -I/home/meister/Development/externals-clasp/openmpi-1.6.5/ompi/contrib/vt/vt/../../../include -I/home/meister/Development/externals-clasp/openmpi-1.6.5/ompi/contrib/vt/vt/../../../include'
ac_cv_env_CPP_set=
ac_cv_env_CPP_value=
ac_cv_env_CXXCPP_set=
ac_cv_env_CXXCPP_value=
ac_cv_env_CXXFLAGS_set=set
ac_cv_env_CXXFLAGS_value='-O3 -DNDEBUG -finline-functions -pthread'
ac_cv_env_CXX_set=
ac_cv_env_CXX_value=
ac_cv_env_LDFLAGS_set=set
ac_cv_env_LDFLAGS_value='  -L/home/meister/Development/externals-clasp/openmpi-1.6.5/ompi/contrib/vt/vt/../../../.libs'
ac_cv_env_LIBS_set=set
ac_cv_env_LIBS_value='-lrt -lnsl  -lutil -lm '
ac_cv_env_MPICC_set=set
ac_cv_env_MPICC_value=gcc
ac_cv_env_MPICFLAGS_set=
ac_cv_env_MPICFLAGS_value=
ac_cv_env_MPICXXFLAGS_set=
ac_cv_env_MPICXXFLAGS_value=
ac_cv_env_MPICXX_set=set
ac_cv_env_MPICXX_value=g++
ac_cv_env_OPENMP_CXXFLAGS_set=
ac_cv_env_OPENMP_CXXFLAGS_value=
ac_cv_env_PDFTEX_set=
ac_cv_env_PDFTEX_value=
ac_cv_env_PYTHON_VERSION_set=
ac_cv_env_PYTHON_VERSION_value=
ac_cv_env_PYTHON_set=
ac_cv_env_PYTHON_value=
ac_cv_env_SWIG_PYTHON_CFLAGS_set=
ac_cv_env_SWIG_PYTHON_CFLAGS_value=
ac_cv_env_SWIG_PYTHON_OPTS_set=
ac_cv_env_SWIG_PYTHON_OPTS_value=
ac_cv_env_build_alias_set=
ac_cv_env_build_alias_value=
ac_cv_env_host_alias_set=
ac_cv_env_host_alias_value=
ac_cv_env_target_alias_set=
ac_cv_env_target_alias_value=
ac_cv_func_asprintf=yes
ac_cv_func_gettimeofday=yes
ac_cv_func_snprintf=yes
ac_cv_func_strdup=yes
ac_cv_func_vasprintf=yes
ac_cv_func_vsnprintf=yes
ac_cv_have_decl_O_NOATIME=yes
ac_cv_have_decl___va_copy=yes
ac_cv_have_decl_va_copy=yes
ac_cv_header_ctype_h=yes
ac_cv_header_dlfcn_h=yes
ac_cv_header_fcntl_h=yes
ac_cv_header_inttypes_h=yes
ac_cv_header_memory_h=yes
ac_cv_header_stdc=yes
ac_cv_header_stddef_h=yes
ac_cv_header_stdint_h=yes
ac_cv_header_stdlib_h=yes
ac_cv_header_string_h=yes
ac_cv_header_strings_h=yes
ac_cv_header_sys_param_h=yes
ac_cv_header_sys_select_h=yes
ac_cv_header_sys_stat_h=yes
ac_cv_header_sys_time_h=yes
ac_cv_header_sys_types_h=yes
ac_cv_header_unistd_h=yes
ac_cv_header_vtf3_h=no
ac_cv_header_zlib_h=yes
ac_cv_host=x86_64-unknown-linux-gnu
ac_cv_objext=o
ac_cv_path_EGREP='/bin/grep -E'
ac_cv_path_FGREP='/bin/grep -F'
ac_cv_path_GREP=/bin/grep
ac_cv_path_SED=/bin/sed
ac_cv_path_install='/usr/bin/install -c'
ac_cv_path_mkdir=/bin/mkdir
ac_cv_prog_AWK=gawk
ac_cv_prog_CPP='gcc -E'
ac_cv_prog_CXXCPP='g++ -E'
ac_cv_prog_MPICC=gcc
ac_cv_prog_MPICXX=g++
ac_cv_prog_ac_ct_AR=ar
ac_cv_prog_ac_ct_CC=gcc
ac_cv_prog_ac_ct_CXX=g++
ac_cv_prog_ac_ct_OBJDUMP=objdump
ac_cv_prog_ac_ct_RANLIB=ranlib
ac_cv_prog_ac_ct_STRIP=strip
ac_cv_prog_cc_c89=
ac_cv_prog_cc_g=yes
ac_cv_prog_cxx_g=yes
ac_cv_prog_make_make_set=yes
ac_cv_search_clock_gettime=-lrt
ac_cv_sizeof_long=8
ac_cv_sys_largefile_source=no
ac_cv_target=x86_64-unknown-linux-gnu
ac_cv_type_size_t=yes
am_cv_CC_dependencies_compiler_type=gcc3
am_cv_CXX_dependencies_compiler_type=gcc3
am_cv_make_support_nested_variables=yes
ax_cv_cxx_openmp=-fopenmp
lt_cv_ar_at_file=@
lt_cv_archive_cmds_need_lc=no
lt_cv_deplibs_check_method=pass_all
lt_cv_file_magic_cmd='$MAGIC_CMD'
lt_cv_file_magic_test_file=
lt_cv_ld_reload_flag=-r
lt_cv_nm_interface='BSD nm'
lt_cv_objdir=.libs
lt_cv_path_LD=/usr/bin/ld
lt_cv_path_LDCXX='/usr/bin/ld -m elf_x86_64'
lt_cv_path_NM='/usr/bin/nm -B'
lt_cv_path_mainfest_tool=no
lt_cv_prog_compiler_c_o=yes
lt_cv_prog_compiler_c_o_CXX=yes
lt_cv_prog_compiler_pic='-fPIC -DPIC'
lt_cv_prog_compiler_pic_CXX='-fPIC -DPIC'
lt_cv_prog_compiler_pic_works=yes
lt_cv_prog_compiler_pic_works_CXX=yes
lt_cv_prog_compiler_rtti_exceptions=no
lt_cv_prog_compiler_static_works=no
lt_cv_prog_compiler_static_works_CXX=no
lt_cv_prog_gnu_ld=yes
lt_cv_prog_gnu_ldcxx=yes
lt_cv_sharedlib_from_linklib_cmd='printf %s\n'
lt_cv_shlibpath_overrides_runpath=no
lt_cv_sys_global_symbol_pipe='sed -n -e '\''s/^.*[	 ]\([ABCDGIRSTW][ABCDGIRSTW]*\)[	 ][	 ]*\([_A-Za-z][_A-Za-z0-9]*\)$/\1 \2 \2/p'\'' | sed '\''/ __gnu_lto/d'\'''
lt_cv_sys_global_symbol_to_c_name_address='sed -n -e '\''s/^: \([^ ]*\)[ ]*$/  {\"\1\", (void *) 0},/p'\'' -e '\''s/^[ABCDGIRSTW]* \([^ ]*\) \([^ ]*\)$/  {"\2", (void *) \&\2},/p'\'''
lt_cv_sys_global_symbol_to_c_name_address_lib_prefix='sed -n -e '\''s/^: \([^ ]*\)[ ]*$/  {\"\1\", (void *) 0},/p'\'' -e '\''s/^[ABCDGIRSTW]* \([^ ]*\) \(lib[^ ]*\)$/  {"\2", (void *) \&\2},/p'\'' -e '\''s/^[ABCDGIRSTW]* \([^ ]*\) \([^ ]*\)$/  {"lib\2", (void *) \&\2},/p'\'''
lt_cv_sys_global_symbol_to_cdecl='sed -n -e '\''s/^T .* \(.*\)$/extern int \1();/p'\'' -e '\''s/^[ABCDGIRSTW]* .* \(.*\)$/extern char \1;/p'\'''
lt_cv_sys_max_cmd_len=3145728
lt_cv_to_host_file_cmd=func_convert_file_noop
lt_cv_to_tool_file_cmd=func_convert_file_noop

## ----------------- ##
## Output variables. ##
## ----------------- ##

ACLOCAL='${SHELL} /home/meister/Development/externals-clasp/openmpi-1.6.5/ompi/contrib/vt/vt/extlib/otf/config/missing --run aclocal-1.11'
AMBUILDBINARIES_FALSE='#'
AMBUILDBINARIES_TRUE=''
AMDEPBACKSLASH='\'
AMDEP_FALSE='#'
AMDEP_TRUE=''
AMHAVECLOCKGETTIME_FALSE='#'
AMHAVECLOCKGETTIME_TRUE=''
AMHAVEMPI_FALSE='#'
AMHAVEMPI_TRUE=''
AMHAVEOMP_FALSE='#'
AMHAVEOMP_TRUE=''
AMHAVESWIGPYTHON_FALSE=''
AMHAVESWIGPYTHON_TRUE='#'
AMHAVEVTF3_FALSE=''
AMHAVEVTF3_TRUE='#'
AMHAVEZLIB_FALSE='#'
AMHAVEZLIB_TRUE=''
AMHAVEZOIDFS_FALSE=''
AMHAVEZOIDFS_TRUE='#'
AMTAR='$${TAR-tar}'
AM_BACKSLASH='\'
AM_DEFAULT_V='$(AM_DEFAULT_VERBOSITY)'
AM_DEFAULT_VERBOSITY='0'
AM_V='$(V)'
AR='ar'
AUTOCONF='${SHELL} /home/meister/Development/externals-clasp/openmpi-1.6.5/ompi/contrib/vt/vt/extlib/otf/config/missing --run autoconf'
AUTOHEADER='${SHELL} /home/meister/Development/externals-clasp/openmpi-1.6.5/ompi/contrib/vt/vt/extlib/otf/config/missing --run autoheader'
AUTOMAKE='${SHELL} /home/meister/Development/externals-clasp/openmpi-1.6.5/ompi/contrib/vt/vt/extlib/otf/config/missing --run automake-1.11'
AWK='gawk'
BMI_INCLUDE_DIR=''
BMI_LIB_DIR=''
CC='gcc'
CCDEPMODE='depmode=gcc3'
CFLAGS='-DNDEBUG -g -O2 -finline-functions -fno-strict-aliasing -pthread'
CLOCK_GETTIME_LIB='-lrt'
CPP='gcc -E'
CPPFLAGS='-DINSIDE_OPENMPI -DINSIDE_OPENMPI   -I/home/meister/Development/externals-clasp/openmpi-1.6.5/opal/mca/hwloc/hwloc132/hwloc/include   -I/usr/include/infiniband -I/usr/include/infiniband  -I/home/meister/Development/externals-clasp/openmpi-1.6.5/ompi/contrib/vt/vt/../../../include -I/home/meister/Development/externals-clasp/openmpi-1.6.5/ompi/contrib/vt/vt/../../../include -D_GNU_SOURCE'
CXX='g++'
CXXCPP='g++ -E'
CXXDEPMODE='depmode=gcc3'
CXXFLAGS='-O3 -DNDEBUG -finline-functions -pthread'
CYGPATH_W='echo'
DEFS='-DHAVE_CONFIG_H'
DEPDIR='.deps'
DLLTOOL='false'
DSYMUTIL=''
DUMPBIN=''
ECHO_C=''
ECHO_N='-n'
ECHO_T=''
EGREP='/bin/grep -E'
EXEEXT=''
FGREP='/bin/grep -F'
GREP='/bin/grep'
INSTALL_DATA='${INSTALL} -m 644'
INSTALL_PROGRAM='${INSTALL}'
INSTALL_SCRIPT='${INSTALL}'
INSTALL_STRIP_PROGRAM='$(install_sh) -c -s'
LD='/usr/bin/ld -m elf_x86_64'
LDFLAGS='  -L/home/meister/Development/externals-clasp/openmpi-1.6.5/ompi/contrib/vt/vt/../../../.libs'
LIBOBJS=''
LIBS=''
LIBTOOL='$(SHELL) $(top_builddir)/libtool'
LIPO=''
LN_S='ln -s'
LTLIBOBJS=''
MAKEINFO='${SHELL} /home/meister/Development/externals-clasp/openmpi-1.6.5/ompi/contrib/vt/vt/extlib/otf/config/missing --run makeinfo'
MANIFEST_TOOL=':'
MATHLIB='-lm'
MKDIR_P='/bin/mkdir -p'
MPICC='gcc'
MPICFLAGS=''
MPICXX='g++'
MPICXXFLAGS=' -DMPICH_SKIP_MPICXX -DOMPI_SKIP_MPICXX -DMPI_NO_CPPBIND'
MPILIBS='-lmpi'
MPI_INCLUDE_DIR=''
MPI_INCLUDE_LINE=''
MPI_LIB_DIR=''
MPI_LIB_LINE='-lmpi'
NM='/usr/bin/nm -B'
NMEDIT=''
OBJDUMP='objdump'
OBJEXT='o'
OPENMP_CXXFLAGS='-fopenmp'
OTF_VERSION_LIBRARY='1:0:0'
OTOOL64=''
OTOOL=''
PACKAGE='OTF'
PACKAGE_BUGREPORT='andreas.knuepfer@tu-dresden.de'
PACKAGE_NAME='OTF'
PACKAGE_STRING='OTF 1.12.3openmpi'
PACKAGE_TARNAME='OTF'
PACKAGE_URL=''
PACKAGE_VERSION='1.12.3openmpi'
PATH_SEPARATOR=':'
PDFTEX=''
PYTHON=''
PYTHON_EXEC_PREFIX=''
PYTHON_PLATFORM=''
PYTHON_PREFIX=''
PYTHON_VERSION=''
RANLIB='ranlib'
SED='/bin/sed'
SET_MAKE=''
SHELL='/bin/sh'
STRIP='strip'
SWIG=''
SWIG_PYTHON_CFLAGS=''
SWIG_PYTHON_OPTS='-python'
VERSION='1.12.3openmpi'
VTF3_INCLUDE_DIR=''
VTF3_INCLUDE_LINE=''
VTF3_LIB_DIR=''
VTF3_LIB_LINE=''
ZLIB_INCLUDE_DIR=''
ZLIB_INCLUDE_LINE=''
ZLIB_LIB_DIR=''
ZLIB_LIB_LINE='-lz'
ZOIDFS_INCLUDE_DIR=''
ZOIDFS_INCLUDE_LINE=''
ZOIDFS_LIB_DIR=''
ZOIDFS_LIB_LINE=' '
ac_ct_AR='ar'
ac_ct_CC='gcc'
ac_ct_CXX='g++'
ac_ct_DUMPBIN=''
am__EXEEXT_FALSE=''
am__EXEEXT_TRUE='#'
am__fastdepCC_FALSE='#'
am__fastdepCC_TRUE=''
am__fastdepCXX_FALSE='#'
am__fastdepCXX_TRUE=''
am__include='include'
am__isrc=''
am__leading_dot='.'
am__nodep='_no'
am__quote=''
am__tar='$${TAR-tar} chof - "$$tardir"'
am__untar='$${TAR-tar} xf -'
bindir='${exec_prefix}/bin'
build='x86_64-unknown-linux-gnu'
build_alias=''
build_cpu='x86_64'
build_os='linux-gnu'
build_vendor='unknown'
datadir='${datarootdir}'
datarootdir='${prefix}/share/open-trace-format'
docdir='${prefix}/share/vampirtrace/doc/otf'
dvidir='${docdir}'
exec_prefix='${prefix}'
have_inttypes_h='1'
have_stdint_h='1'
host='x86_64-unknown-linux-gnu'
host_alias=''
host_cpu='x86_64'
host_os='linux-gnu'
host_vendor='unknown'
htmldir='${docdir}'
includedir='/home/meister/local/externals-clasp/common/include/vampirtrace/open-trace-format'
infodir='${datarootdir}/info'
install_sh='${SHELL} /home/meister/Development/externals-clasp/openmpi-1.6.5/ompi/contrib/vt/vt/extlib/otf/config/install-sh'
libdir='${exec_prefix}/lib'
libexecdir='${exec_prefix}/libexec'
localedir='${datarootdir}/locale'
localstatedir='${prefix}/var'
mandir='${datarootdir}/man'
mkdir_p='/bin/mkdir -p'
oldincludedir='/usr/include'
pdfdir='${docdir}'
pkgpyexecdir=''
pkgpythondir=''
prefix='/home/meister/local/externals-clasp/common'
program_transform_name='s,x,x,'
psdir='${docdir}'
pyexecdir=''
python_config=''
pythondir=''
sbindir='${exec_prefix}/sbin'
sharedstatedir='${prefix}/com'
sizeof_long='8'
sysconfdir='${prefix}/etc'
target='x86_64-unknown-linux-gnu'
target_alias=''
target_cpu='x86_64'
target_os='linux-gnu'
target_vendor='unknown'

## ----------- ##
## confdefs.h. ##
## ----------- ##

/* confdefs.h */
#define PACKAGE_NAME "OTF"
#define PACKAGE_TARNAME "OTF"
#define PACKAGE_VERSION "1.12.3openmpi"
#define PACKAGE_STRING "OTF 1.12.3openmpi"
#define PACKAGE_BUGREPORT "andreas.knuepfer@tu-dresden.de"
#define PACKAGE_URL ""
#define PACKAGE "OTF"
#define VERSION "1.12.3openmpi"
#define STDC_HEADERS 1
#define HAVE_SYS_TYPES_H 1
#define HAVE_SYS_STAT_H 1
#define HAVE_STDLIB_H 1
#define HAVE_STRING_H 1
#define HAVE_MEMORY_H 1
#define HAVE_STRINGS_H 1
#define HAVE_INTTYPES_H 1
#define HAVE_STDINT_H 1
#define HAVE_UNISTD_H 1
#define HAVE_DLFCN_H 1
#define LT_OBJDIR ".libs/"
#define HAVE_ZLIB 1
#define STDC_HEADERS 1
#define HAVE_CTYPE_H 1
#define HAVE_FCNTL_H 1
#define HAVE_STDDEF_H 1
#define HAVE_STDLIB_H 1
#define HAVE_STRING_H 1
#define HAVE_SYS_PARAM_H 1
#define HAVE_SYS_SELECT_H 1
#define HAVE_SYS_TIME_H 1
#define HAVE_UNISTD_H 1
#define HAVE_VA_COPY 1
#define HAVE_UNDERSCORE_VA_COPY 1
#define HAVE_ASPRINTF 1
#define HAVE_SNPRINTF 1
#define HAVE_VASPRINTF 1
#define HAVE_VSNPRINTF 1
#define HAVE_STRDUP 1
#define HAVE_GETTIMEOFDAY 1
#define HAVE_FSEEKO 1
#define HAVE_DECL_O_NOATIME 1
#define SIZEOF_LONG 8

configure: exit 0
