This file contains any messages produced by compilers while
running configure, to aid debugging if configure makes a mistake.

It was created by dmalloc configure 5.5.2, which was
generated by GNU Autoconf 2.59.  Invocation command line was

  $ ./configure --enable-cxx --prefix=/Users/meister/Development/cando/clasp/build/cando.app/Contents/Resources/externals/common

## --------- ##
## Platform. ##
## --------- ##

hostname = fry.home
uname -m = x86_64
uname -r = 13.2.0
uname -s = Darwin
uname -v = Darwin Kernel Version 13.2.0: Thu Apr 17 23:03:13 PDT 2014; root:xnu-2422.100.13~1/RELEASE_X86_64

/usr/bin/uname -p = i386
/bin/uname -X     = unknown

/bin/arch              = unknown
/usr/bin/arch -k       = unknown
/usr/convex/getsysinfo = unknown
hostinfo               = Mach kernel version:
	 Darwin Kernel Version 13.2.0: Thu Apr 17 23:03:13 PDT 2014; root:xnu-2422.100.13~1/RELEASE_X86_64
Kernel configured for up to 8 processors.
4 processors are physically available.
8 processors are logically available.
Processor type: i486 (Intel 80486)
Processors active: 0 1 2 3 4 5 6 7
Primary memory available: 16.00 gigabytes
Default processor set: 185 tasks, 938 threads, 8 processors
Load average: 2.08, Mach factor: 5.91
/bin/machine           = unknown
/usr/bin/oslevel       = unknown
/bin/universe          = unknown

PATH: /opt/local/bin
PATH: /opt/local/sbin
PATH: /opt/local/bin
PATH: /opt/local/sbin
PATH: /Library/Frameworks/EPD64.framework/Versions/Current/bin
PATH: /opt/local/bin
PATH: /opt/local/sbin
PATH: /Library/Frameworks/Python.framework/Versions/Current/bin
PATH: /usr/local/bin
PATH: /usr/local/cuda/bin
PATH: /Library/Frameworks/Python.framework/Versions/2.6/bin
PATH: /Users/meister/Local/bin
PATH: /opt/local/bin
PATH: /opt/local/sbin
PATH: /opt/local/bin
PATH: /opt/local/sbin
PATH: /Library/Frameworks/EPD64.framework/Versions/Current/bin
PATH: /opt/local/bin
PATH: /opt/local/sbin
PATH: /Library/Frameworks/Python.framework/Versions/Current/bin
PATH: /usr/local/bin
PATH: /usr/local/cuda/bin
PATH: /Library/Frameworks/Python.framework/Versions/2.6/bin
PATH: /sw/bin
PATH: /sw/sbin
PATH: /Users/meister/Local/bin
PATH: /usr/bin
PATH: /bin
PATH: /usr/sbin
PATH: /sbin
PATH: /usr/local/bin
PATH: /opt/X11/bin
PATH: /usr/local/git/bin
PATH: /usr/local/Cellar/gdb/7.7.1/bin
PATH: /Users/meister/Development/cando/clasp/build/cando.app/Contents/MacOS
PATH: /Users/meister/Development/cando/clasp/build/cando.app/Contents/Resources/bin
PATH: /Users/meister/Development/cando/clasp/build/cando.app/Contents/Resources/externals/common/bin
PATH: /Users/meister/Development/cando/clasp/build/cando.app/Contents/Resources/externals/release/bin
PATH: /usr/X11R6/bin
PATH: /Applications/gamess
PATH: /opt/local/bin
PATH: /Users/meister/Development/amber9/exe
PATH: /Applications/Doxygen.app/Contents/Resources
PATH: /Users/meister/Development/cando/clasp/externals/src/boost-jam-3.1.17/bin.macosxx86_64
PATH: /opt/local/bin
PATH: /opt/local/sbin
PATH: /Applications/moe2010/bin
PATH: /Users/meister/Development/rosetta3.3/rosetta_source/bin
PATH: /usr/local/Cellar/gdb/7.7.1/bin
PATH: /Users/meister/Development/cando/clasp/build/cando.app/Contents/MacOS
PATH: /Users/meister/Development/cando/clasp/build/cando.app/Contents/Resources/bin
PATH: /Users/meister/Development/cando/clasp/build/cando.app/Contents/Resources/externals/common/bin
PATH: /Users/meister/Development/cando/clasp/build/cando.app/Contents/Resources/externals/release/bin
PATH: /Applications/gamess
PATH: /opt/local/bin
PATH: /Users/meister/Development/amber9/exe
PATH: /Applications/Doxygen.app/Contents/Resources
PATH: /Users/meister/Development/cando/clasp/externals/src/boost-jam-3.1.17/bin.macosxx86_64
PATH: /opt/local/bin
PATH: /opt/local/sbin
PATH: /Applications/moe2010/bin
PATH: /Users/meister/Development/rosetta3.3/rosetta_source/bin


## ----------- ##
## Core tests. ##
## ----------- ##

configure:1324: configurations for the dmalloc library
configure:1356: build utilities
configure:1405: checking for gcc
configure:1431: result: /usr/bin/clang
configure:1675: checking for C compiler version
configure:1678: /usr/bin/clang --version </dev/null >&5
Apple LLVM version 5.1 (clang-503.0.40) (based on LLVM 3.4svn)
Target: x86_64-apple-darwin13.2.0
Thread model: posix
configure:1681: $? = 0
configure:1683: /usr/bin/clang -v </dev/null >&5
Apple LLVM version 5.1 (clang-503.0.40) (based on LLVM 3.4svn)
Target: x86_64-apple-darwin13.2.0
Thread model: posix
configure:1686: $? = 0
configure:1688: /usr/bin/clang -V </dev/null >&5
clang: error: argument to '-V' is missing (expected 1 value)
clang: error: no input files
configure:1691: $? = 1
configure:1714: checking for C compiler default output file name
configure:1717: /usr/bin/clang   -stdlib=libc++ -headerpad_max_install_names conftest.c  >&5
configure:1720: $? = 0
configure:1766: result: a.out
configure:1771: checking whether the C compiler works
configure:1777: ./a.out
configure:1780: $? = 0
configure:1797: result: yes
configure:1804: checking whether we are cross compiling
configure:1806: result: no
configure:1809: checking for suffix of executables
configure:1811: /usr/bin/clang -o conftest   -stdlib=libc++ -headerpad_max_install_names conftest.c  >&5
configure:1814: $? = 0
configure:1839: result: 
configure:1845: checking for suffix of object files
configure:1866: /usr/bin/clang -c   conftest.c >&5
configure:1869: $? = 0
configure:1891: result: o
configure:1895: checking whether we are using the GNU C compiler
configure:1919: /usr/bin/clang -c   conftest.c >&5
configure:1925: $? = 0
configure:1929: test -z 
			 || test ! -s conftest.err
configure:1932: $? = 0
configure:1935: test -s conftest.o
configure:1938: $? = 0
configure:1951: result: yes
configure:1957: checking whether /usr/bin/clang accepts -g
configure:1978: /usr/bin/clang -c -g  conftest.c >&5
configure:1984: $? = 0
configure:1988: test -z 
			 || test ! -s conftest.err
configure:1991: $? = 0
configure:1994: test -s conftest.o
configure:1997: $? = 0
configure:2008: result: yes
configure:2025: checking for /usr/bin/clang option to accept ANSI C
configure:2095: /usr/bin/clang  -c -g -O2  conftest.c >&5
configure:2101: $? = 0
configure:2105: test -z 
			 || test ! -s conftest.err
configure:2108: $? = 0
configure:2111: test -s conftest.o
configure:2114: $? = 0
configure:2132: result: none needed
configure:2150: /usr/bin/clang -c -g -O2  conftest.c >&5
conftest.c:2:3: error: unknown type name 'choke'
  choke me
  ^
conftest.c:2:11: error: expected ';' after top level declarator
  choke me
          ^
          ;
2 errors generated.
configure:2156: $? = 1
configure: failed program was:
| #ifndef __cplusplus
|   choke me
| #endif
configure:2383: checking for C++ compiler version
configure:2386: /usr/bin/clang++ --version </dev/null >&5
Apple LLVM version 5.1 (clang-503.0.40) (based on LLVM 3.4svn)
Target: x86_64-apple-darwin13.2.0
Thread model: posix
configure:2389: $? = 0
configure:2391: /usr/bin/clang++ -v </dev/null >&5
Apple LLVM version 5.1 (clang-503.0.40) (based on LLVM 3.4svn)
Target: x86_64-apple-darwin13.2.0
Thread model: posix
configure:2394: $? = 0
configure:2396: /usr/bin/clang++ -V </dev/null >&5
clang: error: argument to '-V' is missing (expected 1 value)
clang: error: no input files
configure:2399: $? = 1
configure:2402: checking whether we are using the GNU C++ compiler
configure:2426: /usr/bin/clang++ -c -std=c++11 -stdlib=libc++  conftest.cc >&5
configure:2432: $? = 0
configure:2436: test -z 
			 || test ! -s conftest.err
configure:2439: $? = 0
configure:2442: test -s conftest.o
configure:2445: $? = 0
configure:2458: result: yes
configure:2464: checking whether /usr/bin/clang++ accepts -g
configure:2485: /usr/bin/clang++ -c -g  conftest.cc >&5
configure:2491: $? = 0
configure:2495: test -z 
			 || test ! -s conftest.err
configure:2498: $? = 0
configure:2501: test -s conftest.o
configure:2504: $? = 0
configure:2515: result: yes
configure:2557: /usr/bin/clang++ -c -std=c++11 -stdlib=libc++  conftest.cc >&5
configure:2563: $? = 0
configure:2567: test -z 
			 || test ! -s conftest.err
configure:2570: $? = 0
configure:2573: test -s conftest.o
configure:2576: $? = 0
configure:2602: /usr/bin/clang++ -c -std=c++11 -stdlib=libc++  conftest.cc >&5
conftest.cc:13:1: error: use of undeclared identifier 'exit'
exit (42);
^
1 error generated.
configure:2608: $? = 1
configure: failed program was:
| /* confdefs.h.  */
| 
| #define PACKAGE_NAME "dmalloc"
| #define PACKAGE_TARNAME "dmalloc"
| #define PACKAGE_VERSION "5.5.2"
| #define PACKAGE_STRING "dmalloc 5.5.2"
| #define PACKAGE_BUGREPORT "http://dmalloc.com/"
| /* end confdefs.h.  */
| 
| int
| main ()
| {
| exit (42);
|   ;
|   return 0;
| }
configure:2557: /usr/bin/clang++ -c -std=c++11 -stdlib=libc++  conftest.cc >&5
conftest.cc:9:17: error: use of undeclared identifier 'std'
extern "C" void std::exit (int) throw (); using std::exit;
                ^
conftest.cc:9:49: error: use of undeclared identifier 'std'
extern "C" void std::exit (int) throw (); using std::exit;
                                                ^
2 errors generated.
configure:2563: $? = 1
configure: failed program was:
| /* confdefs.h.  */
| 
| #define PACKAGE_NAME "dmalloc"
| #define PACKAGE_TARNAME "dmalloc"
| #define PACKAGE_VERSION "5.5.2"
| #define PACKAGE_STRING "dmalloc 5.5.2"
| #define PACKAGE_BUGREPORT "http://dmalloc.com/"
| /* end confdefs.h.  */
| extern "C" void std::exit (int) throw (); using std::exit;
| #include <stdlib.h>
| int
| main ()
| {
| exit (42);
|   ;
|   return 0;
| }
configure:2557: /usr/bin/clang++ -c -std=c++11 -stdlib=libc++  conftest.cc >&5
conftest.cc:9:17: error: use of undeclared identifier 'std'
extern "C" void std::exit (int); using std::exit;
                ^
conftest.cc:9:40: error: use of undeclared identifier 'std'
extern "C" void std::exit (int); using std::exit;
                                       ^
2 errors generated.
configure:2563: $? = 1
configure: failed program was:
| /* confdefs.h.  */
| 
| #define PACKAGE_NAME "dmalloc"
| #define PACKAGE_TARNAME "dmalloc"
| #define PACKAGE_VERSION "5.5.2"
| #define PACKAGE_STRING "dmalloc 5.5.2"
| #define PACKAGE_BUGREPORT "http://dmalloc.com/"
| /* end confdefs.h.  */
| extern "C" void std::exit (int); using std::exit;
| #include <stdlib.h>
| int
| main ()
| {
| exit (42);
|   ;
|   return 0;
| }
configure:2557: /usr/bin/clang++ -c -std=c++11 -stdlib=libc++  conftest.cc >&5
configure:2563: $? = 0
configure:2567: test -z 
			 || test ! -s conftest.err
configure:2570: $? = 0
configure:2573: test -s conftest.o
configure:2576: $? = 0
configure:2602: /usr/bin/clang++ -c -std=c++11 -stdlib=libc++  conftest.cc >&5
configure:2608: $? = 0
configure:2612: test -z 
			 || test ! -s conftest.err
configure:2615: $? = 0
configure:2618: test -s conftest.o
configure:2621: $? = 0
configure:2647: WARNING: could not find C++ compiler 
configure:2699: checking for a BSD-compatible install
configure:2754: result: /usr/bin/install -c
configure:2806: checking for ranlib
configure:2822: found /usr/bin/ranlib
configure:2833: result: ranlib
configure:2846: checking for an ANSI C-conforming const
configure:2913: /usr/bin/clang -c -g -O2  conftest.c >&5
configure:2919: $? = 0
configure:2923: test -z 
			 || test ! -s conftest.err
configure:2926: $? = 0
configure:2929: test -s conftest.o
configure:2932: $? = 0
configure:2943: result: yes
configure:2960: checking how to run the C preprocessor
configure:2995: /usr/bin/clang -E  conftest.c
configure:3001: $? = 0
configure:3033: /usr/bin/clang -E  conftest.c
conftest.c:12:10: fatal error: 'ac_nonexistent.h' file not found
#include <ac_nonexistent.h>
         ^
1 error generated.
configure:3039: $? = 1
configure: failed program was:
| /* confdefs.h.  */
| 
| #define PACKAGE_NAME "dmalloc"
| #define PACKAGE_TARNAME "dmalloc"
| #define PACKAGE_VERSION "5.5.2"
| #define PACKAGE_STRING "dmalloc 5.5.2"
| #define PACKAGE_BUGREPORT "http://dmalloc.com/"
| #ifdef __cplusplus
| extern "C" void exit (int) throw ();
| #endif
| /* end confdefs.h.  */
| #include <ac_nonexistent.h>
configure:3078: result: /usr/bin/clang -E
configure:3102: /usr/bin/clang -E  conftest.c
configure:3108: $? = 0
configure:3140: /usr/bin/clang -E  conftest.c
conftest.c:12:10: fatal error: 'ac_nonexistent.h' file not found
#include <ac_nonexistent.h>
         ^
1 error generated.
configure:3146: $? = 1
configure: failed program was:
| /* confdefs.h.  */
| 
| #define PACKAGE_NAME "dmalloc"
| #define PACKAGE_TARNAME "dmalloc"
| #define PACKAGE_VERSION "5.5.2"
| #define PACKAGE_STRING "dmalloc 5.5.2"
| #define PACKAGE_BUGREPORT "http://dmalloc.com/"
| #ifdef __cplusplus
| extern "C" void exit (int) throw ();
| #endif
| /* end confdefs.h.  */
| #include <ac_nonexistent.h>
configure:3190: checking for egrep
configure:3200: result: grep -E
configure:3205: checking for ANSI C header files
configure:3230: /usr/bin/clang -c -g -O2  conftest.c >&5
configure:3236: $? = 0
configure:3240: test -z 
			 || test ! -s conftest.err
configure:3243: $? = 0
configure:3246: test -s conftest.o
configure:3249: $? = 0
configure:3338: /usr/bin/clang -o conftest -g -O2  -stdlib=libc++ -headerpad_max_install_names conftest.c  >&5
conftest.c:29:7: warning: implicitly declaring library function 'exit' with type 'void (int) __attribute__((noreturn))'
      exit(2);
      ^
conftest.c:29:7: note: please include the header <stdlib.h> or explicitly provide a declaration for 'exit'
1 warning generated.
configure:3341: $? = 0
configure:3343: ./conftest
configure:3346: $? = 0
configure:3361: result: yes
configure:3385: checking for sys/types.h
configure:3401: /usr/bin/clang -c -g -O2  conftest.c >&5
configure:3407: $? = 0
configure:3411: test -z 
			 || test ! -s conftest.err
configure:3414: $? = 0
configure:3417: test -s conftest.o
configure:3420: $? = 0
configure:3431: result: yes
configure:3385: checking for sys/stat.h
configure:3401: /usr/bin/clang -c -g -O2  conftest.c >&5
configure:3407: $? = 0
configure:3411: test -z 
			 || test ! -s conftest.err
configure:3414: $? = 0
configure:3417: test -s conftest.o
configure:3420: $? = 0
configure:3431: result: yes
configure:3385: checking for stdlib.h
configure:3401: /usr/bin/clang -c -g -O2  conftest.c >&5
configure:3407: $? = 0
configure:3411: test -z 
			 || test ! -s conftest.err
configure:3414: $? = 0
configure:3417: test -s conftest.o
configure:3420: $? = 0
configure:3431: result: yes
configure:3385: checking for string.h
configure:3401: /usr/bin/clang -c -g -O2  conftest.c >&5
configure:3407: $? = 0
configure:3411: test -z 
			 || test ! -s conftest.err
configure:3414: $? = 0
configure:3417: test -s conftest.o
configure:3420: $? = 0
configure:3431: result: yes
configure:3385: checking for memory.h
configure:3401: /usr/bin/clang -c -g -O2  conftest.c >&5
configure:3407: $? = 0
configure:3411: test -z 
			 || test ! -s conftest.err
configure:3414: $? = 0
configure:3417: test -s conftest.o
configure:3420: $? = 0
configure:3431: result: yes
configure:3385: checking for strings.h
configure:3401: /usr/bin/clang -c -g -O2  conftest.c >&5
configure:3407: $? = 0
configure:3411: test -z 
			 || test ! -s conftest.err
configure:3414: $? = 0
configure:3417: test -s conftest.o
configure:3420: $? = 0
configure:3431: result: yes
configure:3385: checking for inttypes.h
configure:3401: /usr/bin/clang -c -g -O2  conftest.c >&5
configure:3407: $? = 0
configure:3411: test -z 
			 || test ! -s conftest.err
configure:3414: $? = 0
configure:3417: test -s conftest.o
configure:3420: $? = 0
configure:3431: result: yes
configure:3385: checking for stdint.h
configure:3401: /usr/bin/clang -c -g -O2  conftest.c >&5
configure:3407: $? = 0
configure:3411: test -z 
			 || test ! -s conftest.err
configure:3414: $? = 0
configure:3417: test -s conftest.o
configure:3420: $? = 0
configure:3431: result: yes
configure:3385: checking for unistd.h
configure:3401: /usr/bin/clang -c -g -O2  conftest.c >&5
configure:3407: $? = 0
configure:3411: test -z 
			 || test ! -s conftest.err
configure:3414: $? = 0
configure:3417: test -s conftest.o
configure:3420: $? = 0
configure:3431: result: yes
configure:3453: checking stdarg.h usability
configure:3465: /usr/bin/clang -c -g -O2  conftest.c >&5
configure:3471: $? = 0
configure:3475: test -z 
			 || test ! -s conftest.err
configure:3478: $? = 0
configure:3481: test -s conftest.o
configure:3484: $? = 0
configure:3494: result: yes
configure:3498: checking stdarg.h presence
configure:3508: /usr/bin/clang -E  conftest.c
configure:3514: $? = 0
configure:3534: result: yes
configure:3569: checking for stdarg.h
configure:3576: result: yes
configure:3596: checking for stdlib.h
configure:3601: result: yes
configure:3748: checking for string.h
configure:3753: result: yes
configure:3900: checking for unistd.h
configure:3905: result: yes
configure:4052: checking for sys/types.h
configure:4057: result: yes
configure:4213: checking sys/mman.h usability
configure:4225: /usr/bin/clang -c -g -O2  conftest.c >&5
configure:4231: $? = 0
configure:4235: test -z 
			 || test ! -s conftest.err
configure:4238: $? = 0
configure:4241: test -s conftest.o
configure:4244: $? = 0
configure:4254: result: yes
configure:4258: checking sys/mman.h presence
configure:4268: /usr/bin/clang -E  conftest.c
configure:4274: $? = 0
configure:4294: result: yes
configure:4329: checking for sys/mman.h
configure:4336: result: yes
configure:4392: checking shared library link args
configure:4398: /usr/bin/clang -c -g -O2  conftest.c >&5
configure:4404: $? = 0
configure:4408: test -z 
			 || test ! -s conftest.err
configure:4411: $? = 0
configure:4414: test -s conftest.o
configure:4417: $? = 0
ld: warning: -arch not specified
ld: warning: -macosx_version_min not specified, assuming 10.8
configure:4472: result: $(CXX) -dynamiclib -install_name $@ -compatibility_version 1 -current_version 1 -o $@.t objectfiles...
configure:4481: checking shared library extension
configure:4491: result: dylib
configure:4497: checking C++ support
configure:4509: result: disabled
configure:4513: checking thread support
configure:4525: result: disabled
configure:4530: checking shlib support
configure:4542: result: disabled
configure:4550: checking for size_t
configure:4574: /usr/bin/clang -c -g -O2  conftest.c >&5
configure:4580: $? = 0
configure:4584: test -z 
			 || test ! -s conftest.err
configure:4587: $? = 0
configure:4590: test -s conftest.o
configure:4593: $? = 0
configure:4604: result: yes
configure:4631: checking dmalloc size unsigned
configure:4658: /usr/bin/clang -o conftest -g -O2  -stdlib=libc++ -headerpad_max_install_names conftest.c  >&5
conftest.c:36:1: warning: type specifier missing, defaults to 'int' [-Wimplicit-int]
main() { DMALLOC_SIZE x = -1; if (x >= 0) exit(0); else exit(1); }
^~~~
conftest.c:36:37: warning: comparison of unsigned expression >= 0 is always true [-Wtautological-compare]
main() { DMALLOC_SIZE x = -1; if (x >= 0) exit(0); else exit(1); }
                                  ~ ^  ~
2 warnings generated.
configure:4661: $? = 0
configure:4663: ./conftest
configure:4666: $? = 0
configure:4671: result: yes
configure:4691: checking strdup macro
configure:4716: /usr/bin/clang -o conftest -g -O2  -stdlib=libc++ -headerpad_max_install_names conftest.c  >&5
conftest.c:38:1: warning: type specifier missing, defaults to 'int' [-Wimplicit-int]
main() { exit(1); }
^~~~
conftest.c:38:10: warning: implicitly declaring library function 'exit' with type 'void (int) __attribute__((noreturn))'
main() { exit(1); }
         ^
conftest.c:38:10: note: please include the header <stdlib.h> or explicitly provide a declaration for 'exit'
2 warnings generated.
configure:4719: $? = 0
configure:4721: ./conftest
configure:4724: $? = 1
configure: program exited with status 1
configure: failed program was:
| /* confdefs.h.  */
| 
| #define PACKAGE_NAME "dmalloc"
| #define PACKAGE_TARNAME "dmalloc"
| #define PACKAGE_VERSION "5.5.2"
| #define PACKAGE_STRING "dmalloc 5.5.2"
| #define PACKAGE_BUGREPORT "http://dmalloc.com/"
| #ifdef __cplusplus
| extern "C" void exit (int) throw ();
| #endif
| #define STDC_HEADERS 1
| #define HAVE_SYS_TYPES_H 1
| #define HAVE_SYS_STAT_H 1
| #define HAVE_STDLIB_H 1
| #define HAVE_STRING_H 1
| #define HAVE_MEMORY_H 1
| #define HAVE_STRINGS_H 1
| #define HAVE_INTTYPES_H 1
| #define HAVE_STDINT_H 1
| #define HAVE_UNISTD_H 1
| #define HAVE_STDARG_H 1
| #define HAVE_STDLIB_H 1
| #define HAVE_STRING_H 1
| #define HAVE_UNISTD_H 1
| #define HAVE_SYS_TYPES_H 1
| #define HAVE_SYS_MMAN_H 1
| #define DMALLOC_SIZE size_t
| #define DMALLOC_SIZE_UNSIGNED 1
| /* end confdefs.h.  */
| 
| #if HAVE_STDLIB_H
| #  include <string.h>
| #endif
| 
| #ifdef strdup
| main() { exit(0); }
| #else
| main() { exit(1); }
| #endif
| 
configure:4737: result: no
configure:4747: checking for mprotect
configure:4804: /usr/bin/clang -o conftest -g -O2  -stdlib=libc++ -headerpad_max_install_names conftest.c  >&5
configure:4810: $? = 0
configure:4814: test -z 
			 || test ! -s conftest.err
configure:4817: $? = 0
configure:4820: test -s conftest
configure:4823: $? = 0
configure:4835: result: yes
configure:4845: checking mprotect works
configure:4873: /usr/bin/clang -o conftest -g -O2  -stdlib=libc++ -headerpad_max_install_names conftest.c  >&5
configure:4879: $? = 0
configure:4883: test -z 
			 || test ! -s conftest.err
configure:4886: $? = 0
configure:4889: test -s conftest
configure:4892: $? = 0
configure:4897: result: yes
configure:4914: important functionality
configure:4921: checking for mmap
configure:4978: /usr/bin/clang -o conftest -g -O2  -stdlib=libc++ -headerpad_max_install_names conftest.c  >&5
configure:4984: $? = 0
configure:4988: test -z 
			 || test ! -s conftest.err
configure:4991: $? = 0
configure:4994: test -s conftest
configure:4997: $? = 0
configure:5009: result: yes
configure:5023: checking for sbrk
configure:5080: /usr/bin/clang -o conftest -g -O2  -stdlib=libc++ -headerpad_max_install_names conftest.c  >&5
configure:5086: $? = 0
configure:5090: test -z 
			 || test ! -s conftest.err
configure:5093: $? = 0
configure:5096: test -s conftest
configure:5099: $? = 0
configure:5111: result: yes
configure:5131: checking mmap usage
configure:5172: /usr/bin/clang -o conftest -g -O2  -stdlib=libc++ -headerpad_max_install_names conftest.c  >&5
conftest.c:41:1: warning: type specifier missing, defaults to 'int' [-Wimplicit-int]
main() {
^~~~
conftest.c:53:34: warning: implicitly declaring library function 'exit' with type 'void (int) __attribute__((noreturn))'
    if (*src_p++ != *dest_p++) { exit(1); }
                                 ^
conftest.c:53:34: note: please include the header <stdlib.h> or explicitly provide a declaration for 'exit'
2 warnings generated.
configure:5175: $? = 0
configure:5177: ./conftest
configure:5180: $? = 0
configure:5199: result: yes
configure:5209: checking for getpagesize
configure:5266: /usr/bin/clang -o conftest -g -O2  -stdlib=libc++ -headerpad_max_install_names conftest.c  >&5
configure:5272: $? = 0
configure:5276: test -z 
			 || test ! -s conftest.err
configure:5279: $? = 0
configure:5282: test -s conftest
configure:5285: $? = 0
configure:5297: result: yes
configure:5307: checking basic-block size
configure:5322: /usr/bin/clang -o conftest -g -O2  -stdlib=libc++ -headerpad_max_install_names conftest.c  >&5
conftest.c:1:1: warning: type specifier missing, defaults to 'int' [-Wimplicit-int]
main() { if (getpagesize()<=2048) exit(0); else exit(1); }
^~~~
conftest.c:1:14: warning: implicit declaration of function 'getpagesize' is invalid in C99 [-Wimplicit-function-declaration]
main() { if (getpagesize()<=2048) exit(0); else exit(1); }
             ^
conftest.c:1:35: warning: implicitly declaring library function 'exit' with type 'void (int) __attribute__((noreturn))'
main() { if (getpagesize()<=2048) exit(0); else exit(1); }
                                  ^
conftest.c:1:35: note: please include the header <stdlib.h> or explicitly provide a declaration for 'exit'
3 warnings generated.
configure:5325: $? = 0
configure:5327: ./conftest
configure:5330: $? = 1
configure: program exited with status 1
configure: failed program was:
| main() { if (getpagesize()<=2048) exit(0); else exit(1); }
configure:5354: /usr/bin/clang -o conftest -g -O2  -stdlib=libc++ -headerpad_max_install_names conftest.c  >&5
conftest.c:1:1: warning: type specifier missing, defaults to 'int' [-Wimplicit-int]
main() { if (getpagesize()<=4096) exit(0); else exit(1); }
^~~~
conftest.c:1:14: warning: implicit declaration of function 'getpagesize' is invalid in C99 [-Wimplicit-function-declaration]
main() { if (getpagesize()<=4096) exit(0); else exit(1); }
             ^
conftest.c:1:35: warning: implicitly declaring library function 'exit' with type 'void (int) __attribute__((noreturn))'
main() { if (getpagesize()<=4096) exit(0); else exit(1); }
                                  ^
conftest.c:1:35: note: please include the header <stdlib.h> or explicitly provide a declaration for 'exit'
3 warnings generated.
configure:5357: $? = 0
configure:5359: ./conftest
configure:5362: $? = 0
configure:5445: result: 12
configure:5451: checking for long
configure:5475: /usr/bin/clang -c -g -O2  conftest.c >&5
configure:5481: $? = 0
configure:5485: test -z 
			 || test ! -s conftest.err
configure:5488: $? = 0
configure:5491: test -s conftest.o
configure:5494: $? = 0
configure:5505: result: yes
configure:5508: checking size of long
configure:5827: /usr/bin/clang -o conftest -g -O2  -stdlib=libc++ -headerpad_max_install_names conftest.c  >&5
configure:5830: $? = 0
configure:5832: ./conftest
configure:5835: $? = 0
configure:5858: result: 8
configure:5865: checking data-alignment size
configure:5877: result: 8
configure:5887: checking for abort
configure:5944: /usr/bin/clang -o conftest -g -O2  -stdlib=libc++ -headerpad_max_install_names conftest.c  >&5
conftest.c:63:6: warning: incompatible redeclaration of library function 'abort' [-Wincompatible-library-redeclaration]
char abort ();
     ^
conftest.c:63:6: note: 'abort' is a builtin with type 'void (void) __attribute__((noreturn))'
1 warning generated.
configure:5950: $? = 0
configure:5954: test -z 
			 || test ! -s conftest.err
configure:5957: $? = 0
configure:5960: test -s conftest
configure:5963: $? = 0
configure:5975: result: yes
configure:5985: checking abort safe
configure:6030: /usr/bin/clang -o conftest -g -O2  -stdlib=libc++ -headerpad_max_install_names conftest.c  >&5
conftest.c:4:1: warning: type specifier missing, defaults to 'int' [-Wimplicit-int]
free () { if (main_b) _exit(0); }
^~~~
conftest.c:4:23: warning: implicitly declaring library function '_exit' with type 'void (int) __attribute__((noreturn))'
free () { if (main_b) _exit(0); }
                      ^
conftest.c:4:23: note: please include the header <unistd.h> or explicitly provide a declaration for '_exit'
conftest.c:4:33: warning: control may reach end of non-void function [-Wreturn-type]
free () { if (main_b) _exit(0); }
                                ^
conftest.c:5:7: warning: incompatible redeclaration of library function 'malloc' [-Wincompatible-library-redeclaration]
char *malloc (int size) {
      ^
conftest.c:5:7: note: 'malloc' is a builtin with type 'void *(unsigned long)'
conftest.c:12:7: warning: incompatible redeclaration of library function 'calloc' [-Wincompatible-library-redeclaration]
char *calloc (int number, int size) {
      ^
conftest.c:12:7: note: 'calloc' is a builtin with type 'void *(unsigned long, unsigned long)'
conftest.c:22:7: warning: incompatible redeclaration of library function 'realloc' [-Wincompatible-library-redeclaration]
char *realloc (char *old_pnt, int new_size) {
      ^
conftest.c:22:7: note: 'realloc' is a builtin with type 'void *(void *, unsigned long)'
conftest.c:31:1: warning: type specifier missing, defaults to 'int' [-Wimplicit-int]
main() { main_b = 1; abort(); _exit(1); }
^~~~
conftest.c:31:22: warning: implicitly declaring library function 'abort' with type 'void (void) __attribute__((noreturn))'
main() { main_b = 1; abort(); _exit(1); }
                     ^
conftest.c:31:22: note: please include the header <stdlib.h> or explicitly provide a declaration for 'abort'
8 warnings generated.
configure:6033: $? = 0
configure:6035: ./conftest
./configure: line 6036:  9274 Abort trap: 6           ./conftest$ac_exeext
configure:6038: $? = 134
configure: program exited with status 134
configure: failed program was:
| 
| static int main_b = 0;
| static char heap_mem[102400], *heap_p = heap_mem;
| free () { if (main_b) _exit(0); }
| char *malloc (int size) {
|   char *pnt;
|   if (main_b) _exit(0);
|   pnt = heap_p;
|   heap_p += size;
|   return pnt;
| }
| char *calloc (int number, int size) {
|   char *start, *pnt, *end;
|   if (main_b) _exit(0);
|   /* it should be already 0s */
|   start = malloc (number * size);
|   pnt = start;
|   end = start + size;
|   while (pnt < end) { *pnt++ = '\0'; }
|   return start;
| }
| char *realloc (char *old_pnt, int new_size) {
|   char *start, *pnt, *end;
|   if (main_b) _exit(0);
|   start = malloc (new_size);
|   pnt = start;
|   end = start + new_size;
|   while (pnt < end) { *pnt++ = *old_pnt++; }
|   return start;
| }
| main() { main_b = 1; abort(); _exit(1); }
| 
configure:6057: result: yes
configure:6063: checking return type of signal handlers
configure:6094: /usr/bin/clang -c -g -O2  conftest.c >&5
configure:6100: $? = 0
configure:6104: test -z 
			 || test ! -s conftest.err
configure:6107: $? = 0
configure:6110: test -s conftest.o
configure:6113: $? = 0
configure:6124: result: void
configure:6132: checking signal works
configure:6144: checking signal.h usability
configure:6156: /usr/bin/clang -c -g -O2  conftest.c >&5
configure:6162: $? = 0
configure:6166: test -z 
			 || test ! -s conftest.err
configure:6169: $? = 0
configure:6172: test -s conftest.o
configure:6175: $? = 0
configure:6185: result: yes
configure:6189: checking signal.h presence
configure:6199: /usr/bin/clang -E  conftest.c
configure:6205: $? = 0
configure:6225: result: yes
configure:6260: checking for signal.h
configure:6267: result: yes
configure:6310: /usr/bin/clang -o conftest -g -O2  -stdlib=libc++ -headerpad_max_install_names conftest.c  >&5
configure:6316: $? = 0
configure:6320: test -z 
			 || test ! -s conftest.err
configure:6323: $? = 0
configure:6326: test -s conftest
configure:6329: $? = 0
configure:6334: result: yes
configure:6357: checking for getenv
configure:6414: /usr/bin/clang -o conftest -g -O2  -stdlib=libc++ -headerpad_max_install_names conftest.c  >&5
configure:6420: $? = 0
configure:6424: test -z 
			 || test ! -s conftest.err
configure:6427: $? = 0
configure:6430: test -s conftest
configure:6433: $? = 0
configure:6445: result: yes
configure:6455: checking getenv safe
configure:6502: /usr/bin/clang -o conftest -g -O2  -stdlib=libc++ -headerpad_max_install_names conftest.c  >&5
conftest.c:3:1: warning: type specifier missing, defaults to 'int' [-Wimplicit-int]
free (char *pnt) {
^~~~
conftest.c:4:1: warning: control reaches end of non-void function [-Wreturn-type]
}
^
conftest.c:5:7: warning: incompatible redeclaration of library function 'malloc' [-Wincompatible-library-redeclaration]
char *malloc (int size) {
      ^
conftest.c:5:7: note: 'malloc' is a builtin with type 'void *(unsigned long)'
conftest.c:7:3: warning: implicit declaration of function 'getenv' is invalid in C99 [-Wimplicit-function-declaration]
  getenv("PATH");
  ^
conftest.c:12:7: warning: incompatible redeclaration of library function 'calloc' [-Wincompatible-library-redeclaration]
char *calloc (int number, int size) {
      ^
conftest.c:12:7: note: 'calloc' is a builtin with type 'void *(unsigned long, unsigned long)'
conftest.c:22:7: warning: incompatible redeclaration of library function 'realloc' [-Wincompatible-library-redeclaration]
char *realloc (char *old_pnt, int new_size) {
      ^
conftest.c:22:7: note: 'realloc' is a builtin with type 'void *(void *, unsigned long)'
conftest.c:31:1: warning: type specifier missing, defaults to 'int' [-Wimplicit-int]
main() { malloc(10); _exit(0); }
^~~~
conftest.c:31:22: warning: implicitly declaring library function '_exit' with type 'void (int) __attribute__((noreturn))'
main() { malloc(10); _exit(0); }
                     ^
conftest.c:31:22: note: please include the header <unistd.h> or explicitly provide a declaration for '_exit'
8 warnings generated.
configure:6505: $? = 0
configure:6507: ./conftest
configure:6510: $? = 0
configure:6516: result: yes
configure:6548: checking sys/cygwin.h usability
configure:6560: /usr/bin/clang -c -g -O2  conftest.c >&5
conftest.c:80:10: fatal error: 'sys/cygwin.h' file not found
#include <sys/cygwin.h>
         ^
1 error generated.
configure:6566: $? = 1
configure: failed program was:
| /* confdefs.h.  */
| 
| #define PACKAGE_NAME "dmalloc"
| #define PACKAGE_TARNAME "dmalloc"
| #define PACKAGE_VERSION "5.5.2"
| #define PACKAGE_STRING "dmalloc 5.5.2"
| #define PACKAGE_BUGREPORT "http://dmalloc.com/"
| #ifdef __cplusplus
| extern "C" void exit (int) throw ();
| #endif
| #define STDC_HEADERS 1
| #define HAVE_SYS_TYPES_H 1
| #define HAVE_SYS_STAT_H 1
| #define HAVE_STDLIB_H 1
| #define HAVE_STRING_H 1
| #define HAVE_MEMORY_H 1
| #define HAVE_STRINGS_H 1
| #define HAVE_INTTYPES_H 1
| #define HAVE_STDINT_H 1
| #define HAVE_UNISTD_H 1
| #define HAVE_STDARG_H 1
| #define HAVE_STDLIB_H 1
| #define HAVE_STRING_H 1
| #define HAVE_UNISTD_H 1
| #define HAVE_SYS_TYPES_H 1
| #define HAVE_SYS_MMAN_H 1
| #define DMALLOC_SIZE size_t
| #define DMALLOC_SIZE_UNSIGNED 1
| #define HAVE_MPROTECT 1
| #define PROTECT_ALLOWED 1
| #define HAVE_MMAP 1
| #define HAVE_SBRK 1
| #define USE_MMAP 1
| #define HAVE_GETPAGESIZE 1
| #define BASIC_BLOCK 12
| #define SIZEOF_LONG 8
| #define ALLOCATION_ALIGNMENT 8
| #define HAVE_ABORT 1
| #define ABORT_OKAY 1
| #define RETSIGTYPE void
| #define HAVE_SIGNAL_H 1
| #define SIGNAL_OKAY 1
| #define HAVE_GETENV 1
| #define GETENV_SAFE 1
| /* end confdefs.h.  */
| #include <stdio.h>
| #if HAVE_SYS_TYPES_H
| # include <sys/types.h>
| #endif
| #if HAVE_SYS_STAT_H
| # include <sys/stat.h>
| #endif
| #if STDC_HEADERS
| # include <stdlib.h>
| # include <stddef.h>
| #else
| # if HAVE_STDLIB_H
| #  include <stdlib.h>
| # endif
| #endif
| #if HAVE_STRING_H
| # if !STDC_HEADERS && HAVE_MEMORY_H
| #  include <memory.h>
| # endif
| # include <string.h>
| #endif
| #if HAVE_STRINGS_H
| # include <strings.h>
| #endif
| #if HAVE_INTTYPES_H
| # include <inttypes.h>
| #else
| # if HAVE_STDINT_H
| #  include <stdint.h>
| # endif
| #endif
| #if HAVE_UNISTD_H
| # include <unistd.h>
| #endif
| #include <sys/cygwin.h>
configure:6589: result: no
configure:6593: checking sys/cygwin.h presence
configure:6603: /usr/bin/clang -E  conftest.c
conftest.c:46:10: fatal error: 'sys/cygwin.h' file not found
#include <sys/cygwin.h>
         ^
1 error generated.
configure:6609: $? = 1
configure: failed program was:
| /* confdefs.h.  */
| 
| #define PACKAGE_NAME "dmalloc"
| #define PACKAGE_TARNAME "dmalloc"
| #define PACKAGE_VERSION "5.5.2"
| #define PACKAGE_STRING "dmalloc 5.5.2"
| #define PACKAGE_BUGREPORT "http://dmalloc.com/"
| #ifdef __cplusplus
| extern "C" void exit (int) throw ();
| #endif
| #define STDC_HEADERS 1
| #define HAVE_SYS_TYPES_H 1
| #define HAVE_SYS_STAT_H 1
| #define HAVE_STDLIB_H 1
| #define HAVE_STRING_H 1
| #define HAVE_MEMORY_H 1
| #define HAVE_STRINGS_H 1
| #define HAVE_INTTYPES_H 1
| #define HAVE_STDINT_H 1
| #define HAVE_UNISTD_H 1
| #define HAVE_STDARG_H 1
| #define HAVE_STDLIB_H 1
| #define HAVE_STRING_H 1
| #define HAVE_UNISTD_H 1
| #define HAVE_SYS_TYPES_H 1
| #define HAVE_SYS_MMAN_H 1
| #define DMALLOC_SIZE size_t
| #define DMALLOC_SIZE_UNSIGNED 1
| #define HAVE_MPROTECT 1
| #define PROTECT_ALLOWED 1
| #define HAVE_MMAP 1
| #define HAVE_SBRK 1
| #define USE_MMAP 1
| #define HAVE_GETPAGESIZE 1
| #define BASIC_BLOCK 12
| #define SIZEOF_LONG 8
| #define ALLOCATION_ALIGNMENT 8
| #define HAVE_ABORT 1
| #define ABORT_OKAY 1
| #define RETSIGTYPE void
| #define HAVE_SIGNAL_H 1
| #define SIGNAL_OKAY 1
| #define HAVE_GETENV 1
| #define GETENV_SAFE 1
| /* end confdefs.h.  */
| #include <sys/cygwin.h>
configure:6629: result: no
configure:6664: checking for sys/cygwin.h
configure:6671: result: no
configure:6700: checking w32api/windef.h usability
configure:6712: /usr/bin/clang -c -g -O2  conftest.c >&5
conftest.c:81:10: fatal error: 'w32api/windef.h' file not found
#include <w32api/windef.h>
         ^
1 error generated.
configure:6718: $? = 1
configure: failed program was:
| /* confdefs.h.  */
| 
| #define PACKAGE_NAME "dmalloc"
| #define PACKAGE_TARNAME "dmalloc"
| #define PACKAGE_VERSION "5.5.2"
| #define PACKAGE_STRING "dmalloc 5.5.2"
| #define PACKAGE_BUGREPORT "http://dmalloc.com/"
| #ifdef __cplusplus
| extern "C" void exit (int) throw ();
| #endif
| #define STDC_HEADERS 1
| #define HAVE_SYS_TYPES_H 1
| #define HAVE_SYS_STAT_H 1
| #define HAVE_STDLIB_H 1
| #define HAVE_STRING_H 1
| #define HAVE_MEMORY_H 1
| #define HAVE_STRINGS_H 1
| #define HAVE_INTTYPES_H 1
| #define HAVE_STDINT_H 1
| #define HAVE_UNISTD_H 1
| #define HAVE_STDARG_H 1
| #define HAVE_STDLIB_H 1
| #define HAVE_STRING_H 1
| #define HAVE_UNISTD_H 1
| #define HAVE_SYS_TYPES_H 1
| #define HAVE_SYS_MMAN_H 1
| #define DMALLOC_SIZE size_t
| #define DMALLOC_SIZE_UNSIGNED 1
| #define HAVE_MPROTECT 1
| #define PROTECT_ALLOWED 1
| #define HAVE_MMAP 1
| #define HAVE_SBRK 1
| #define USE_MMAP 1
| #define HAVE_GETPAGESIZE 1
| #define BASIC_BLOCK 12
| #define SIZEOF_LONG 8
| #define ALLOCATION_ALIGNMENT 8
| #define HAVE_ABORT 1
| #define ABORT_OKAY 1
| #define RETSIGTYPE void
| #define HAVE_SIGNAL_H 1
| #define SIGNAL_OKAY 1
| #define HAVE_GETENV 1
| #define GETENV_SAFE 1
| #define HAVE_SYS_CYGWIN_H 0
| /* end confdefs.h.  */
| #include <stdio.h>
| #if HAVE_SYS_TYPES_H
| # include <sys/types.h>
| #endif
| #if HAVE_SYS_STAT_H
| # include <sys/stat.h>
| #endif
| #if STDC_HEADERS
| # include <stdlib.h>
| # include <stddef.h>
| #else
| # if HAVE_STDLIB_H
| #  include <stdlib.h>
| # endif
| #endif
| #if HAVE_STRING_H
| # if !STDC_HEADERS && HAVE_MEMORY_H
| #  include <memory.h>
| # endif
| # include <string.h>
| #endif
| #if HAVE_STRINGS_H
| # include <strings.h>
| #endif
| #if HAVE_INTTYPES_H
| # include <inttypes.h>
| #else
| # if HAVE_STDINT_H
| #  include <stdint.h>
| # endif
| #endif
| #if HAVE_UNISTD_H
| # include <unistd.h>
| #endif
| #include <w32api/windef.h>
configure:6741: result: no
configure:6745: checking w32api/windef.h presence
configure:6755: /usr/bin/clang -E  conftest.c
conftest.c:47:10: fatal error: 'w32api/windef.h' file not found
#include <w32api/windef.h>
         ^
1 error generated.
configure:6761: $? = 1
configure: failed program was:
| /* confdefs.h.  */
| 
| #define PACKAGE_NAME "dmalloc"
| #define PACKAGE_TARNAME "dmalloc"
| #define PACKAGE_VERSION "5.5.2"
| #define PACKAGE_STRING "dmalloc 5.5.2"
| #define PACKAGE_BUGREPORT "http://dmalloc.com/"
| #ifdef __cplusplus
| extern "C" void exit (int) throw ();
| #endif
| #define STDC_HEADERS 1
| #define HAVE_SYS_TYPES_H 1
| #define HAVE_SYS_STAT_H 1
| #define HAVE_STDLIB_H 1
| #define HAVE_STRING_H 1
| #define HAVE_MEMORY_H 1
| #define HAVE_STRINGS_H 1
| #define HAVE_INTTYPES_H 1
| #define HAVE_STDINT_H 1
| #define HAVE_UNISTD_H 1
| #define HAVE_STDARG_H 1
| #define HAVE_STDLIB_H 1
| #define HAVE_STRING_H 1
| #define HAVE_UNISTD_H 1
| #define HAVE_SYS_TYPES_H 1
| #define HAVE_SYS_MMAN_H 1
| #define DMALLOC_SIZE size_t
| #define DMALLOC_SIZE_UNSIGNED 1
| #define HAVE_MPROTECT 1
| #define PROTECT_ALLOWED 1
| #define HAVE_MMAP 1
| #define HAVE_SBRK 1
| #define USE_MMAP 1
| #define HAVE_GETPAGESIZE 1
| #define BASIC_BLOCK 12
| #define SIZEOF_LONG 8
| #define ALLOCATION_ALIGNMENT 8
| #define HAVE_ABORT 1
| #define ABORT_OKAY 1
| #define RETSIGTYPE void
| #define HAVE_SIGNAL_H 1
| #define SIGNAL_OKAY 1
| #define HAVE_GETENV 1
| #define GETENV_SAFE 1
| #define HAVE_SYS_CYGWIN_H 0
| /* end confdefs.h.  */
| #include <w32api/windef.h>
configure:6781: result: no
configure:6816: checking for w32api/windef.h
configure:6823: result: no
configure:6842: checking for w32api/winbase.h
configure:6861: /usr/bin/clang -c -g -O2  conftest.c >&5
conftest.c:53:10: fatal error: 'w32api/winbase.h' file not found
#include <w32api/winbase.h>
         ^
1 error generated.
configure:6867: $? = 1
configure: failed program was:
| /* confdefs.h.  */
| 
| #define PACKAGE_NAME "dmalloc"
| #define PACKAGE_TARNAME "dmalloc"
| #define PACKAGE_VERSION "5.5.2"
| #define PACKAGE_STRING "dmalloc 5.5.2"
| #define PACKAGE_BUGREPORT "http://dmalloc.com/"
| #ifdef __cplusplus
| extern "C" void exit (int) throw ();
| #endif
| #define STDC_HEADERS 1
| #define HAVE_SYS_TYPES_H 1
| #define HAVE_SYS_STAT_H 1
| #define HAVE_STDLIB_H 1
| #define HAVE_STRING_H 1
| #define HAVE_MEMORY_H 1
| #define HAVE_STRINGS_H 1
| #define HAVE_INTTYPES_H 1
| #define HAVE_STDINT_H 1
| #define HAVE_UNISTD_H 1
| #define HAVE_STDARG_H 1
| #define HAVE_STDLIB_H 1
| #define HAVE_STRING_H 1
| #define HAVE_UNISTD_H 1
| #define HAVE_SYS_TYPES_H 1
| #define HAVE_SYS_MMAN_H 1
| #define DMALLOC_SIZE size_t
| #define DMALLOC_SIZE_UNSIGNED 1
| #define HAVE_MPROTECT 1
| #define PROTECT_ALLOWED 1
| #define HAVE_MMAP 1
| #define HAVE_SBRK 1
| #define USE_MMAP 1
| #define HAVE_GETPAGESIZE 1
| #define BASIC_BLOCK 12
| #define SIZEOF_LONG 8
| #define ALLOCATION_ALIGNMENT 8
| #define HAVE_ABORT 1
| #define ABORT_OKAY 1
| #define RETSIGTYPE void
| #define HAVE_SIGNAL_H 1
| #define SIGNAL_OKAY 1
| #define HAVE_GETENV 1
| #define GETENV_SAFE 1
| #define HAVE_SYS_CYGWIN_H 0
| #define HAVE_W32API_WINDEF_H 0
| /* end confdefs.h.  */
| 
| #if HAVE_W32API_WINDEF_H
| # include <w32api/windef.h>
| #endif
| 
| #include <w32api/winbase.h>
configure:6891: result: no
configure:6908: checking for GetEnvironmentVariableA
configure:6941: /usr/bin/clang -o conftest -g -O2  -stdlib=libc++ -headerpad_max_install_names conftest.c  >&5
conftest.c:14:1: warning: type specifier missing, defaults to 'int' [-Wimplicit-int]
main() {
^~~~
conftest.c:16:3: warning: implicit declaration of function 'GetEnvironmentVariableA' is invalid in C99 [-Wimplicit-function-declaration]
  GetEnvironmentVariableA("PATH", env_buf, sizeof(env_buf));
  ^
2 warnings generated.
Undefined symbols for architecture x86_64:
  "_GetEnvironmentVariableA", referenced from:
      _main in conftest-476700.o
ld: symbol(s) not found for architecture x86_64
clang: error: linker command failed with exit code 1 (use -v to see invocation)
configure:6944: $? = 1
configure: program exited with status 1
configure: failed program was:
| 
| #if HAVE_SYS_CYGWIN_H
| # include <sys/cygwin.h>
| #endif
| #if HAVE_STDARG_H
| # include <stdarg.h>
| #endif
| #if HAVE_W32API_WINDEF_H
| # include <w32api/windef.h>
| #endif
| #if HAVE_W32API_WINBASE_H
| # include <w32api/winbase.h>
| #endif
| main() {
|   char env_buf[256];
|   GetEnvironmentVariableA("PATH", env_buf, sizeof(env_buf));
| }
| 
configure:6968: result: no
configure:6995: checking constructor attribute
configure:7014: /usr/bin/clang -o conftest -g -O2  -stdlib=libc++ -headerpad_max_install_names conftest.c  >&5
conftest.c:4:25: warning: implicitly declaring library function 'exit' with type 'void (int) __attribute__((noreturn))'
static void loc_con() { exit(0); }
                        ^
conftest.c:4:25: note: please include the header <stdlib.h> or explicitly provide a declaration for 'exit'
1 warning generated.
configure:7017: $? = 0
configure:7019: ./conftest
configure:7022: $? = 0
configure:7027: result: yes
configure:7047: checking destructor attribute
configure:7067: /usr/bin/clang -o conftest -g -O2  -stdlib=libc++ -headerpad_max_install_names conftest.c  >&5
conftest.c:4:27: warning: implicitly declaring library function 'exit' with type 'void (int) __attribute__((noreturn))'
static void loc_decon() { exit(0); }
                          ^
conftest.c:4:27: note: please include the header <stdlib.h> or explicitly provide a declaration for 'exit'
1 warning generated.
configure:7070: $? = 0
configure:7072: ./conftest
configure:7075: $? = 0
configure:7081: result: yes
configure:7106: checking return.h macros work
configure:7139: /usr/bin/clang -o conftest -g -O2  -stdlib=libc++ -headerpad_max_install_names conftest.c  >&5
conftest.c:15:1: warning: type specifier missing, defaults to 'int' [-Wimplicit-int]
main()
^~~~
conftest.c:18:3: warning: implicitly declaring library function 'exit' with type 'void (int) __attribute__((noreturn))'
  exit(0);
  ^
conftest.c:18:3: note: please include the header <stdlib.h> or explicitly provide a declaration for 'exit'
2 warnings generated.
configure:7142: $? = 0
configure:7144: ./conftest
configure:7147: $? = 0
configure:7152: result: yes
configure:7174: checking if ident works
configure:7183: /usr/bin/clang -c -g -O2  conftest.c >&5
configure:7189: $? = 0
configure:7193: test -z 
			 || test ! -s conftest.err
configure:7196: $? = 0
configure:7199: test -s conftest.o
configure:7202: $? = 0
configure:7207: result: yes
configure:7223: pthread particulars
configure:7228: checking for library containing pthread_mutex_init
configure:7258: /usr/bin/clang -o conftest -g -O2  -stdlib=libc++ -headerpad_max_install_names conftest.c  >&5
configure:7264: $? = 0
configure:7268: test -z 
			 || test ! -s conftest.err
configure:7271: $? = 0
configure:7274: test -s conftest
configure:7277: $? = 0
configure:7347: result: none required
configure:7364: checking pthread.h usability
configure:7376: /usr/bin/clang -c -g -O2  conftest.c >&5
configure:7382: $? = 0
configure:7386: test -z 
			 || test ! -s conftest.err
configure:7389: $? = 0
configure:7392: test -s conftest.o
configure:7395: $? = 0
configure:7405: result: yes
configure:7409: checking pthread.h presence
configure:7419: /usr/bin/clang -E  conftest.c
configure:7425: $? = 0
configure:7445: result: yes
configure:7480: checking for pthread.h
configure:7487: result: yes
configure:7516: checking pthreads.h usability
configure:7528: /usr/bin/clang -c -g -O2  conftest.c >&5
conftest.c:89:10: fatal error: 'pthreads.h' file not found
#include <pthreads.h>
         ^
1 error generated.
configure:7534: $? = 1
configure: failed program was:
| /* confdefs.h.  */
| 
| #define PACKAGE_NAME "dmalloc"
| #define PACKAGE_TARNAME "dmalloc"
| #define PACKAGE_VERSION "5.5.2"
| #define PACKAGE_STRING "dmalloc 5.5.2"
| #define PACKAGE_BUGREPORT "http://dmalloc.com/"
| #ifdef __cplusplus
| extern "C" void exit (int) throw ();
| #endif
| #define STDC_HEADERS 1
| #define HAVE_SYS_TYPES_H 1
| #define HAVE_SYS_STAT_H 1
| #define HAVE_STDLIB_H 1
| #define HAVE_STRING_H 1
| #define HAVE_MEMORY_H 1
| #define HAVE_STRINGS_H 1
| #define HAVE_INTTYPES_H 1
| #define HAVE_STDINT_H 1
| #define HAVE_UNISTD_H 1
| #define HAVE_STDARG_H 1
| #define HAVE_STDLIB_H 1
| #define HAVE_STRING_H 1
| #define HAVE_UNISTD_H 1
| #define HAVE_SYS_TYPES_H 1
| #define HAVE_SYS_MMAN_H 1
| #define DMALLOC_SIZE size_t
| #define DMALLOC_SIZE_UNSIGNED 1
| #define HAVE_MPROTECT 1
| #define PROTECT_ALLOWED 1
| #define HAVE_MMAP 1
| #define HAVE_SBRK 1
| #define USE_MMAP 1
| #define HAVE_GETPAGESIZE 1
| #define BASIC_BLOCK 12
| #define SIZEOF_LONG 8
| #define ALLOCATION_ALIGNMENT 8
| #define HAVE_ABORT 1
| #define ABORT_OKAY 1
| #define RETSIGTYPE void
| #define HAVE_SIGNAL_H 1
| #define SIGNAL_OKAY 1
| #define HAVE_GETENV 1
| #define GETENV_SAFE 1
| #define HAVE_SYS_CYGWIN_H 0
| #define HAVE_W32API_WINDEF_H 0
| #define HAVE_W32API_WINBASE_H 0
| #define HAVE_GETENVIRONMENTVARIABLEA 0
| #define CONSTRUCTOR_WORKS 1
| #define DESTRUCTOR_WORKS 1
| #define RETURN_MACROS_WORK 1
| #define IDENT_WORKS 1
| #define HAVE_PTHREAD_H 1
| /* end confdefs.h.  */
| #include <stdio.h>
| #if HAVE_SYS_TYPES_H
| # include <sys/types.h>
| #endif
| #if HAVE_SYS_STAT_H
| # include <sys/stat.h>
| #endif
| #if STDC_HEADERS
| # include <stdlib.h>
| # include <stddef.h>
| #else
| # if HAVE_STDLIB_H
| #  include <stdlib.h>
| # endif
| #endif
| #if HAVE_STRING_H
| # if !STDC_HEADERS && HAVE_MEMORY_H
| #  include <memory.h>
| # endif
| # include <string.h>
| #endif
| #if HAVE_STRINGS_H
| # include <strings.h>
| #endif
| #if HAVE_INTTYPES_H
| # include <inttypes.h>
| #else
| # if HAVE_STDINT_H
| #  include <stdint.h>
| # endif
| #endif
| #if HAVE_UNISTD_H
| # include <unistd.h>
| #endif
| #include <pthreads.h>
configure:7557: result: no
configure:7561: checking pthreads.h presence
configure:7571: /usr/bin/clang -E  conftest.c
conftest.c:55:10: fatal error: 'pthreads.h' file not found
#include <pthreads.h>
         ^
1 error generated.
configure:7577: $? = 1
configure: failed program was:
| /* confdefs.h.  */
| 
| #define PACKAGE_NAME "dmalloc"
| #define PACKAGE_TARNAME "dmalloc"
| #define PACKAGE_VERSION "5.5.2"
| #define PACKAGE_STRING "dmalloc 5.5.2"
| #define PACKAGE_BUGREPORT "http://dmalloc.com/"
| #ifdef __cplusplus
| extern "C" void exit (int) throw ();
| #endif
| #define STDC_HEADERS 1
| #define HAVE_SYS_TYPES_H 1
| #define HAVE_SYS_STAT_H 1
| #define HAVE_STDLIB_H 1
| #define HAVE_STRING_H 1
| #define HAVE_MEMORY_H 1
| #define HAVE_STRINGS_H 1
| #define HAVE_INTTYPES_H 1
| #define HAVE_STDINT_H 1
| #define HAVE_UNISTD_H 1
| #define HAVE_STDARG_H 1
| #define HAVE_STDLIB_H 1
| #define HAVE_STRING_H 1
| #define HAVE_UNISTD_H 1
| #define HAVE_SYS_TYPES_H 1
| #define HAVE_SYS_MMAN_H 1
| #define DMALLOC_SIZE size_t
| #define DMALLOC_SIZE_UNSIGNED 1
| #define HAVE_MPROTECT 1
| #define PROTECT_ALLOWED 1
| #define HAVE_MMAP 1
| #define HAVE_SBRK 1
| #define USE_MMAP 1
| #define HAVE_GETPAGESIZE 1
| #define BASIC_BLOCK 12
| #define SIZEOF_LONG 8
| #define ALLOCATION_ALIGNMENT 8
| #define HAVE_ABORT 1
| #define ABORT_OKAY 1
| #define RETSIGTYPE void
| #define HAVE_SIGNAL_H 1
| #define SIGNAL_OKAY 1
| #define HAVE_GETENV 1
| #define GETENV_SAFE 1
| #define HAVE_SYS_CYGWIN_H 0
| #define HAVE_W32API_WINDEF_H 0
| #define HAVE_W32API_WINBASE_H 0
| #define HAVE_GETENVIRONMENTVARIABLEA 0
| #define CONSTRUCTOR_WORKS 1
| #define DESTRUCTOR_WORKS 1
| #define RETURN_MACROS_WORK 1
| #define IDENT_WORKS 1
| #define HAVE_PTHREAD_H 1
| /* end confdefs.h.  */
| #include <pthreads.h>
configure:7597: result: no
configure:7632: checking for pthreads.h
configure:7639: result: no
configure:7665: checking for pthread_mutex_init
configure:7722: /usr/bin/clang -o conftest -g -O2  -stdlib=libc++ -headerpad_max_install_names conftest.c  >&5
configure:7728: $? = 0
configure:7732: test -z 
			 || test ! -s conftest.err
configure:7735: $? = 0
configure:7738: test -s conftest
configure:7741: $? = 0
configure:7753: result: yes
configure:7665: checking for pthread_mutex_lock
configure:7722: /usr/bin/clang -o conftest -g -O2  -stdlib=libc++ -headerpad_max_install_names conftest.c  >&5
configure:7728: $? = 0
configure:7732: test -z 
			 || test ! -s conftest.err
configure:7735: $? = 0
configure:7738: test -s conftest
configure:7741: $? = 0
configure:7753: result: yes
configure:7665: checking for pthread_mutex_unlock
configure:7722: /usr/bin/clang -o conftest -g -O2  -stdlib=libc++ -headerpad_max_install_names conftest.c  >&5
configure:7728: $? = 0
configure:7732: test -z 
			 || test ! -s conftest.err
configure:7735: $? = 0
configure:7738: test -s conftest
configure:7741: $? = 0
configure:7753: result: yes
configure:7764: checking pthread mutex type
configure:7791: /usr/bin/clang -o conftest -g -O2  -stdlib=libc++ -headerpad_max_install_names conftest.c  >&5
configure:7797: $? = 0
configure:7801: test -z 
			 || test ! -s conftest.err
configure:7804: $? = 0
configure:7807: test -s conftest
configure:7810: $? = 0
configure:7815: result: pthread_mutex_t
configure:7828: checking pthread attribute initialization
configure:7856: /usr/bin/clang -o conftest -g -O2  -stdlib=libc++ -headerpad_max_install_names conftest.c  >&5
conftest.c:73:37: error: use of undeclared identifier 'pthread_mutexattr_default'; did you mean 'pthread_mutexattr_destroy'?
        pthread_mutex_init(&dmalloc_mutex, pthread_mutexattr_default);
                                           ^~~~~~~~~~~~~~~~~~~~~~~~~
                                           pthread_mutexattr_destroy
/usr/include/pthread.h:366:5: note: 'pthread_mutexattr_destroy' declared here
int pthread_mutexattr_destroy(pthread_mutexattr_t *) __DARWIN_ALIAS(pthread_mutexattr_destroy);
    ^
conftest.c:73:37: warning: incompatible pointer types passing 'int (pthread_mutexattr_t *)' to parameter of type 'const pthread_mutexattr_t *' (aka 'const struct _opaque_pthread_mutexattr_t *') [-Wincompatible-pointer-types]
        pthread_mutex_init(&dmalloc_mutex, pthread_mutexattr_default);
                                           ^~~~~~~~~~~~~~~~~~~~~~~~~
/usr/include/pthread.h:350:41: note: passing argument to parameter here
                const pthread_mutexattr_t * __restrict);
                                                      ^
1 warning and 1 error generated.
configure:7862: $? = 1
configure: failed program was:
| /* confdefs.h.  */
| 
| #define PACKAGE_NAME "dmalloc"
| #define PACKAGE_TARNAME "dmalloc"
| #define PACKAGE_VERSION "5.5.2"
| #define PACKAGE_STRING "dmalloc 5.5.2"
| #define PACKAGE_BUGREPORT "http://dmalloc.com/"
| #ifdef __cplusplus
| extern "C" void exit (int) throw ();
| #endif
| #define STDC_HEADERS 1
| #define HAVE_SYS_TYPES_H 1
| #define HAVE_SYS_STAT_H 1
| #define HAVE_STDLIB_H 1
| #define HAVE_STRING_H 1
| #define HAVE_MEMORY_H 1
| #define HAVE_STRINGS_H 1
| #define HAVE_INTTYPES_H 1
| #define HAVE_STDINT_H 1
| #define HAVE_UNISTD_H 1
| #define HAVE_STDARG_H 1
| #define HAVE_STDLIB_H 1
| #define HAVE_STRING_H 1
| #define HAVE_UNISTD_H 1
| #define HAVE_SYS_TYPES_H 1
| #define HAVE_SYS_MMAN_H 1
| #define DMALLOC_SIZE size_t
| #define DMALLOC_SIZE_UNSIGNED 1
| #define HAVE_MPROTECT 1
| #define PROTECT_ALLOWED 1
| #define HAVE_MMAP 1
| #define HAVE_SBRK 1
| #define USE_MMAP 1
| #define HAVE_GETPAGESIZE 1
| #define BASIC_BLOCK 12
| #define SIZEOF_LONG 8
| #define ALLOCATION_ALIGNMENT 8
| #define HAVE_ABORT 1
| #define ABORT_OKAY 1
| #define RETSIGTYPE void
| #define HAVE_SIGNAL_H 1
| #define SIGNAL_OKAY 1
| #define HAVE_GETENV 1
| #define GETENV_SAFE 1
| #define HAVE_SYS_CYGWIN_H 0
| #define HAVE_W32API_WINDEF_H 0
| #define HAVE_W32API_WINBASE_H 0
| #define HAVE_GETENVIRONMENTVARIABLEA 0
| #define CONSTRUCTOR_WORKS 1
| #define DESTRUCTOR_WORKS 1
| #define RETURN_MACROS_WORK 1
| #define IDENT_WORKS 1
| #define HAVE_PTHREAD_H 1
| #define HAVE_PTHREADS_H 0
| #define HAVE_PTHREAD_MUTEX_INIT 1
| #define HAVE_PTHREAD_MUTEX_LOCK 1
| #define HAVE_PTHREAD_MUTEX_UNLOCK 1
| #define THREAD_MUTEX_T pthread_mutex_t
| /* end confdefs.h.  */
| 
| #if HAVE_PTHREAD_H
| #  include <pthread.h>
| #endif
| #if HAVE_PTHREADS_H
| #  include <pthreads.h>
| #endif
| 
| int
| main ()
| {
| 
| 	THREAD_MUTEX_T dmalloc_mutex;
| 	pthread_mutex_init(&dmalloc_mutex, pthread_mutexattr_default);
| 
|   ;
|   return 0;
| }
configure:7891: result: 0
configure:7901: functions
configure:7910: checking for atexit
configure:7967: /usr/bin/clang -o conftest -g -O2  -stdlib=libc++ -headerpad_max_install_names conftest.c  >&5
configure:7973: $? = 0
configure:7977: test -z 
			 || test ! -s conftest.err
configure:7980: $? = 0
configure:7983: test -s conftest
configure:7986: $? = 0
configure:7998: result: yes
configure:7910: checking for on_exit
configure:7967: /usr/bin/clang -o conftest -g -O2  -stdlib=libc++ -headerpad_max_install_names conftest.c  >&5
Undefined symbols for architecture x86_64:
  "_on_exit", referenced from:
      _main in conftest-f5719a.o
      _f in conftest-f5719a.o
ld: symbol(s) not found for architecture x86_64
clang: error: linker command failed with exit code 1 (use -v to see invocation)
configure:7973: $? = 1
configure: failed program was:
| /* confdefs.h.  */
| 
| #define PACKAGE_NAME "dmalloc"
| #define PACKAGE_TARNAME "dmalloc"
| #define PACKAGE_VERSION "5.5.2"
| #define PACKAGE_STRING "dmalloc 5.5.2"
| #define PACKAGE_BUGREPORT "http://dmalloc.com/"
| #ifdef __cplusplus
| extern "C" void exit (int) throw ();
| #endif
| #define STDC_HEADERS 1
| #define HAVE_SYS_TYPES_H 1
| #define HAVE_SYS_STAT_H 1
| #define HAVE_STDLIB_H 1
| #define HAVE_STRING_H 1
| #define HAVE_MEMORY_H 1
| #define HAVE_STRINGS_H 1
| #define HAVE_INTTYPES_H 1
| #define HAVE_STDINT_H 1
| #define HAVE_UNISTD_H 1
| #define HAVE_STDARG_H 1
| #define HAVE_STDLIB_H 1
| #define HAVE_STRING_H 1
| #define HAVE_UNISTD_H 1
| #define HAVE_SYS_TYPES_H 1
| #define HAVE_SYS_MMAN_H 1
| #define DMALLOC_SIZE size_t
| #define DMALLOC_SIZE_UNSIGNED 1
| #define HAVE_MPROTECT 1
| #define PROTECT_ALLOWED 1
| #define HAVE_MMAP 1
| #define HAVE_SBRK 1
| #define USE_MMAP 1
| #define HAVE_GETPAGESIZE 1
| #define BASIC_BLOCK 12
| #define SIZEOF_LONG 8
| #define ALLOCATION_ALIGNMENT 8
| #define HAVE_ABORT 1
| #define ABORT_OKAY 1
| #define RETSIGTYPE void
| #define HAVE_SIGNAL_H 1
| #define SIGNAL_OKAY 1
| #define HAVE_GETENV 1
| #define GETENV_SAFE 1
| #define HAVE_SYS_CYGWIN_H 0
| #define HAVE_W32API_WINDEF_H 0
| #define HAVE_W32API_WINBASE_H 0
| #define HAVE_GETENVIRONMENTVARIABLEA 0
| #define CONSTRUCTOR_WORKS 1
| #define DESTRUCTOR_WORKS 1
| #define RETURN_MACROS_WORK 1
| #define IDENT_WORKS 1
| #define HAVE_PTHREAD_H 1
| #define HAVE_PTHREADS_H 0
| #define HAVE_PTHREAD_MUTEX_INIT 1
| #define HAVE_PTHREAD_MUTEX_LOCK 1
| #define HAVE_PTHREAD_MUTEX_UNLOCK 1
| #define THREAD_MUTEX_T pthread_mutex_t
| #define THREAD_LOCK_INIT_VAL 0
| #define HAVE_ATEXIT 1
| /* end confdefs.h.  */
| /* Define on_exit to an innocuous variant, in case <limits.h> declares on_exit.
|    For example, HP-UX 11i <limits.h> declares gettimeofday.  */
| #define on_exit innocuous_on_exit
| 
| /* System header to define __stub macros and hopefully few prototypes,
|     which can conflict with char on_exit (); below.
|     Prefer <limits.h> to <assert.h> if __STDC__ is defined, since
|     <limits.h> exists even on freestanding compilers.  */
| 
| #ifdef __STDC__
| # include <limits.h>
| #else
| # include <assert.h>
| #endif
| 
| #undef on_exit
| 
| /* Override any gcc2 internal prototype to avoid an error.  */
| #ifdef __cplusplus
| extern "C"
| {
| #endif
| /* We use char because int might match the return type of a gcc2
|    builtin and then its argument prototype would still apply.  */
| char on_exit ();
| /* The GNU C library defines this for functions which it implements
|     to always fail with ENOSYS.  Some functions are actually named
|     something starting with __ and the normal name is an alias.  */
| #if defined (__stub_on_exit) || defined (__stub___on_exit)
| choke me
| #else
| char (*f) () = on_exit;
| #endif
| #ifdef __cplusplus
| }
| #endif
| 
| int
| main ()
| {
| return f != on_exit;
|   ;
|   return 0;
| }
configure:7998: result: no
configure:8035: checking for fork
configure:8092: /usr/bin/clang -o conftest -g -O2  -stdlib=libc++ -headerpad_max_install_names conftest.c  >&5
configure:8098: $? = 0
configure:8102: test -z 
			 || test ! -s conftest.err
configure:8105: $? = 0
configure:8108: test -s conftest
configure:8111: $? = 0
configure:8123: result: yes
configure:8035: checking for gethostname
configure:8092: /usr/bin/clang -o conftest -g -O2  -stdlib=libc++ -headerpad_max_install_names conftest.c  >&5
configure:8098: $? = 0
configure:8102: test -z 
			 || test ! -s conftest.err
configure:8105: $? = 0
configure:8108: test -s conftest
configure:8111: $? = 0
configure:8123: result: yes
configure:8035: checking for getpid
configure:8092: /usr/bin/clang -o conftest -g -O2  -stdlib=libc++ -headerpad_max_install_names conftest.c  >&5
configure:8098: $? = 0
configure:8102: test -z 
			 || test ! -s conftest.err
configure:8105: $? = 0
configure:8108: test -s conftest
configure:8111: $? = 0
configure:8123: result: yes
configure:8035: checking for getuid
configure:8092: /usr/bin/clang -o conftest -g -O2  -stdlib=libc++ -headerpad_max_install_names conftest.c  >&5
configure:8098: $? = 0
configure:8102: test -z 
			 || test ! -s conftest.err
configure:8105: $? = 0
configure:8108: test -s conftest
configure:8111: $? = 0
configure:8123: result: yes
configure:8035: checking for time
configure:8092: /usr/bin/clang -o conftest -g -O2  -stdlib=libc++ -headerpad_max_install_names conftest.c  >&5
configure:8098: $? = 0
configure:8102: test -z 
			 || test ! -s conftest.err
configure:8105: $? = 0
configure:8108: test -s conftest
configure:8111: $? = 0
configure:8123: result: yes
configure:8035: checking for ctime
configure:8092: /usr/bin/clang -o conftest -g -O2  -stdlib=libc++ -headerpad_max_install_names conftest.c  >&5
configure:8098: $? = 0
configure:8102: test -z 
			 || test ! -s conftest.err
configure:8105: $? = 0
configure:8108: test -s conftest
configure:8111: $? = 0
configure:8123: result: yes
configure:8139: checking for vprintf
configure:8196: /usr/bin/clang -o conftest -g -O2  -stdlib=libc++ -headerpad_max_install_names conftest.c  >&5
conftest.c:92:6: warning: incompatible redeclaration of library function 'vprintf' [-Wincompatible-library-redeclaration]
char vprintf ();
     ^
conftest.c:92:6: note: 'vprintf' is a builtin with type 'int (const char *, __va_list_tag *)'
1 warning generated.
configure:8202: $? = 0
configure:8206: test -z 
			 || test ! -s conftest.err
configure:8209: $? = 0
configure:8212: test -s conftest
configure:8215: $? = 0
configure:8227: result: yes
configure:8139: checking for snprintf
configure:8196: /usr/bin/clang -o conftest -g -O2  -stdlib=libc++ -headerpad_max_install_names conftest.c  >&5
conftest.c:93:6: warning: incompatible redeclaration of library function 'snprintf' [-Wincompatible-library-redeclaration]
char snprintf ();
     ^
conftest.c:93:6: note: 'snprintf' is a builtin with type 'int (char *, unsigned long, const char *, ...)'
1 warning generated.
configure:8202: $? = 0
configure:8206: test -z 
			 || test ! -s conftest.err
configure:8209: $? = 0
configure:8212: test -s conftest
configure:8215: $? = 0
configure:8227: result: yes
configure:8139: checking for vsnprintf
configure:8196: /usr/bin/clang -o conftest -g -O2  -stdlib=libc++ -headerpad_max_install_names conftest.c  >&5
conftest.c:94:6: warning: incompatible redeclaration of library function 'vsnprintf' [-Wincompatible-library-redeclaration]
char vsnprintf ();
     ^
conftest.c:94:6: note: 'vsnprintf' is a builtin with type 'int (char *, unsigned long, const char *, __va_list_tag *)'
1 warning generated.
configure:8202: $? = 0
configure:8206: test -z 
			 || test ! -s conftest.err
configure:8209: $? = 0
configure:8212: test -s conftest
configure:8215: $? = 0
configure:8227: result: yes
configure:8243: checking for recalloc
configure:8300: /usr/bin/clang -o conftest -g -O2  -stdlib=libc++ -headerpad_max_install_names conftest.c  >&5
Undefined symbols for architecture x86_64:
  "_recalloc", referenced from:
      _main in conftest-54c4e5.o
      _f in conftest-54c4e5.o
ld: symbol(s) not found for architecture x86_64
clang: error: linker command failed with exit code 1 (use -v to see invocation)
configure:8306: $? = 1
configure: failed program was:
| /* confdefs.h.  */
| 
| #define PACKAGE_NAME "dmalloc"
| #define PACKAGE_TARNAME "dmalloc"
| #define PACKAGE_VERSION "5.5.2"
| #define PACKAGE_STRING "dmalloc 5.5.2"
| #define PACKAGE_BUGREPORT "http://dmalloc.com/"
| #ifdef __cplusplus
| extern "C" void exit (int) throw ();
| #endif
| #define STDC_HEADERS 1
| #define HAVE_SYS_TYPES_H 1
| #define HAVE_SYS_STAT_H 1
| #define HAVE_STDLIB_H 1
| #define HAVE_STRING_H 1
| #define HAVE_MEMORY_H 1
| #define HAVE_STRINGS_H 1
| #define HAVE_INTTYPES_H 1
| #define HAVE_STDINT_H 1
| #define HAVE_UNISTD_H 1
| #define HAVE_STDARG_H 1
| #define HAVE_STDLIB_H 1
| #define HAVE_STRING_H 1
| #define HAVE_UNISTD_H 1
| #define HAVE_SYS_TYPES_H 1
| #define HAVE_SYS_MMAN_H 1
| #define DMALLOC_SIZE size_t
| #define DMALLOC_SIZE_UNSIGNED 1
| #define HAVE_MPROTECT 1
| #define PROTECT_ALLOWED 1
| #define HAVE_MMAP 1
| #define HAVE_SBRK 1
| #define USE_MMAP 1
| #define HAVE_GETPAGESIZE 1
| #define BASIC_BLOCK 12
| #define SIZEOF_LONG 8
| #define ALLOCATION_ALIGNMENT 8
| #define HAVE_ABORT 1
| #define ABORT_OKAY 1
| #define RETSIGTYPE void
| #define HAVE_SIGNAL_H 1
| #define SIGNAL_OKAY 1
| #define HAVE_GETENV 1
| #define GETENV_SAFE 1
| #define HAVE_SYS_CYGWIN_H 0
| #define HAVE_W32API_WINDEF_H 0
| #define HAVE_W32API_WINBASE_H 0
| #define HAVE_GETENVIRONMENTVARIABLEA 0
| #define CONSTRUCTOR_WORKS 1
| #define DESTRUCTOR_WORKS 1
| #define RETURN_MACROS_WORK 1
| #define IDENT_WORKS 1
| #define HAVE_PTHREAD_H 1
| #define HAVE_PTHREADS_H 0
| #define HAVE_PTHREAD_MUTEX_INIT 1
| #define HAVE_PTHREAD_MUTEX_LOCK 1
| #define HAVE_PTHREAD_MUTEX_UNLOCK 1
| #define THREAD_MUTEX_T pthread_mutex_t
| #define THREAD_LOCK_INIT_VAL 0
| #define HAVE_ATEXIT 1
| #define HAVE_FORK 1
| #define HAVE_GETHOSTNAME 1
| #define HAVE_GETPID 1
| #define HAVE_GETUID 1
| #define HAVE_TIME 1
| #define HAVE_CTIME 1
| #define HAVE_VPRINTF 1
| #define HAVE_SNPRINTF 1
| #define HAVE_VSNPRINTF 1
| /* end confdefs.h.  */
| /* Define recalloc to an innocuous variant, in case <limits.h> declares recalloc.
|    For example, HP-UX 11i <limits.h> declares gettimeofday.  */
| #define recalloc innocuous_recalloc
| 
| /* System header to define __stub macros and hopefully few prototypes,
|     which can conflict with char recalloc (); below.
|     Prefer <limits.h> to <assert.h> if __STDC__ is defined, since
|     <limits.h> exists even on freestanding compilers.  */
| 
| #ifdef __STDC__
| # include <limits.h>
| #else
| # include <assert.h>
| #endif
| 
| #undef recalloc
| 
| /* Override any gcc2 internal prototype to avoid an error.  */
| #ifdef __cplusplus
| extern "C"
| {
| #endif
| /* We use char because int might match the return type of a gcc2
|    builtin and then its argument prototype would still apply.  */
| char recalloc ();
| /* The GNU C library defines this for functions which it implements
|     to always fail with ENOSYS.  Some functions are actually named
|     something starting with __ and the normal name is an alias.  */
| #if defined (__stub_recalloc) || defined (__stub___recalloc)
| choke me
| #else
| char (*f) () = recalloc;
| #endif
| #ifdef __cplusplus
| }
| #endif
| 
| int
| main ()
| {
| return f != recalloc;
|   ;
|   return 0;
| }
configure:8331: result: no
configure:8243: checking for memalign
configure:8300: /usr/bin/clang -o conftest -g -O2  -stdlib=libc++ -headerpad_max_install_names conftest.c  >&5
Undefined symbols for architecture x86_64:
  "_memalign", referenced from:
      _main in conftest-243527.o
      _f in conftest-243527.o
ld: symbol(s) not found for architecture x86_64
clang: error: linker command failed with exit code 1 (use -v to see invocation)
configure:8306: $? = 1
configure: failed program was:
| /* confdefs.h.  */
| 
| #define PACKAGE_NAME "dmalloc"
| #define PACKAGE_TARNAME "dmalloc"
| #define PACKAGE_VERSION "5.5.2"
| #define PACKAGE_STRING "dmalloc 5.5.2"
| #define PACKAGE_BUGREPORT "http://dmalloc.com/"
| #ifdef __cplusplus
| extern "C" void exit (int) throw ();
| #endif
| #define STDC_HEADERS 1
| #define HAVE_SYS_TYPES_H 1
| #define HAVE_SYS_STAT_H 1
| #define HAVE_STDLIB_H 1
| #define HAVE_STRING_H 1
| #define HAVE_MEMORY_H 1
| #define HAVE_STRINGS_H 1
| #define HAVE_INTTYPES_H 1
| #define HAVE_STDINT_H 1
| #define HAVE_UNISTD_H 1
| #define HAVE_STDARG_H 1
| #define HAVE_STDLIB_H 1
| #define HAVE_STRING_H 1
| #define HAVE_UNISTD_H 1
| #define HAVE_SYS_TYPES_H 1
| #define HAVE_SYS_MMAN_H 1
| #define DMALLOC_SIZE size_t
| #define DMALLOC_SIZE_UNSIGNED 1
| #define HAVE_MPROTECT 1
| #define PROTECT_ALLOWED 1
| #define HAVE_MMAP 1
| #define HAVE_SBRK 1
| #define USE_MMAP 1
| #define HAVE_GETPAGESIZE 1
| #define BASIC_BLOCK 12
| #define SIZEOF_LONG 8
| #define ALLOCATION_ALIGNMENT 8
| #define HAVE_ABORT 1
| #define ABORT_OKAY 1
| #define RETSIGTYPE void
| #define HAVE_SIGNAL_H 1
| #define SIGNAL_OKAY 1
| #define HAVE_GETENV 1
| #define GETENV_SAFE 1
| #define HAVE_SYS_CYGWIN_H 0
| #define HAVE_W32API_WINDEF_H 0
| #define HAVE_W32API_WINBASE_H 0
| #define HAVE_GETENVIRONMENTVARIABLEA 0
| #define CONSTRUCTOR_WORKS 1
| #define DESTRUCTOR_WORKS 1
| #define RETURN_MACROS_WORK 1
| #define IDENT_WORKS 1
| #define HAVE_PTHREAD_H 1
| #define HAVE_PTHREADS_H 0
| #define HAVE_PTHREAD_MUTEX_INIT 1
| #define HAVE_PTHREAD_MUTEX_LOCK 1
| #define HAVE_PTHREAD_MUTEX_UNLOCK 1
| #define THREAD_MUTEX_T pthread_mutex_t
| #define THREAD_LOCK_INIT_VAL 0
| #define HAVE_ATEXIT 1
| #define HAVE_FORK 1
| #define HAVE_GETHOSTNAME 1
| #define HAVE_GETPID 1
| #define HAVE_GETUID 1
| #define HAVE_TIME 1
| #define HAVE_CTIME 1
| #define HAVE_VPRINTF 1
| #define HAVE_SNPRINTF 1
| #define HAVE_VSNPRINTF 1
| /* end confdefs.h.  */
| /* Define memalign to an innocuous variant, in case <limits.h> declares memalign.
|    For example, HP-UX 11i <limits.h> declares gettimeofday.  */
| #define memalign innocuous_memalign
| 
| /* System header to define __stub macros and hopefully few prototypes,
|     which can conflict with char memalign (); below.
|     Prefer <limits.h> to <assert.h> if __STDC__ is defined, since
|     <limits.h> exists even on freestanding compilers.  */
| 
| #ifdef __STDC__
| # include <limits.h>
| #else
| # include <assert.h>
| #endif
| 
| #undef memalign
| 
| /* Override any gcc2 internal prototype to avoid an error.  */
| #ifdef __cplusplus
| extern "C"
| {
| #endif
| /* We use char because int might match the return type of a gcc2
|    builtin and then its argument prototype would still apply.  */
| char memalign ();
| /* The GNU C library defines this for functions which it implements
|     to always fail with ENOSYS.  Some functions are actually named
|     something starting with __ and the normal name is an alias.  */
| #if defined (__stub_memalign) || defined (__stub___memalign)
| choke me
| #else
| char (*f) () = memalign;
| #endif
| #ifdef __cplusplus
| }
| #endif
| 
| int
| main ()
| {
| return f != memalign;
|   ;
|   return 0;
| }
configure:8331: result: no
configure:8243: checking for valloc
configure:8300: /usr/bin/clang -o conftest -g -O2  -stdlib=libc++ -headerpad_max_install_names conftest.c  >&5
configure:8306: $? = 0
configure:8310: test -z 
			 || test ! -s conftest.err
configure:8313: $? = 0
configure:8316: test -s conftest
configure:8319: $? = 0
configure:8331: result: yes
configure:8350: checking for memcmp
configure:8407: /usr/bin/clang -o conftest -g -O2  -stdlib=libc++ -headerpad_max_install_names conftest.c  >&5
conftest.c:96:6: warning: incompatible redeclaration of library function 'memcmp' [-Wincompatible-library-redeclaration]
char memcmp ();
     ^
conftest.c:96:6: note: 'memcmp' is a builtin with type 'int (const void *, const void *, unsigned long)'
1 warning generated.
configure:8413: $? = 0
configure:8417: test -z 
			 || test ! -s conftest.err
configure:8420: $? = 0
configure:8423: test -s conftest
configure:8426: $? = 0
configure:8438: result: yes
configure:8350: checking for memcpy
configure:8407: /usr/bin/clang -o conftest -g -O2  -stdlib=libc++ -headerpad_max_install_names conftest.c  >&5
conftest.c:97:6: warning: incompatible redeclaration of library function 'memcpy' [-Wincompatible-library-redeclaration]
char memcpy ();
     ^
conftest.c:97:6: note: 'memcpy' is a builtin with type 'void *(void *, const void *, unsigned long)'
1 warning generated.
configure:8413: $? = 0
configure:8417: test -z 
			 || test ! -s conftest.err
configure:8420: $? = 0
configure:8423: test -s conftest
configure:8426: $? = 0
configure:8438: result: yes
configure:8350: checking for memmove
configure:8407: /usr/bin/clang -o conftest -g -O2  -stdlib=libc++ -headerpad_max_install_names conftest.c  >&5
conftest.c:98:6: warning: incompatible redeclaration of library function 'memmove' [-Wincompatible-library-redeclaration]
char memmove ();
     ^
conftest.c:98:6: note: 'memmove' is a builtin with type 'void *(void *, const void *, unsigned long)'
1 warning generated.
configure:8413: $? = 0
configure:8417: test -z 
			 || test ! -s conftest.err
configure:8420: $? = 0
configure:8423: test -s conftest
configure:8426: $? = 0
configure:8438: result: yes
configure:8350: checking for memset
configure:8407: /usr/bin/clang -o conftest -g -O2  -stdlib=libc++ -headerpad_max_install_names conftest.c  >&5
conftest.c:99:6: warning: incompatible redeclaration of library function 'memset' [-Wincompatible-library-redeclaration]
char memset ();
     ^
conftest.c:99:6: note: 'memset' is a builtin with type 'void *(void *, int, unsigned long)'
1 warning generated.
configure:8413: $? = 0
configure:8417: test -z 
			 || test ! -s conftest.err
configure:8420: $? = 0
configure:8423: test -s conftest
configure:8426: $? = 0
configure:8438: result: yes
configure:8453: checking for strchr
configure:8510: /usr/bin/clang -o conftest -g -O2  -stdlib=libc++ -headerpad_max_install_names conftest.c  >&5
conftest.c:100:6: warning: incompatible redeclaration of library function 'strchr' [-Wincompatible-library-redeclaration]
char strchr ();
     ^
conftest.c:100:6: note: 'strchr' is a builtin with type 'char *(const char *, int)'
1 warning generated.
configure:8516: $? = 0
configure:8520: test -z 
			 || test ! -s conftest.err
configure:8523: $? = 0
configure:8526: test -s conftest
configure:8529: $? = 0
configure:8541: result: yes
configure:8453: checking for strrchr
configure:8510: /usr/bin/clang -o conftest -g -O2  -stdlib=libc++ -headerpad_max_install_names conftest.c  >&5
conftest.c:101:6: warning: incompatible redeclaration of library function 'strrchr' [-Wincompatible-library-redeclaration]
char strrchr ();
     ^
conftest.c:101:6: note: 'strrchr' is a builtin with type 'char *(const char *, int)'
1 warning generated.
configure:8516: $? = 0
configure:8520: test -z 
			 || test ! -s conftest.err
configure:8523: $? = 0
configure:8526: test -s conftest
configure:8529: $? = 0
configure:8541: result: yes
configure:8558: checking for strlen
configure:8615: /usr/bin/clang -o conftest -g -O2  -stdlib=libc++ -headerpad_max_install_names conftest.c  >&5
conftest.c:102:6: warning: incompatible redeclaration of library function 'strlen' [-Wincompatible-library-redeclaration]
char strlen ();
     ^
conftest.c:102:6: note: 'strlen' is a builtin with type 'unsigned long (const char *)'
1 warning generated.
configure:8621: $? = 0
configure:8625: test -z 
			 || test ! -s conftest.err
configure:8628: $? = 0
configure:8631: test -s conftest
configure:8634: $? = 0
configure:8646: result: yes
configure:8558: checking for strcmp
configure:8615: /usr/bin/clang -o conftest -g -O2  -stdlib=libc++ -headerpad_max_install_names conftest.c  >&5
conftest.c:103:6: warning: incompatible redeclaration of library function 'strcmp' [-Wincompatible-library-redeclaration]
char strcmp ();
     ^
conftest.c:103:6: note: 'strcmp' is a builtin with type 'int (const char *, const char *)'
1 warning generated.
configure:8621: $? = 0
configure:8625: test -z 
			 || test ! -s conftest.err
configure:8628: $? = 0
configure:8631: test -s conftest
configure:8634: $? = 0
configure:8646: result: yes
configure:8558: checking for strcpy
configure:8615: /usr/bin/clang -o conftest -g -O2  -stdlib=libc++ -headerpad_max_install_names conftest.c  >&5
conftest.c:104:6: warning: incompatible redeclaration of library function 'strcpy' [-Wincompatible-library-redeclaration]
char strcpy ();
     ^
conftest.c:104:6: note: 'strcpy' is a builtin with type 'char *(char *, const char *)'
1 warning generated.
configure:8621: $? = 0
configure:8625: test -z 
			 || test ! -s conftest.err
configure:8628: $? = 0
configure:8631: test -s conftest
configure:8634: $? = 0
configure:8646: result: yes
configure:8558: checking for strsep
configure:8615: /usr/bin/clang -o conftest -g -O2  -stdlib=libc++ -headerpad_max_install_names conftest.c  >&5
configure:8621: $? = 0
configure:8625: test -z 
			 || test ! -s conftest.err
configure:8628: $? = 0
configure:8631: test -s conftest
configure:8634: $? = 0
configure:8646: result: yes
configure:8658: various functions for argv files
configure:8668: checking for atoi
configure:8725: /usr/bin/clang -o conftest -g -O2  -stdlib=libc++ -headerpad_max_install_names conftest.c  >&5
configure:8731: $? = 0
configure:8735: test -z 
			 || test ! -s conftest.err
configure:8738: $? = 0
configure:8741: test -s conftest
configure:8744: $? = 0
configure:8756: result: yes
configure:8668: checking for atol
configure:8725: /usr/bin/clang -o conftest -g -O2  -stdlib=libc++ -headerpad_max_install_names conftest.c  >&5
configure:8731: $? = 0
configure:8735: test -z 
			 || test ! -s conftest.err
configure:8738: $? = 0
configure:8741: test -s conftest
configure:8744: $? = 0
configure:8756: result: yes
configure:8668: checking for getenv
configure:8756: result: yes
configure:8776: checking for strchr
configure:8864: result: yes
configure:8776: checking for strcmp
configure:8864: result: yes
configure:8776: checking for strcpy
configure:8864: result: yes
configure:8776: checking for strlen
configure:8864: result: yes
configure:8776: checking for strncmp
configure:8833: /usr/bin/clang -o conftest -g -O2  -stdlib=libc++ -headerpad_max_install_names conftest.c  >&5
conftest.c:113:6: warning: incompatible redeclaration of library function 'strncmp' [-Wincompatible-library-redeclaration]
char strncmp ();
     ^
conftest.c:113:6: note: 'strncmp' is a builtin with type 'int (const char *, const char *, unsigned long)'
1 warning generated.
configure:8839: $? = 0
configure:8843: test -z 
			 || test ! -s conftest.err
configure:8846: $? = 0
configure:8849: test -s conftest
configure:8852: $? = 0
configure:8864: result: yes
configure:8776: checking for strncpy
configure:8833: /usr/bin/clang -o conftest -g -O2  -stdlib=libc++ -headerpad_max_install_names conftest.c  >&5
conftest.c:114:6: warning: incompatible redeclaration of library function 'strncpy' [-Wincompatible-library-redeclaration]
char strncpy ();
     ^
conftest.c:114:6: note: 'strncpy' is a builtin with type 'char *(char *, const char *, unsigned long)'
1 warning generated.
configure:8839: $? = 0
configure:8843: test -z 
			 || test ! -s conftest.err
configure:8846: $? = 0
configure:8849: test -s conftest
configure:8852: $? = 0
configure:8864: result: yes
configure:8776: checking for strsep
configure:8864: result: yes
configure:8876: various functions for argument checking
configure:8885: checking for atoi
configure:8973: result: yes
configure:8885: checking for atol
configure:8973: result: yes
configure:8989: checking for bcmp
configure:9046: /usr/bin/clang -o conftest -g -O2  -stdlib=libc++ -headerpad_max_install_names conftest.c  >&5
configure:9052: $? = 0
configure:9056: test -z 
			 || test ! -s conftest.err
configure:9059: $? = 0
configure:9062: test -s conftest
configure:9065: $? = 0
configure:9077: result: yes
configure:8989: checking for bcopy
configure:9046: /usr/bin/clang -o conftest -g -O2  -stdlib=libc++ -headerpad_max_install_names conftest.c  >&5
configure:9052: $? = 0
configure:9056: test -z 
			 || test ! -s conftest.err
configure:9059: $? = 0
configure:9062: test -s conftest
configure:9065: $? = 0
configure:9077: result: yes
configure:8989: checking for bzero
configure:9046: /usr/bin/clang -o conftest -g -O2  -stdlib=libc++ -headerpad_max_install_names conftest.c  >&5
conftest.c:120:6: warning: incompatible redeclaration of library function 'bzero' [-Wincompatible-library-redeclaration]
char bzero ();
     ^
conftest.c:120:6: note: 'bzero' is a builtin with type 'void (void *, unsigned long)'
1 warning generated.
configure:9052: $? = 0
configure:9056: test -z 
			 || test ! -s conftest.err
configure:9059: $? = 0
configure:9062: test -s conftest
configure:9065: $? = 0
configure:9077: result: yes
configure:9091: checking for index
configure:9148: /usr/bin/clang -o conftest -g -O2  -stdlib=libc++ -headerpad_max_install_names conftest.c  >&5
conftest.c:121:6: warning: incompatible redeclaration of library function 'index' [-Wincompatible-library-redeclaration]
char index ();
     ^
conftest.c:121:6: note: 'index' is a builtin with type 'char *(const char *, int)'
1 warning generated.
configure:9154: $? = 0
configure:9158: test -z 
			 || test ! -s conftest.err
configure:9161: $? = 0
configure:9164: test -s conftest
configure:9167: $? = 0
configure:9179: result: yes
configure:9198: checking for memccpy
configure:9255: /usr/bin/clang -o conftest -g -O2  -stdlib=libc++ -headerpad_max_install_names conftest.c  >&5
configure:9261: $? = 0
configure:9265: test -z 
			 || test ! -s conftest.err
configure:9268: $? = 0
configure:9271: test -s conftest
configure:9274: $? = 0
configure:9286: result: yes
configure:9198: checking for memchr
configure:9255: /usr/bin/clang -o conftest -g -O2  -stdlib=libc++ -headerpad_max_install_names conftest.c  >&5
conftest.c:123:6: warning: incompatible redeclaration of library function 'memchr' [-Wincompatible-library-redeclaration]
char memchr ();
     ^
conftest.c:123:6: note: 'memchr' is a builtin with type 'void *(const void *, int, unsigned long)'
1 warning generated.
configure:9261: $? = 0
configure:9265: test -z 
			 || test ! -s conftest.err
configure:9268: $? = 0
configure:9271: test -s conftest
configure:9274: $? = 0
configure:9286: result: yes
configure:9198: checking for memcmp
configure:9286: result: yes
configure:9198: checking for memcpy
configure:9286: result: yes
configure:9198: checking for memmove
configure:9286: result: yes
configure:9198: checking for memset
configure:9286: result: yes
configure:9300: checking for rindex
configure:9357: /usr/bin/clang -o conftest -g -O2  -stdlib=libc++ -headerpad_max_install_names conftest.c  >&5
conftest.c:128:6: warning: incompatible redeclaration of library function 'rindex' [-Wincompatible-library-redeclaration]
char rindex ();
     ^
conftest.c:128:6: note: 'rindex' is a builtin with type 'char *(const char *, int)'
1 warning generated.
configure:9363: $? = 0
configure:9367: test -z 
			 || test ! -s conftest.err
configure:9370: $? = 0
configure:9373: test -s conftest
configure:9376: $? = 0
configure:9388: result: yes
configure:9408: checking for strcasecmp
configure:9465: /usr/bin/clang -o conftest -g -O2  -stdlib=libc++ -headerpad_max_install_names conftest.c  >&5
conftest.c:129:6: warning: incompatible redeclaration of library function 'strcasecmp' [-Wincompatible-library-redeclaration]
char strcasecmp ();
     ^
conftest.c:129:6: note: 'strcasecmp' is a builtin with type 'int (const char *, const char *)'
1 warning generated.
configure:9471: $? = 0
configure:9475: test -z 
			 || test ! -s conftest.err
configure:9478: $? = 0
configure:9481: test -s conftest
configure:9484: $? = 0
configure:9496: result: yes
configure:9408: checking for strcat
configure:9465: /usr/bin/clang -o conftest -g -O2  -stdlib=libc++ -headerpad_max_install_names conftest.c  >&5
conftest.c:130:6: warning: incompatible redeclaration of library function 'strcat' [-Wincompatible-library-redeclaration]
char strcat ();
     ^
conftest.c:130:6: note: 'strcat' is a builtin with type 'char *(char *, const char *)'
1 warning generated.
configure:9471: $? = 0
configure:9475: test -z 
			 || test ! -s conftest.err
configure:9478: $? = 0
configure:9481: test -s conftest
configure:9484: $? = 0
configure:9496: result: yes
configure:9408: checking for strchr
configure:9496: result: yes
configure:9408: checking for strcmp
configure:9496: result: yes
configure:9408: checking for strcpy
configure:9496: result: yes
configure:9408: checking for strcspn
configure:9465: /usr/bin/clang -o conftest -g -O2  -stdlib=libc++ -headerpad_max_install_names conftest.c  >&5
conftest.c:134:6: warning: incompatible redeclaration of library function 'strcspn' [-Wincompatible-library-redeclaration]
char strcspn ();
     ^
conftest.c:134:6: note: 'strcspn' is a builtin with type 'unsigned long (const char *, const char *)'
1 warning generated.
configure:9471: $? = 0
configure:9475: test -z 
			 || test ! -s conftest.err
configure:9478: $? = 0
configure:9481: test -s conftest
configure:9484: $? = 0
configure:9496: result: yes
configure:9408: checking for strlen
configure:9496: result: yes
configure:9513: checking for strncasecmp
configure:9570: /usr/bin/clang -o conftest -g -O2  -stdlib=libc++ -headerpad_max_install_names conftest.c  >&5
conftest.c:136:6: warning: incompatible redeclaration of library function 'strncasecmp' [-Wincompatible-library-redeclaration]
char strncasecmp ();
     ^
conftest.c:136:6: note: 'strncasecmp' is a builtin with type 'int (const char *, const char *, unsigned long)'
1 warning generated.
configure:9576: $? = 0
configure:9580: test -z 
			 || test ! -s conftest.err
configure:9583: $? = 0
configure:9586: test -s conftest
configure:9589: $? = 0
configure:9601: result: yes
configure:9513: checking for strncat
configure:9570: /usr/bin/clang -o conftest -g -O2  -stdlib=libc++ -headerpad_max_install_names conftest.c  >&5
conftest.c:137:6: warning: incompatible redeclaration of library function 'strncat' [-Wincompatible-library-redeclaration]
char strncat ();
     ^
conftest.c:137:6: note: 'strncat' is a builtin with type 'char *(char *, const char *, unsigned long)'
1 warning generated.
configure:9576: $? = 0
configure:9580: test -z 
			 || test ! -s conftest.err
configure:9583: $? = 0
configure:9586: test -s conftest
configure:9589: $? = 0
configure:9601: result: yes
configure:9513: checking for strncmp
configure:9601: result: yes
configure:9513: checking for strncpy
configure:9601: result: yes
configure:9619: checking for strpbrk
configure:9676: /usr/bin/clang -o conftest -g -O2  -stdlib=libc++ -headerpad_max_install_names conftest.c  >&5
conftest.c:140:6: warning: incompatible redeclaration of library function 'strpbrk' [-Wincompatible-library-redeclaration]
char strpbrk ();
     ^
conftest.c:140:6: note: 'strpbrk' is a builtin with type 'char *(const char *, const char *)'
1 warning generated.
configure:9682: $? = 0
configure:9686: test -z 
			 || test ! -s conftest.err
configure:9689: $? = 0
configure:9692: test -s conftest
configure:9695: $? = 0
configure:9707: result: yes
configure:9619: checking for strrchr
configure:9707: result: yes
configure:9619: checking for strspn
configure:9676: /usr/bin/clang -o conftest -g -O2  -stdlib=libc++ -headerpad_max_install_names conftest.c  >&5
conftest.c:142:6: warning: incompatible redeclaration of library function 'strspn' [-Wincompatible-library-redeclaration]
char strspn ();
     ^
conftest.c:142:6: note: 'strspn' is a builtin with type 'unsigned long (const char *, const char *)'
1 warning generated.
configure:9682: $? = 0
configure:9686: test -z 
			 || test ! -s conftest.err
configure:9689: $? = 0
configure:9692: test -s conftest
configure:9695: $? = 0
configure:9707: result: yes
configure:9619: checking for strstr
configure:9676: /usr/bin/clang -o conftest -g -O2  -stdlib=libc++ -headerpad_max_install_names conftest.c  >&5
conftest.c:143:6: warning: incompatible redeclaration of library function 'strstr' [-Wincompatible-library-redeclaration]
char strstr ();
     ^
conftest.c:143:6: note: 'strstr' is a builtin with type 'char *(const char *, const char *)'
1 warning generated.
configure:9682: $? = 0
configure:9686: test -z 
			 || test ! -s conftest.err
configure:9689: $? = 0
configure:9692: test -s conftest
configure:9695: $? = 0
configure:9707: result: yes
configure:9619: checking for strtok
configure:9676: /usr/bin/clang -o conftest -g -O2  -stdlib=libc++ -headerpad_max_install_names conftest.c  >&5
conftest.c:144:6: warning: incompatible redeclaration of library function 'strtok' [-Wincompatible-library-redeclaration]
char strtok ();
     ^
conftest.c:144:6: note: 'strtok' is a builtin with type 'char *(char *, const char *)'
1 warning generated.
configure:9682: $? = 0
configure:9686: test -z 
			 || test ! -s conftest.err
configure:9689: $? = 0
configure:9692: test -s conftest
configure:9695: $? = 0
configure:9707: result: yes
configure:9821: creating ./config.status

## ---------------------- ##
## Running config.status. ##
## ---------------------- ##

This file was extended by dmalloc config.status 5.5.2, which was
generated by GNU Autoconf 2.59.  Invocation command line was

  CONFIG_FILES    = 
  CONFIG_HEADERS  = 
  CONFIG_LINKS    = 
  CONFIG_COMMANDS = 
  $ ./config.status 

on fry.home

config.status:694: creating Makefile
config.status:798: creating conf.h
config.status:1301: executing dmalloc.h.2 commands
config.status:1358: dmalloc.h.2 is unchanged
config.status:1301: executing settings.h commands
config.status:1378: settings.h is unchanged
configure:11087: 
configure:11089: Please check-out Makefile and conf.h to make sure that
configure:11091: sane configuration values were a result.
configure:11093: 
configure:11095: You may want to change values in settings.h before
configure:11097: running 'make'.
configure:11099: 
configure:11101: To run the basic library tests, you can execute:
configure:11103:   make light
configure:11105: or
configure:11107:   make heavy
configure:11109: 

## ---------------- ##
## Cache variables. ##
## ---------------- ##

ac_cv_c_compiler_gnu=yes
ac_cv_c_const=yes
ac_cv_cxx_compiler_gnu=yes
ac_cv_data_align=8
ac_cv_env_CC_set=set
ac_cv_env_CC_value=/usr/bin/clang
ac_cv_env_CFLAGS_set=
ac_cv_env_CFLAGS_value=
ac_cv_env_CPPFLAGS_set=
ac_cv_env_CPPFLAGS_value=
ac_cv_env_CPP_set=
ac_cv_env_CPP_value=
ac_cv_env_CXXFLAGS_set=set
ac_cv_env_CXXFLAGS_value='-std=c++11 -stdlib=libc++'
ac_cv_env_CXX_set=set
ac_cv_env_CXX_value=/usr/bin/clang++
ac_cv_env_LDFLAGS_set=set
ac_cv_env_LDFLAGS_value='-stdlib=libc++ -headerpad_max_install_names'
ac_cv_env_build_alias_set=
ac_cv_env_build_alias_value=
ac_cv_env_host_alias_set=
ac_cv_env_host_alias_value=
ac_cv_env_target_alias_set=
ac_cv_env_target_alias_value=
ac_cv_exeext=
ac_cv_func_abort=yes
ac_cv_func_atexit=yes
ac_cv_func_atoi=yes
ac_cv_func_atol=yes
ac_cv_func_bcmp=yes
ac_cv_func_bcopy=yes
ac_cv_func_bzero=yes
ac_cv_func_ctime=yes
ac_cv_func_fork=yes
ac_cv_func_getenv=yes
ac_cv_func_gethostname=yes
ac_cv_func_getpagesize=yes
ac_cv_func_getpid=yes
ac_cv_func_getuid=yes
ac_cv_func_index=yes
ac_cv_func_memalign=no
ac_cv_func_memccpy=yes
ac_cv_func_memchr=yes
ac_cv_func_memcmp=yes
ac_cv_func_memcpy=yes
ac_cv_func_memmove=yes
ac_cv_func_memset=yes
ac_cv_func_mmap=yes
ac_cv_func_mprotect=yes
ac_cv_func_on_exit=no
ac_cv_func_pthread_mutex_init=yes
ac_cv_func_pthread_mutex_lock=yes
ac_cv_func_pthread_mutex_unlock=yes
ac_cv_func_recalloc=no
ac_cv_func_rindex=yes
ac_cv_func_sbrk=yes
ac_cv_func_snprintf=yes
ac_cv_func_strcasecmp=yes
ac_cv_func_strcat=yes
ac_cv_func_strchr=yes
ac_cv_func_strcmp=yes
ac_cv_func_strcpy=yes
ac_cv_func_strcspn=yes
ac_cv_func_strlen=yes
ac_cv_func_strncasecmp=yes
ac_cv_func_strncat=yes
ac_cv_func_strncmp=yes
ac_cv_func_strncpy=yes
ac_cv_func_strpbrk=yes
ac_cv_func_strrchr=yes
ac_cv_func_strsep=yes
ac_cv_func_strspn=yes
ac_cv_func_strstr=yes
ac_cv_func_strtok=yes
ac_cv_func_time=yes
ac_cv_func_valloc=yes
ac_cv_func_vprintf=yes
ac_cv_func_vsnprintf=yes
ac_cv_header_inttypes_h=yes
ac_cv_header_memory_h=yes
ac_cv_header_pthread_h=yes
ac_cv_header_pthreads_h=no
ac_cv_header_signal_h=yes
ac_cv_header_stdarg_h=yes
ac_cv_header_stdc=yes
ac_cv_header_stdint_h=yes
ac_cv_header_stdlib_h=yes
ac_cv_header_string_h=yes
ac_cv_header_strings_h=yes
ac_cv_header_sys_cygwin_h=no
ac_cv_header_sys_mman_h=yes
ac_cv_header_sys_stat_h=yes
ac_cv_header_sys_types_h=yes
ac_cv_header_unistd_h=yes
ac_cv_header_w32api_winbase_h=no
ac_cv_header_w32api_windef_h=no
ac_cv_objext=o
ac_cv_page_size=12
ac_cv_path_install='/usr/bin/install -c'
ac_cv_prog_CPP='/usr/bin/clang -E'
ac_cv_prog_ac_ct_CC=/usr/bin/clang
ac_cv_prog_ac_ct_RANLIB=ranlib
ac_cv_prog_cc_g=yes
ac_cv_prog_cc_stdc=
ac_cv_prog_cxx_g=yes
ac_cv_prog_egrep='grep -E'
ac_cv_search_pthread_mutex_init='none required'
ac_cv_shared_lib_link_objs=yes
ac_cv_shared_lib_suffix=dylib
ac_cv_shared_link_args='$(CXX) -dynamiclib -install_name $@ -compatibility_version 1 -current_version 1 -o $@.t'
ac_cv_sizeof_long=8
ac_cv_strdup_macro=no
ac_cv_type_long=yes
ac_cv_type_signal=void
ac_cv_type_size_t=yes
ac_cv_use_mmap=yes

## ----------------- ##
## Output variables. ##
## ----------------- ##

CC='/usr/bin/clang'
CFLAGS='-g -O2'
CPP='/usr/bin/clang -E'
CPPFLAGS=''
CXX='/usr/bin/clang++'
CXXFLAGS='-std=c++11 -stdlib=libc++'
CXX_OFF=''
CXX_ON='#'
DEFS='-DHAVE_CONFIG_H'
ECHO_C='ECHO_N=''
ECHO_T=''
EGREP='grep -E'
EXEEXT=''
HAVE_PTHREADS_H='0'
HAVE_PTHREAD_H='1'
HAVE_SIGNAL_H='1'
HAVE_STDARG_H='1'
HAVE_STDLIB_H='1'
HAVE_STRING_H='1'
HAVE_SYS_CYGWIN_H='0'
HAVE_SYS_MMAN_H='1'
HAVE_SYS_TYPES_H='1'
HAVE_UNISTD_H='1'
HAVE_W32API_WINBASE_H='0'
HAVE_W32API_WINDEF_H='0'
INSTALL_DATA='${INSTALL} -m 644'
INSTALL_PROGRAM='${INSTALL}'
INSTALL_SCRIPT='${INSTALL}'
LDFLAGS='-stdlib=libc++ -headerpad_max_install_names'
LIBOBJS=''
LIBS=''
LTLIBOBJS=''
OBJEXT='o'
PACKAGE_BUGREPORT='http://dmalloc.com/'
PACKAGE_NAME='dmalloc'
PACKAGE_STRING='dmalloc 5.5.2'
PACKAGE_TARNAME='dmalloc'
PACKAGE_VERSION='5.5.2'
PATH_SEPARATOR=':'
RANLIB='ranlib'
SHELL='/bin/sh'
SL_OFF=''
SL_ON='#'
TH_OFF=''
TH_ON='#'
ac_ct_CC='/usr/bin/clang'
ac_ct_CXX=''
ac_ct_RANLIB='ranlib'
bindir='${exec_prefix}/bin'
build_alias=''
datadir='${prefix}/share'
exec_prefix='${prefix}'
host_alias=''
includedir='${prefix}/include'
infodir='${prefix}/info'
libdir='${exec_prefix}/lib'
libexecdir='${exec_prefix}/libexec'
localstatedir='${prefix}/var'
mandir='${prefix}/man'
oldincludedir='/usr/include'
prefix='/Users/meister/Development/cando/clasp/build/cando.app/Contents/Resources/externals/common'
program_transform_name='s,x,x,'
sbindir='${exec_prefix}/sbin'
sharedstatedir='${prefix}/com'
shlibdir='${exec_prefix}/lib'
shlibext='dylib'
shlinkargs='$(CXX) -dynamiclib -install_name $@ -compatibility_version 1 -current_version 1 -o $@.t'
sysconfdir='${prefix}/etc'
target_alias=''

## ----------- ##
## confdefs.h. ##
## ----------- ##

#define ABORT_OKAY 1
#define ALLOCATION_ALIGNMENT 8
#define BASIC_BLOCK 12
#define CONSTRUCTOR_WORKS 1
#define DESTRUCTOR_WORKS 1
#define DMALLOC_SIZE size_t
#define DMALLOC_SIZE_UNSIGNED 1
#define GETENV_SAFE 1
#define HAVE_ABORT 1
#define HAVE_ATEXIT 1
#define HAVE_ATOI 1
#define HAVE_ATOI 1
#define HAVE_ATOL 1
#define HAVE_ATOL 1
#define HAVE_BCMP 1
#define HAVE_BCOPY 1
#define HAVE_BZERO 1
#define HAVE_CTIME 1
#define HAVE_FORK 1
#define HAVE_GETENV 1
#define HAVE_GETENV 1
#define HAVE_GETENVIRONMENTVARIABLEA 0
#define HAVE_GETHOSTNAME 1
#define HAVE_GETPAGESIZE 1
#define HAVE_GETPID 1
#define HAVE_GETUID 1
#define HAVE_INDEX 1
#define HAVE_INTTYPES_H 1
#define HAVE_MEMCCPY 1
#define HAVE_MEMCHR 1
#define HAVE_MEMCMP 1
#define HAVE_MEMCMP 1
#define HAVE_MEMCPY 1
#define HAVE_MEMCPY 1
#define HAVE_MEMMOVE 1
#define HAVE_MEMMOVE 1
#define HAVE_MEMORY_H 1
#define HAVE_MEMSET 1
#define HAVE_MEMSET 1
#define HAVE_MMAP 1
#define HAVE_MPROTECT 1
#define HAVE_PTHREADS_H 0
#define HAVE_PTHREAD_H 1
#define HAVE_PTHREAD_MUTEX_INIT 1
#define HAVE_PTHREAD_MUTEX_LOCK 1
#define HAVE_PTHREAD_MUTEX_UNLOCK 1
#define HAVE_RINDEX 1
#define HAVE_SBRK 1
#define HAVE_SIGNAL_H 1
#define HAVE_SNPRINTF 1
#define HAVE_STDARG_H 1
#define HAVE_STDINT_H 1
#define HAVE_STDLIB_H 1
#define HAVE_STDLIB_H 1
#define HAVE_STRCASECMP 1
#define HAVE_STRCAT 1
#define HAVE_STRCHR 1
#define HAVE_STRCHR 1
#define HAVE_STRCHR 1
#define HAVE_STRCMP 1
#define HAVE_STRCMP 1
#define HAVE_STRCMP 1
#define HAVE_STRCPY 1
#define HAVE_STRCPY 1
#define HAVE_STRCPY 1
#define HAVE_STRCSPN 1
#define HAVE_STRINGS_H 1
#define HAVE_STRING_H 1
#define HAVE_STRING_H 1
#define HAVE_STRLEN 1
#define HAVE_STRLEN 1
#define HAVE_STRLEN 1
#define HAVE_STRNCASECMP 1
#define HAVE_STRNCAT 1
#define HAVE_STRNCMP 1
#define HAVE_STRNCMP 1
#define HAVE_STRNCPY 1
#define HAVE_STRNCPY 1
#define HAVE_STRPBRK 1
#define HAVE_STRRCHR 1
#define HAVE_STRRCHR 1
#define HAVE_STRSEP 1
#define HAVE_STRSEP 1
#define HAVE_STRSPN 1
#define HAVE_STRSTR 1
#define HAVE_STRTOK 1
#define HAVE_SYS_CYGWIN_H 0
#define HAVE_SYS_MMAN_H 1
#define HAVE_SYS_STAT_H 1
#define HAVE_SYS_TYPES_H 1
#define HAVE_SYS_TYPES_H 1
#define HAVE_TIME 1
#define HAVE_UNISTD_H 1
#define HAVE_UNISTD_H 1
#define HAVE_VALLOC 1
#define HAVE_VPRINTF 1
#define HAVE_VSNPRINTF 1
#define HAVE_W32API_WINBASE_H 0
#define HAVE_W32API_WINDEF_H 0
#define IDENT_WORKS 1
#define PACKAGE_BUGREPORT "http://dmalloc.com/"
#define PACKAGE_NAME "dmalloc"
#define PACKAGE_STRING "dmalloc 5.5.2"
#define PACKAGE_TARNAME "dmalloc"
#define PACKAGE_VERSION "5.5.2"
#define PROTECT_ALLOWED 1
#define RETSIGTYPE void
#define RETURN_MACROS_WORK 1
#define SIGNAL_OKAY 1
#define SIZEOF_LONG 8
#define STDC_HEADERS 1
#define THREAD_LOCK_INIT_VAL 0
#define THREAD_MUTEX_T pthread_mutex_t
#define USE_MMAP 1
#endif
#ifdef __cplusplus
extern "C" void exit (int) throw ();

configure: exit 0
