Performing configuration checks

    - zlib                     : yes (cached)
    - has_icu builds           : no  (cached)
    - zlib                     : yes (cached)

Component configuration:

    - atomic                   : not building
    - chrono                   : not building
    - context                  : not building
    - coroutine                : not building
    - date_time                : building
    - exception                : not building
    - filesystem               : building
    - graph                    : not building
    - graph_parallel           : not building
    - iostreams                : building
    - locale                   : not building
    - log                      : not building
    - math                     : not building
    - mpi                      : building
    - program_options          : building
    - python                   : not building
    - random                   : not building
    - regex                    : building
    - serialization            : building
    - signals                  : not building
    - system                   : building
    - test                     : not building
    - thread                   : not building
    - timer                    : not building
    - wave                     : not building

...patience...
...patience...
...patience...
...found 26947 targets...
