cd build; /Applications/Xcode.app/Contents/Developer/usr/bin/make
if (echo c gc libffi atomic | grep gmp); then \
	  cd gmp && /Applications/Xcode.app/Contents/Developer/usr/bin/make install && \
	  cd .. && mv include/gmp.h ecl/ && rmdir include &&  \
	  mv ./libgmp.a ./libeclgmp.a; \
	fi
cd c; /Applications/Xcode.app/Contents/Developer/usr/bin/make
make[4]: Nothing to be done for `all'.
cd build; /Applications/Xcode.app/Contents/Developer/usr/bin/make install
# Here we would use the option -s but the install program in sourceforge-solaris
# is broken.
/bin/sh /Users/meister/Development/cando/clasp/externals/src/ecl-13.5.1/src/gc/mkinstalldirs /Users/meister/Development/cando/clasp/build/cando.app/Contents/Resources/externals/common/bin/ /Users/meister/Development/cando/clasp/build/cando.app/Contents/Resources/externals/common/lib/ \
	  /Users/meister/Development/cando/clasp/build/cando.app/Contents/Resources/externals/common/lib/ecl-13.5.1/ /Users/meister/Development/cando/clasp/build/cando.app/Contents/Resources/externals/common/include/ /Users/meister/Development/cando/clasp/build/cando.app/Contents/Resources/externals/common/include//ecl
for i in bin/ecl; do \
	  /usr/bin/install -c $i /Users/meister/Development/cando/clasp/build/cando.app/Contents/Resources/externals/common/bin/; \
	done
if [ -d encodings ]; then \
	  /bin/sh /Users/meister/Development/cando/clasp/externals/src/ecl-13.5.1/src/gc/mkinstalldirs /Users/meister/Development/cando/clasp/build/cando.app/Contents/Resources/externals/common/lib/ecl-13.5.1//encodings; \
	  for i in ./encodings/*; do \
	    /usr/bin/install -c -m 644 $i /Users/meister/Development/cando/clasp/build/cando.app/Contents/Resources/externals/common/lib/ecl-13.5.1//encodings; \
	  done \
	fi
sed '/-CUT-/,$d' ./ecl/config.h > ./ecl/config-install.h
/bin/sh /Users/meister/Development/cando/clasp/externals/src/ecl-13.5.1/src/gc/mkinstalldirs /Users/meister/Development/cando/clasp/build/cando.app/Contents/Resources/externals/common/include//ecl
for i in `(cd ecl && find . -type d)`; do \
	  k="/Users/meister/Development/cando/clasp/build/cando.app/Contents/Resources/externals/common/include//ecl/$i"; \
	  test -d "$k" || /bin/sh /Users/meister/Development/cando/clasp/externals/src/ecl-13.5.1/src/gc/mkinstalldirs $k; \
	done
for i in `(cd ecl && find . -name '*.h')`; do echo $i; \
	  /usr/bin/install -c -m 644 ecl/$i /Users/meister/Development/cando/clasp/build/cando.app/Contents/Resources/externals/common/include//ecl/$i; \
	done
./atomic_ops/generalize-small.h
./atomic_ops/generalize.h
./atomic_ops/sysdeps/acquire_release_volatile.h
./atomic_ops/sysdeps/aligned_atomic_load_store.h
./atomic_ops/sysdeps/all_acquire_release_volatile.h
./atomic_ops/sysdeps/all_aligned_atomic_load_store.h
./atomic_ops/sysdeps/all_atomic_load_store.h
./atomic_ops/sysdeps/ao_t_is_int.h
./atomic_ops/sysdeps/armcc/arm_v6.h
./atomic_ops/sysdeps/atomic_load_store.h
./atomic_ops/sysdeps/char_acquire_release_volatile.h
./atomic_ops/sysdeps/char_atomic_load_store.h
./atomic_ops/sysdeps/emul_cas.h
./atomic_ops/sysdeps/gcc/alpha.h
./atomic_ops/sysdeps/gcc/arm.h
./atomic_ops/sysdeps/gcc/avr32.h
./atomic_ops/sysdeps/gcc/cris.h
./atomic_ops/sysdeps/gcc/hppa.h
./atomic_ops/sysdeps/gcc/ia64.h
./atomic_ops/sysdeps/gcc/m68k.h
./atomic_ops/sysdeps/gcc/mips.h
./atomic_ops/sysdeps/gcc/powerpc.h
./atomic_ops/sysdeps/gcc/s390.h
./atomic_ops/sysdeps/gcc/sh.h
./atomic_ops/sysdeps/gcc/sparc.h
./atomic_ops/sysdeps/gcc/x86.h
./atomic_ops/sysdeps/gcc/x86_64.h
./atomic_ops/sysdeps/generic_pthread.h
./atomic_ops/sysdeps/hpc/hppa.h
./atomic_ops/sysdeps/hpc/ia64.h
./atomic_ops/sysdeps/ibmc/powerpc.h
./atomic_ops/sysdeps/icc/ia64.h
./atomic_ops/sysdeps/int_acquire_release_volatile.h
./atomic_ops/sysdeps/int_aligned_atomic_load_store.h
./atomic_ops/sysdeps/int_atomic_load_store.h
./atomic_ops/sysdeps/msftc/arm.h
./atomic_ops/sysdeps/msftc/common32_defs.h
./atomic_ops/sysdeps/msftc/x86.h
./atomic_ops/sysdeps/msftc/x86_64.h
./atomic_ops/sysdeps/ordered.h
./atomic_ops/sysdeps/ordered_except_wr.h
./atomic_ops/sysdeps/read_ordered.h
./atomic_ops/sysdeps/short_acquire_release_volatile.h
./atomic_ops/sysdeps/short_aligned_atomic_load_store.h
./atomic_ops/sysdeps/short_atomic_load_store.h
./atomic_ops/sysdeps/standard_ao_double_t.h
./atomic_ops/sysdeps/sunc/sparc.h
./atomic_ops/sysdeps/sunc/x86.h
./atomic_ops/sysdeps/sunc/x86_64.h
./atomic_ops/sysdeps/test_and_set_t_is_ao_t.h
./atomic_ops/sysdeps/test_and_set_t_is_char.h
./atomic_ops.h
./bytecodes.h
./cache.h
./config-install.h
./config.h
./configpre.h
./cons.h
./cs.h
./ecl-cmp.h
./ecl-inl.h
./ecl.h
./external.h
./ffi.h
./ffitarget.h
./gc/cord.h
./gc/gc.h
./gc/gc_allocator.h
./gc/gc_amiga_redirects.h
./gc/gc_backptr.h
./gc/gc_config_macros.h
./gc/gc_cpp.h
./gc/gc_gcj.h
./gc/gc_inline.h
./gc/gc_mark.h
./gc/gc_pthread_redirects.h
./gc/gc_tiny_fl.h
./gc/gc_typed.h
./gc/gc_version.h
./gc/leak_detector.h
./gc/new_gc_alloc.h
./gc/private/cord_pos.h
./gc/private/darwin_semaphore.h
./gc/private/darwin_stop_world.h
./gc/private/dbg_mlc.h
./gc/private/gc_hdrs.h
./gc/private/gc_locks.h
./gc/private/gc_pmark.h
./gc/private/gc_priv.h
./gc/private/gcconfig.h
./gc/private/msvc_dbg.h
./gc/private/pthread_stop_world.h
./gc/private/pthread_support.h
./gc/private/specific.h
./gc/private/thread_local_alloc.h
./gc/weakpointer.h
./gc.h
./gc_cpp.h
./impl/math_dispatch.h
./impl/math_dispatch2.h
./impl/math_fenv.h
./impl/math_fenv_msvc.h
./internal.h
./legacy.h
./number.h
./object.h
./page.h
./stacks.h
./unify.h
rm -f -f /Users/meister/Development/cando/clasp/build/cando.app/Contents/Resources/externals/common/include//ecl/config.h
mv /Users/meister/Development/cando/clasp/build/cando.app/Contents/Resources/externals/common/include//ecl/config-install.h /Users/meister/Development/cando/clasp/build/cando.app/Contents/Resources/externals/common/include//ecl/config.h
/usr/bin/install -c bin/ecl-config /Users/meister/Development/cando/clasp/build/cando.app/Contents/Resources/externals/common/bin/
for i in build-stamp help.doc TAGS ; do \
	  /usr/bin/install -c -m 644 $i /Users/meister/Development/cando/clasp/build/cando.app/Contents/Resources/externals/common/lib/ecl-13.5.1/; \
	done
for i in libecl.dylib ; do \
	  if test -s $i ; then \
	   if echo $i | grep dll; then \
	    /usr/bin/install -c $i /Users/meister/Development/cando/clasp/build/cando.app/Contents/Resources/externals/common/bin/; \
	   fi; \
	   /usr/bin/install -c $i /Users/meister/Development/cando/clasp/build/cando.app/Contents/Resources/externals/common/lib/; \
	  fi \
	done
if [ "xlibecl.dylib" != "x" -a -f "libecl.dylib" ]; then \
	  ( cd /Users/meister/Development/cando/clasp/build/cando.app/Contents/Resources/externals/common/lib/ && rm -f -f libecl.13.5.1.dylib libecl.13.5.dylib libecl.13.dylib && \
	    mv libecl.dylib libecl.13.5.1.dylib && \
	    ln -s libecl.13.5.1.dylib libecl.13.5.dylib && \
	    ln -s libecl.13.5.1.dylib libecl.13.dylib && \
	    ln -s libecl.13.5.1.dylib libecl.dylib ) \
	fi
/usr/bin/install -c c/dpp /Users/meister/Development/cando/clasp/build/cando.app/Contents/Resources/externals/common/lib/ecl-13.5.1/
/usr/bin/install -c ecl_min /Users/meister/Development/cando/clasp/build/cando.app/Contents/Resources/externals/common/lib/ecl-13.5.1/
for i in `cat modules`; do \
	  case $i in \
	    *.fas) /usr/bin/install -c $i /Users/meister/Development/cando/clasp/build/cando.app/Contents/Resources/externals/common/lib/ecl-13.5.1/;; \
	    *) /usr/bin/install -c -m 644 $i /Users/meister/Development/cando/clasp/build/cando.app/Contents/Resources/externals/common/lib/ecl-13.5.1/;; \
	  esac \
	done
for i in Copyright LGPL; do \
	  /usr/bin/install -c -m 644 /Users/meister/Development/cando/clasp/externals/src/ecl-13.5.1/src/../$i /Users/meister/Development/cando/clasp/build/cando.app/Contents/Resources/externals/common/lib/ecl-13.5.1/; \
	done
/bin/sh /Users/meister/Development/cando/clasp/externals/src/ecl-13.5.1/src/gc/mkinstalldirs /Users/meister/Development/cando/clasp/build/cando.app/Contents/Resources/externals/common/share/man/man1
/usr/bin/install -c -m 644 doc/ecl.man /Users/meister/Development/cando/clasp/build/cando.app/Contents/Resources/externals/common/share/man/man1/ecl.1
/usr/bin/install -c -m 644 doc/ecl-config.man /Users/meister/Development/cando/clasp/build/cando.app/Contents/Resources/externals/common/share/man/man1/ecl-config.1
