cd . && /bin/sh ./config.status gmp.h
config.status: creating gmp.h
cd . && /bin/sh ./config.status mp.h
config.status: creating mp.h
/Applications/Xcode.app/Contents/Developer/usr/bin/make  install-recursive
Making install in tests
Making install in .
make[6]: Nothing to be done for `install-exec-am'.
make[6]: Nothing to be done for `install-data-am'.
Making install in devel
make[6]: Nothing to be done for `install-exec-am'.
make[6]: Nothing to be done for `install-data-am'.
Making install in mpn
make[6]: Nothing to be done for `install-exec-am'.
make[6]: Nothing to be done for `install-data-am'.
Making install in mpz
make[6]: Nothing to be done for `install-exec-am'.
make[6]: Nothing to be done for `install-data-am'.
Making install in mpq
make[6]: Nothing to be done for `install-exec-am'.
make[6]: Nothing to be done for `install-data-am'.
Making install in mpf
make[6]: Nothing to be done for `install-exec-am'.
make[6]: Nothing to be done for `install-data-am'.
Making install in rand
make[6]: Nothing to be done for `install-exec-am'.
make[6]: Nothing to be done for `install-data-am'.
Making install in misc
make[6]: Nothing to be done for `install-exec-am'.
make[6]: Nothing to be done for `install-data-am'.
Making install in cxx
make[6]: Nothing to be done for `install-exec-am'.
make[6]: Nothing to be done for `install-data-am'.
Making install in mpbsd
make[6]: Nothing to be done for `install-exec-am'.
make[6]: Nothing to be done for `install-data-am'.
Making install in mpn
make[5]: Nothing to be done for `install-exec-am'.
make[5]: Nothing to be done for `install-data-am'.
Making install in mpz
make[5]: Nothing to be done for `install-exec-am'.
make[5]: Nothing to be done for `install-data-am'.
Making install in mpq
make[5]: Nothing to be done for `install-exec-am'.
make[5]: Nothing to be done for `install-data-am'.
Making install in mpf
make[5]: Nothing to be done for `install-exec-am'.
make[5]: Nothing to be done for `install-data-am'.
Making install in printf
make[5]: Nothing to be done for `install-exec-am'.
make[5]: Nothing to be done for `install-data-am'.
Making install in scanf
make[5]: Nothing to be done for `install-exec-am'.
make[5]: Nothing to be done for `install-data-am'.
Making install in cxx
make[5]: Nothing to be done for `install-exec-am'.
make[5]: Nothing to be done for `install-data-am'.
Making install in mpbsd
make[5]: Nothing to be done for `install-exec-am'.
make[5]: Nothing to be done for `install-data-am'.
Making install in demos
Making install in calc
/Applications/Xcode.app/Contents/Developer/usr/bin/make  install-am
make[7]: Nothing to be done for `install-exec-am'.
make[7]: Nothing to be done for `install-data-am'.
Making install in expr
make[6]: Nothing to be done for `install-exec-am'.
make[6]: Nothing to be done for `install-data-am'.
make[6]: Nothing to be done for `install-exec-am'.
make[6]: Nothing to be done for `install-data-am'.
Making install in tune
make[5]: Nothing to be done for `install-exec-am'.
make[5]: Nothing to be done for `install-data-am'.
Making install in doc
make[5]: Nothing to be done for `install-exec-am'.
test -z "/Volumes/spin/Development/clasp-Lisp/build/cando.app/Contents/Resources/externals/common/share/info" || .././install-sh -c -d "/Volumes/spin/Development/clasp-Lisp/build/cando.app/Contents/Resources/externals/common/share/info"
