MANPATH=/sw/share/man:/Applications/Racketv5.2.1/man:/usr/share/man:/usr/local/share/man:/opt/X11/share/man:/usr/local/git/share/man:/Applications/Xcode.app/Contents/Developer/usr/share/man:/Applications/Xcode.app/Contents/Developer/Toolchains/XcodeDefault.xctoolchain/usr/share/man:/sw/lib/perl5/5.16.2/man
CLASP_APP_RESOURCES_DIR=/Users/meister/Development/cando/clasp/build/cando.app/Contents/Resources
TERM_PROGRAM=Apple_Terminal
astro=meister@astro.temple.edu
SHELL=/bin/bash
TERM=dumb
OPENMM_BUILD_OPENCL_LIB=ON
BUILD_TOOLSET=clang-darwin
BJAM_VERSION=3.1.18
CLASP_CC=/usr/bin/clang
TMPDIR=/var/folders/yd/xpvgnv4s6jb4y7xy581wj1400000gr/T/
PERL5LIB=/sw/lib/perl5:/sw/lib/perl5/darwin
Apple_PubSub_Socket_Render=/tmp/launch-H4zOe1/Render
EMACSDATA=/Applications/Emacs.app/Contents/Resources/etc
TERM_PROGRAM_VERSION=326
BUILD_LINK=shared
CLASP_APP_RESOURCES_EXTERNALS_DIR=/Users/meister/Development/cando/clasp/build/cando.app/Contents/Resources/externals
OLDPWD=/Users/meister/Development/cando/clasp/externals/src/llvm-207120
EMACSPATH=/Applications/Emacs.app/Contents/MacOS/bin
DEVELOPMENT_ENVIRONMENT=darwinClang
TERM_SESSION_ID=95867AB2-D2B1-4F04-B141-2D416F40265C
CLASP_LDFLAGS=-stdlib=libc++ -headerpad_max_install_names
CLASP_APP_RESOURCES_EXTERNALS_COMMON_DIR=/Users/meister/Development/cando/clasp/build/cando.app/Contents/Resources/externals/common
PJOBS=5
LIBRARY_DIR=/Users/meister/Development/cando/clasp/build/lib
COMPILE_PROCESSORS=5
SVN_EDITOR=emacs
USER=meister
EMACS=t
CLASP_SCRIPTS=/Users/meister/Development/cando/clasp/build/cando.app/Contents/Resources/bin
BIN_DIR=/Users/meister/Development/cando/clasp/build/bin
SOURCE_OPENMM=/Users/meister/Development/cando/clasp/externals/src/OpenMM4.0-Source
CLASP_APP_RESOURCES_EXTERNALS_RELEASE_DIR=/Users/meister/Development/cando/clasp/build/cando.app/Contents/Resources/externals/release
SSH_AUTH_SOCK=/tmp/launch-vsCif7/Listeners
TERMCAP=
CLASP_HOME=/Users/meister/Development/cando/clasp
__CF_USER_TEXT_ENCODING=0x1F8:0:0
COLUMNS=159
kraken=cschafme@kraken.nics.teragrid.org
BOOST_TOOLSET=clang
CLASP_APP_BIN_DIR=/Users/meister/Development/cando/clasp/build/cando.app/Contents/MacOS
PATH=/opt/local/bin:/opt/local/sbin:/opt/local/bin:/opt/local/sbin:/Library/Frameworks/EPD64.framework/Versions/Current/bin:/opt/local/bin:/opt/local/sbin:/Library/Frameworks/Python.framework/Versions/Current/bin:/usr/local/bin:/usr/local/cuda/bin:/Library/Frameworks/Python.framework/Versions/2.6/bin:/Users/meister/Development/cando/clasp/build/darwin/cando.app/Contents/MacOS:/Users/meister/Development/cando/clasp/build/cando.app/Contents/Resources/compiler/bin:/Users/meister/Development/cando/clasp/build/cando.app/Contents/Resources/externals/release/bin:/Users/meister/Development/cando/clasp/build/cando.app/Contents/Resources/externals/common/bin:/Users/meister/Development/cando/clasp/build/clang/bin:/Users/meister/Development/cando/clasp/build/bin:/Applications/Racketv5.2.1/bin:/Users/meister/Local/bin:/opt/local/bin:/opt/local/sbin:/opt/local/bin:/opt/local/sbin:/Library/Frameworks/EPD64.framework/Versions/Current/bin:/opt/local/bin:/opt/local/sbin:/Library/Frameworks/Python.framework/Versions/Current/bin:/usr/local/bin:/usr/local/cuda/bin:/Library/Frameworks/Python.framework/Versions/2.6/bin:/sw/bin:/sw/sbin:/Users/meister/Development/cando/clasp/build/darwin/cando.app/Contents/MacOS:/Users/meister/Development/cando/clasp/build/cando.app/Contents/Resources/compiler/bin:/Users/meister/Development/cando/clasp/build/cando.app/Contents/Resources/externals/release/bin:/Users/meister/Development/cando/clasp/build/cando.app/Contents/Resources/externals/common/bin:/Users/meister/Development/cando/clasp/build/clang/bin:/Users/meister/Development/cando/clasp/build/bin:/Applications/Racketv5.2.1/bin:/Users/meister/Local/bin:/usr/bin:/bin:/usr/sbin:/sbin:/usr/local/bin:/opt/X11/bin:/usr/local/git/bin:/Users/meister/Development/cando/clasp/build/cando.app/Contents/MacOS:/Users/meister/Development/cando/clasp/build/cando.app/Contents/Resources/bin:/Users/meister/Development/cando/clasp/build/cando.app/Contents/Resources/externals/common/bin:/Users/meister/Development/cando/clasp/build/cando.app/Contents/Resources/externals/release/bin:/Users/meister/Development/cando/clasp/build/bin:/usr/X11R6/bin:/Applications/gamess:/opt/local/bin:/Users/meister/Development/amber9/exe:/Applications/Doxygen.app/Contents/Resources:/Users/meister/Development/cando/clasp/externals/src/boost-jam-3.1.17/bin.macosxx86_64:/opt/local/bin:/opt/local/sbin:/Applications/moe2010/bin:/Users/meister/Development/rosetta3.3/rosetta_source/bin:/Users/meister/Development/cando/clasp/build/cando.app/Contents/MacOS:/Users/meister/Development/cando/clasp/build/cando.app/Contents/Resources/bin:/Users/meister/Development/cando/clasp/build/cando.app/Contents/Resources/externals/common/bin:/Users/meister/Development/cando/clasp/build/cando.app/Contents/Resources/externals/release/bin:/Users/meister/Development/cando/clasp/build/bin:/Applications/gamess:/opt/local/bin:/Users/meister/Development/amber9/exe:/Applications/Doxygen.app/Contents/Resources:/Users/meister/Development/cando/clasp/externals/src/boost-jam-3.1.17/bin.macosxx86_64:/opt/local/bin:/opt/local/sbin:/Applications/moe2010/bin:/Users/meister/Development/rosetta3.3/rosetta_source/bin
__CHECKFIX1436934=1
CLASP_CXXFLAGS=-std=c++11 -stdlib=libc++
CTAGS_BIN=/usr/local/ctags
MKL_NUM_THREADS=1
BOOST_VERSION=1_53_0
PWD=/Users/meister/Development/cando/clasp/externals/src
CLASP_LISP_SOURCE_DIR=/Users/meister/Development/cando/clasp/src/lisp
CLASP_APP_ROOT=/Users/meister/Development/cando/clasp/build/cando.app
CLASP_APP=/Users/meister/Development/cando/clasp/build/cando.app
CLASP_TOOLSET=clang-darwin
LANG=en_US.UTF-8
CLASP_REQUIRES_RTTI=1
BOOST_BUILD_PATH=/Users/meister/Development/cando/clasp:/Users/meister/Development/cando/clasp/externals/src/boost-build
OPENMM_VERSION=OpenMM4.0-Source
CMAKE_VERSION=cmake-2.8.5
PS1=\h:\W$ 
CLASP_APP_RESOURCES_EXTERNALS_RELEASE_LIB_DIR=/Users/meister/Development/cando/clasp/build/cando.app/Contents/Resources/externals/release/lib
CLASP_APP_RESOURCES_COMPILER_DIR=/Users/meister/Development/cando/clasp/build/cando.app/Contents/Resources/compiler
CLASP_APP_RESOURCES_EXTERNALS_RELEASE_INCLUDE_DIR=/Users/meister/Development/cando/clasp/build/cando.app/Contents/Resources/externals/release/include
BOOST_BUILD_ROOT=/Users/meister/Development/cando/clasp/externals/src/boost_1_53_0
CLASP_APP_RESOURCES_EXTERNALS_COMMON_LIB_DIR=/Users/meister/Development/cando/clasp/build/cando.app/Contents/Resources/externals/common/lib
CLASP_APP_RESOURCES_EXTERNALS_DEBUG_DIR=/Users/meister/Development/cando/clasp/build/cando.app/Contents/Resources/externals/debug
CLASP_APP_CONTENTS_DIR=/Users/meister/Development/cando/clasp/build/cando.app/Contents
CLASP_OS=darwinClang
EMACSLOADPATH=/Applications/Emacs.app/Contents/Resources/site-lisp:/Applications/Emacs.app/Contents/Resources/lisp:/Applications/Emacs.app/Contents/Resources/leim
MOE=/Applications/moe2010
CLASP_EXTERNALS_SRC=/Users/meister/Development/cando/clasp/externals/src
SHLVL=2
HOME=/Users/meister
farns=meister@farnsworth.chem.temple.edu
OPENMM_INSTALL=/Users/meister/Development/cando/clasp/build/openmm
CLASP_CXX=/usr/bin/clang++
DYLD_LIBRARY_PATH=/usr/local/Cellar/libtool/2.4.2/lib/:/usr/local/Cellar/libtool/2.4.2/lib/::/Users/meister/Development/cando/clasp/build/cando.app/Contents/Resources/lib:/lib/ecl-12.12.1:/usr/local/openmm/lib:/Users/meister/Development/cando/clasp/build/cando.app/Contents/Resources/lib:/lib/ecl-12.12.1:/usr/local/openmm/lib
PYTHONPATH=:/Users/meister/Development/cando/clasp/build/cando.app/Contents/Resources/python:/Users/meister/Development/cando/clasp/build/cando.app/Contents/Resources/python
LOGNAME=meister
CMAKE_INSTALL_PREFIX=/Users/meister/Development/cando/clasp/build/openmm
OS_BUILDTOP=/Users/meister/Development/cando/clasp/build
BOOST_ROOT=/Users/meister/Development/cando/clasp/externals/src/boost_1_53_0
CLASP_MASTER_HOST=meister@farnsworth.chem.temple.edu
CLASP_APP_RESOURCES_EXTERNALS_DEBUG_INCLUDE_DIR=/Users/meister/Development/cando/clasp/build/cando.app/Contents/Resources/externals/debug/include
READLINE_VERSION=6.2
CLASP_APP_RESOURCES_EXTERNALS_DEBUG_LIB_DIR=/Users/meister/Development/cando/clasp/build/cando.app/Contents/Resources/externals/debug/lib
INFOPATH=/sw/share/info:/sw/info:/usr/share/info
BUILD_OPENMM=/Users/meister/Development/cando/clasp/build/build_openmm
CLASP_APP_RESOURCES_EXTERNALS_COMMON_INCLUDE_DIR=/Users/meister/Development/cando/clasp/build/cando.app/Contents/Resources/externals/common/include
BUILDTOP=/Users/meister/Development/cando/clasp/build
DISPLAY=/tmp/launch-q6IwQm/org.macosforge.xquartz:0
AMBERHOME=/Users/meister/Development/amber9
INCLUDE=/Users/meister/Development/cando/clasp/src/llvmo/bin/clang-darwin-4.2.1/debug/
INSIDE_EMACS=24.2.1,comint
EMACSDOC=/Applications/Emacs.app/Contents/Resources/etc
_=/usr/bin/printenv
