make[4]: Nothing to be done for `all'.
make[4]: Nothing to be done for `all'.
make[5]: Nothing to be done for `all'.
make[5]: Nothing to be done for `all'.
make[5]: Nothing to be done for `all'.
make[5]: Nothing to be done for `all'.
make[5]: Nothing to be done for `all'.
make[5]: Nothing to be done for `all'.
make[5]: Nothing to be done for `all'.
make[5]: Nothing to be done for `all'.
make[6]: Nothing to be done for `all'.
make[6]: Nothing to be done for `all'.
make[4]: Nothing to be done for `all'.
make[5]: Nothing to be done for `all'.
make[6]: Nothing to be done for `all'.
make[6]: Nothing to be done for `all'.
make[5]: Nothing to be done for `all'.
make[6]: Nothing to be done for `all'.
make[6]: Nothing to be done for `all'.
make[6]: Nothing to be done for `all'.
make[6]: Nothing to be done for `all'.
make[6]: Nothing to be done for `all'.
make[6]: Nothing to be done for `all'.
make[6]: Nothing to be done for `all'.
make[6]: Nothing to be done for `all'.
make[6]: Nothing to be done for `all'.
make[7]: Nothing to be done for `all'.
make[7]: Nothing to be done for `all'.
make[6]: Nothing to be done for `all'.
make[6]: Nothing to be done for `all'.
make[7]: Nothing to be done for `all'.
make[7]: Nothing to be done for `all'.
make[6]: Nothing to be done for `all'.
make[6]: Nothing to be done for `all'.
make[7]: Nothing to be done for `all'.
make[7]: Nothing to be done for `all'.
make[7]: Nothing to be done for `all'.
make[7]: Nothing to be done for `all'.
make[6]: Nothing to be done for `all'.
make[7]: Nothing to be done for `all'.
make[6]: Nothing to be done for `all'.
make[7]: Nothing to be done for `all'.
make[5]: Nothing to be done for `all'.
make[7]: Nothing to be done for `all'.
make[7]: Nothing to be done for `all'.
make[7]: Nothing to be done for `all'.
make[7]: Nothing to be done for `all'.
make[7]: Nothing to be done for `all'.
make[7]: Nothing to be done for `all'.
make[7]: Nothing to be done for `all'.
make[7]: Nothing to be done for `all'.
make[7]: Nothing to be done for `all'.
make[7]: Nothing to be done for `all'.
make[7]: Nothing to be done for `all'.
make[7]: Nothing to be done for `all'.
make[7]: Nothing to be done for `all'.
make[7]: Nothing to be done for `all'.
make[5]: Nothing to be done for `all'.
make[7]: Nothing to be done for `all'.
make[7]: Nothing to be done for `all'.
make[7]: Nothing to be done for `all'.
make[7]: Nothing to be done for `all'.
make[7]: Nothing to be done for `all'.
make[7]: Nothing to be done for `all'.
make[7]: Nothing to be done for `all'.
make[7]: Nothing to be done for `all'.
make[7]: Nothing to be done for `all'.
make[7]: Nothing to be done for `all'.
make[7]: Nothing to be done for `all'.
make[7]: Nothing to be done for `all'.
make[7]: Nothing to be done for `all'.
make[7]: Nothing to be done for `all'.
make[5]: Nothing to be done for `all'.
make[5]: Nothing to be done for `all'.
make[7]: Nothing to be done for `all'.
make[5]: Nothing to be done for `all'.
make[6]: Nothing to be done for `all'.
make[6]: Nothing to be done for `all'.
make[7]: Nothing to be done for `all'.
make[5]: Nothing to be done for `all'.
make[5]: Nothing to be done for `all'.
make[7]: Nothing to be done for `all'.
make[5]: Nothing to be done for `all'.
make[7]: Nothing to be done for `all'.
make[7]: Nothing to be done for `all'.
make[7]: Nothing to be done for `all'.
make[7]: Nothing to be done for `all'.
make[7]: Nothing to be done for `all'.
make[7]: Nothing to be done for `all'.
make[7]: Nothing to be done for `all'.
make[7]: Nothing to be done for `all'.
make[7]: Nothing to be done for `all'.
make[7]: Nothing to be done for `all'.
make[7]: Nothing to be done for `all'.
make[7]: Nothing to be done for `all'.
make[7]: Nothing to be done for `all'.
make[4]: Nothing to be done for `all'.
make[4]: Nothing to be done for `all'.
make[5]: Nothing to be done for `all'.
make[5]: Nothing to be done for `all'.
make[5]: Nothing to be done for `all'.
make[5]: Nothing to be done for `all'.
make[5]: Nothing to be done for `all'.
make[5]: Nothing to be done for `all'.
make[5]: Nothing to be done for `all'.
make[5]: Nothing to be done for `all'.
make[5]: Nothing to be done for `all'.
make[5]: Nothing to be done for `all'.
make[5]: Nothing to be done for `all'.
make[5]: Nothing to be done for `all'.
make[5]: Nothing to be done for `all'.
make[6]: Nothing to be done for `all'.
make[5]: Nothing to be done for `all'.
make[5]: Nothing to be done for `all'.
make[5]: Nothing to be done for `all'.
make[5]: Nothing to be done for `all'.
make[5]: Nothing to be done for `all'.
make[5]: Nothing to be done for `all'.
make[5]: Nothing to be done for `all'.
make[5]: Nothing to be done for `all'.
make[5]: Nothing to be done for `all'.
make[5]: Nothing to be done for `all'.
make[5]: Nothing to be done for `all'.
make[5]: Nothing to be done for `all'.
make[5]: Nothing to be done for `all'.
make[5]: Nothing to be done for `all'.
make[5]: Nothing to be done for `all'.
make[5]: Nothing to be done for `all'.
make[5]: Nothing to be done for `all'.
make[6]: Nothing to be done for `all'.
make[8]: Nothing to be done for `all'.
make[8]: Nothing to be done for `all'.
make[8]: Nothing to be done for `all'.
make[8]: Nothing to be done for `all'.
make[8]: Nothing to be done for `all'.
make[8]: Nothing to be done for `all'.
make[7]: Nothing to be done for `all'.
make[7]: Nothing to be done for `all'.
make[7]: Nothing to be done for `all'.
make[7]: Nothing to be done for `all'.
make[7]: Nothing to be done for `all'.
make[7]: Nothing to be done for `all'.
make[7]: Nothing to be done for `all'.
make[7]: Nothing to be done for `all'.
make[7]: Nothing to be done for `all'.
make[7]: Nothing to be done for `all'.
make[7]: Nothing to be done for `all'.
make[7]: Nothing to be done for `all'.
make[7]: Nothing to be done for `all'.
make[7]: Nothing to be done for `all'.
make[7]: Nothing to be done for `all'.
make[8]: Nothing to be done for `all'.
make[8]: Nothing to be done for `all'.
make[7]: Nothing to be done for `all'.
make[8]: Nothing to be done for `all'.
make[7]: Nothing to be done for `all'.
make[8]: Nothing to be done for `all'.
make[8]: Nothing to be done for `all'.
make[8]: Nothing to be done for `all'.
make[7]: Nothing to be done for `all'.
make[7]: Nothing to be done for `all'.
make[7]: Nothing to be done for `all'.
make[7]: Nothing to be done for `all'.
make[7]: Nothing to be done for `all'.
make[7]: Nothing to be done for `all'.
make[7]: Nothing to be done for `all'.
make[7]: Nothing to be done for `all'.
make[7]: Nothing to be done for `all'.
make[7]: Nothing to be done for `all'.
make[7]: Nothing to be done for `all'.
make[4]: Nothing to be done for `all'.
make[5]: Nothing to be done for `all'.
make[4]: Nothing to be done for `all'.
make[4]: Nothing to be done for `all'.
llvm[3]: ***** Completed Release+Debug+Asserts Build
llvm[3]: Installing include files
llvm[4]: Installing Release+Debug+Asserts Archive Library /Users/meister/Development/cando/clasp/build/cando.app/Contents/Resources/externals/debug/lib/libLLVMSupport.a
llvm[4]: Installing Release+Debug+Asserts Archive Library /Users/meister/Development/cando/clasp/build/cando.app/Contents/Resources/externals/debug/lib/libLLVMTableGen.a
make[5]: Nothing to be done for `install'.
llvm[5]: Install circumvented with NO_INSTALL
make[5]: Nothing to be done for `install'.
llvm[5]: Install circumvented with NO_INSTALL
make[5]: Nothing to be done for `install'.
llvm[5]: Install circumvented with NO_INSTALL
make[5]: Nothing to be done for `install'.
make[5]: Nothing to be done for `install'.
llvm[6]: Install circumvented with NO_INSTALL
llvm[6]: Install circumvented with NO_INSTALL
llvm[4]: Installing Release+Debug+Asserts Archive Library /Users/meister/Development/cando/clasp/build/cando.app/Contents/Resources/externals/debug/lib/libLLVMCore.a
llvm[4]: Installing /Users/meister/Development/cando/clasp/build/cando.app/Contents/Resources/externals/debug/include/llvm/IR/Intrinsics.gen
llvm[5]: Installing /Users/meister/Development/cando/clasp/build/cando.app/Contents/Resources/externals/debug/include/llvm/IR/Intrinsics.gen
llvm[5]: Installing Release+Debug+Asserts Archive Library /Users/meister/Development/cando/clasp/build/cando.app/Contents/Resources/externals/debug/lib/libLLVMAsmParser.a
llvm[6]: Installing Release+Debug+Asserts Archive Library /Users/meister/Development/cando/clasp/build/cando.app/Contents/Resources/externals/debug/lib/libLLVMBitReader.a
llvm[6]: Installing Release+Debug+Asserts Archive Library /Users/meister/Development/cando/clasp/build/cando.app/Contents/Resources/externals/debug/lib/libLLVMBitWriter.a
llvm[5]: Installing Release+Debug+Asserts Archive Library /Users/meister/Development/cando/clasp/build/cando.app/Contents/Resources/externals/debug/lib/libLLVMAnalysis.a
llvm[6]: Installing Release+Debug+Asserts Archive Library /Users/meister/Development/cando/clasp/build/cando.app/Contents/Resources/externals/debug/lib/libLLVMipa.a
llvm[6]: Installing Release+Debug+Asserts Archive Library /Users/meister/Development/cando/clasp/build/cando.app/Contents/Resources/externals/debug/lib/libLLVMTransformUtils.a
llvm[6]: Installing Release+Debug+Asserts Archive Library /Users/meister/Development/cando/clasp/build/cando.app/Contents/Resources/externals/debug/lib/libLLVMInstrumentation.a
llvm[6]: Installing Release+Debug+Asserts Archive Library /Users/meister/Development/cando/clasp/build/cando.app/Contents/Resources/externals/debug/lib/libLLVMScalarOpts.a
llvm[6]: Installing Release+Debug+Asserts Archive Library /Users/meister/Development/cando/clasp/build/cando.app/Contents/Resources/externals/debug/lib/libLLVMInstCombine.a
llvm[6]: Installing Release+Debug+Asserts Archive Library /Users/meister/Development/cando/clasp/build/cando.app/Contents/Resources/externals/debug/lib/libLLVMipo.a
llvm[6]: Installing Release+Debug+Asserts Archive Library /Users/meister/Development/cando/clasp/build/cando.app/Contents/Resources/externals/debug/lib/libLLVMVectorize.a
llvm[6]: Installing Release+Debug+Asserts Shared Library /Users/meister/Development/cando/clasp/build/cando.app/Contents/Resources/externals/debug/lib/LLVMHello.dylib
llvm[6]: Installing Release+Debug+Asserts Archive Library /Users/meister/Development/cando/clasp/build/cando.app/Contents/Resources/externals/debug/lib/libLLVMObjCARCOpts.a
llvm[5]: Installing Release+Debug+Asserts Archive Library /Users/meister/Development/cando/clasp/build/cando.app/Contents/Resources/externals/debug/lib/libLLVMCodeGen.a
llvm[6]: Installing Release+Debug+Asserts Archive Library /Users/meister/Development/cando/clasp/build/cando.app/Contents/Resources/externals/debug/lib/libLLVMSelectionDAG.a
llvm[6]: Installing Release+Debug+Asserts Archive Library /Users/meister/Development/cando/clasp/build/cando.app/Contents/Resources/externals/debug/lib/libLLVMAsmPrinter.a
llvm[5]: Installing Release+Debug+Asserts Archive Library /Users/meister/Development/cando/clasp/build/cando.app/Contents/Resources/externals/debug/lib/libLLVMTarget.a
llvm[6]: Installing Release+Debug+Asserts Archive Library /Users/meister/Development/cando/clasp/build/cando.app/Contents/Resources/externals/debug/lib/libLLVMX86CodeGen.a
llvm[7]: Installing Release+Debug+Asserts Archive Library /Users/meister/Development/cando/clasp/build/cando.app/Contents/Resources/externals/debug/lib/libLLVMX86AsmPrinter.a
llvm[7]: Installing Release+Debug+Asserts Archive Library /Users/meister/Development/cando/clasp/build/cando.app/Contents/Resources/externals/debug/lib/libLLVMX86AsmParser.a
llvm[7]: Installing Release+Debug+Asserts Archive Library /Users/meister/Development/cando/clasp/build/cando.app/Contents/Resources/externals/debug/lib/libLLVMX86Disassembler.a
llvm[7]: Installing Release+Debug+Asserts Archive Library /Users/meister/Development/cando/clasp/build/cando.app/Contents/Resources/externals/debug/lib/libLLVMX86Info.a
llvm[7]: Installing Release+Debug+Asserts Archive Library /Users/meister/Development/cando/clasp/build/cando.app/Contents/Resources/externals/debug/lib/libLLVMX86Desc.a
llvm[7]: Installing Release+Debug+Asserts Archive Library /Users/meister/Development/cando/clasp/build/cando.app/Contents/Resources/externals/debug/lib/libLLVMX86Utils.a
llvm[6]: Installing Release+Debug+Asserts Archive Library /Users/meister/Development/cando/clasp/build/cando.app/Contents/Resources/externals/debug/lib/libLLVMSparcCodeGen.a
llvm[7]: Installing Release+Debug+Asserts Archive Library /Users/meister/Development/cando/clasp/build/cando.app/Contents/Resources/externals/debug/lib/libLLVMSparcAsmPrinter.a
llvm[7]: Installing Release+Debug+Asserts Archive Library /Users/meister/Development/cando/clasp/build/cando.app/Contents/Resources/externals/debug/lib/libLLVMSparcAsmParser.a
llvm[7]: Installing Release+Debug+Asserts Archive Library /Users/meister/Development/cando/clasp/build/cando.app/Contents/Resources/externals/debug/lib/libLLVMSparcDisassembler.a
llvm[7]: Installing Release+Debug+Asserts Archive Library /Users/meister/Development/cando/clasp/build/cando.app/Contents/Resources/externals/debug/lib/libLLVMSparcInfo.a
llvm[7]: Installing Release+Debug+Asserts Archive Library /Users/meister/Development/cando/clasp/build/cando.app/Contents/Resources/externals/debug/lib/libLLVMSparcDesc.a
llvm[6]: Installing Release+Debug+Asserts Archive Library /Users/meister/Development/cando/clasp/build/cando.app/Contents/Resources/externals/debug/lib/libLLVMPowerPCCodeGen.a
llvm[7]: Installing Release+Debug+Asserts Archive Library /Users/meister/Development/cando/clasp/build/cando.app/Contents/Resources/externals/debug/lib/libLLVMPowerPCAsmParser.a
llvm[7]: Installing Release+Debug+Asserts Archive Library /Users/meister/Development/cando/clasp/build/cando.app/Contents/Resources/externals/debug/lib/libLLVMPowerPCDisassembler.a
llvm[7]: Installing Release+Debug+Asserts Archive Library /Users/meister/Development/cando/clasp/build/cando.app/Contents/Resources/externals/debug/lib/libLLVMPowerPCAsmPrinter.a
llvm[7]: Installing Release+Debug+Asserts Archive Library /Users/meister/Development/cando/clasp/build/cando.app/Contents/Resources/externals/debug/lib/libLLVMPowerPCInfo.a
llvm[7]: Installing Release+Debug+Asserts Archive Library /Users/meister/Development/cando/clasp/build/cando.app/Contents/Resources/externals/debug/lib/libLLVMPowerPCDesc.a
llvm[6]: Installing Release+Debug+Asserts Archive Library /Users/meister/Development/cando/clasp/build/cando.app/Contents/Resources/externals/debug/lib/libLLVMARMCodeGen.a
llvm[7]: Installing Release+Debug+Asserts Archive Library /Users/meister/Development/cando/clasp/build/cando.app/Contents/Resources/externals/debug/lib/libLLVMARMAsmPrinter.a
llvm[7]: Installing Release+Debug+Asserts Archive Library /Users/meister/Development/cando/clasp/build/cando.app/Contents/Resources/externals/debug/lib/libLLVMARMAsmParser.a
llvm[7]: Installing Release+Debug+Asserts Archive Library /Users/meister/Development/cando/clasp/build/cando.app/Contents/Resources/externals/debug/lib/libLLVMARMDisassembler.a
llvm[7]: Installing Release+Debug+Asserts Archive Library /Users/meister/Development/cando/clasp/build/cando.app/Contents/Resources/externals/debug/lib/libLLVMARMInfo.a
llvm[7]: Installing Release+Debug+Asserts Archive Library /Users/meister/Development/cando/clasp/build/cando.app/Contents/Resources/externals/debug/lib/libLLVMARMDesc.a
llvm[6]: Installing Release+Debug+Asserts Archive Library /Users/meister/Development/cando/clasp/build/cando.app/Contents/Resources/externals/debug/lib/libLLVMAArch64CodeGen.a
llvm[7]: Installing Release+Debug+Asserts Archive Library /Users/meister/Development/cando/clasp/build/cando.app/Contents/Resources/externals/debug/lib/libLLVMAArch64Info.a
llvm[7]: Installing Release+Debug+Asserts Archive Library /Users/meister/Development/cando/clasp/build/cando.app/Contents/Resources/externals/debug/lib/libLLVMAArch64AsmPrinter.a
llvm[7]: Installing Release+Debug+Asserts Archive Library /Users/meister/Development/cando/clasp/build/cando.app/Contents/Resources/externals/debug/lib/libLLVMAArch64AsmParser.a
llvm[7]: Installing Release+Debug+Asserts Archive Library /Users/meister/Development/cando/clasp/build/cando.app/Contents/Resources/externals/debug/lib/libLLVMAArch64Disassembler.a
llvm[7]: Installing Release+Debug+Asserts Archive Library /Users/meister/Development/cando/clasp/build/cando.app/Contents/Resources/externals/debug/lib/libLLVMAArch64Desc.a
llvm[7]: Installing Release+Debug+Asserts Archive Library /Users/meister/Development/cando/clasp/build/cando.app/Contents/Resources/externals/debug/lib/libLLVMAArch64Utils.a
llvm[6]: Installing Release+Debug+Asserts Archive Library /Users/meister/Development/cando/clasp/build/cando.app/Contents/Resources/externals/debug/lib/libLLVMMipsCodeGen.a
llvm[7]: Installing Release+Debug+Asserts Archive Library /Users/meister/Development/cando/clasp/build/cando.app/Contents/Resources/externals/debug/lib/libLLVMMipsAsmPrinter.a
llvm[7]: Installing Release+Debug+Asserts Archive Library /Users/meister/Development/cando/clasp/build/cando.app/Contents/Resources/externals/debug/lib/libLLVMMipsDisassembler.a
llvm[7]: Installing Release+Debug+Asserts Archive Library /Users/meister/Development/cando/clasp/build/cando.app/Contents/Resources/externals/debug/lib/libLLVMMipsAsmParser.a
llvm[7]: Installing Release+Debug+Asserts Archive Library /Users/meister/Development/cando/clasp/build/cando.app/Contents/Resources/externals/debug/lib/libLLVMMipsInfo.a
llvm[7]: Installing Release+Debug+Asserts Archive Library /Users/meister/Development/cando/clasp/build/cando.app/Contents/Resources/externals/debug/lib/libLLVMMipsDesc.a
llvm[6]: Installing Release+Debug+Asserts Archive Library /Users/meister/Development/cando/clasp/build/cando.app/Contents/Resources/externals/debug/lib/libLLVMXCoreCodeGen.a
llvm[7]: Installing Release+Debug+Asserts Archive Library /Users/meister/Development/cando/clasp/build/cando.app/Contents/Resources/externals/debug/lib/libLLVMXCoreDisassembler.a
llvm[7]: Installing Release+Debug+Asserts Archive Library /Users/meister/Development/cando/clasp/build/cando.app/Contents/Resources/externals/debug/lib/libLLVMXCoreAsmPrinter.a
llvm[7]: Installing Release+Debug+Asserts Archive Library /Users/meister/Development/cando/clasp/build/cando.app/Contents/Resources/externals/debug/lib/libLLVMXCoreInfo.a
llvm[7]: Installing Release+Debug+Asserts Archive Library /Users/meister/Development/cando/clasp/build/cando.app/Contents/Resources/externals/debug/lib/libLLVMXCoreDesc.a
llvm[6]: Installing Release+Debug+Asserts Archive Library /Users/meister/Development/cando/clasp/build/cando.app/Contents/Resources/externals/debug/lib/libLLVMMSP430CodeGen.a
llvm[7]: Installing Release+Debug+Asserts Archive Library /Users/meister/Development/cando/clasp/build/cando.app/Contents/Resources/externals/debug/lib/libLLVMMSP430AsmPrinter.a
llvm[7]: Installing Release+Debug+Asserts Archive Library /Users/meister/Development/cando/clasp/build/cando.app/Contents/Resources/externals/debug/lib/libLLVMMSP430Info.a
llvm[7]: Installing Release+Debug+Asserts Archive Library /Users/meister/Development/cando/clasp/build/cando.app/Contents/Resources/externals/debug/lib/libLLVMMSP430Desc.a
llvm[6]: Installing Release+Debug+Asserts Archive Library /Users/meister/Development/cando/clasp/build/cando.app/Contents/Resources/externals/debug/lib/libLLVMCppBackendCodeGen.a
llvm[7]: Installing Release+Debug+Asserts Archive Library /Users/meister/Development/cando/clasp/build/cando.app/Contents/Resources/externals/debug/lib/libLLVMCppBackendInfo.a
llvm[6]: Installing Release+Debug+Asserts Archive Library /Users/meister/Development/cando/clasp/build/cando.app/Contents/Resources/externals/debug/lib/libLLVMNVPTXCodeGen.a
llvm[7]: Installing Release+Debug+Asserts Archive Library /Users/meister/Development/cando/clasp/build/cando.app/Contents/Resources/externals/debug/lib/libLLVMNVPTXAsmPrinter.a
llvm[7]: Installing Release+Debug+Asserts Archive Library /Users/meister/Development/cando/clasp/build/cando.app/Contents/Resources/externals/debug/lib/libLLVMNVPTXInfo.a
llvm[7]: Installing Release+Debug+Asserts Archive Library /Users/meister/Development/cando/clasp/build/cando.app/Contents/Resources/externals/debug/lib/libLLVMNVPTXDesc.a
llvm[6]: Installing Release+Debug+Asserts Archive Library /Users/meister/Development/cando/clasp/build/cando.app/Contents/Resources/externals/debug/lib/libLLVMHexagonCodeGen.a
llvm[7]: Installing Release+Debug+Asserts Archive Library /Users/meister/Development/cando/clasp/build/cando.app/Contents/Resources/externals/debug/lib/libLLVMHexagonAsmPrinter.a
llvm[7]: Installing Release+Debug+Asserts Archive Library /Users/meister/Development/cando/clasp/build/cando.app/Contents/Resources/externals/debug/lib/libLLVMHexagonInfo.a
llvm[7]: Installing Release+Debug+Asserts Archive Library /Users/meister/Development/cando/clasp/build/cando.app/Contents/Resources/externals/debug/lib/libLLVMHexagonDesc.a
llvm[6]: Installing Release+Debug+Asserts Archive Library /Users/meister/Development/cando/clasp/build/cando.app/Contents/Resources/externals/debug/lib/libLLVMSystemZCodeGen.a
llvm[7]: Installing Release+Debug+Asserts Archive Library /Users/meister/Development/cando/clasp/build/cando.app/Contents/Resources/externals/debug/lib/libLLVMSystemZAsmPrinter.a
llvm[7]: Installing Release+Debug+Asserts Archive Library /Users/meister/Development/cando/clasp/build/cando.app/Contents/Resources/externals/debug/lib/libLLVMSystemZAsmParser.a
llvm[7]: Installing Release+Debug+Asserts Archive Library /Users/meister/Development/cando/clasp/build/cando.app/Contents/Resources/externals/debug/lib/libLLVMSystemZDisassembler.a
llvm[7]: Installing Release+Debug+Asserts Archive Library /Users/meister/Development/cando/clasp/build/cando.app/Contents/Resources/externals/debug/lib/libLLVMSystemZInfo.a
llvm[7]: Installing Release+Debug+Asserts Archive Library /Users/meister/Development/cando/clasp/build/cando.app/Contents/Resources/externals/debug/lib/libLLVMSystemZDesc.a
llvm[6]: Installing Release+Debug+Asserts Archive Library /Users/meister/Development/cando/clasp/build/cando.app/Contents/Resources/externals/debug/lib/libLLVMR600CodeGen.a
llvm[7]: Installing Release+Debug+Asserts Archive Library /Users/meister/Development/cando/clasp/build/cando.app/Contents/Resources/externals/debug/lib/libLLVMR600AsmPrinter.a
llvm[7]: Installing Release+Debug+Asserts Archive Library /Users/meister/Development/cando/clasp/build/cando.app/Contents/Resources/externals/debug/lib/libLLVMR600Info.a
llvm[7]: Installing Release+Debug+Asserts Archive Library /Users/meister/Development/cando/clasp/build/cando.app/Contents/Resources/externals/debug/lib/libLLVMR600Desc.a
llvm[5]: Installing Release+Debug+Asserts Archive Library /Users/meister/Development/cando/clasp/build/cando.app/Contents/Resources/externals/debug/lib/libLLVMExecutionEngine.a
llvm[6]: Installing Release+Debug+Asserts Archive Library /Users/meister/Development/cando/clasp/build/cando.app/Contents/Resources/externals/debug/lib/libLLVMInterpreter.a
llvm[6]: Installing Release+Debug+Asserts Archive Library /Users/meister/Development/cando/clasp/build/cando.app/Contents/Resources/externals/debug/lib/libLLVMJIT.a
llvm[6]: Installing Release+Debug+Asserts Archive Library /Users/meister/Development/cando/clasp/build/cando.app/Contents/Resources/externals/debug/lib/libLLVMMCJIT.a
llvm[6]: Installing Release+Debug+Asserts Archive Library /Users/meister/Development/cando/clasp/build/cando.app/Contents/Resources/externals/debug/lib/libLLVMRuntimeDyld.a
llvm[5]: Installing Release+Debug+Asserts Archive Library /Users/meister/Development/cando/clasp/build/cando.app/Contents/Resources/externals/debug/lib/libLLVMLinker.a
llvm[5]: Installing Release+Debug+Asserts Archive Library /Users/meister/Development/cando/clasp/build/cando.app/Contents/Resources/externals/debug/lib/libLLVMLTO.a
llvm[5]: Installing Release+Debug+Asserts Archive Library /Users/meister/Development/cando/clasp/build/cando.app/Contents/Resources/externals/debug/lib/libLLVMMC.a
llvm[6]: Installing Release+Debug+Asserts Archive Library /Users/meister/Development/cando/clasp/build/cando.app/Contents/Resources/externals/debug/lib/libLLVMMCParser.a
llvm[6]: Installing Release+Debug+Asserts Archive Library /Users/meister/Development/cando/clasp/build/cando.app/Contents/Resources/externals/debug/lib/libLLVMMCDisassembler.a
llvm[5]: Installing Release+Debug+Asserts Archive Library /Users/meister/Development/cando/clasp/build/cando.app/Contents/Resources/externals/debug/lib/libLLVMObject.a
llvm[5]: Installing Release+Debug+Asserts Archive Library /Users/meister/Development/cando/clasp/build/cando.app/Contents/Resources/externals/debug/lib/libLLVMOption.a
llvm[5]: Installing Release+Debug+Asserts Archive Library /Users/meister/Development/cando/clasp/build/cando.app/Contents/Resources/externals/debug/lib/libLLVMDebugInfo.a
llvm[5]: Installing Release+Debug+Asserts Archive Library /Users/meister/Development/cando/clasp/build/cando.app/Contents/Resources/externals/debug/lib/libLLVMIRReader.a
llvm[5]: Installing Release+Debug+Asserts Archive Library /Users/meister/Development/cando/clasp/build/cando.app/Contents/Resources/externals/debug/lib/libLLVMLineEditor.a
llvm[5]: Installing Release+Debug+Asserts Archive Library /Users/meister/Development/cando/clasp/build/cando.app/Contents/Resources/externals/debug/lib/libLLVMProfileData.a
llvm[4]: Installing Release+Debug+Asserts Shared Library /Users/meister/Development/cando/clasp/build/cando.app/Contents/Resources/externals/debug/lib/libLLVM-3.5svn.dylib
llvm[4]: Creating alias from /Users/meister/Development/cando/clasp/build/cando.app/Contents/Resources/externals/debug/lib/libLLVM-3.5svn.dylib to /Users/meister/Development/cando/clasp/build/cando.app/Contents/Resources/externals/debug/lib/libLLVM-3.5.0svn.dylib
make[4]: Nothing to be done for `install'.
make[5]: Nothing to be done for `install'.
llvm[5]: Installing Release+Debug+Asserts Shared Library /Users/meister/Development/cando/clasp/build/cando.app/Contents/Resources/externals/debug/lib/libLTO.dylib
llvm[5]: Installing Release+Debug+Asserts Archive Library /Users/meister/Development/cando/clasp/build/cando.app/Contents/Resources/externals/debug/lib/libLTO.a
llvm[5]: Install circumvented with NO_INSTALL
make[5]: Nothing to be done for `install'.
make[5]: Nothing to be done for `install'.
make[5]: Nothing to be done for `install'.
make[5]: Nothing to be done for `install'.
make[5]: Nothing to be done for `install'.
make[5]: Nothing to be done for `install'.
make[5]: Nothing to be done for `install'.
make[6]: Nothing to be done for `install'.
make[5]: Nothing to be done for `install'.
make[5]: Nothing to be done for `install'.
make[5]: Nothing to be done for `install'.
make[5]: Nothing to be done for `install'.
make[5]: Nothing to be done for `install'.
make[5]: Nothing to be done for `install'.
make[5]: Nothing to be done for `install'.
make[5]: Nothing to be done for `install'.
make[5]: Nothing to be done for `install'.
make[5]: Nothing to be done for `install'.
make[5]: Nothing to be done for `install'.
make[5]: Nothing to be done for `install'.
make[5]: Nothing to be done for `install'.
make[5]: Nothing to be done for `install'.
make[5]: Nothing to be done for `install'.
make[5]: Nothing to be done for `install'.
llvm[5]: Install circumvented with NO_INSTALL
llvm[5]: Install circumvented with NO_INSTALL
llvm[5]: Install circumvented with NO_INSTALL
llvm[5]: Installing Release+Debug+Asserts Shared Library /Users/meister/Development/cando/clasp/build/cando.app/Contents/Resources/externals/debug/lib/BugpointPasses.dylib
make[6]: Nothing to be done for `install'.
llvm[7]: Installing Clang include files
make[8]: Nothing to be done for `install'.
make[8]: Nothing to be done for `install'.
make[8]: Nothing to be done for `install'.
make[8]: Nothing to be done for `install'.
make[8]: Nothing to be done for `install'.
make[8]: Nothing to be done for `install'.
llvm[7]: Installing Clang C API include files
make[7]: Nothing to be done for `install'.
llvm[7]: Installing Release+Debug+Asserts Archive Library /Users/meister/Development/cando/clasp/build/cando.app/Contents/Resources/externals/debug/lib/libclangBasic.a
llvm[7]: Installing Release+Debug+Asserts Archive Library /Users/meister/Development/cando/clasp/build/cando.app/Contents/Resources/externals/debug/lib/libclangLex.a
llvm[7]: Installing Release+Debug+Asserts Archive Library /Users/meister/Development/cando/clasp/build/cando.app/Contents/Resources/externals/debug/lib/libclangParse.a
llvm[7]: Installing Release+Debug+Asserts Archive Library /Users/meister/Development/cando/clasp/build/cando.app/Contents/Resources/externals/debug/lib/libclangAST.a
llvm[7]: Installing Release+Debug+Asserts Archive Library /Users/meister/Development/cando/clasp/build/cando.app/Contents/Resources/externals/debug/lib/libclangSema.a
llvm[7]: Installing Release+Debug+Asserts Archive Library /Users/meister/Development/cando/clasp/build/cando.app/Contents/Resources/externals/debug/lib/libclangCodeGen.a
llvm[7]: Installing Release+Debug+Asserts Archive Library /Users/meister/Development/cando/clasp/build/cando.app/Contents/Resources/externals/debug/lib/libclangAnalysis.a
llvm[7]: Installing Release+Debug+Asserts Archive Library /Users/meister/Development/cando/clasp/build/cando.app/Contents/Resources/externals/debug/lib/libclangFrontend.a
llvm[7]: Installing Release+Debug+Asserts Archive Library /Users/meister/Development/cando/clasp/build/cando.app/Contents/Resources/externals/debug/lib/libclangFrontendTool.a
llvm[7]: Installing Release+Debug+Asserts Archive Library /Users/meister/Development/cando/clasp/build/cando.app/Contents/Resources/externals/debug/lib/libclangTooling.a
llvm[7]: Installing Release+Debug+Asserts Archive Library /Users/meister/Development/cando/clasp/build/cando.app/Contents/Resources/externals/debug/lib/libclangDriver.a
llvm[7]: Installing Release+Debug+Asserts Archive Library /Users/meister/Development/cando/clasp/build/cando.app/Contents/Resources/externals/debug/lib/libclangFormat.a
llvm[7]: Installing Release+Debug+Asserts Archive Library /Users/meister/Development/cando/clasp/build/cando.app/Contents/Resources/externals/debug/lib/libclangEdit.a
llvm[8]: Installing Release+Debug+Asserts Archive Library /Users/meister/Development/cando/clasp/build/cando.app/Contents/Resources/externals/debug/lib/libclangRewriteFrontend.a
llvm[8]: Installing Release+Debug+Asserts Archive Library /Users/meister/Development/cando/clasp/build/cando.app/Contents/Resources/externals/debug/lib/libclangRewriteCore.a
llvm[7]: Installing Release+Debug+Asserts Archive Library /Users/meister/Development/cando/clasp/build/cando.app/Contents/Resources/externals/debug/lib/libclangSerialization.a
llvm[7]: Installing Release+Debug+Asserts Archive Library /Users/meister/Development/cando/clasp/build/cando.app/Contents/Resources/externals/debug/lib/libclangIndex.a
llvm[7]: Installing Release+Debug+Asserts Archive Library /Users/meister/Development/cando/clasp/build/cando.app/Contents/Resources/externals/debug/lib/libclangASTMatchers.a
llvm[8]: Installing Release+Debug+Asserts Archive Library /Users/meister/Development/cando/clasp/build/cando.app/Contents/Resources/externals/debug/lib/libclangDynamicASTMatchers.a
llvm[8]: Installing Release+Debug+Asserts Archive Library /Users/meister/Development/cando/clasp/build/cando.app/Contents/Resources/externals/debug/lib/libclangStaticAnalyzerCheckers.a
llvm[8]: Installing Release+Debug+Asserts Archive Library /Users/meister/Development/cando/clasp/build/cando.app/Contents/Resources/externals/debug/lib/libclangStaticAnalyzerFrontend.a
llvm[8]: Installing Release+Debug+Asserts Archive Library /Users/meister/Development/cando/clasp/build/cando.app/Contents/Resources/externals/debug/lib/libclangStaticAnalyzerCore.a
llvm[7]: Installing Release+Debug+Asserts Archive Library /Users/meister/Development/cando/clasp/build/cando.app/Contents/Resources/externals/debug/lib/libclangARCMigrate.a
llvm[7]: Installing Release+Debug+Asserts Shared Library /Users/meister/Development/cando/clasp/build/cando.app/Contents/Resources/externals/debug/lib/libclang.dylib
llvm[7]: Installing Release+Debug+Asserts Archive Library /Users/meister/Development/cando/clasp/build/cando.app/Contents/Resources/externals/debug/lib/libclang.a
make[7]: Nothing to be done for `install'.
llvm[7]: Install circumvented with NO_INSTALL
make[7]: Nothing to be done for `install'.
llvm[7]: Install circumvented with NO_INSTALL
make[7]: Nothing to be done for `install'.
make[7]: Nothing to be done for `install'.
llvm[7]: Install circumvented with NO_INSTALL
make[7]: Nothing to be done for `install'.
make[7]: Nothing to be done for `install'.
llvm[6]: Installing HTML documentation
llvm[7]: Installing HTML Clang Tools Documentation
llvm[7]: Installing MAN Clang Tools Documentation
llvm[7]: Installing PS Clang Tools Documentation
make[7]: Nothing to be done for `install'.
make[7]: Nothing to be done for `install'.
make[7]: Nothing to be done for `install'.
make[7]: Nothing to be done for `install'.
make[7]: Nothing to be done for `install'.
make[8]: Nothing to be done for `install'.
make[7]: Nothing to be done for `install'.
make[7]: Nothing to be done for `install'.
make[7]: Nothing to be done for `install'.
make[7]: Nothing to be done for `install'.
llvm[4]: Installing HTML documentation
make[5]: Nothing to be done for `install'.
make[5]: Nothing to be done for `install'.
make[5]: Nothing to be done for `install'.
make[5]: Nothing to be done for `install'.
make[5]: Nothing to be done for `install'.
make[5]: Nothing to be done for `install'.
make[6]: Nothing to be done for `install'.
make[6]: Nothing to be done for `install'.
make[5]: Nothing to be done for `install'.
make[5]: Nothing to be done for `install'.
make[5]: Nothing to be done for `install'.
make[5]: Nothing to be done for `install'.
make[5]: Nothing to be done for `install'.
make[5]: Nothing to be done for `install'.
make[5]: Nothing to be done for `install'.
make[6]: Nothing to be done for `install'.
make[6]: Nothing to be done for `install'.
make[4]: Nothing to be done for `install'.
