AMBERHOME=/Users/meister/Development/amber9
Apple_PubSub_Socket_Render=/tmp/launch-H4zOe1/Render
BIN_DIR=/Users/meister/Development/cando/clasp/build/bin
BJAM_VERSION=3.1.18
BOOST_BUILD_PATH=/Users/meister/Development/cando/clasp:/Users/meister/Development/cando/clasp/externals/src/boost-build
BOOST_BUILD_ROOT=/Users/meister/Development/cando/clasp/externals/src/boost_1_53_0
BOOST_BUILD_SOURCE_DIR=boost-build-system
BOOST_ROOT=/Users/meister/Development/cando/clasp/externals/src/boost_1_53_0
BOOST_SOURCE_DIR=boost
BOOST_TOOLSET=clang
BOOST_VERSION=1_53_0
BUILDTOP=/Users/meister/Development/cando/clasp/build
BUILD_LINK=shared
BUILD_OPENMM=/Users/meister/Development/cando/clasp/build/build_openmm
BUILD_TOOLSET=clang-darwin
CC=/usr/bin/clang
CLASP_APP=/Users/meister/Development/cando/clasp/build/cando.app
CLASP_APP_BIN_DIR=/Users/meister/Development/cando/clasp/build/cando.app/Contents/MacOS
CLASP_APP_CONTENTS_DIR=/Users/meister/Development/cando/clasp/build/cando.app/Contents
CLASP_APP_RESOURCES_COMPILER_DIR=/Users/meister/Development/cando/clasp/build/cando.app/Contents/Resources/compiler
CLASP_APP_RESOURCES_DIR=/Users/meister/Development/cando/clasp/build/cando.app/Contents/Resources
CLASP_APP_RESOURCES_EXTERNALS_COMMON_DIR=/Users/meister/Development/cando/clasp/build/cando.app/Contents/Resources/externals/common
CLASP_APP_RESOURCES_EXTERNALS_COMMON_INCLUDE_DIR=/Users/meister/Development/cando/clasp/build/cando.app/Contents/Resources/externals/common/include
CLASP_APP_RESOURCES_EXTERNALS_COMMON_LIB_DIR=/Users/meister/Development/cando/clasp/build/cando.app/Contents/Resources/externals/common/lib
CLASP_APP_RESOURCES_EXTERNALS_DEBUG_DIR=/Users/meister/Development/cando/clasp/build/cando.app/Contents/Resources/externals/debug
CLASP_APP_RESOURCES_EXTERNALS_DEBUG_INCLUDE_DIR=/Users/meister/Development/cando/clasp/build/cando.app/Contents/Resources/externals/debug/include
CLASP_APP_RESOURCES_EXTERNALS_DEBUG_LIB_DIR=/Users/meister/Development/cando/clasp/build/cando.app/Contents/Resources/externals/debug/lib
CLASP_APP_RESOURCES_EXTERNALS_DIR=/Users/meister/Development/cando/clasp/build/cando.app/Contents/Resources/externals
CLASP_APP_RESOURCES_EXTERNALS_RELEASE_DIR=/Users/meister/Development/cando/clasp/build/cando.app/Contents/Resources/externals/release
CLASP_APP_RESOURCES_EXTERNALS_RELEASE_INCLUDE_DIR=/Users/meister/Development/cando/clasp/build/cando.app/Contents/Resources/externals/release/include
CLASP_APP_RESOURCES_EXTERNALS_RELEASE_LIB_DIR=/Users/meister/Development/cando/clasp/build/cando.app/Contents/Resources/externals/release/lib
CLASP_APP_ROOT=/Users/meister/Development/cando/clasp/build/cando.app
CLASP_CC=/usr/bin/clang
CLASP_CXX=/usr/bin/clang++
CLASP_CXXFLAGS=-std=c++11 -stdlib=libc++
CLASP_EXTERNALS_SRC=/Users/meister/Development/cando/clasp/externals/src
CLASP_HOME=/Users/meister/Development/cando/clasp
CLASP_LDFLAGS=-stdlib=libc++ -headerpad_max_install_names
CLASP_LISP_SOURCE_DIR=/Users/meister/Development/cando/clasp/src/lisp
CLASP_MASTER_HOST=meister@farnsworth.chem.temple.edu
CLASP_OS=darwinClang
CLASP_REQUIRES_RTTI=1
CLASP_SCRIPTS=/Users/meister/Development/cando/clasp/build/cando.app/Contents/Resources/bin
CLASP_TOOLSET=clang-darwin
CMAKE_INSTALL_PREFIX=/Users/meister/Development/cando/clasp/build/openmm
CMAKE_VERSION=cmake-2.8.5
COLUMNS=159
COMPILE_PROCESSORS=5
CTAGS_BIN=/usr/local/ctags
CXX=/usr/bin/clang++
CXXFLAGS="-std=c++11 -stdlib=libc++ -fvisibility=hidden"
DEVELOPMENT_ENVIRONMENT=darwinClang
DISPLAY=/tmp/launch-q6IwQm/org.macosforge.xquartz:0
DYLD_LIBRARY_PATH=/usr/local/Cellar/libtool/2.4.2/lib/:/usr/local/Cellar/libtool/2.4.2/lib/::/Users/meister/Development/cando/clasp/build/cando.app/Contents/Resources/lib:/lib/ecl-12.12.1:/usr/local/openmm/lib:/Users/meister/Development/cando/clasp/build/cando.app/Contents/Resources/lib:/lib/ecl-12.12.1:/usr/local/openmm/lib
ECL_SOURCE_DIR=ecl-13.5.1
EMACS=t
EMACSDATA=/Applications/Emacs.app/Contents/Resources/etc
EMACSDOC=/Applications/Emacs.app/Contents/Resources/etc
EMACSLOADPATH=/Applications/Emacs.app/Contents/Resources/site-lisp:/Applications/Emacs.app/Contents/Resources/lisp:/Applications/Emacs.app/Contents/Resources/leim
EMACSPATH=/Applications/Emacs.app/Contents/MacOS/bin
EXPAT_SOURCE_DIR=expat-2.0.1
GMP_SOURCE_DIR=gmp-5.0.5
HOME=/Users/meister
INCLUDE=/Users/meister/Development/cando/clasp/src/llvmo/bin/clang-darwin-4.2.1/debug/
INFOPATH=/sw/share/info:/sw/info:/usr/share/info
INSIDE_EMACS=24.2.1,comint
LANG=en_US.UTF-8
LDFLAGS=-stdlib=libc++ -headerpad_max_install_names
LIBRARY_DIR=/Users/meister/Development/cando/clasp/build/lib
LLDB_SOURCE_DIR=lldb
LLVM_REVISION=207120
LLVM_SOURCE_DIR=llvm-207120
LOGNAME=meister
MAKEFLAGS=
MAKELEVEL=1
MANPATH=/sw/share/man:/Applications/Racketv5.2.1/man:/usr/share/man:/usr/local/share/man:/opt/X11/share/man:/usr/local/git/share/man:/Applications/Xcode.app/Contents/Developer/usr/share/man:/Applications/Xcode.app/Contents/Developer/Toolchains/XcodeDefault.xctoolchain/usr/share/man:/sw/lib/perl5/5.16.2/man
MFLAGS=
MKL_NUM_THREADS=1
MOE=/Applications/moe2010
MPS_SOURCE_DIR=mps-temporary
OLDPWD=/Users/meister/Development/cando/clasp/externals/src/llvm-207120
OPENMM_BUILD_OPENCL_LIB=ON
OPENMM_INSTALL=/Users/meister/Development/cando/clasp/build/openmm
OPENMM_VERSION=OpenMM4.0-Source
OPENMPI_SOURCE_DIR=openmpi-1.6.5
OS_BUILDTOP=/Users/meister/Development/cando/clasp/build
PATH=/opt/local/bin:/opt/local/sbin:/opt/local/bin:/opt/local/sbin:/Library/Frameworks/EPD64.framework/Versions/Current/bin:/opt/local/bin:/opt/local/sbin:/Library/Frameworks/Python.framework/Versions/Current/bin:/usr/local/bin:/usr/local/cuda/bin:/Library/Frameworks/Python.framework/Versions/2.6/bin:/Users/meister/Development/cando/clasp/build/darwin/cando.app/Contents/MacOS:/Users/meister/Development/cando/clasp/build/cando.app/Contents/Resources/compiler/bin:/Users/meister/Development/cando/clasp/build/cando.app/Contents/Resources/externals/release/bin:/Users/meister/Development/cando/clasp/build/cando.app/Contents/Resources/externals/common/bin:/Users/meister/Development/cando/clasp/build/clang/bin:/Users/meister/Development/cando/clasp/build/bin:/Applications/Racketv5.2.1/bin:/Users/meister/Local/bin:/opt/local/bin:/opt/local/sbin:/opt/local/bin:/opt/local/sbin:/Library/Frameworks/EPD64.framework/Versions/Current/bin:/opt/local/bin:/opt/local/sbin:/Library/Frameworks/Python.framework/Versions/Current/bin:/usr/local/bin:/usr/local/cuda/bin:/Library/Frameworks/Python.framework/Versions/2.6/bin:/sw/bin:/sw/sbin:/Users/meister/Development/cando/clasp/build/darwin/cando.app/Contents/MacOS:/Users/meister/Development/cando/clasp/build/cando.app/Contents/Resources/compiler/bin:/Users/meister/Development/cando/clasp/build/cando.app/Contents/Resources/externals/release/bin:/Users/meister/Development/cando/clasp/build/cando.app/Contents/Resources/externals/common/bin:/Users/meister/Development/cando/clasp/build/clang/bin:/Users/meister/Development/cando/clasp/build/bin:/Applications/Racketv5.2.1/bin:/Users/meister/Local/bin:/usr/bin:/bin:/usr/sbin:/sbin:/usr/local/bin:/opt/X11/bin:/usr/local/git/bin:/Users/meister/Development/cando/clasp/build/cando.app/Contents/MacOS:/Users/meister/Development/cando/clasp/build/cando.app/Contents/Resources/bin:/Users/meister/Development/cando/clasp/build/cando.app/Contents/Resources/externals/common/bin:/Users/meister/Development/cando/clasp/build/cando.app/Contents/Resources/externals/release/bin:/Users/meister/Development/cando/clasp/build/bin:/usr/X11R6/bin:/Applications/gamess:/opt/local/bin:/Users/meister/Development/amber9/exe:/Applications/Doxygen.app/Contents/Resources:/Users/meister/Development/cando/clasp/externals/src/boost-jam-3.1.17/bin.macosxx86_64:/opt/local/bin:/opt/local/sbin:/Applications/moe2010/bin:/Users/meister/Development/rosetta3.3/rosetta_source/bin:/Users/meister/Development/cando/clasp/build/cando.app/Contents/MacOS:/Users/meister/Development/cando/clasp/build/cando.app/Contents/Resources/bin:/Users/meister/Development/cando/clasp/build/cando.app/Contents/Resources/externals/common/bin:/Users/meister/Development/cando/clasp/build/cando.app/Contents/Resources/externals/release/bin:/Users/meister/Development/cando/clasp/build/bin:/Applications/gamess:/opt/local/bin:/Users/meister/Development/amber9/exe:/Applications/Doxygen.app/Contents/Resources:/Users/meister/Development/cando/clasp/externals/src/boost-jam-3.1.17/bin.macosxx86_64:/opt/local/bin:/opt/local/sbin:/Applications/moe2010/bin:/Users/meister/Development/rosetta3.3/rosetta_source/bin
PERL5LIB=/sw/lib/perl5:/sw/lib/perl5/darwin
PJOBS=5
PS1=\h:\W$ 
PWD=/Users/meister/Development/cando/clasp/externals/src
READLINE_VERSION=6.2
REQUIRES_RTTI=1
RPATH_COMMON_FIX=@executable_path/../Resources/externals/common/lib
RPATH_DEBUG_FIX=@executable_path/../Resources/externals/debug/lib
RPATH_RELEASE_FIX=@executable_path/../Resources/externals/release/lib
SHELL=/bin/bash
SHLVL=2
SOURCE_OPENMM=/Users/meister/Development/cando/clasp/externals/src/OpenMM4.0-Source
SSH_AUTH_SOCK=/tmp/launch-vsCif7/Listeners
SVN_EDITOR=emacs
TERM=dumb
TERMCAP=
TERM_PROGRAM=Apple_Terminal
TERM_PROGRAM_VERSION=326
TERM_SESSION_ID=95867AB2-D2B1-4F04-B141-2D416F40265C
TMPDIR=/var/folders/yd/xpvgnv4s6jb4y7xy581wj1400000gr/T/
USER=meister
WXWIN=
WX_CONFIG=/bin/wx-config
ZLIB_SOURCE_DIR=zlib-1.2.8
_=/usr/bin/make
__CF_USER_TEXT_ENCODING=0x1F8:0:0
__CHECKFIX1436934=1
astro=meister@astro.temple.edu
farns=meister@farnsworth.chem.temple.edu
kraken=cschafme@kraken.nics.teragrid.org
