This file contains any messages produced by compilers while
running configure, to aid debugging if configure makes a mistake.

It was created by romio configure Open MPI 1.2.6, which was
generated by GNU Autoconf 2.68.  Invocation command line was

  $ ./configure CFLAGS=-DNDEBUG -g -O2 -finline-functions -fno-strict-aliasing -pthread CPPFLAGS=  -I/home/meister/Development/externals-clasp/openmpi-1.6.5/opal/mca/hwloc/hwloc132/hwloc/include   -I/usr/include/infiniband -I/usr/include/infiniband FFLAGS= LDFLAGS=  --enable-shared --disable-static --prefix=/home/meister/local/externals-clasp/common --with-mpi=open_mpi --disable-aio --cache-file=/dev/null --srcdir=. --disable-option-checking

## --------- ##
## Platform. ##
## --------- ##

hostname = compute.temple.edu
uname -m = x86_64
uname -r = 2.6.32-358.18.1.el6.x86_64
uname -s = Linux
uname -v = #1 SMP Fri Aug 2 17:04:38 EDT 2013

/usr/bin/uname -p = unknown
/bin/uname -X     = unknown

/bin/arch              = x86_64
/usr/bin/arch -k       = unknown
/usr/convex/getsysinfo = unknown
/usr/bin/hostinfo      = unknown
/bin/machine           = unknown
/usr/bin/oslevel       = unknown
/bin/universe          = unknown

PATH: /home/meister/local/externals-clasp/release/bin
PATH: /home/meister/local/externals-clasp/common/bin
PATH: /home/meister/local/externals-clasp/release/bin
PATH: /home/meister/local/externals-clasp/common/bin
PATH: /home/meister/local/externals-clasp/release/bin
PATH: /home/meister/local/externals-clasp/common/bin
PATH: /home/meister/local/bin
PATH: /home/meister/local/gdb-7.7/bin
PATH: /home/meister/local/valgrind-3.9.0/bin
PATH: /home/meister/local/gcc-4.8.3/bin
PATH: /usr/lib64/qt-3.3/bin
PATH: /opt/apps/MATLAB-R2012a/bin
PATH: /opt/apps/stata13
PATH: /opt/apps/sas-9.4/SASFoundation/9.4
PATH: /usr/local/bin
PATH: /bin
PATH: /usr/bin
PATH: /usr/local/sbin
PATH: /usr/sbin
PATH: /sbin
PATH: /home/meister/bin
PATH: /home/meister/Development/clasp/build/cando.app/Contents/bin
PATH: /home/meister/Development/clasp/build/cando.app/Contents/Resources/bin
PATH: /home/meister/Development/clasp/build/cando.app/Contents/Resources/externals/common/bin
PATH: /home/meister/Development/clasp/build/cando.app/Contents/Resources/externals/release/bin
PATH: /home/meister/Development/clasp/build/cando.app/Contents/Resources/externals/release/bin
PATH: /home/meister/Development/clasp/build/cando.app/Contents/Resources/externals/release/bin


## ----------- ##
## Core tests. ##
## ----------- ##

configure:2663: checking for Open MPI support files
configure:2673: result: in Open MPI source tree -- good
configure:2892: checking for make
configure:2908: found /usr/bin/make
configure:2919: result: make
configure:2933: checking whether clock skew breaks make
configure:2958: result: no
configure:2968: checking whether make supports include
configure:2996: result: no
configure:3005: checking whether make allows comments in actions
configure:3032: result: no
configure:3037: WARNING: Your make does not allow comments in target code.
Using this make may cause problems when building programs.
You should consider using gnumake instead.
configure:3046: checking for virtual path format
configure:3089: result: VPATH
configure:3099: checking whether make sets CFLAGS
configure:3125: result: yes
configure:3187: checking for a BSD-compatible install
configure:3255: result: /usr/bin/install -c
configure:3266: checking whether build environment is sane
configure:3316: result: yes
configure:3457: checking for a thread-safe mkdir -p
configure:3496: result: /bin/mkdir -p
configure:3509: checking for gawk
configure:3525: found /bin/gawk
configure:3536: result: gawk
configure:3631: checking whether make supports nested variables
configure:3648: result: yes
configure:3669: checking for architecture
configure:3679: result: LINUX
configure:3688: WARNING: Unknown architecture ... proceeding anyway
configure:3711: result: ROMIO home directory is /home/meister/Development/externals-clasp/openmpi-1.6.5/ompi/mca/io/romio/romio
configure:3859: checking for ranlib
configure:3875: found /usr/bin/ranlib
configure:3886: result: ranlib
configure:4041: checking for style of include used by make
configure:4069: result: GNU
configure:4154: checking for gcc
configure:4170: found /home/meister/local/gcc-4.8.3/bin/gcc
configure:4181: result: gcc
configure:4212: checking for C compiler version
configure:4221: gcc --version >&5
gcc (GCC) 4.8.3
Copyright (C) 2013 Free Software Foundation, Inc.
This is free software; see the source for copying conditions.  There is NO
warranty; not even for MERCHANTABILITY or FITNESS FOR A PARTICULAR PURPOSE.

configure:4232: $? = 0
configure:4221: gcc -v >&5
Using built-in specs.
COLLECT_GCC=gcc
COLLECT_LTO_WRAPPER=/home/meister/local/gcc-4.8.3/libexec/gcc/x86_64-redhat-linux/4.8.3/lto-wrapper
Target: x86_64-redhat-linux
Configured with: ./configure --prefix=/home/meister/local/gcc-4.8.3 --with-gmp=/home/meister/local/gmp-6.0.0 --with-mpfr=/home/meister/local/mpfr-3.1.2 --with-mpc=/home/meister/local/mpc-1.0.2 --build=x86_64-redhat-linux --disable-multilib --enable-languages=c,c++ --enable-targets=x86_64-redhat-linux
Thread model: posix
gcc version 4.8.3 (GCC) 
configure:4232: $? = 0
configure:4221: gcc -V >&5
gcc: error: unrecognized command line option '-V'
gcc: fatal error: no input files
compilation terminated.
configure:4232: $? = 1
configure:4221: gcc -qversion >&5
gcc: error: unrecognized command line option '-qversion'
gcc: fatal error: no input files
compilation terminated.
configure:4232: $? = 1
configure:4252: checking whether the C compiler works
configure:4274: gcc -DNDEBUG -g -O2 -finline-functions -fno-strict-aliasing -pthread   -I/home/meister/Development/externals-clasp/openmpi-1.6.5/opal/mca/hwloc/hwloc132/hwloc/include   -I/usr/include/infiniband -I/usr/include/infiniband   conftest.c -lrt -lnsl  -lutil -lm  >&5
configure:4278: $? = 0
configure:4326: result: yes
configure:4329: checking for C compiler default output file name
configure:4331: result: a.out
configure:4337: checking for suffix of executables
configure:4344: gcc -o conftest -DNDEBUG -g -O2 -finline-functions -fno-strict-aliasing -pthread   -I/home/meister/Development/externals-clasp/openmpi-1.6.5/opal/mca/hwloc/hwloc132/hwloc/include   -I/usr/include/infiniband -I/usr/include/infiniband   conftest.c -lrt -lnsl  -lutil -lm  >&5
configure:4348: $? = 0
configure:4370: result: 
configure:4392: checking whether we are cross compiling
configure:4400: gcc -o conftest -DNDEBUG -g -O2 -finline-functions -fno-strict-aliasing -pthread   -I/home/meister/Development/externals-clasp/openmpi-1.6.5/opal/mca/hwloc/hwloc132/hwloc/include   -I/usr/include/infiniband -I/usr/include/infiniband   conftest.c -lrt -lnsl  -lutil -lm  >&5
configure:4404: $? = 0
configure:4411: ./conftest
configure:4415: $? = 0
configure:4430: result: no
configure:4435: checking for suffix of object files
configure:4457: gcc -c -DNDEBUG -g -O2 -finline-functions -fno-strict-aliasing -pthread   -I/home/meister/Development/externals-clasp/openmpi-1.6.5/opal/mca/hwloc/hwloc132/hwloc/include   -I/usr/include/infiniband -I/usr/include/infiniband conftest.c >&5
configure:4461: $? = 0
configure:4482: result: o
configure:4486: checking whether we are using the GNU C compiler
configure:4505: gcc -c -DNDEBUG -g -O2 -finline-functions -fno-strict-aliasing -pthread   -I/home/meister/Development/externals-clasp/openmpi-1.6.5/opal/mca/hwloc/hwloc132/hwloc/include   -I/usr/include/infiniband -I/usr/include/infiniband conftest.c >&5
configure:4505: $? = 0
configure:4514: result: yes
configure:4523: checking whether gcc accepts -g
configure:4543: gcc -c -g   -I/home/meister/Development/externals-clasp/openmpi-1.6.5/opal/mca/hwloc/hwloc132/hwloc/include   -I/usr/include/infiniband -I/usr/include/infiniband conftest.c >&5
configure:4543: $? = 0
configure:4584: result: yes
configure:4601: checking for gcc option to accept ISO C89
configure:4665: gcc  -c -DNDEBUG -g -O2 -finline-functions -fno-strict-aliasing -pthread   -I/home/meister/Development/externals-clasp/openmpi-1.6.5/opal/mca/hwloc/hwloc132/hwloc/include   -I/usr/include/infiniband -I/usr/include/infiniband conftest.c >&5
configure:4665: $? = 0
configure:4678: result: none needed
configure:4700: checking dependency style of gcc
configure:4811: result: gcc3
configure:5134: checking how to run the C preprocessor
configure:5165: gcc -E   -I/home/meister/Development/externals-clasp/openmpi-1.6.5/opal/mca/hwloc/hwloc132/hwloc/include   -I/usr/include/infiniband -I/usr/include/infiniband conftest.c
configure:5165: $? = 0
configure:5179: gcc -E   -I/home/meister/Development/externals-clasp/openmpi-1.6.5/opal/mca/hwloc/hwloc132/hwloc/include   -I/usr/include/infiniband -I/usr/include/infiniband conftest.c
conftest.c:12:28: fatal error: ac_nonexistent.h: No such file or directory
 #include <ac_nonexistent.h>
                            ^
compilation terminated.
configure:5179: $? = 1
configure: failed program was:
| /* confdefs.h */
| #define PACKAGE_NAME "romio"
| #define PACKAGE_TARNAME "romio"
| #define PACKAGE_VERSION "Open MPI 1.2.6"
| #define PACKAGE_STRING "romio Open MPI 1.2.6"
| #define PACKAGE_BUGREPORT "http://www.mpich.org"
| #define PACKAGE_URL ""
| #define HAVE_MPI_OFFSET 1
| #define PACKAGE "romio"
| #define VERSION "Open MPI 1.2.6"
| /* end confdefs.h.  */
| #include <ac_nonexistent.h>
configure:5204: result: gcc -E
configure:5224: gcc -E   -I/home/meister/Development/externals-clasp/openmpi-1.6.5/opal/mca/hwloc/hwloc132/hwloc/include   -I/usr/include/infiniband -I/usr/include/infiniband conftest.c
configure:5224: $? = 0
configure:5238: gcc -E   -I/home/meister/Development/externals-clasp/openmpi-1.6.5/opal/mca/hwloc/hwloc132/hwloc/include   -I/usr/include/infiniband -I/usr/include/infiniband conftest.c
conftest.c:12:28: fatal error: ac_nonexistent.h: No such file or directory
 #include <ac_nonexistent.h>
                            ^
compilation terminated.
configure:5238: $? = 1
configure: failed program was:
| /* confdefs.h */
| #define PACKAGE_NAME "romio"
| #define PACKAGE_TARNAME "romio"
| #define PACKAGE_VERSION "Open MPI 1.2.6"
| #define PACKAGE_STRING "romio Open MPI 1.2.6"
| #define PACKAGE_BUGREPORT "http://www.mpich.org"
| #define PACKAGE_URL ""
| #define HAVE_MPI_OFFSET 1
| #define PACKAGE "romio"
| #define VERSION "Open MPI 1.2.6"
| /* end confdefs.h.  */
| #include <ac_nonexistent.h>
configure:5625: checking for memalign
configure:5625: gcc -o conftest -DNDEBUG -g -O2 -finline-functions -fno-strict-aliasing -pthread   -I/home/meister/Development/externals-clasp/openmpi-1.6.5/opal/mca/hwloc/hwloc132/hwloc/include   -I/usr/include/infiniband -I/usr/include/infiniband   conftest.c -lrt -lnsl  -lutil -lm  >&5
configure:5625: $? = 0
configure:5625: result: yes
configure:5725: checking how to run the C preprocessor
configure:5795: result: gcc -E
configure:5815: gcc -E   -I/home/meister/Development/externals-clasp/openmpi-1.6.5/opal/mca/hwloc/hwloc132/hwloc/include   -I/usr/include/infiniband -I/usr/include/infiniband conftest.c
configure:5815: $? = 0
configure:5829: gcc -E   -I/home/meister/Development/externals-clasp/openmpi-1.6.5/opal/mca/hwloc/hwloc132/hwloc/include   -I/usr/include/infiniband -I/usr/include/infiniband conftest.c
conftest.c:13:28: fatal error: ac_nonexistent.h: No such file or directory
 #include <ac_nonexistent.h>
                            ^
compilation terminated.
configure:5829: $? = 1
configure: failed program was:
| /* confdefs.h */
| #define PACKAGE_NAME "romio"
| #define PACKAGE_TARNAME "romio"
| #define PACKAGE_VERSION "Open MPI 1.2.6"
| #define PACKAGE_STRING "romio Open MPI 1.2.6"
| #define PACKAGE_BUGREPORT "http://www.mpich.org"
| #define PACKAGE_URL ""
| #define HAVE_MPI_OFFSET 1
| #define PACKAGE "romio"
| #define VERSION "Open MPI 1.2.6"
| #define HAVE_MEMALIGN 1
| /* end confdefs.h.  */
| #include <ac_nonexistent.h>
configure:5858: checking for grep that handles long lines and -e
configure:5916: result: /bin/grep
configure:5921: checking for egrep
configure:5983: result: /bin/grep -E
configure:5988: checking for ANSI C header files
configure:6008: gcc -c -DNDEBUG -g -O2 -finline-functions -fno-strict-aliasing -pthread   -I/home/meister/Development/externals-clasp/openmpi-1.6.5/opal/mca/hwloc/hwloc132/hwloc/include   -I/usr/include/infiniband -I/usr/include/infiniband conftest.c >&5
configure:6008: $? = 0
configure:6081: gcc -o conftest -DNDEBUG -g -O2 -finline-functions -fno-strict-aliasing -pthread   -I/home/meister/Development/externals-clasp/openmpi-1.6.5/opal/mca/hwloc/hwloc132/hwloc/include   -I/usr/include/infiniband -I/usr/include/infiniband   conftest.c -lrt -lnsl  -lutil -lm  >&5
configure:6081: $? = 0
configure:6081: ./conftest
configure:6081: $? = 0
configure:6092: result: yes
configure:6105: checking for sys/types.h
configure:6105: gcc -c -DNDEBUG -g -O2 -finline-functions -fno-strict-aliasing -pthread   -I/home/meister/Development/externals-clasp/openmpi-1.6.5/opal/mca/hwloc/hwloc132/hwloc/include   -I/usr/include/infiniband -I/usr/include/infiniband conftest.c >&5
configure:6105: $? = 0
configure:6105: result: yes
configure:6105: checking for sys/stat.h
configure:6105: gcc -c -DNDEBUG -g -O2 -finline-functions -fno-strict-aliasing -pthread   -I/home/meister/Development/externals-clasp/openmpi-1.6.5/opal/mca/hwloc/hwloc132/hwloc/include   -I/usr/include/infiniband -I/usr/include/infiniband conftest.c >&5
configure:6105: $? = 0
configure:6105: result: yes
configure:6105: checking for stdlib.h
configure:6105: gcc -c -DNDEBUG -g -O2 -finline-functions -fno-strict-aliasing -pthread   -I/home/meister/Development/externals-clasp/openmpi-1.6.5/opal/mca/hwloc/hwloc132/hwloc/include   -I/usr/include/infiniband -I/usr/include/infiniband conftest.c >&5
configure:6105: $? = 0
configure:6105: result: yes
configure:6105: checking for string.h
configure:6105: gcc -c -DNDEBUG -g -O2 -finline-functions -fno-strict-aliasing -pthread   -I/home/meister/Development/externals-clasp/openmpi-1.6.5/opal/mca/hwloc/hwloc132/hwloc/include   -I/usr/include/infiniband -I/usr/include/infiniband conftest.c >&5
configure:6105: $? = 0
configure:6105: result: yes
configure:6105: checking for memory.h
configure:6105: gcc -c -DNDEBUG -g -O2 -finline-functions -fno-strict-aliasing -pthread   -I/home/meister/Development/externals-clasp/openmpi-1.6.5/opal/mca/hwloc/hwloc132/hwloc/include   -I/usr/include/infiniband -I/usr/include/infiniband conftest.c >&5
configure:6105: $? = 0
configure:6105: result: yes
configure:6105: checking for strings.h
configure:6105: gcc -c -DNDEBUG -g -O2 -finline-functions -fno-strict-aliasing -pthread   -I/home/meister/Development/externals-clasp/openmpi-1.6.5/opal/mca/hwloc/hwloc132/hwloc/include   -I/usr/include/infiniband -I/usr/include/infiniband conftest.c >&5
configure:6105: $? = 0
configure:6105: result: yes
configure:6105: checking for inttypes.h
configure:6105: gcc -c -DNDEBUG -g -O2 -finline-functions -fno-strict-aliasing -pthread   -I/home/meister/Development/externals-clasp/openmpi-1.6.5/opal/mca/hwloc/hwloc132/hwloc/include   -I/usr/include/infiniband -I/usr/include/infiniband conftest.c >&5
configure:6105: $? = 0
configure:6105: result: yes
configure:6105: checking for stdint.h
configure:6105: gcc -c -DNDEBUG -g -O2 -finline-functions -fno-strict-aliasing -pthread   -I/home/meister/Development/externals-clasp/openmpi-1.6.5/opal/mca/hwloc/hwloc132/hwloc/include   -I/usr/include/infiniband -I/usr/include/infiniband conftest.c >&5
configure:6105: $? = 0
configure:6105: result: yes
configure:6105: checking for unistd.h
configure:6105: gcc -c -DNDEBUG -g -O2 -finline-functions -fno-strict-aliasing -pthread   -I/home/meister/Development/externals-clasp/openmpi-1.6.5/opal/mca/hwloc/hwloc132/hwloc/include   -I/usr/include/infiniband -I/usr/include/infiniband conftest.c >&5
configure:6105: $? = 0
configure:6105: result: yes
configure:6120: checking for unistd.h
configure:6120: result: yes
configure:6120: checking fcntl.h usability
configure:6120: gcc -c -DNDEBUG -g -O2 -finline-functions -fno-strict-aliasing -pthread   -I/home/meister/Development/externals-clasp/openmpi-1.6.5/opal/mca/hwloc/hwloc132/hwloc/include   -I/usr/include/infiniband -I/usr/include/infiniband conftest.c >&5
configure:6120: $? = 0
configure:6120: result: yes
configure:6120: checking fcntl.h presence
configure:6120: gcc -E   -I/home/meister/Development/externals-clasp/openmpi-1.6.5/opal/mca/hwloc/hwloc132/hwloc/include   -I/usr/include/infiniband -I/usr/include/infiniband conftest.c
configure:6120: $? = 0
configure:6120: result: yes
configure:6120: checking for fcntl.h
configure:6120: result: yes
configure:6120: checking malloc.h usability
configure:6120: gcc -c -DNDEBUG -g -O2 -finline-functions -fno-strict-aliasing -pthread   -I/home/meister/Development/externals-clasp/openmpi-1.6.5/opal/mca/hwloc/hwloc132/hwloc/include   -I/usr/include/infiniband -I/usr/include/infiniband conftest.c >&5
configure:6120: $? = 0
configure:6120: result: yes
configure:6120: checking malloc.h presence
configure:6120: gcc -E   -I/home/meister/Development/externals-clasp/openmpi-1.6.5/opal/mca/hwloc/hwloc132/hwloc/include   -I/usr/include/infiniband -I/usr/include/infiniband conftest.c
configure:6120: $? = 0
configure:6120: result: yes
configure:6120: checking for malloc.h
configure:6120: result: yes
configure:6120: checking stddef.h usability
configure:6120: gcc -c -DNDEBUG -g -O2 -finline-functions -fno-strict-aliasing -pthread   -I/home/meister/Development/externals-clasp/openmpi-1.6.5/opal/mca/hwloc/hwloc132/hwloc/include   -I/usr/include/infiniband -I/usr/include/infiniband conftest.c >&5
configure:6120: $? = 0
configure:6120: result: yes
configure:6120: checking stddef.h presence
configure:6120: gcc -E   -I/home/meister/Development/externals-clasp/openmpi-1.6.5/opal/mca/hwloc/hwloc132/hwloc/include   -I/usr/include/infiniband -I/usr/include/infiniband conftest.c
configure:6120: $? = 0
configure:6120: result: yes
configure:6120: checking for stddef.h
configure:6120: result: yes
configure:6120: checking for sys/types.h
configure:6120: result: yes
configure:6142: checking for u_char
configure:6142: gcc -c -DNDEBUG -g -O2 -finline-functions -fno-strict-aliasing -pthread   -I/home/meister/Development/externals-clasp/openmpi-1.6.5/opal/mca/hwloc/hwloc132/hwloc/include   -I/usr/include/infiniband -I/usr/include/infiniband conftest.c >&5
configure:6142: $? = 0
configure:6142: gcc -c -DNDEBUG -g -O2 -finline-functions -fno-strict-aliasing -pthread   -I/home/meister/Development/externals-clasp/openmpi-1.6.5/opal/mca/hwloc/hwloc132/hwloc/include   -I/usr/include/infiniband -I/usr/include/infiniband conftest.c >&5
conftest.c: In function 'main':
conftest.c:64:21: error: expected expression before ')' token
 if (sizeof ((u_char)))
                     ^
configure:6142: $? = 1
configure: failed program was:
| /* confdefs.h */
| #define PACKAGE_NAME "romio"
| #define PACKAGE_TARNAME "romio"
| #define PACKAGE_VERSION "Open MPI 1.2.6"
| #define PACKAGE_STRING "romio Open MPI 1.2.6"
| #define PACKAGE_BUGREPORT "http://www.mpich.org"
| #define PACKAGE_URL ""
| #define HAVE_MPI_OFFSET 1
| #define PACKAGE "romio"
| #define VERSION "Open MPI 1.2.6"
| #define HAVE_MEMALIGN 1
| #define STDC_HEADERS 1
| #define HAVE_SYS_TYPES_H 1
| #define HAVE_SYS_STAT_H 1
| #define HAVE_STDLIB_H 1
| #define HAVE_STRING_H 1
| #define HAVE_MEMORY_H 1
| #define HAVE_STRINGS_H 1
| #define HAVE_INTTYPES_H 1
| #define HAVE_STDINT_H 1
| #define HAVE_UNISTD_H 1
| #define HAVE_UNISTD_H 1
| #define HAVE_FCNTL_H 1
| #define HAVE_MALLOC_H 1
| #define HAVE_STDDEF_H 1
| #define HAVE_SYS_TYPES_H 1
| /* end confdefs.h.  */
| #include <stdio.h>
| #ifdef HAVE_SYS_TYPES_H
| # include <sys/types.h>
| #endif
| #ifdef HAVE_SYS_STAT_H
| # include <sys/stat.h>
| #endif
| #ifdef STDC_HEADERS
| # include <stdlib.h>
| # include <stddef.h>
| #else
| # ifdef HAVE_STDLIB_H
| #  include <stdlib.h>
| # endif
| #endif
| #ifdef HAVE_STRING_H
| # if !defined STDC_HEADERS && defined HAVE_MEMORY_H
| #  include <memory.h>
| # endif
| # include <string.h>
| #endif
| #ifdef HAVE_STRINGS_H
| # include <strings.h>
| #endif
| #ifdef HAVE_INTTYPES_H
| # include <inttypes.h>
| #endif
| #ifdef HAVE_STDINT_H
| # include <stdint.h>
| #endif
| #ifdef HAVE_UNISTD_H
| # include <unistd.h>
| #endif
| int
| main ()
| {
| if (sizeof ((u_char)))
| 	    return 0;
|   ;
|   return 0;
| }
configure:6142: result: yes
configure:6153: checking for u_short
configure:6153: gcc -c -DNDEBUG -g -O2 -finline-functions -fno-strict-aliasing -pthread   -I/home/meister/Development/externals-clasp/openmpi-1.6.5/opal/mca/hwloc/hwloc132/hwloc/include   -I/usr/include/infiniband -I/usr/include/infiniband conftest.c >&5
configure:6153: $? = 0
configure:6153: gcc -c -DNDEBUG -g -O2 -finline-functions -fno-strict-aliasing -pthread   -I/home/meister/Development/externals-clasp/openmpi-1.6.5/opal/mca/hwloc/hwloc132/hwloc/include   -I/usr/include/infiniband -I/usr/include/infiniband conftest.c >&5
conftest.c: In function 'main':
conftest.c:64:22: error: expected expression before ')' token
 if (sizeof ((u_short)))
                      ^
configure:6153: $? = 1
configure: failed program was:
| /* confdefs.h */
| #define PACKAGE_NAME "romio"
| #define PACKAGE_TARNAME "romio"
| #define PACKAGE_VERSION "Open MPI 1.2.6"
| #define PACKAGE_STRING "romio Open MPI 1.2.6"
| #define PACKAGE_BUGREPORT "http://www.mpich.org"
| #define PACKAGE_URL ""
| #define HAVE_MPI_OFFSET 1
| #define PACKAGE "romio"
| #define VERSION "Open MPI 1.2.6"
| #define HAVE_MEMALIGN 1
| #define STDC_HEADERS 1
| #define HAVE_SYS_TYPES_H 1
| #define HAVE_SYS_STAT_H 1
| #define HAVE_STDLIB_H 1
| #define HAVE_STRING_H 1
| #define HAVE_MEMORY_H 1
| #define HAVE_STRINGS_H 1
| #define HAVE_INTTYPES_H 1
| #define HAVE_STDINT_H 1
| #define HAVE_UNISTD_H 1
| #define HAVE_UNISTD_H 1
| #define HAVE_FCNTL_H 1
| #define HAVE_MALLOC_H 1
| #define HAVE_STDDEF_H 1
| #define HAVE_SYS_TYPES_H 1
| /* end confdefs.h.  */
| #include <stdio.h>
| #ifdef HAVE_SYS_TYPES_H
| # include <sys/types.h>
| #endif
| #ifdef HAVE_SYS_STAT_H
| # include <sys/stat.h>
| #endif
| #ifdef STDC_HEADERS
| # include <stdlib.h>
| # include <stddef.h>
| #else
| # ifdef HAVE_STDLIB_H
| #  include <stdlib.h>
| # endif
| #endif
| #ifdef HAVE_STRING_H
| # if !defined STDC_HEADERS && defined HAVE_MEMORY_H
| #  include <memory.h>
| # endif
| # include <string.h>
| #endif
| #ifdef HAVE_STRINGS_H
| # include <strings.h>
| #endif
| #ifdef HAVE_INTTYPES_H
| # include <inttypes.h>
| #endif
| #ifdef HAVE_STDINT_H
| # include <stdint.h>
| #endif
| #ifdef HAVE_UNISTD_H
| # include <unistd.h>
| #endif
| int
| main ()
| {
| if (sizeof ((u_short)))
| 	    return 0;
|   ;
|   return 0;
| }
configure:6153: result: yes
configure:6164: checking for u_int
configure:6164: gcc -c -DNDEBUG -g -O2 -finline-functions -fno-strict-aliasing -pthread   -I/home/meister/Development/externals-clasp/openmpi-1.6.5/opal/mca/hwloc/hwloc132/hwloc/include   -I/usr/include/infiniband -I/usr/include/infiniband conftest.c >&5
configure:6164: $? = 0
configure:6164: gcc -c -DNDEBUG -g -O2 -finline-functions -fno-strict-aliasing -pthread   -I/home/meister/Development/externals-clasp/openmpi-1.6.5/opal/mca/hwloc/hwloc132/hwloc/include   -I/usr/include/infiniband -I/usr/include/infiniband conftest.c >&5
conftest.c: In function 'main':
conftest.c:64:20: error: expected expression before ')' token
 if (sizeof ((u_int)))
                    ^
configure:6164: $? = 1
configure: failed program was:
| /* confdefs.h */
| #define PACKAGE_NAME "romio"
| #define PACKAGE_TARNAME "romio"
| #define PACKAGE_VERSION "Open MPI 1.2.6"
| #define PACKAGE_STRING "romio Open MPI 1.2.6"
| #define PACKAGE_BUGREPORT "http://www.mpich.org"
| #define PACKAGE_URL ""
| #define HAVE_MPI_OFFSET 1
| #define PACKAGE "romio"
| #define VERSION "Open MPI 1.2.6"
| #define HAVE_MEMALIGN 1
| #define STDC_HEADERS 1
| #define HAVE_SYS_TYPES_H 1
| #define HAVE_SYS_STAT_H 1
| #define HAVE_STDLIB_H 1
| #define HAVE_STRING_H 1
| #define HAVE_MEMORY_H 1
| #define HAVE_STRINGS_H 1
| #define HAVE_INTTYPES_H 1
| #define HAVE_STDINT_H 1
| #define HAVE_UNISTD_H 1
| #define HAVE_UNISTD_H 1
| #define HAVE_FCNTL_H 1
| #define HAVE_MALLOC_H 1
| #define HAVE_STDDEF_H 1
| #define HAVE_SYS_TYPES_H 1
| /* end confdefs.h.  */
| #include <stdio.h>
| #ifdef HAVE_SYS_TYPES_H
| # include <sys/types.h>
| #endif
| #ifdef HAVE_SYS_STAT_H
| # include <sys/stat.h>
| #endif
| #ifdef STDC_HEADERS
| # include <stdlib.h>
| # include <stddef.h>
| #else
| # ifdef HAVE_STDLIB_H
| #  include <stdlib.h>
| # endif
| #endif
| #ifdef HAVE_STRING_H
| # if !defined STDC_HEADERS && defined HAVE_MEMORY_H
| #  include <memory.h>
| # endif
| # include <string.h>
| #endif
| #ifdef HAVE_STRINGS_H
| # include <strings.h>
| #endif
| #ifdef HAVE_INTTYPES_H
| # include <inttypes.h>
| #endif
| #ifdef HAVE_STDINT_H
| # include <stdint.h>
| #endif
| #ifdef HAVE_UNISTD_H
| # include <unistd.h>
| #endif
| int
| main ()
| {
| if (sizeof ((u_int)))
| 	    return 0;
|   ;
|   return 0;
| }
configure:6164: result: yes
configure:6175: checking for u_long
configure:6175: gcc -c -DNDEBUG -g -O2 -finline-functions -fno-strict-aliasing -pthread   -I/home/meister/Development/externals-clasp/openmpi-1.6.5/opal/mca/hwloc/hwloc132/hwloc/include   -I/usr/include/infiniband -I/usr/include/infiniband conftest.c >&5
configure:6175: $? = 0
configure:6175: gcc -c -DNDEBUG -g -O2 -finline-functions -fno-strict-aliasing -pthread   -I/home/meister/Development/externals-clasp/openmpi-1.6.5/opal/mca/hwloc/hwloc132/hwloc/include   -I/usr/include/infiniband -I/usr/include/infiniband conftest.c >&5
conftest.c: In function 'main':
conftest.c:64:21: error: expected expression before ')' token
 if (sizeof ((u_long)))
                     ^
configure:6175: $? = 1
configure: failed program was:
| /* confdefs.h */
| #define PACKAGE_NAME "romio"
| #define PACKAGE_TARNAME "romio"
| #define PACKAGE_VERSION "Open MPI 1.2.6"
| #define PACKAGE_STRING "romio Open MPI 1.2.6"
| #define PACKAGE_BUGREPORT "http://www.mpich.org"
| #define PACKAGE_URL ""
| #define HAVE_MPI_OFFSET 1
| #define PACKAGE "romio"
| #define VERSION "Open MPI 1.2.6"
| #define HAVE_MEMALIGN 1
| #define STDC_HEADERS 1
| #define HAVE_SYS_TYPES_H 1
| #define HAVE_SYS_STAT_H 1
| #define HAVE_STDLIB_H 1
| #define HAVE_STRING_H 1
| #define HAVE_MEMORY_H 1
| #define HAVE_STRINGS_H 1
| #define HAVE_INTTYPES_H 1
| #define HAVE_STDINT_H 1
| #define HAVE_UNISTD_H 1
| #define HAVE_UNISTD_H 1
| #define HAVE_FCNTL_H 1
| #define HAVE_MALLOC_H 1
| #define HAVE_STDDEF_H 1
| #define HAVE_SYS_TYPES_H 1
| /* end confdefs.h.  */
| #include <stdio.h>
| #ifdef HAVE_SYS_TYPES_H
| # include <sys/types.h>
| #endif
| #ifdef HAVE_SYS_STAT_H
| # include <sys/stat.h>
| #endif
| #ifdef STDC_HEADERS
| # include <stdlib.h>
| # include <stddef.h>
| #else
| # ifdef HAVE_STDLIB_H
| #  include <stdlib.h>
| # endif
| #endif
| #ifdef HAVE_STRING_H
| # if !defined STDC_HEADERS && defined HAVE_MEMORY_H
| #  include <memory.h>
| # endif
| # include <string.h>
| #endif
| #ifdef HAVE_STRINGS_H
| # include <strings.h>
| #endif
| #ifdef HAVE_INTTYPES_H
| # include <inttypes.h>
| #endif
| #ifdef HAVE_STDINT_H
| # include <stdint.h>
| #endif
| #ifdef HAVE_UNISTD_H
| # include <unistd.h>
| #endif
| int
| main ()
| {
| if (sizeof ((u_long)))
| 	    return 0;
|   ;
|   return 0;
| }
configure:6175: result: yes
configure:6190: checking sys/attr.h usability
configure:6190: gcc -c -DNDEBUG -g -O2 -finline-functions -fno-strict-aliasing -pthread   -I/home/meister/Development/externals-clasp/openmpi-1.6.5/opal/mca/hwloc/hwloc132/hwloc/include   -I/usr/include/infiniband -I/usr/include/infiniband conftest.c >&5
conftest.c:61:22: fatal error: sys/attr.h: No such file or directory
 #include <sys/attr.h>
                      ^
compilation terminated.
configure:6190: $? = 1
configure: failed program was:
| /* confdefs.h */
| #define PACKAGE_NAME "romio"
| #define PACKAGE_TARNAME "romio"
| #define PACKAGE_VERSION "Open MPI 1.2.6"
| #define PACKAGE_STRING "romio Open MPI 1.2.6"
| #define PACKAGE_BUGREPORT "http://www.mpich.org"
| #define PACKAGE_URL ""
| #define HAVE_MPI_OFFSET 1
| #define PACKAGE "romio"
| #define VERSION "Open MPI 1.2.6"
| #define HAVE_MEMALIGN 1
| #define STDC_HEADERS 1
| #define HAVE_SYS_TYPES_H 1
| #define HAVE_SYS_STAT_H 1
| #define HAVE_STDLIB_H 1
| #define HAVE_STRING_H 1
| #define HAVE_MEMORY_H 1
| #define HAVE_STRINGS_H 1
| #define HAVE_INTTYPES_H 1
| #define HAVE_STDINT_H 1
| #define HAVE_UNISTD_H 1
| #define HAVE_UNISTD_H 1
| #define HAVE_FCNTL_H 1
| #define HAVE_MALLOC_H 1
| #define HAVE_STDDEF_H 1
| #define HAVE_SYS_TYPES_H 1
| /* end confdefs.h.  */
| #include <stdio.h>
| #ifdef HAVE_SYS_TYPES_H
| # include <sys/types.h>
| #endif
| #ifdef HAVE_SYS_STAT_H
| # include <sys/stat.h>
| #endif
| #ifdef STDC_HEADERS
| # include <stdlib.h>
| # include <stddef.h>
| #else
| # ifdef HAVE_STDLIB_H
| #  include <stdlib.h>
| # endif
| #endif
| #ifdef HAVE_STRING_H
| # if !defined STDC_HEADERS && defined HAVE_MEMORY_H
| #  include <memory.h>
| # endif
| # include <string.h>
| #endif
| #ifdef HAVE_STRINGS_H
| # include <strings.h>
| #endif
| #ifdef HAVE_INTTYPES_H
| # include <inttypes.h>
| #endif
| #ifdef HAVE_STDINT_H
| # include <stdint.h>
| #endif
| #ifdef HAVE_UNISTD_H
| # include <unistd.h>
| #endif
| #include <sys/attr.h>
configure:6190: result: no
configure:6190: checking sys/attr.h presence
configure:6190: gcc -E   -I/home/meister/Development/externals-clasp/openmpi-1.6.5/opal/mca/hwloc/hwloc132/hwloc/include   -I/usr/include/infiniband -I/usr/include/infiniband conftest.c
conftest.c:28:22: fatal error: sys/attr.h: No such file or directory
 #include <sys/attr.h>
                      ^
compilation terminated.
configure:6190: $? = 1
configure: failed program was:
| /* confdefs.h */
| #define PACKAGE_NAME "romio"
| #define PACKAGE_TARNAME "romio"
| #define PACKAGE_VERSION "Open MPI 1.2.6"
| #define PACKAGE_STRING "romio Open MPI 1.2.6"
| #define PACKAGE_BUGREPORT "http://www.mpich.org"
| #define PACKAGE_URL ""
| #define HAVE_MPI_OFFSET 1
| #define PACKAGE "romio"
| #define VERSION "Open MPI 1.2.6"
| #define HAVE_MEMALIGN 1
| #define STDC_HEADERS 1
| #define HAVE_SYS_TYPES_H 1
| #define HAVE_SYS_STAT_H 1
| #define HAVE_STDLIB_H 1
| #define HAVE_STRING_H 1
| #define HAVE_MEMORY_H 1
| #define HAVE_STRINGS_H 1
| #define HAVE_INTTYPES_H 1
| #define HAVE_STDINT_H 1
| #define HAVE_UNISTD_H 1
| #define HAVE_UNISTD_H 1
| #define HAVE_FCNTL_H 1
| #define HAVE_MALLOC_H 1
| #define HAVE_STDDEF_H 1
| #define HAVE_SYS_TYPES_H 1
| /* end confdefs.h.  */
| #include <sys/attr.h>
configure:6190: result: no
configure:6190: checking for sys/attr.h
configure:6190: result: no
configure:6205: checking size of int
configure:6210: gcc -o conftest -DNDEBUG -g -O2 -finline-functions -fno-strict-aliasing -pthread   -I/home/meister/Development/externals-clasp/openmpi-1.6.5/opal/mca/hwloc/hwloc132/hwloc/include   -I/usr/include/infiniband -I/usr/include/infiniband   conftest.c -lrt -lnsl  -lutil -lm  >&5
configure:6210: $? = 0
configure:6210: ./conftest
configure:6210: $? = 0
configure:6224: result: 4
configure:6238: checking size of void *
configure:6243: gcc -o conftest -DNDEBUG -g -O2 -finline-functions -fno-strict-aliasing -pthread   -I/home/meister/Development/externals-clasp/openmpi-1.6.5/opal/mca/hwloc/hwloc132/hwloc/include   -I/usr/include/infiniband -I/usr/include/infiniband   conftest.c -lrt -lnsl  -lutil -lm  >&5
configure:6243: $? = 0
configure:6243: ./conftest
configure:6243: $? = 0
configure:6257: result: 8
configure:6267: checking for int large enough for pointers
configure:6283: result: no
configure:6300: checking size of long long
configure:6305: gcc -o conftest -DNDEBUG -g -O2 -finline-functions -fno-strict-aliasing -pthread   -I/home/meister/Development/externals-clasp/openmpi-1.6.5/opal/mca/hwloc/hwloc132/hwloc/include   -I/usr/include/infiniband -I/usr/include/infiniband   conftest.c -lrt -lnsl  -lutil -lm  >&5
configure:6305: $? = 0
configure:6305: ./conftest
configure:6305: $? = 0
configure:6319: result: 8
configure:7013: checking whether struct flock compatible with MPI_Offset
configure:7030: gcc -c -DNDEBUG -g -O2 -finline-functions -fno-strict-aliasing -pthread   -I/home/meister/Development/externals-clasp/openmpi-1.6.5/opal/mca/hwloc/hwloc132/hwloc/include   -I/usr/include/infiniband -I/usr/include/infiniband conftest.c >&5
configure:7030: $? = 0
configure:7036: result: yes
configure:7100: checking for pvfs2-config
configure:7132: result: notfound
configure:7160: checking configured file systems
configure:7162: result: testfs ufs nfs
configure:7170: WARNING: File locks may not work with NFS.  See the Installation and
users manual for instructions on testing and if necessary fixing this
configure:8155: checking sys/vfs.h usability
configure:8155: gcc -c -DNDEBUG -g -O2 -finline-functions -fno-strict-aliasing -pthread   -I/home/meister/Development/externals-clasp/openmpi-1.6.5/opal/mca/hwloc/hwloc132/hwloc/include   -I/usr/include/infiniband -I/usr/include/infiniband conftest.c >&5
configure:8155: $? = 0
configure:8155: result: yes
configure:8155: checking sys/vfs.h presence
configure:8155: gcc -E   -I/home/meister/Development/externals-clasp/openmpi-1.6.5/opal/mca/hwloc/hwloc132/hwloc/include   -I/usr/include/infiniband -I/usr/include/infiniband conftest.c
configure:8155: $? = 0
configure:8155: result: yes
configure:8155: checking for sys/vfs.h
configure:8155: result: yes
configure:8155: checking sys/param.h usability
configure:8155: gcc -c -DNDEBUG -g -O2 -finline-functions -fno-strict-aliasing -pthread   -I/home/meister/Development/externals-clasp/openmpi-1.6.5/opal/mca/hwloc/hwloc132/hwloc/include   -I/usr/include/infiniband -I/usr/include/infiniband conftest.c >&5
configure:8155: $? = 0
configure:8155: result: yes
configure:8155: checking sys/param.h presence
configure:8155: gcc -E   -I/home/meister/Development/externals-clasp/openmpi-1.6.5/opal/mca/hwloc/hwloc132/hwloc/include   -I/usr/include/infiniband -I/usr/include/infiniband conftest.c
configure:8155: $? = 0
configure:8155: result: yes
configure:8155: checking for sys/param.h
configure:8155: result: yes
configure:8155: checking sys/mount.h usability
configure:8155: gcc -c -DNDEBUG -g -O2 -finline-functions -fno-strict-aliasing -pthread   -I/home/meister/Development/externals-clasp/openmpi-1.6.5/opal/mca/hwloc/hwloc132/hwloc/include   -I/usr/include/infiniband -I/usr/include/infiniband conftest.c >&5
configure:8155: $? = 0
configure:8155: result: yes
configure:8155: checking sys/mount.h presence
configure:8155: gcc -E   -I/home/meister/Development/externals-clasp/openmpi-1.6.5/opal/mca/hwloc/hwloc132/hwloc/include   -I/usr/include/infiniband -I/usr/include/infiniband conftest.c
configure:8155: $? = 0
configure:8155: result: yes
configure:8155: checking for sys/mount.h
configure:8155: result: yes
configure:8155: checking sys/statvfs.h usability
configure:8155: gcc -c -DNDEBUG -g -O2 -finline-functions -fno-strict-aliasing -pthread   -I/home/meister/Development/externals-clasp/openmpi-1.6.5/opal/mca/hwloc/hwloc132/hwloc/include   -I/usr/include/infiniband -I/usr/include/infiniband conftest.c >&5
configure:8155: $? = 0
configure:8155: result: yes
configure:8155: checking sys/statvfs.h presence
configure:8155: gcc -E   -I/home/meister/Development/externals-clasp/openmpi-1.6.5/opal/mca/hwloc/hwloc132/hwloc/include   -I/usr/include/infiniband -I/usr/include/infiniband conftest.c
configure:8155: $? = 0
configure:8155: result: yes
configure:8155: checking for sys/statvfs.h
configure:8155: result: yes
configure:8165: checking whether struct statfs properly defined
configure:8193: gcc -c -DNDEBUG -g -O2 -finline-functions -fno-strict-aliasing -pthread   -I/home/meister/Development/externals-clasp/openmpi-1.6.5/opal/mca/hwloc/hwloc132/hwloc/include   -I/usr/include/infiniband -I/usr/include/infiniband conftest.c >&5
configure:8193: $? = 0
configure:8200: result: yes
configure:8212: checking for f_fstypename member of statfs structure
configure:8233: gcc -c -DNDEBUG -g -O2 -finline-functions -fno-strict-aliasing -pthread   -I/home/meister/Development/externals-clasp/openmpi-1.6.5/opal/mca/hwloc/hwloc132/hwloc/include   -I/usr/include/infiniband -I/usr/include/infiniband conftest.c >&5
conftest.c: In function 'main':
conftest.c:53:19: error: storage size of 'f' isn't known
     struct statfs f;
                   ^
configure:8233: $? = 1
configure: failed program was:
| /* confdefs.h */
| #define PACKAGE_NAME "romio"
| #define PACKAGE_TARNAME "romio"
| #define PACKAGE_VERSION "Open MPI 1.2.6"
| #define PACKAGE_STRING "romio Open MPI 1.2.6"
| #define PACKAGE_BUGREPORT "http://www.mpich.org"
| #define PACKAGE_URL ""
| #define HAVE_MPI_OFFSET 1
| #define PACKAGE "romio"
| #define VERSION "Open MPI 1.2.6"
| #define HAVE_MEMALIGN 1
| #define STDC_HEADERS 1
| #define HAVE_SYS_TYPES_H 1
| #define HAVE_SYS_STAT_H 1
| #define HAVE_STDLIB_H 1
| #define HAVE_STRING_H 1
| #define HAVE_MEMORY_H 1
| #define HAVE_STRINGS_H 1
| #define HAVE_INTTYPES_H 1
| #define HAVE_STDINT_H 1
| #define HAVE_UNISTD_H 1
| #define HAVE_UNISTD_H 1
| #define HAVE_FCNTL_H 1
| #define HAVE_MALLOC_H 1
| #define HAVE_STDDEF_H 1
| #define HAVE_SYS_TYPES_H 1
| #define SIZEOF_INT 4
| #define SIZEOF_VOID_P 8
| #define INT_LT_POINTER 1
| #define HAVE_INT_LT_POINTER 1
| #define SIZEOF_LONG_LONG 8
| #define HAVE_LONG_LONG_64 1
| #define HAVE_MPI_LONG_LONG_INT 1
| #define HAVE_MPI_INFO 1
| #define ROMIO_NFS 1
| #define ROMIO_UFS 1
| #define ROMIO_TESTFS 1
| #define HAVE_SYS_VFS_H 1
| #define HAVE_SYS_PARAM_H 1
| #define HAVE_SYS_MOUNT_H 1
| #define HAVE_SYS_STATVFS_H 1
| #define HAVE_STRUCT_STATFS 1
| /* end confdefs.h.  */
| 
| #include <sys/param.h>
| #include <sys/mount.h>
| #include <string.h>
| 
| int
| main ()
| {
| 
|     struct statfs f;
|     memset(&f, 0, sizeof(f));
|     strncmp("nfs", f.f_fstypename, 3);
| 
|   ;
|   return 0;
| }
configure:8240: result: no
configure:8254: checking for sys/stat.h
configure:8254: result: yes
configure:8254: checking for sys/types.h
configure:8254: result: yes
configure:8254: checking for unistd.h
configure:8254: result: yes
configure:8266: checking for stat
configure:8266: gcc -o conftest -DNDEBUG -g -O2 -finline-functions -fno-strict-aliasing -pthread   -I/home/meister/Development/externals-clasp/openmpi-1.6.5/opal/mca/hwloc/hwloc132/hwloc/include   -I/usr/include/infiniband -I/usr/include/infiniband   conftest.c -lrt -lnsl  -lutil -lm  >&5
configure:8266: $? = 0
configure:8266: result: yes
configure:8274: checking for st_fstype member of stat structure
configure:8301: gcc -c -DNDEBUG -g -O2 -finline-functions -fno-strict-aliasing -pthread   -I/home/meister/Development/externals-clasp/openmpi-1.6.5/opal/mca/hwloc/hwloc132/hwloc/include   -I/usr/include/infiniband -I/usr/include/infiniband conftest.c >&5
conftest.c: In function 'main':
conftest.c:66:3: error: 'struct stat' has no member named 'st_fstype'
  s.st_fstype = NULL;
   ^
configure:8301: $? = 1
configure: failed program was:
| /* confdefs.h */
| #define PACKAGE_NAME "romio"
| #define PACKAGE_TARNAME "romio"
| #define PACKAGE_VERSION "Open MPI 1.2.6"
| #define PACKAGE_STRING "romio Open MPI 1.2.6"
| #define PACKAGE_BUGREPORT "http://www.mpich.org"
| #define PACKAGE_URL ""
| #define HAVE_MPI_OFFSET 1
| #define PACKAGE "romio"
| #define VERSION "Open MPI 1.2.6"
| #define HAVE_MEMALIGN 1
| #define STDC_HEADERS 1
| #define HAVE_SYS_TYPES_H 1
| #define HAVE_SYS_STAT_H 1
| #define HAVE_STDLIB_H 1
| #define HAVE_STRING_H 1
| #define HAVE_MEMORY_H 1
| #define HAVE_STRINGS_H 1
| #define HAVE_INTTYPES_H 1
| #define HAVE_STDINT_H 1
| #define HAVE_UNISTD_H 1
| #define HAVE_UNISTD_H 1
| #define HAVE_FCNTL_H 1
| #define HAVE_MALLOC_H 1
| #define HAVE_STDDEF_H 1
| #define HAVE_SYS_TYPES_H 1
| #define SIZEOF_INT 4
| #define SIZEOF_VOID_P 8
| #define INT_LT_POINTER 1
| #define HAVE_INT_LT_POINTER 1
| #define SIZEOF_LONG_LONG 8
| #define HAVE_LONG_LONG_64 1
| #define HAVE_MPI_LONG_LONG_INT 1
| #define HAVE_MPI_INFO 1
| #define ROMIO_NFS 1
| #define ROMIO_UFS 1
| #define ROMIO_TESTFS 1
| #define HAVE_SYS_VFS_H 1
| #define HAVE_SYS_PARAM_H 1
| #define HAVE_SYS_MOUNT_H 1
| #define HAVE_SYS_STATVFS_H 1
| #define HAVE_STRUCT_STATFS 1
| #define HAVE_SYS_STAT_H 1
| #define HAVE_SYS_TYPES_H 1
| #define HAVE_UNISTD_H 1
| #define HAVE_STAT 1
| #define HAVE_STAT 1
| /* end confdefs.h.  */
| 
| #ifdef HAVE_SYS_TYPES_H
| #include <sys/types.h>
| #endif
| #ifdef HAVE_SYS_STAT_H
| #include <sys/stat.h>
| #endif
| #ifdef HAVE_UNISTD_H
| #include <unistd.h>
| #endif
| 
| int
| main ()
| {
| 
| 	struct stat s;
| 
| 	s.st_fstype = NULL;
| 
|   ;
|   return 0;
| }
configure:8308: result: no
configure:8324: checking for sys/types.h
configure:8324: result: yes
configure:8324: checking for sys/statvfs.h
configure:8324: result: yes
configure:8324: checking for sys/vfs.h
configure:8324: result: yes
configure:8336: checking for statvfs
configure:8336: gcc -o conftest -DNDEBUG -g -O2 -finline-functions -fno-strict-aliasing -pthread   -I/home/meister/Development/externals-clasp/openmpi-1.6.5/opal/mca/hwloc/hwloc132/hwloc/include   -I/usr/include/infiniband -I/usr/include/infiniband   conftest.c -lrt -lnsl  -lutil -lm  >&5
configure:8336: $? = 0
configure:8336: result: yes
configure:8344: checking for f_basetype member of statvfs structure
configure:8371: gcc -c -DNDEBUG -g -O2 -finline-functions -fno-strict-aliasing -pthread   -I/home/meister/Development/externals-clasp/openmpi-1.6.5/opal/mca/hwloc/hwloc132/hwloc/include   -I/usr/include/infiniband -I/usr/include/infiniband conftest.c >&5
conftest.c: In function 'main':
conftest.c:71:5: error: 'struct statvfs' has no member named 'f_basetype'
  foo.f_basetype[0] = 'a';
     ^
configure:8371: $? = 1
configure: failed program was:
| /* confdefs.h */
| #define PACKAGE_NAME "romio"
| #define PACKAGE_TARNAME "romio"
| #define PACKAGE_VERSION "Open MPI 1.2.6"
| #define PACKAGE_STRING "romio Open MPI 1.2.6"
| #define PACKAGE_BUGREPORT "http://www.mpich.org"
| #define PACKAGE_URL ""
| #define HAVE_MPI_OFFSET 1
| #define PACKAGE "romio"
| #define VERSION "Open MPI 1.2.6"
| #define HAVE_MEMALIGN 1
| #define STDC_HEADERS 1
| #define HAVE_SYS_TYPES_H 1
| #define HAVE_SYS_STAT_H 1
| #define HAVE_STDLIB_H 1
| #define HAVE_STRING_H 1
| #define HAVE_MEMORY_H 1
| #define HAVE_STRINGS_H 1
| #define HAVE_INTTYPES_H 1
| #define HAVE_STDINT_H 1
| #define HAVE_UNISTD_H 1
| #define HAVE_UNISTD_H 1
| #define HAVE_FCNTL_H 1
| #define HAVE_MALLOC_H 1
| #define HAVE_STDDEF_H 1
| #define HAVE_SYS_TYPES_H 1
| #define SIZEOF_INT 4
| #define SIZEOF_VOID_P 8
| #define INT_LT_POINTER 1
| #define HAVE_INT_LT_POINTER 1
| #define SIZEOF_LONG_LONG 8
| #define HAVE_LONG_LONG_64 1
| #define HAVE_MPI_LONG_LONG_INT 1
| #define HAVE_MPI_INFO 1
| #define ROMIO_NFS 1
| #define ROMIO_UFS 1
| #define ROMIO_TESTFS 1
| #define HAVE_SYS_VFS_H 1
| #define HAVE_SYS_PARAM_H 1
| #define HAVE_SYS_MOUNT_H 1
| #define HAVE_SYS_STATVFS_H 1
| #define HAVE_STRUCT_STATFS 1
| #define HAVE_SYS_STAT_H 1
| #define HAVE_SYS_TYPES_H 1
| #define HAVE_UNISTD_H 1
| #define HAVE_STAT 1
| #define HAVE_STAT 1
| #define HAVE_SYS_TYPES_H 1
| #define HAVE_SYS_STATVFS_H 1
| #define HAVE_SYS_VFS_H 1
| #define HAVE_STATVFS 1
| #define HAVE_STATVFS 1
| /* end confdefs.h.  */
| 
| #ifdef HAVE_SYS_TYPES_H
| #include <sys/types.h>
| #endif
| #ifdef HAVE_SYS_VFS_H
| #include <sys/vfs.h>
| #endif
| #ifdef HAVE_SYS_STATVFS_H
| #include <sys/statvfs.h>
| #endif
| 
| int
| main ()
| {
| 
| 	struct statvfs foo;
| 
| 	foo.f_basetype[0] = 'a';
| 
|   ;
|   return 0;
| }
configure:8378: result: no
configure:8395: checking for unistd.h
configure:8395: result: yes
configure:8406: checking for large file defines
configure:8429: gcc -c -DNDEBUG -g -O2 -finline-functions -fno-strict-aliasing -pthread   -I/home/meister/Development/externals-clasp/openmpi-1.6.5/opal/mca/hwloc/hwloc132/hwloc/include   -I/usr/include/infiniband -I/usr/include/infiniband conftest.c >&5
configure:8429: $? = 0
configure:8436: result: yes
configure:8440: checking whether off64_t is an scalar type
configure:8462: gcc -c -DNDEBUG -g -O2 -finline-functions -fno-strict-aliasing -pthread   -I/home/meister/Development/externals-clasp/openmpi-1.6.5/opal/mca/hwloc/hwloc132/hwloc/include   -I/usr/include/infiniband -I/usr/include/infiniband conftest.c >&5
configure:8462: $? = 0
configure:8469: result: yes
configure:8545: checking for strerror
configure:8545: gcc -o conftest -DNDEBUG -g -O2 -finline-functions -fno-strict-aliasing -pthread -D_LARGEFILE64_SOURCE -D_FILE_OFFSET_BITS=64   -I/home/meister/Development/externals-clasp/openmpi-1.6.5/opal/mca/hwloc/hwloc132/hwloc/include   -I/usr/include/infiniband -I/usr/include/infiniband   conftest.c -lrt -lnsl  -lutil -lm  >&5
configure:8545: $? = 0
configure:8545: result: yes
configure:8633: checking for doctext
configure:8663: result: no
configure:8969: checking for strdup
configure:8969: gcc -o conftest -DNDEBUG -g -O2 -finline-functions -fno-strict-aliasing -pthread -D_LARGEFILE64_SOURCE -D_FILE_OFFSET_BITS=64   -I/home/meister/Development/externals-clasp/openmpi-1.6.5/opal/mca/hwloc/hwloc132/hwloc/include   -I/usr/include/infiniband -I/usr/include/infiniband   conftest.c -lrt -lnsl  -lutil -lm  >&5
conftest.c:82:6: warning: conflicting types for built-in function 'strdup' [enabled by default]
 char strdup ();
      ^
configure:8969: $? = 0
configure:8969: result: yes
configure:8981: checking whether strdup needs a declaration
configure:8999: gcc -c -DNDEBUG -g -O2 -finline-functions -fno-strict-aliasing -pthread -D_LARGEFILE64_SOURCE -D_FILE_OFFSET_BITS=64   -I/home/meister/Development/externals-clasp/openmpi-1.6.5/opal/mca/hwloc/hwloc132/hwloc/include   -I/usr/include/infiniband -I/usr/include/infiniband conftest.c >&5
conftest.c:61:45: error: macro "strdup" passed 4 arguments, but takes just 1
 int strdup(double, int, double, const char *);
                                             ^
conftest.c:61:5: error: 'strdup' redeclared as different kind of symbol
 int strdup(double, int, double, const char *);
     ^
conftest.c: In function 'main':
conftest.c:65:30: error: macro "strdup" passed 4 arguments, but takes just 1
 int a=strdup(1.0,27,1.0,"foo");
                              ^
configure:8999: $? = 1
configure: failed program was:
| /* confdefs.h */
| #define PACKAGE_NAME "romio"
| #define PACKAGE_TARNAME "romio"
| #define PACKAGE_VERSION "Open MPI 1.2.6"
| #define PACKAGE_STRING "romio Open MPI 1.2.6"
| #define PACKAGE_BUGREPORT "http://www.mpich.org"
| #define PACKAGE_URL ""
| #define HAVE_MPI_OFFSET 1
| #define PACKAGE "romio"
| #define VERSION "Open MPI 1.2.6"
| #define HAVE_MEMALIGN 1
| #define STDC_HEADERS 1
| #define HAVE_SYS_TYPES_H 1
| #define HAVE_SYS_STAT_H 1
| #define HAVE_STDLIB_H 1
| #define HAVE_STRING_H 1
| #define HAVE_MEMORY_H 1
| #define HAVE_STRINGS_H 1
| #define HAVE_INTTYPES_H 1
| #define HAVE_STDINT_H 1
| #define HAVE_UNISTD_H 1
| #define HAVE_UNISTD_H 1
| #define HAVE_FCNTL_H 1
| #define HAVE_MALLOC_H 1
| #define HAVE_STDDEF_H 1
| #define HAVE_SYS_TYPES_H 1
| #define SIZEOF_INT 4
| #define SIZEOF_VOID_P 8
| #define INT_LT_POINTER 1
| #define HAVE_INT_LT_POINTER 1
| #define SIZEOF_LONG_LONG 8
| #define HAVE_LONG_LONG_64 1
| #define HAVE_MPI_LONG_LONG_INT 1
| #define HAVE_MPI_INFO 1
| #define ROMIO_NFS 1
| #define ROMIO_UFS 1
| #define ROMIO_TESTFS 1
| #define HAVE_SYS_VFS_H 1
| #define HAVE_SYS_PARAM_H 1
| #define HAVE_SYS_MOUNT_H 1
| #define HAVE_SYS_STATVFS_H 1
| #define HAVE_STRUCT_STATFS 1
| #define HAVE_SYS_STAT_H 1
| #define HAVE_SYS_TYPES_H 1
| #define HAVE_UNISTD_H 1
| #define HAVE_STAT 1
| #define HAVE_STAT 1
| #define HAVE_SYS_TYPES_H 1
| #define HAVE_SYS_STATVFS_H 1
| #define HAVE_SYS_VFS_H 1
| #define HAVE_STATVFS 1
| #define HAVE_STATVFS 1
| #define HAVE_UNISTD_H 1
| #define HAVE_STRERROR 1
| #define HAVE_STATUS_SET_BYTES 1
| #define HAVE_MPI_DARRAY_SUBARRAY 1
| #define MPIO_BUILD_PROFILING 1
| #define HAVE_STRDUP 1
| /* end confdefs.h.  */
| #include <string.h>
| int strdup(double, int, double, const char *);
| int
| main ()
| {
| int a=strdup(1.0,27,1.0,"foo");
|   ;
|   return 0;
| }
configure:9006: result: no
configure:9020: checking for snprintf
configure:9020: gcc -o conftest -DNDEBUG -g -O2 -finline-functions -fno-strict-aliasing -pthread -D_LARGEFILE64_SOURCE -D_FILE_OFFSET_BITS=64   -I/home/meister/Development/externals-clasp/openmpi-1.6.5/opal/mca/hwloc/hwloc132/hwloc/include   -I/usr/include/infiniband -I/usr/include/infiniband   conftest.c -lrt -lnsl  -lutil -lm  >&5
conftest.c:83:6: warning: conflicting types for built-in function 'snprintf' [enabled by default]
 char snprintf ();
      ^
configure:9020: $? = 0
configure:9020: result: yes
configure:9032: checking whether snprintf needs a declaration
configure:9050: gcc -c -DNDEBUG -g -O2 -finline-functions -fno-strict-aliasing -pthread -D_LARGEFILE64_SOURCE -D_FILE_OFFSET_BITS=64   -I/home/meister/Development/externals-clasp/openmpi-1.6.5/opal/mca/hwloc/hwloc132/hwloc/include   -I/usr/include/infiniband -I/usr/include/infiniband conftest.c >&5
conftest.c:62:5: error: conflicting types for 'snprintf'
 int snprintf(double, int, double, const char *);
     ^
configure:9050: $? = 1
configure: failed program was:
| /* confdefs.h */
| #define PACKAGE_NAME "romio"
| #define PACKAGE_TARNAME "romio"
| #define PACKAGE_VERSION "Open MPI 1.2.6"
| #define PACKAGE_STRING "romio Open MPI 1.2.6"
| #define PACKAGE_BUGREPORT "http://www.mpich.org"
| #define PACKAGE_URL ""
| #define HAVE_MPI_OFFSET 1
| #define PACKAGE "romio"
| #define VERSION "Open MPI 1.2.6"
| #define HAVE_MEMALIGN 1
| #define STDC_HEADERS 1
| #define HAVE_SYS_TYPES_H 1
| #define HAVE_SYS_STAT_H 1
| #define HAVE_STDLIB_H 1
| #define HAVE_STRING_H 1
| #define HAVE_MEMORY_H 1
| #define HAVE_STRINGS_H 1
| #define HAVE_INTTYPES_H 1
| #define HAVE_STDINT_H 1
| #define HAVE_UNISTD_H 1
| #define HAVE_UNISTD_H 1
| #define HAVE_FCNTL_H 1
| #define HAVE_MALLOC_H 1
| #define HAVE_STDDEF_H 1
| #define HAVE_SYS_TYPES_H 1
| #define SIZEOF_INT 4
| #define SIZEOF_VOID_P 8
| #define INT_LT_POINTER 1
| #define HAVE_INT_LT_POINTER 1
| #define SIZEOF_LONG_LONG 8
| #define HAVE_LONG_LONG_64 1
| #define HAVE_MPI_LONG_LONG_INT 1
| #define HAVE_MPI_INFO 1
| #define ROMIO_NFS 1
| #define ROMIO_UFS 1
| #define ROMIO_TESTFS 1
| #define HAVE_SYS_VFS_H 1
| #define HAVE_SYS_PARAM_H 1
| #define HAVE_SYS_MOUNT_H 1
| #define HAVE_SYS_STATVFS_H 1
| #define HAVE_STRUCT_STATFS 1
| #define HAVE_SYS_STAT_H 1
| #define HAVE_SYS_TYPES_H 1
| #define HAVE_UNISTD_H 1
| #define HAVE_STAT 1
| #define HAVE_STAT 1
| #define HAVE_SYS_TYPES_H 1
| #define HAVE_SYS_STATVFS_H 1
| #define HAVE_SYS_VFS_H 1
| #define HAVE_STATVFS 1
| #define HAVE_STATVFS 1
| #define HAVE_UNISTD_H 1
| #define HAVE_STRERROR 1
| #define HAVE_STATUS_SET_BYTES 1
| #define HAVE_MPI_DARRAY_SUBARRAY 1
| #define MPIO_BUILD_PROFILING 1
| #define HAVE_STRDUP 1
| #define HAVE_SNPRINTF 1
| /* end confdefs.h.  */
| #include <stdio.h>
| int snprintf(double, int, double, const char *);
| int
| main ()
| {
| int a=snprintf(1.0,27,1.0,"foo");
|   ;
|   return 0;
| }
configure:9057: result: no
configure:9071: checking for lstat
configure:9071: gcc -o conftest -DNDEBUG -g -O2 -finline-functions -fno-strict-aliasing -pthread -D_LARGEFILE64_SOURCE -D_FILE_OFFSET_BITS=64   -I/home/meister/Development/externals-clasp/openmpi-1.6.5/opal/mca/hwloc/hwloc132/hwloc/include   -I/usr/include/infiniband -I/usr/include/infiniband   conftest.c -lrt -lnsl  -lutil -lm  >&5
configure:9071: $? = 0
configure:9071: result: yes
configure:9083: checking whether lstat needs a declaration
configure:9101: gcc -c -DNDEBUG -g -O2 -finline-functions -fno-strict-aliasing -pthread -D_LARGEFILE64_SOURCE -D_FILE_OFFSET_BITS=64   -I/home/meister/Development/externals-clasp/openmpi-1.6.5/opal/mca/hwloc/hwloc132/hwloc/include   -I/usr/include/infiniband -I/usr/include/infiniband conftest.c >&5
configure:9101: $? = 0
configure:9108: result: yes
configure:9122: checking for readlink
configure:9122: gcc -o conftest -DNDEBUG -g -O2 -finline-functions -fno-strict-aliasing -pthread -D_LARGEFILE64_SOURCE -D_FILE_OFFSET_BITS=64   -I/home/meister/Development/externals-clasp/openmpi-1.6.5/opal/mca/hwloc/hwloc132/hwloc/include   -I/usr/include/infiniband -I/usr/include/infiniband   conftest.c -lrt -lnsl  -lutil -lm  >&5
configure:9122: $? = 0
configure:9122: result: yes
configure:9134: checking whether readlink needs a declaration
configure:9152: gcc -c -DNDEBUG -g -O2 -finline-functions -fno-strict-aliasing -pthread -D_LARGEFILE64_SOURCE -D_FILE_OFFSET_BITS=64   -I/home/meister/Development/externals-clasp/openmpi-1.6.5/opal/mca/hwloc/hwloc132/hwloc/include   -I/usr/include/infiniband -I/usr/include/infiniband conftest.c >&5
conftest.c:65:5: error: conflicting types for 'readlink'
 int readlink(double, int, double, const char *);
     ^
In file included from conftest.c:64:0:
/usr/include/unistd.h:828:16: note: previous declaration of 'readlink' was here
 extern ssize_t readlink (__const char *__restrict __path,
                ^
configure:9152: $? = 1
configure: failed program was:
| /* confdefs.h */
| #define PACKAGE_NAME "romio"
| #define PACKAGE_TARNAME "romio"
| #define PACKAGE_VERSION "Open MPI 1.2.6"
| #define PACKAGE_STRING "romio Open MPI 1.2.6"
| #define PACKAGE_BUGREPORT "http://www.mpich.org"
| #define PACKAGE_URL ""
| #define HAVE_MPI_OFFSET 1
| #define PACKAGE "romio"
| #define VERSION "Open MPI 1.2.6"
| #define HAVE_MEMALIGN 1
| #define STDC_HEADERS 1
| #define HAVE_SYS_TYPES_H 1
| #define HAVE_SYS_STAT_H 1
| #define HAVE_STDLIB_H 1
| #define HAVE_STRING_H 1
| #define HAVE_MEMORY_H 1
| #define HAVE_STRINGS_H 1
| #define HAVE_INTTYPES_H 1
| #define HAVE_STDINT_H 1
| #define HAVE_UNISTD_H 1
| #define HAVE_UNISTD_H 1
| #define HAVE_FCNTL_H 1
| #define HAVE_MALLOC_H 1
| #define HAVE_STDDEF_H 1
| #define HAVE_SYS_TYPES_H 1
| #define SIZEOF_INT 4
| #define SIZEOF_VOID_P 8
| #define INT_LT_POINTER 1
| #define HAVE_INT_LT_POINTER 1
| #define SIZEOF_LONG_LONG 8
| #define HAVE_LONG_LONG_64 1
| #define HAVE_MPI_LONG_LONG_INT 1
| #define HAVE_MPI_INFO 1
| #define ROMIO_NFS 1
| #define ROMIO_UFS 1
| #define ROMIO_TESTFS 1
| #define HAVE_SYS_VFS_H 1
| #define HAVE_SYS_PARAM_H 1
| #define HAVE_SYS_MOUNT_H 1
| #define HAVE_SYS_STATVFS_H 1
| #define HAVE_STRUCT_STATFS 1
| #define HAVE_SYS_STAT_H 1
| #define HAVE_SYS_TYPES_H 1
| #define HAVE_UNISTD_H 1
| #define HAVE_STAT 1
| #define HAVE_STAT 1
| #define HAVE_SYS_TYPES_H 1
| #define HAVE_SYS_STATVFS_H 1
| #define HAVE_SYS_VFS_H 1
| #define HAVE_STATVFS 1
| #define HAVE_STATVFS 1
| #define HAVE_UNISTD_H 1
| #define HAVE_STRERROR 1
| #define HAVE_STATUS_SET_BYTES 1
| #define HAVE_MPI_DARRAY_SUBARRAY 1
| #define MPIO_BUILD_PROFILING 1
| #define HAVE_STRDUP 1
| #define HAVE_SNPRINTF 1
| #define HAVE_LSTAT 1
| #define NEEDS_LSTAT_DECL 1
| #define HAVE_READLINK 1
| /* end confdefs.h.  */
| #include <unistd.h>
| int readlink(double, int, double, const char *);
| int
| main ()
| {
| int a=readlink(1.0,27,1.0,"foo");
|   ;
|   return 0;
| }
configure:9159: result: no
configure:9173: checking for fsync
configure:9173: gcc -o conftest -DNDEBUG -g -O2 -finline-functions -fno-strict-aliasing -pthread -D_LARGEFILE64_SOURCE -D_FILE_OFFSET_BITS=64   -I/home/meister/Development/externals-clasp/openmpi-1.6.5/opal/mca/hwloc/hwloc132/hwloc/include   -I/usr/include/infiniband -I/usr/include/infiniband   conftest.c -lrt -lnsl  -lutil -lm  >&5
configure:9173: $? = 0
configure:9173: result: yes
configure:9185: checking whether fsync needs a declaration
configure:9203: gcc -c -DNDEBUG -g -O2 -finline-functions -fno-strict-aliasing -pthread -D_LARGEFILE64_SOURCE -D_FILE_OFFSET_BITS=64   -I/home/meister/Development/externals-clasp/openmpi-1.6.5/opal/mca/hwloc/hwloc132/hwloc/include   -I/usr/include/infiniband -I/usr/include/infiniband conftest.c >&5
conftest.c:66:5: error: conflicting types for 'fsync'
 int fsync(double, int, double, const char *);
     ^
In file included from conftest.c:65:0:
/usr/include/unistd.h:976:12: note: previous declaration of 'fsync' was here
 extern int fsync (int __fd);
            ^
configure:9203: $? = 1
configure: failed program was:
| /* confdefs.h */
| #define PACKAGE_NAME "romio"
| #define PACKAGE_TARNAME "romio"
| #define PACKAGE_VERSION "Open MPI 1.2.6"
| #define PACKAGE_STRING "romio Open MPI 1.2.6"
| #define PACKAGE_BUGREPORT "http://www.mpich.org"
| #define PACKAGE_URL ""
| #define HAVE_MPI_OFFSET 1
| #define PACKAGE "romio"
| #define VERSION "Open MPI 1.2.6"
| #define HAVE_MEMALIGN 1
| #define STDC_HEADERS 1
| #define HAVE_SYS_TYPES_H 1
| #define HAVE_SYS_STAT_H 1
| #define HAVE_STDLIB_H 1
| #define HAVE_STRING_H 1
| #define HAVE_MEMORY_H 1
| #define HAVE_STRINGS_H 1
| #define HAVE_INTTYPES_H 1
| #define HAVE_STDINT_H 1
| #define HAVE_UNISTD_H 1
| #define HAVE_UNISTD_H 1
| #define HAVE_FCNTL_H 1
| #define HAVE_MALLOC_H 1
| #define HAVE_STDDEF_H 1
| #define HAVE_SYS_TYPES_H 1
| #define SIZEOF_INT 4
| #define SIZEOF_VOID_P 8
| #define INT_LT_POINTER 1
| #define HAVE_INT_LT_POINTER 1
| #define SIZEOF_LONG_LONG 8
| #define HAVE_LONG_LONG_64 1
| #define HAVE_MPI_LONG_LONG_INT 1
| #define HAVE_MPI_INFO 1
| #define ROMIO_NFS 1
| #define ROMIO_UFS 1
| #define ROMIO_TESTFS 1
| #define HAVE_SYS_VFS_H 1
| #define HAVE_SYS_PARAM_H 1
| #define HAVE_SYS_MOUNT_H 1
| #define HAVE_SYS_STATVFS_H 1
| #define HAVE_STRUCT_STATFS 1
| #define HAVE_SYS_STAT_H 1
| #define HAVE_SYS_TYPES_H 1
| #define HAVE_UNISTD_H 1
| #define HAVE_STAT 1
| #define HAVE_STAT 1
| #define HAVE_SYS_TYPES_H 1
| #define HAVE_SYS_STATVFS_H 1
| #define HAVE_SYS_VFS_H 1
| #define HAVE_STATVFS 1
| #define HAVE_STATVFS 1
| #define HAVE_UNISTD_H 1
| #define HAVE_STRERROR 1
| #define HAVE_STATUS_SET_BYTES 1
| #define HAVE_MPI_DARRAY_SUBARRAY 1
| #define MPIO_BUILD_PROFILING 1
| #define HAVE_STRDUP 1
| #define HAVE_SNPRINTF 1
| #define HAVE_LSTAT 1
| #define NEEDS_LSTAT_DECL 1
| #define HAVE_READLINK 1
| #define HAVE_FSYNC 1
| /* end confdefs.h.  */
| #include <unistd.h>
| int fsync(double, int, double, const char *);
| int
| main ()
| {
| int a=fsync(1.0,27,1.0,"foo");
|   ;
|   return 0;
| }
configure:9210: result: no
configure:9224: checking for ftruncate
configure:9224: gcc -o conftest -DNDEBUG -g -O2 -finline-functions -fno-strict-aliasing -pthread -D_LARGEFILE64_SOURCE -D_FILE_OFFSET_BITS=64   -I/home/meister/Development/externals-clasp/openmpi-1.6.5/opal/mca/hwloc/hwloc132/hwloc/include   -I/usr/include/infiniband -I/usr/include/infiniband   conftest.c -lrt -lnsl  -lutil -lm  >&5
configure:9224: $? = 0
configure:9224: result: yes
configure:9236: checking whether ftruncate needs a declaration
configure:9254: gcc -c -DNDEBUG -g -O2 -finline-functions -fno-strict-aliasing -pthread -D_LARGEFILE64_SOURCE -D_FILE_OFFSET_BITS=64   -I/home/meister/Development/externals-clasp/openmpi-1.6.5/opal/mca/hwloc/hwloc132/hwloc/include   -I/usr/include/infiniband -I/usr/include/infiniband conftest.c >&5
conftest.c:67:5: error: conflicting types for 'ftruncate'
 int ftruncate(double, int, double, const char *);
     ^
In file included from /usr/include/features.h:361:0,
                 from /usr/include/unistd.h:26,
                 from conftest.c:66:
/usr/include/unistd.h:1029:12: note: previous declaration of 'ftruncate' was here
 extern int __REDIRECT_NTH (ftruncate, (int __fd, __off64_t __length),
            ^
configure:9254: $? = 1
configure: failed program was:
| /* confdefs.h */
| #define PACKAGE_NAME "romio"
| #define PACKAGE_TARNAME "romio"
| #define PACKAGE_VERSION "Open MPI 1.2.6"
| #define PACKAGE_STRING "romio Open MPI 1.2.6"
| #define PACKAGE_BUGREPORT "http://www.mpich.org"
| #define PACKAGE_URL ""
| #define HAVE_MPI_OFFSET 1
| #define PACKAGE "romio"
| #define VERSION "Open MPI 1.2.6"
| #define HAVE_MEMALIGN 1
| #define STDC_HEADERS 1
| #define HAVE_SYS_TYPES_H 1
| #define HAVE_SYS_STAT_H 1
| #define HAVE_STDLIB_H 1
| #define HAVE_STRING_H 1
| #define HAVE_MEMORY_H 1
| #define HAVE_STRINGS_H 1
| #define HAVE_INTTYPES_H 1
| #define HAVE_STDINT_H 1
| #define HAVE_UNISTD_H 1
| #define HAVE_UNISTD_H 1
| #define HAVE_FCNTL_H 1
| #define HAVE_MALLOC_H 1
| #define HAVE_STDDEF_H 1
| #define HAVE_SYS_TYPES_H 1
| #define SIZEOF_INT 4
| #define SIZEOF_VOID_P 8
| #define INT_LT_POINTER 1
| #define HAVE_INT_LT_POINTER 1
| #define SIZEOF_LONG_LONG 8
| #define HAVE_LONG_LONG_64 1
| #define HAVE_MPI_LONG_LONG_INT 1
| #define HAVE_MPI_INFO 1
| #define ROMIO_NFS 1
| #define ROMIO_UFS 1
| #define ROMIO_TESTFS 1
| #define HAVE_SYS_VFS_H 1
| #define HAVE_SYS_PARAM_H 1
| #define HAVE_SYS_MOUNT_H 1
| #define HAVE_SYS_STATVFS_H 1
| #define HAVE_STRUCT_STATFS 1
| #define HAVE_SYS_STAT_H 1
| #define HAVE_SYS_TYPES_H 1
| #define HAVE_UNISTD_H 1
| #define HAVE_STAT 1
| #define HAVE_STAT 1
| #define HAVE_SYS_TYPES_H 1
| #define HAVE_SYS_STATVFS_H 1
| #define HAVE_SYS_VFS_H 1
| #define HAVE_STATVFS 1
| #define HAVE_STATVFS 1
| #define HAVE_UNISTD_H 1
| #define HAVE_STRERROR 1
| #define HAVE_STATUS_SET_BYTES 1
| #define HAVE_MPI_DARRAY_SUBARRAY 1
| #define MPIO_BUILD_PROFILING 1
| #define HAVE_STRDUP 1
| #define HAVE_SNPRINTF 1
| #define HAVE_LSTAT 1
| #define NEEDS_LSTAT_DECL 1
| #define HAVE_READLINK 1
| #define HAVE_FSYNC 1
| #define HAVE_FTRUNCATE 1
| /* end confdefs.h.  */
| #include <unistd.h>
| int ftruncate(double, int, double, const char *);
| int
| main ()
| {
| int a=ftruncate(1.0,27,1.0,"foo");
|   ;
|   return 0;
| }
configure:9261: result: no
configure:9276: checking for lseek64
configure:9276: gcc -o conftest -DNDEBUG -g -O2 -finline-functions -fno-strict-aliasing -pthread -D_LARGEFILE64_SOURCE -D_FILE_OFFSET_BITS=64   -I/home/meister/Development/externals-clasp/openmpi-1.6.5/opal/mca/hwloc/hwloc132/hwloc/include   -I/usr/include/infiniband -I/usr/include/infiniband   conftest.c -lrt -lnsl  -lutil -lm  >&5
configure:9276: $? = 0
configure:9276: result: yes
configure:9287: checking whether lseek64 needs a declaration
configure:9305: gcc -c -DNDEBUG -g -O2 -finline-functions -fno-strict-aliasing -pthread -D_LARGEFILE64_SOURCE -D_FILE_OFFSET_BITS=64   -I/home/meister/Development/externals-clasp/openmpi-1.6.5/opal/mca/hwloc/hwloc132/hwloc/include   -I/usr/include/infiniband -I/usr/include/infiniband conftest.c >&5
conftest.c:68:5: error: conflicting types for 'lseek64'
 int lseek64(double, int, double, const char *);
     ^
In file included from conftest.c:67:0:
/usr/include/unistd.h:342:18: note: previous declaration of 'lseek64' was here
 extern __off64_t lseek64 (int __fd, __off64_t __offset, int __whence)
                  ^
configure:9305: $? = 1
configure: failed program was:
| /* confdefs.h */
| #define PACKAGE_NAME "romio"
| #define PACKAGE_TARNAME "romio"
| #define PACKAGE_VERSION "Open MPI 1.2.6"
| #define PACKAGE_STRING "romio Open MPI 1.2.6"
| #define PACKAGE_BUGREPORT "http://www.mpich.org"
| #define PACKAGE_URL ""
| #define HAVE_MPI_OFFSET 1
| #define PACKAGE "romio"
| #define VERSION "Open MPI 1.2.6"
| #define HAVE_MEMALIGN 1
| #define STDC_HEADERS 1
| #define HAVE_SYS_TYPES_H 1
| #define HAVE_SYS_STAT_H 1
| #define HAVE_STDLIB_H 1
| #define HAVE_STRING_H 1
| #define HAVE_MEMORY_H 1
| #define HAVE_STRINGS_H 1
| #define HAVE_INTTYPES_H 1
| #define HAVE_STDINT_H 1
| #define HAVE_UNISTD_H 1
| #define HAVE_UNISTD_H 1
| #define HAVE_FCNTL_H 1
| #define HAVE_MALLOC_H 1
| #define HAVE_STDDEF_H 1
| #define HAVE_SYS_TYPES_H 1
| #define SIZEOF_INT 4
| #define SIZEOF_VOID_P 8
| #define INT_LT_POINTER 1
| #define HAVE_INT_LT_POINTER 1
| #define SIZEOF_LONG_LONG 8
| #define HAVE_LONG_LONG_64 1
| #define HAVE_MPI_LONG_LONG_INT 1
| #define HAVE_MPI_INFO 1
| #define ROMIO_NFS 1
| #define ROMIO_UFS 1
| #define ROMIO_TESTFS 1
| #define HAVE_SYS_VFS_H 1
| #define HAVE_SYS_PARAM_H 1
| #define HAVE_SYS_MOUNT_H 1
| #define HAVE_SYS_STATVFS_H 1
| #define HAVE_STRUCT_STATFS 1
| #define HAVE_SYS_STAT_H 1
| #define HAVE_SYS_TYPES_H 1
| #define HAVE_UNISTD_H 1
| #define HAVE_STAT 1
| #define HAVE_STAT 1
| #define HAVE_SYS_TYPES_H 1
| #define HAVE_SYS_STATVFS_H 1
| #define HAVE_SYS_VFS_H 1
| #define HAVE_STATVFS 1
| #define HAVE_STATVFS 1
| #define HAVE_UNISTD_H 1
| #define HAVE_STRERROR 1
| #define HAVE_STATUS_SET_BYTES 1
| #define HAVE_MPI_DARRAY_SUBARRAY 1
| #define MPIO_BUILD_PROFILING 1
| #define HAVE_STRDUP 1
| #define HAVE_SNPRINTF 1
| #define HAVE_LSTAT 1
| #define NEEDS_LSTAT_DECL 1
| #define HAVE_READLINK 1
| #define HAVE_FSYNC 1
| #define HAVE_FTRUNCATE 1
| #define HAVE_LSEEK64 1
| /* end confdefs.h.  */
| #include <unistd.h>
| int lseek64(double, int, double, const char *);
| int
| main ()
| {
| int a=lseek64(1.0,27,1.0,"foo");
|   ;
|   return 0;
| }
configure:9312: result: no
configure:9370: checking for unistd.h
configure:9370: result: yes
configure:9375: checking for large file defines
configure:9394: gcc -c -DNDEBUG -g -O2 -finline-functions -fno-strict-aliasing -pthread -D_LARGEFILE64_SOURCE -D_FILE_OFFSET_BITS=64 -DHAVE_ROMIOCONF_H   -I/home/meister/Development/externals-clasp/openmpi-1.6.5/opal/mca/hwloc/hwloc132/hwloc/include   -I/usr/include/infiniband -I/usr/include/infiniband conftest.c >&5
configure:9394: $? = 0
configure:9396: result: yes
configure:9417: checking for C/C++ restrict keyword
configure:9442: gcc -c -DNDEBUG -g -O2 -finline-functions -fno-strict-aliasing -pthread -D_LARGEFILE64_SOURCE -D_FILE_OFFSET_BITS=64 -DHAVE_ROMIOCONF_H -D_LARGEFILE64_SOURCE -D_FILE_OFFSET_BITS=64   -I/home/meister/Development/externals-clasp/openmpi-1.6.5/opal/mca/hwloc/hwloc132/hwloc/include   -I/usr/include/infiniband -I/usr/include/infiniband conftest.c >&5
configure:9442: $? = 0
configure:9450: result: __restrict
configure:9467: checking whether __attribute__ allowed
configure:9484: gcc -c -DNDEBUG -g -O2 -finline-functions -fno-strict-aliasing -pthread -D_LARGEFILE64_SOURCE -D_FILE_OFFSET_BITS=64 -DHAVE_ROMIOCONF_H -D_LARGEFILE64_SOURCE -D_FILE_OFFSET_BITS=64   -I/home/meister/Development/externals-clasp/openmpi-1.6.5/opal/mca/hwloc/hwloc132/hwloc/include   -I/usr/include/infiniband -I/usr/include/infiniband conftest.c >&5
configure:9484: $? = 0
configure:9491: result: yes
configure:9493: checking whether __attribute__((format)) allowed
configure:9510: gcc -c -DNDEBUG -g -O2 -finline-functions -fno-strict-aliasing -pthread -D_LARGEFILE64_SOURCE -D_FILE_OFFSET_BITS=64 -DHAVE_ROMIOCONF_H -D_LARGEFILE64_SOURCE -D_FILE_OFFSET_BITS=64   -I/home/meister/Development/externals-clasp/openmpi-1.6.5/opal/mca/hwloc/hwloc132/hwloc/include   -I/usr/include/infiniband -I/usr/include/infiniband conftest.c >&5
configure:9510: $? = 0
configure:9517: result: yes
configure:9559: checking build system type
configure:9573: result: x86_64-unknown-linux-gnu
configure:9593: checking host system type
configure:9606: result: x86_64-unknown-linux-gnu
configure:9647: checking how to print strings
configure:9674: result: printf
configure:9695: checking for a sed that does not truncate output
configure:9759: result: /bin/sed
configure:9777: checking for fgrep
configure:9839: result: /bin/grep -F
configure:9874: checking for ld used by gcc
configure:9941: result: /usr/bin/ld
configure:9948: checking if the linker (/usr/bin/ld) is GNU ld
configure:9963: result: yes
configure:9975: checking for BSD- or MS-compatible name lister (nm)
configure:10024: result: /usr/bin/nm -B
configure:10154: checking the name lister (/usr/bin/nm -B) interface
configure:10161: gcc -c -DNDEBUG -g -O2 -finline-functions -fno-strict-aliasing -pthread -D_LARGEFILE64_SOURCE -D_FILE_OFFSET_BITS=64 -DHAVE_ROMIOCONF_H -D_LARGEFILE64_SOURCE -D_FILE_OFFSET_BITS=64 -DHAVE_ROMIOCONF_H   -I/home/meister/Development/externals-clasp/openmpi-1.6.5/opal/mca/hwloc/hwloc132/hwloc/include   -I/usr/include/infiniband -I/usr/include/infiniband conftest.c >&5
configure:10164: /usr/bin/nm -B "conftest.o"
configure:10167: output
0000000000000000 B some_variable
configure:10174: result: BSD nm
configure:10177: checking whether ln -s works
configure:10181: result: yes
configure:10189: checking the maximum length of command line arguments
configure:10319: result: 3145728
configure:10336: checking whether the shell understands some XSI constructs
configure:10346: result: yes
configure:10350: checking whether the shell understands "+="
configure:10356: result: yes
configure:10391: checking how to convert x86_64-unknown-linux-gnu file names to x86_64-unknown-linux-gnu format
configure:10431: result: func_convert_file_noop
configure:10438: checking how to convert x86_64-unknown-linux-gnu file names to toolchain format
configure:10458: result: func_convert_file_noop
configure:10465: checking for /usr/bin/ld option to reload object files
configure:10472: result: -r
configure:10546: checking for objdump
configure:10562: found /usr/bin/objdump
configure:10573: result: objdump
configure:10605: checking how to recognize dependent libraries
configure:10807: result: pass_all
configure:10892: checking for dlltool
configure:10922: result: no
configure:10952: checking how to associate runtime and link libraries
configure:10979: result: printf %s\n
configure:11039: checking for ar
configure:11055: found /usr/bin/ar
configure:11066: result: ar
configure:11103: checking for archiver @FILE support
configure:11120: gcc -c -DNDEBUG -g -O2 -finline-functions -fno-strict-aliasing -pthread -D_LARGEFILE64_SOURCE -D_FILE_OFFSET_BITS=64 -DHAVE_ROMIOCONF_H -D_LARGEFILE64_SOURCE -D_FILE_OFFSET_BITS=64 -DHAVE_ROMIOCONF_H   -I/home/meister/Development/externals-clasp/openmpi-1.6.5/opal/mca/hwloc/hwloc132/hwloc/include   -I/usr/include/infiniband -I/usr/include/infiniband conftest.c >&5
configure:11120: $? = 0
configure:11123: ar cru libconftest.a @conftest.lst >&5
configure:11126: $? = 0
configure:11131: ar cru libconftest.a @conftest.lst >&5
ar: conftest.o: No such file or directory
configure:11134: $? = 1
configure:11146: result: @
configure:11204: checking for strip
configure:11220: found /usr/bin/strip
configure:11231: result: strip
configure:11303: checking for ranlib
configure:11330: result: ranlib
configure:11432: checking command to parse /usr/bin/nm -B output from gcc object
configure:11552: gcc -c -DNDEBUG -g -O2 -finline-functions -fno-strict-aliasing -pthread -D_LARGEFILE64_SOURCE -D_FILE_OFFSET_BITS=64 -DHAVE_ROMIOCONF_H -D_LARGEFILE64_SOURCE -D_FILE_OFFSET_BITS=64 -DHAVE_ROMIOCONF_H   -I/home/meister/Development/externals-clasp/openmpi-1.6.5/opal/mca/hwloc/hwloc132/hwloc/include   -I/usr/include/infiniband -I/usr/include/infiniband conftest.c >&5
configure:11555: $? = 0
configure:11559: /usr/bin/nm -B conftest.o \| sed -n -e 's/^.*[ ]\([ABCDGIRSTW][ABCDGIRSTW]*\)[ ][ ]*\([_A-Za-z][_A-Za-z0-9]*\)$/\1 \2 \2/p' | sed '/ __gnu_lto/d' \> conftest.nm
configure:11562: $? = 0
configure:11628: gcc -o conftest -DNDEBUG -g -O2 -finline-functions -fno-strict-aliasing -pthread -D_LARGEFILE64_SOURCE -D_FILE_OFFSET_BITS=64 -DHAVE_ROMIOCONF_H -D_LARGEFILE64_SOURCE -D_FILE_OFFSET_BITS=64 -DHAVE_ROMIOCONF_H   -I/home/meister/Development/externals-clasp/openmpi-1.6.5/opal/mca/hwloc/hwloc132/hwloc/include   -I/usr/include/infiniband -I/usr/include/infiniband   conftest.c conftstm.o >&5
configure:11631: $? = 0
configure:11669: result: ok
configure:11706: checking for sysroot
configure:11736: result: no
configure:11813: gcc -c -DNDEBUG -g -O2 -finline-functions -fno-strict-aliasing -pthread -D_LARGEFILE64_SOURCE -D_FILE_OFFSET_BITS=64 -DHAVE_ROMIOCONF_H -D_LARGEFILE64_SOURCE -D_FILE_OFFSET_BITS=64 -DHAVE_ROMIOCONF_H   -I/home/meister/Development/externals-clasp/openmpi-1.6.5/opal/mca/hwloc/hwloc132/hwloc/include   -I/usr/include/infiniband -I/usr/include/infiniband conftest.c >&5
configure:11816: $? = 0
configure:11992: checking for mt
configure:12022: result: no
configure:12042: checking if : is a manifest tool
configure:12048: : '-?'
configure:12056: result: no
configure:12695: checking for dlfcn.h
configure:12695: gcc -c -DNDEBUG -g -O2 -finline-functions -fno-strict-aliasing -pthread -D_LARGEFILE64_SOURCE -D_FILE_OFFSET_BITS=64 -DHAVE_ROMIOCONF_H -D_LARGEFILE64_SOURCE -D_FILE_OFFSET_BITS=64 -DHAVE_ROMIOCONF_H   -I/home/meister/Development/externals-clasp/openmpi-1.6.5/opal/mca/hwloc/hwloc132/hwloc/include   -I/usr/include/infiniband -I/usr/include/infiniband conftest.c >&5
configure:12695: $? = 0
configure:12695: result: yes
configure:12902: checking for objdir
configure:12917: result: .libs
configure:13184: checking if gcc supports -fno-rtti -fno-exceptions
configure:13202: gcc -c -DNDEBUG -g -O2 -finline-functions -fno-strict-aliasing -pthread -D_LARGEFILE64_SOURCE -D_FILE_OFFSET_BITS=64 -DHAVE_ROMIOCONF_H -D_LARGEFILE64_SOURCE -D_FILE_OFFSET_BITS=64 -DHAVE_ROMIOCONF_H   -I/home/meister/Development/externals-clasp/openmpi-1.6.5/opal/mca/hwloc/hwloc132/hwloc/include   -I/usr/include/infiniband -I/usr/include/infiniband -fno-rtti -fno-exceptions conftest.c >&5
cc1: warning: command line option '-fno-rtti' is valid for C++/ObjC++ but not for C [enabled by default]
configure:13206: $? = 0
configure:13219: result: no
configure:13546: checking for gcc option to produce PIC
configure:13553: result: -fPIC -DPIC
configure:13561: checking if gcc PIC flag -fPIC -DPIC works
configure:13579: gcc -c -DNDEBUG -g -O2 -finline-functions -fno-strict-aliasing -pthread -D_LARGEFILE64_SOURCE -D_FILE_OFFSET_BITS=64 -DHAVE_ROMIOCONF_H -D_LARGEFILE64_SOURCE -D_FILE_OFFSET_BITS=64 -DHAVE_ROMIOCONF_H   -I/home/meister/Development/externals-clasp/openmpi-1.6.5/opal/mca/hwloc/hwloc132/hwloc/include   -I/usr/include/infiniband -I/usr/include/infiniband -fPIC -DPIC -DPIC conftest.c >&5
configure:13583: $? = 0
configure:13596: result: yes
configure:13625: checking if gcc static flag -static works
configure:13653: result: no
configure:13668: checking if gcc supports -c -o file.o
configure:13689: gcc -c -DNDEBUG -g -O2 -finline-functions -fno-strict-aliasing -pthread -D_LARGEFILE64_SOURCE -D_FILE_OFFSET_BITS=64 -DHAVE_ROMIOCONF_H -D_LARGEFILE64_SOURCE -D_FILE_OFFSET_BITS=64 -DHAVE_ROMIOCONF_H   -I/home/meister/Development/externals-clasp/openmpi-1.6.5/opal/mca/hwloc/hwloc132/hwloc/include   -I/usr/include/infiniband -I/usr/include/infiniband -o out/conftest2.o conftest.c >&5
configure:13693: $? = 0
configure:13715: result: yes
configure:13723: checking if gcc supports -c -o file.o
configure:13770: result: yes
configure:13803: checking whether the gcc linker (/usr/bin/ld -m elf_x86_64) supports shared libraries
configure:14956: result: yes
configure:14993: checking whether -lc should be explicitly linked in
configure:15001: gcc -c -DNDEBUG -g -O2 -finline-functions -fno-strict-aliasing -pthread -D_LARGEFILE64_SOURCE -D_FILE_OFFSET_BITS=64 -DHAVE_ROMIOCONF_H -D_LARGEFILE64_SOURCE -D_FILE_OFFSET_BITS=64 -DHAVE_ROMIOCONF_H   -I/home/meister/Development/externals-clasp/openmpi-1.6.5/opal/mca/hwloc/hwloc132/hwloc/include   -I/usr/include/infiniband -I/usr/include/infiniband conftest.c >&5
configure:15004: $? = 0
configure:15019: gcc -shared  -fPIC -DPIC conftest.o  -v -Wl,-soname -Wl,conftest -o conftest 2\>\&1 \| /bin/grep  -lc  \>/dev/null 2\>\&1
configure:15022: $? = 0
configure:15036: result: no
configure:15196: checking dynamic linker characteristics
configure:15707: gcc -o conftest -DNDEBUG -g -O2 -finline-functions -fno-strict-aliasing -pthread -D_LARGEFILE64_SOURCE -D_FILE_OFFSET_BITS=64 -DHAVE_ROMIOCONF_H -D_LARGEFILE64_SOURCE -D_FILE_OFFSET_BITS=64 -DHAVE_ROMIOCONF_H   -I/home/meister/Development/externals-clasp/openmpi-1.6.5/opal/mca/hwloc/hwloc132/hwloc/include   -I/usr/include/infiniband -I/usr/include/infiniband   -Wl,-rpath -Wl,/foo conftest.c -lrt -lnsl  -lutil -lm  >&5
configure:15707: $? = 0
configure:15929: result: GNU/Linux ld.so
configure:16036: checking how to hardcode library paths into programs
configure:16061: result: immediate
configure:16601: checking whether stripping libraries is possible
configure:16606: result: yes
configure:16641: checking if libtool supports shared libraries
configure:16643: result: yes
configure:16646: checking whether to build shared libraries
configure:16667: result: yes
configure:16670: checking whether to build static libraries
configure:16674: result: no
configure:16798: checking if libtool supports shared libraries
configure:16800: result: yes
configure:16803: checking whether to build shared libraries
configure:16823: result: yes
configure:16826: checking whether to build static libraries
configure:16830: result: no
configure:17151: checking for : option to produce PIC
configure:17158: result: 
configure:17224: checking if : static flag  works
configure:17252: result: no
configure:17264: checking if : supports -c -o file.o
configure:17285: : -c  -o out/conftest2.o conftest.f >&5
configure:17289: $? = 0
configure:17311: result: no
configure:17316: checking if : supports -c -o file.o
configure:17363: result: no
configure:17393: checking whether the : linker (/usr/bin/ld -m elf_x86_64) supports shared libraries
configure:18496: result: yes
configure:18637: checking dynamic linker characteristics
configure:19298: result: GNU/Linux ld.so
configure:19351: checking how to hardcode library paths into programs
configure:19376: result: immediate
configure:19845: creating ./config.status

## ---------------------- ##
## Running config.status. ##
## ---------------------- ##

This file was extended by romio config.status Open MPI 1.2.6, which was
generated by GNU Autoconf 2.68.  Invocation command line was

  CONFIG_FILES    = 
  CONFIG_HEADERS  = 
  CONFIG_LINKS    = 
  CONFIG_COMMANDS = 
  $ ./config.status 

on compute.temple.edu

config.status:1337: creating Makefile
config.status:1337: creating localdefs
config.status:1337: creating adio/Makefile
config.status:1337: creating adio/ad_bgl/Makefile
config.status:1337: creating adio/ad_bglockless/Makefile
config.status:1337: creating adio/ad_gridftp/Makefile
config.status:1337: creating adio/ad_lustre/Makefile
config.status:1337: creating adio/ad_nfs/Makefile
config.status:1337: creating adio/ad_ntfs/Makefile
config.status:1337: creating adio/ad_panfs/Makefile
config.status:1337: creating adio/ad_pfs/Makefile
config.status:1337: creating adio/ad_pvfs/Makefile
config.status:1337: creating adio/ad_pvfs2/Makefile
config.status:1337: creating adio/ad_sfs/Makefile
config.status:1337: creating adio/ad_testfs/Makefile
config.status:1337: creating adio/ad_ufs/Makefile
config.status:1337: creating adio/ad_xfs/Makefile
config.status:1337: creating adio/ad_zoidfs/Makefile
config.status:1337: creating adio/common/Makefile
config.status:1337: creating adio/include/Makefile
config.status:1337: creating doc/Makefile
config.status:1337: creating include/mpio.h
config.status:1337: creating include/mpiof.h
config.status:1337: creating include/Makefile
config.status:1337: creating mpi-io/Makefile
config.status:1337: creating test/Makefile
config.status:1337: creating test/misc.c
config.status:1337: creating test/large_file.c
config.status:1337: creating test/fmisc.f
config.status:1337: creating test/fcoll_test.f
config.status:1337: creating test/pfcoll_test.f
config.status:1337: creating test/fperf.f
config.status:1337: creating test/runtests
config.status:1337: creating util/romioinstall
config.status:1337: creating mpi-io/glue/openmpi/Makefile
config.status:1337: creating util/Makefile
config.status:1337: creating adio/include/romioconf.h
config.status:1503: adio/include/romioconf.h is unchanged
config.status:1551: executing depfiles commands
config.status:1551: executing libtool commands
config.status:1551: executing default-1 commands

## ---------------- ##
## Cache variables. ##
## ---------------- ##

ac_cv_build=x86_64-unknown-linux-gnu
ac_cv_c_compiler_gnu=yes
ac_cv_c_restrict=__restrict
ac_cv_env_CC_set=
ac_cv_env_CC_value=
ac_cv_env_CFLAGS_set=set
ac_cv_env_CFLAGS_value='-DNDEBUG -g -O2 -finline-functions -fno-strict-aliasing -pthread'
ac_cv_env_CPPFLAGS_set=set
ac_cv_env_CPPFLAGS_value='  -I/home/meister/Development/externals-clasp/openmpi-1.6.5/opal/mca/hwloc/hwloc132/hwloc/include   -I/usr/include/infiniband -I/usr/include/infiniband'
ac_cv_env_CPP_set=
ac_cv_env_CPP_value=
ac_cv_env_F77_set=
ac_cv_env_F77_value=
ac_cv_env_FFLAGS_set=set
ac_cv_env_FFLAGS_value=
ac_cv_env_LDFLAGS_set=set
ac_cv_env_LDFLAGS_value=' '
ac_cv_env_LIBS_set=set
ac_cv_env_LIBS_value='-lrt -lnsl  -lutil -lm '
ac_cv_env_build_alias_set=
ac_cv_env_build_alias_value=
ac_cv_env_host_alias_set=
ac_cv_env_host_alias_value=
ac_cv_env_target_alias_set=
ac_cv_env_target_alias_value=
ac_cv_func_fsync=yes
ac_cv_func_ftruncate=yes
ac_cv_func_lseek64=yes
ac_cv_func_lstat=yes
ac_cv_func_memalign=yes
ac_cv_func_readlink=yes
ac_cv_func_snprintf=yes
ac_cv_func_stat=yes
ac_cv_func_statvfs=yes
ac_cv_func_strdup=yes
ac_cv_func_strerror=yes
ac_cv_has_large_file_defines=yes
ac_cv_header_dlfcn_h=yes
ac_cv_header_fcntl_h=yes
ac_cv_header_inttypes_h=yes
ac_cv_header_malloc_h=yes
ac_cv_header_memory_h=yes
ac_cv_header_stdc=yes
ac_cv_header_stddef_h=yes
ac_cv_header_stdint_h=yes
ac_cv_header_stdlib_h=yes
ac_cv_header_string_h=yes
ac_cv_header_strings_h=yes
ac_cv_header_sys_attr_h=no
ac_cv_header_sys_mount_h=yes
ac_cv_header_sys_param_h=yes
ac_cv_header_sys_stat_h=yes
ac_cv_header_sys_statvfs_h=yes
ac_cv_header_sys_types_h=yes
ac_cv_header_sys_vfs_h=yes
ac_cv_header_unistd_h=yes
ac_cv_host=x86_64-unknown-linux-gnu
ac_cv_objext=o
ac_cv_off64_t_scalar=yes
ac_cv_path_EGREP='/bin/grep -E'
ac_cv_path_FGREP='/bin/grep -F'
ac_cv_path_GREP=/bin/grep
ac_cv_path_PVFS2_CONFIG=notfound
ac_cv_path_SED=/bin/sed
ac_cv_path_install='/usr/bin/install -c'
ac_cv_path_mkdir=/bin/mkdir
ac_cv_prog_AWK=gawk
ac_cv_prog_CPP='gcc -E'
ac_cv_prog_MAKE=make
ac_cv_prog_ac_ct_AR=ar
ac_cv_prog_ac_ct_CC=gcc
ac_cv_prog_ac_ct_OBJDUMP=objdump
ac_cv_prog_ac_ct_RANLIB=ranlib
ac_cv_prog_ac_ct_STRIP=strip
ac_cv_prog_cc_c89=
ac_cv_prog_cc_g=yes
ac_cv_sizeof_int=4
ac_cv_sizeof_long_long=8
ac_cv_sizeof_void_p=8
ac_cv_type_u_char=yes
ac_cv_type_u_int=yes
ac_cv_type_u_long=yes
ac_cv_type_u_short=yes
am_cv_CC_dependencies_compiler_type=gcc3
am_cv_make_support_nested_variables=yes
lt_cv_ar_at_file=@
lt_cv_archive_cmds_need_lc=no
lt_cv_deplibs_check_method=pass_all
lt_cv_file_magic_cmd='$MAGIC_CMD'
lt_cv_file_magic_test_file=
lt_cv_ld_reload_flag=-r
lt_cv_nm_interface='BSD nm'
lt_cv_objdir=.libs
lt_cv_path_LD=/usr/bin/ld
lt_cv_path_NM='/usr/bin/nm -B'
lt_cv_path_mainfest_tool=no
lt_cv_prog_compiler_c_o=yes
lt_cv_prog_compiler_c_o_F77=no
lt_cv_prog_compiler_pic='-fPIC -DPIC'
lt_cv_prog_compiler_pic_F77=
lt_cv_prog_compiler_pic_works=yes
lt_cv_prog_compiler_rtti_exceptions=no
lt_cv_prog_compiler_static_works=no
lt_cv_prog_compiler_static_works_F77=no
lt_cv_prog_gnu_ld=yes
lt_cv_sharedlib_from_linklib_cmd='printf %s\n'
lt_cv_shlibpath_overrides_runpath=no
lt_cv_sys_global_symbol_pipe='sed -n -e '\''s/^.*[	 ]\([ABCDGIRSTW][ABCDGIRSTW]*\)[	 ][	 ]*\([_A-Za-z][_A-Za-z0-9]*\)$/\1 \2 \2/p'\'' | sed '\''/ __gnu_lto/d'\'''
lt_cv_sys_global_symbol_to_c_name_address='sed -n -e '\''s/^: \([^ ]*\)[ ]*$/  {\"\1\", (void *) 0},/p'\'' -e '\''s/^[ABCDGIRSTW]* \([^ ]*\) \([^ ]*\)$/  {"\2", (void *) \&\2},/p'\'''
lt_cv_sys_global_symbol_to_c_name_address_lib_prefix='sed -n -e '\''s/^: \([^ ]*\)[ ]*$/  {\"\1\", (void *) 0},/p'\'' -e '\''s/^[ABCDGIRSTW]* \([^ ]*\) \(lib[^ ]*\)$/  {"\2", (void *) \&\2},/p'\'' -e '\''s/^[ABCDGIRSTW]* \([^ ]*\) \([^ ]*\)$/  {"lib\2", (void *) \&\2},/p'\'''
lt_cv_sys_global_symbol_to_cdecl='sed -n -e '\''s/^T .* \(.*\)$/extern int \1();/p'\'' -e '\''s/^[ABCDGIRSTW]* .* \(.*\)$/extern char \1;/p'\'''
lt_cv_sys_max_cmd_len=3145728
lt_cv_to_host_file_cmd=func_convert_file_noop
lt_cv_to_tool_file_cmd=func_convert_file_noop
pac_cv_func_decl_fsync=no
pac_cv_func_decl_ftruncate=no
pac_cv_func_decl_lseek64=no
pac_cv_func_decl_lstat=yes
pac_cv_func_decl_readlink=no
pac_cv_func_decl_snprintf=no
pac_cv_func_decl_strdup=no
pac_cv_gnu_attr_format=yes
pac_cv_gnu_attr_pure=yes
pac_cv_have_statfs=yes
pac_cv_have_statfs_f_fstypename=no
pac_cv_int_hold_pointer=no
pac_cv_prog_make_allows_comments=no
pac_cv_prog_make_found_clock_skew=no
pac_cv_prog_make_include=no
pac_cv_prog_make_set_cflags=yes
pac_cv_prog_make_vpath=VPATH
pac_cv_struct_flock_and_mpi_offset=yes

## ----------------- ##
## Output variables. ##
## ----------------- ##

ACLOCAL='${SHELL} /home/meister/Development/externals-clasp/openmpi-1.6.5/ompi/mca/io/romio/romio/confdb/missing --run aclocal-1.11'
AMDEPBACKSLASH='\'
AMDEP_FALSE='#'
AMDEP_TRUE=''
AMTAR='$${TAR-tar}'
AM_BACKSLASH='\'
AM_DEFAULT_V='$(AM_DEFAULT_VERBOSITY)'
AM_DEFAULT_VERBOSITY='0'
AM_V='$(V)'
AR='ar'
ARCH='LINUX'
AUTOCONF='${SHELL} /home/meister/Development/externals-clasp/openmpi-1.6.5/ompi/mca/io/romio/romio/confdb/missing --run autoconf'
AUTOHEADER='${SHELL} /home/meister/Development/externals-clasp/openmpi-1.6.5/ompi/mca/io/romio/romio/confdb/missing --run autoheader'
AUTOMAKE='${SHELL} /home/meister/Development/externals-clasp/openmpi-1.6.5/ompi/mca/io/romio/romio/confdb/missing --run automake-1.11'
AWK='gawk'
BITS='0'
BUILD_BGLOCKLESS_FALSE=''
BUILD_BGLOCKLESS_TRUE='#'
BUILD_BGL_FALSE=''
BUILD_BGL_TRUE='#'
BUILD_GRIDFTP_FALSE=''
BUILD_GRIDFTP_TRUE='#'
BUILD_LUSTRE_FALSE=''
BUILD_LUSTRE_TRUE='#'
BUILD_MPI_ARRAY=''
BUILD_MPI_INFO=''
BUILD_NFS_FALSE='#'
BUILD_NFS_TRUE=''
BUILD_PANFS_FALSE=''
BUILD_PANFS_TRUE='#'
BUILD_PFS_FALSE=''
BUILD_PFS_TRUE='#'
BUILD_PVFS2_FALSE=''
BUILD_PVFS2_TRUE='#'
BUILD_PVFS_FALSE=''
BUILD_PVFS_TRUE='#'
BUILD_SFS_FALSE=''
BUILD_SFS_TRUE='#'
BUILD_TESTFS_FALSE='#'
BUILD_TESTFS_TRUE=''
BUILD_UFS_FALSE='#'
BUILD_UFS_TRUE=''
BUILD_XFS_FALSE=''
BUILD_XFS_TRUE='#'
BUILD_ZOIDFS_FALSE=''
BUILD_ZOIDFS_TRUE='#'
CC='gcc'
CCDEPMODE='depmode=gcc3'
CFLAGS='-DNDEBUG -g -O2 -finline-functions -fno-strict-aliasing -pthread -D_LARGEFILE64_SOURCE -D_FILE_OFFSET_BITS=64 -DHAVE_ROMIOCONF_H -D_LARGEFILE64_SOURCE -D_FILE_OFFSET_BITS=64 -DHAVE_ROMIOCONF_H  -I$(top_builddir)/include'
CPP='gcc -E'
CPPFLAGS='  -I/home/meister/Development/externals-clasp/openmpi-1.6.5/opal/mca/hwloc/hwloc132/hwloc/include   -I/usr/include/infiniband -I/usr/include/infiniband'
CYGPATH_W='echo'
DEFINE_HAVE_MPI_GREQUEST='#define HAVE_MPI_GREQUEST'
DEFINE_MPI_OFFSET='typedef long long MPI_Offset;'
DEFS='-DHAVE_CONFIG_H'
DEPDIR='.deps'
DLLTOOL='false'
DOCTEXT='true'
DSYMUTIL=''
DUMPBIN=''
ECHO_C=''
ECHO_N='-n'
ECHO_T=''
EGREP='/bin/grep -E'
EXEEXT=''
EXTRA_SRC_DIRS=''
F77=':'
F77GETARG='call getarg(i,str)'
F77IARGC='iargc()'
F77MPIOINC=''
F90=''
FFLAGS=''
FGREP='/bin/grep -F'
FILE_SYSTEM='testfs ufs nfs'
FILE_SYS_DIRS=' adio/ad_testfs adio/ad_ufs adio/ad_nfs'
FORTRAN_MPI_OFFSET='integer*8'
FORTRAN_TEST=''
FROM_LAM='no'
FROM_MPICH2='no'
FROM_MPICH='no'
FTESTDEFINE=''
GLUE_DIR='mpi-io/glue/default'
GREP='/bin/grep'
HAVE_MPI_DARRAY_SUBARRAY='#define HAVE_MPI_DARRAY_SUBARRAY'
HAVE_MPI_INFO='#define HAVE_MPI_INFO'
HAVE_WEAK_SYMBOLS='0'
INSTALL_DATA='${INSTALL} -m 644'
INSTALL_PROGRAM='${INSTALL}'
INSTALL_SCRIPT='${INSTALL}'
INSTALL_STRIP_PROGRAM='$(install_sh) -c -s'
LD='/usr/bin/ld -m elf_x86_64'
LDFLAGS=' '
LIBNAME='/home/meister/Development/externals-clasp/openmpi-1.6.5/ompi/mca/io/romio/romio/lib/libmpio.a'
LIBOBJS=''
LIBS='-lrt -lnsl  -lutil -lm '
LIBTOOL='$(SHELL) $(top_builddir)/libtool'
LIPO=''
LL='lld'
LN_S='ln -s'
LTLIBOBJS=''
MAKE='make'
MAKEINFO='${SHELL} /home/meister/Development/externals-clasp/openmpi-1.6.5/ompi/mca/io/romio/romio/confdb/missing --run makeinfo'
MANIFEST_TOOL=':'
MIPS='0'
MKDIR_P='/bin/mkdir -p'
MPI='open_mpi'
MPIO_EXTRA_OBJECTS='get_errh.o set_errh.o'
MPIO_EXTRA_REAL_POBJECTS='_get_errh.o _set_errh.o'
MPIO_EXTRA_TMP_POBJECTS='get_errh.p set_errh.p'
MPIO_REQOBJECTS='iotest.o iotestall.o iotestany.o iotestsome.o iowait.o iowaitall.o iowaitany.o iowaitsome.o ioreq_c2f.o ioreq_f2c.o'
MPIO_REQ_REAL_POBJECTS='_iotest.o _iowait.o _iowaitall.o _iowaitany.o _iotestall.o _iotestany.o _iowaitsome.o _iotestsome.o'
MPIO_REQ_TMP_POBJECTS='iotest.p iowait.p iowaitall.p iowaitany.p iotestall.p iotestany.p iowaitsome.p iotestsome.p'
MPIRUN='mpirun'
MPI_FARRAY1=''
MPI_FARRAY2=''
MPI_FARRAY3=''
MPI_FARRAY4=''
MPI_FARRAY5=''
MPI_FARRAY6=''
MPI_FARRAY7=''
MPI_FINFO1='!'
MPI_FINFO2='!'
MPI_FINFO3='!'
MPI_FINFO4='!'
MPI_INCLUDE_DIR='.'
MPI_LIB=''
MPI_OFFSET_KIND1='!'
MPI_OFFSET_KIND2='!'
MPI_OFFSET_TYPE='long long'
NEEDS_MPI_FINT=''
NM='/usr/bin/nm -B'
NMEDIT=''
NOF77='1'
NOPROFILE='1'
OBJDUMP='objdump'
OBJEXT='o'
OTOOL64=''
OTOOL=''
PACKAGE='romio'
PACKAGE_BUGREPORT='http://www.mpich.org'
PACKAGE_NAME='romio'
PACKAGE_STRING='romio Open MPI 1.2.6'
PACKAGE_TARNAME='romio'
PACKAGE_URL=''
PACKAGE_VERSION='Open MPI 1.2.6'
PATH_SEPARATOR=':'
PVFS2_CONFIG='notfound'
RANLIB='ranlib'
ROMIO_HOME='/home/meister/Development/externals-clasp/openmpi-1.6.5/ompi/mca/io/romio/romio'
ROMIO_INCLUDE=''
ROMIO_LFLAGS=''
ROMIO_TCFLAGS=''
ROMIO_TCPPFLAGS=''
ROMIO_TFFLAGS=''
SED='/bin/sed'
SET_CFLAGS='CFLAGS='
SET_MAKE='MAKE=make'
SHELL='/bin/sh'
STRIP='strip'
SYSDEP_INC=''
TEST_CC='mpicc'
TEST_F77='mpif77'
TEST_LIBNAME=''
USER_CFLAGS=''
USER_FFLAGS=''
VERSION='Open MPI 1.2.6'
VPATH='VPATH=.:${srcdir}'
WITHIN_KNOWN_MPI_IMPL='yes'
ac_ct_AR='ar'
ac_ct_CC='gcc'
ac_ct_DUMPBIN=''
ac_ct_F77=''
am__EXEEXT_FALSE=''
am__EXEEXT_TRUE='#'
am__fastdepCC_FALSE='#'
am__fastdepCC_TRUE=''
am__include='include'
am__isrc=''
am__leading_dot='.'
am__nodep='_no'
am__quote=''
am__tar='$${TAR-tar} chof - "$$tardir"'
am__untar='$${TAR-tar} xf -'
arch_IRIX=''
bindir='${exec_prefix}/bin'
build='x86_64-unknown-linux-gnu'
build_alias=''
build_cpu='x86_64'
build_os='linux-gnu'
build_vendor='unknown'
datadir='${datarootdir}'
datarootdir='${prefix}/share'
docdir='${datarootdir}/doc/${PACKAGE_TARNAME}'
dvidir='${docdir}'
exec_prefix='${prefix}'
host='x86_64-unknown-linux-gnu'
host_alias=''
host_cpu='x86_64'
host_os='linux-gnu'
host_vendor='unknown'
htmldir='${docdir}'
includedir='${prefix}/include'
infodir='${datarootdir}/info'
install_sh='${SHELL} /home/meister/Development/externals-clasp/openmpi-1.6.5/ompi/mca/io/romio/romio/confdb/install-sh'
libdir='${exec_prefix}/lib'
libexecdir='${exec_prefix}/libexec'
localedir='${datarootdir}/locale'
localstatedir='${prefix}/var'
mandir='${datarootdir}/man'
master_top_builddir='/home/meister/Development/externals-clasp/openmpi-1.6.5/ompi/mca/io/romio/romio'
master_top_srcdir=''
master_topbuild_dir='/home/meister/Development/externals-clasp/openmpi-1.6.5/ompi/mca/io/romio/romio'
mkdir_p='/bin/mkdir -p'
oldincludedir='/usr/include'
pdfdir='${docdir}'
prefix='/home/meister/local/externals-clasp/common'
program_transform_name='s,x,x,'
psdir='${docdir}'
sbindir='${exec_prefix}/sbin'
sharedstatedir='${prefix}/com'
srcdir='/home/meister/Development/externals-clasp/openmpi-1.6.5/ompi/mca/io/romio/romio'
sysconfdir='${prefix}/etc'
target_alias=''
top_build_dir='/home/meister/Development/externals-clasp/openmpi-1.6.5/ompi/mca/io/romio/romio'
top_ompi_builddir='$(top_builddir)/../../../../..'
top_ompi_srcdir='$(top_srcdir)/../../../../..'

## ----------- ##
## confdefs.h. ##
## ----------- ##

/* confdefs.h */
#define PACKAGE_NAME "romio"
#define PACKAGE_TARNAME "romio"
#define PACKAGE_VERSION "Open MPI 1.2.6"
#define PACKAGE_STRING "romio Open MPI 1.2.6"
#define PACKAGE_BUGREPORT "http://www.mpich.org"
#define PACKAGE_URL ""
#define HAVE_MPI_OFFSET 1
#define PACKAGE "romio"
#define VERSION "Open MPI 1.2.6"
#define HAVE_MEMALIGN 1
#define STDC_HEADERS 1
#define HAVE_SYS_TYPES_H 1
#define HAVE_SYS_STAT_H 1
#define HAVE_STDLIB_H 1
#define HAVE_STRING_H 1
#define HAVE_MEMORY_H 1
#define HAVE_STRINGS_H 1
#define HAVE_INTTYPES_H 1
#define HAVE_STDINT_H 1
#define HAVE_UNISTD_H 1
#define HAVE_UNISTD_H 1
#define HAVE_FCNTL_H 1
#define HAVE_MALLOC_H 1
#define HAVE_STDDEF_H 1
#define HAVE_SYS_TYPES_H 1
#define SIZEOF_INT 4
#define SIZEOF_VOID_P 8
#define INT_LT_POINTER 1
#define HAVE_INT_LT_POINTER 1
#define SIZEOF_LONG_LONG 8
#define HAVE_LONG_LONG_64 1
#define HAVE_MPI_LONG_LONG_INT 1
#define HAVE_MPI_INFO 1
#define ROMIO_NFS 1
#define ROMIO_UFS 1
#define ROMIO_TESTFS 1
#define HAVE_SYS_VFS_H 1
#define HAVE_SYS_PARAM_H 1
#define HAVE_SYS_MOUNT_H 1
#define HAVE_SYS_STATVFS_H 1
#define HAVE_STRUCT_STATFS 1
#define HAVE_SYS_STAT_H 1
#define HAVE_SYS_TYPES_H 1
#define HAVE_UNISTD_H 1
#define HAVE_STAT 1
#define HAVE_STAT 1
#define HAVE_SYS_TYPES_H 1
#define HAVE_SYS_STATVFS_H 1
#define HAVE_SYS_VFS_H 1
#define HAVE_STATVFS 1
#define HAVE_STATVFS 1
#define HAVE_UNISTD_H 1
#define HAVE_STRERROR 1
#define HAVE_STATUS_SET_BYTES 1
#define HAVE_MPI_DARRAY_SUBARRAY 1
#define MPIO_BUILD_PROFILING 1
#define HAVE_STRDUP 1
#define HAVE_SNPRINTF 1
#define HAVE_LSTAT 1
#define NEEDS_LSTAT_DECL 1
#define HAVE_READLINK 1
#define HAVE_FSYNC 1
#define HAVE_FTRUNCATE 1
#define HAVE_LSEEK64 1
#define HAVE_UNISTD_H 1
#define restrict __restrict
#define HAVE_GCC_ATTRIBUTE 1
#define HAVE_DLFCN_H 1
#define LT_OBJDIR ".libs/"

configure: exit 0
